Total dataset size: 9981
Using cuda...
Epoch 1/400 | Train Loss: 0.023822 | Val Loss: 0.000541
Epoch 2/400 | Train Loss: 0.011221 | Val Loss: 0.000285
Epoch 3/400 | Train Loss: 0.007966 | Val Loss: 0.000202
Epoch 4/400 | Train Loss: 0.005923 | Val Loss: 0.000151
Epoch 5/400 | Train Loss: 0.004563 | Val Loss: 0.000160
Epoch 6/400 | Train Loss: 0.003654 | Val Loss: 0.000238
Epoch 7/400 | Train Loss: 0.003020 | Val Loss: 0.000142
Epoch 8/400 | Train Loss: 0.002553 | Val Loss: 0.000171
Epoch 9/400 | Train Loss: 0.002207 | Val Loss: 0.000163
Epoch 10/400 | Train Loss: 0.001930 | Val Loss: 0.000140
Epoch 11/400 | Train Loss: 0.001693 | Val Loss: 0.000132
Epoch 12/400 | Train Loss: 0.001512 | Val Loss: 0.000136
Epoch 13/400 | Train Loss: 0.001361 | Val Loss: 0.000151
Epoch 14/400 | Train Loss: 0.001223 | Val Loss: 0.000117
Epoch 15/400 | Train Loss: 0.001126 | Val Loss: 0.000121
Epoch 16/400 | Train Loss: 0.001027 | Val Loss: 0.000124
Epoch 17/400 | Train Loss: 0.000945 | Val Loss: 0.000107
Epoch 18/400 | Train Loss: 0.000882 | Val Loss: 0.000217
Epoch 19/400 | Train Loss: 0.000826 | Val Loss: 0.000117
Epoch 20/400 | Train Loss: 0.000767 | Val Loss: 0.000152
Epoch 21/400 | Train Loss: 0.000720 | Val Loss: 0.000109
Epoch 22/400 | Train Loss: 0.000673 | Val Loss: 0.000144
Epoch 23/400 | Train Loss: 0.000638 | Val Loss: 0.000135
Epoch 24/400 | Train Loss: 0.000602 | Val Loss: 0.000111
Epoch 25/400 | Train Loss: 0.000575 | Val Loss: 0.000370
Epoch 26/400 | Train Loss: 0.000546 | Val Loss: 0.000134
Epoch 27/400 | Train Loss: 0.000517 | Val Loss: 0.000130
Epoch 28/400 | Train Loss: 0.000494 | Val Loss: 0.000128
Epoch 29/400 | Train Loss: 0.000475 | Val Loss: 0.000114
Epoch 30/400 | Train Loss: 0.000450 | Val Loss: 0.000128
Epoch 31/400 | Train Loss: 0.000440 | Val Loss: 0.000117
Epoch 32/400 | Train Loss: 0.000416 | Val Loss: 0.000162
Epoch 33/400 | Train Loss: 0.000400 | Val Loss: 0.000123
Epoch 34/400 | Train Loss: 0.000387 | Val Loss: 0.000162
Epoch 35/400 | Train Loss: 0.000371 | Val Loss: 0.000164
Epoch 36/400 | Train Loss: 0.000356 | Val Loss: 0.000110
Epoch 37/400 | Train Loss: 0.000347 | Val Loss: 0.000203
Epoch 38/400 | Train Loss: 0.000347 | Val Loss: 0.000125
Epoch 39/400 | Train Loss: 0.000323 | Val Loss: 0.000155
Epoch 40/400 | Train Loss: 0.000310 | Val Loss: 0.000110
Epoch 41/400 | Train Loss: 0.000299 | Val Loss: 0.000188
Epoch 42/400 | Train Loss: 0.000296 | Val Loss: 0.000112
Epoch 43/400 | Train Loss: 0.000281 | Val Loss: 0.000151
Epoch 44/400 | Train Loss: 0.000276 | Val Loss: 0.000129
Epoch 45/400 | Train Loss: 0.000267 | Val Loss: 0.000103
Epoch 46/400 | Train Loss: 0.000261 | Val Loss: 0.000156
Epoch 47/400 | Train Loss: 0.000253 | Val Loss: 0.000149
Epoch 48/400 | Train Loss: 0.000248 | Val Loss: 0.000129
Epoch 49/400 | Train Loss: 0.000236 | Val Loss: 0.000098
Epoch 50/400 | Train Loss: 0.000232 | Val Loss: 0.000122
Epoch 51/400 | Train Loss: 0.000224 | Val Loss: 0.000101
Epoch 52/400 | Train Loss: 0.000218 | Val Loss: 0.000096
Epoch 53/400 | Train Loss: 0.000213 | Val Loss: 0.000137
Epoch 54/400 | Train Loss: 0.000207 | Val Loss: 0.000127
Epoch 55/400 | Train Loss: 0.000204 | Val Loss: 0.000120
Epoch 56/400 | Train Loss: 0.000196 | Val Loss: 0.000102
Epoch 57/400 | Train Loss: 0.000202 | Val Loss: 0.000145
Epoch 58/400 | Train Loss: 0.000192 | Val Loss: 0.000113
Epoch 59/400 | Train Loss: 0.000188 | Val Loss: 0.000100
Epoch 60/400 | Train Loss: 0.000180 | Val Loss: 0.000112
Epoch 61/400 | Train Loss: 0.000175 | Val Loss: 0.000114
Epoch 62/400 | Train Loss: 0.000174 | Val Loss: 0.000112
Epoch 63/400 | Train Loss: 0.000175 | Val Loss: 0.000138
Epoch 64/400 | Train Loss: 0.000171 | Val Loss: 0.000108
Epoch 65/400 | Train Loss: 0.000164 | Val Loss: 0.000087
Epoch 66/400 | Train Loss: 0.000167 | Val Loss: 0.000085
Epoch 67/400 | Train Loss: 0.000160 | Val Loss: 0.000110
Epoch 68/400 | Train Loss: 0.000153 | Val Loss: 0.000143
Epoch 69/400 | Train Loss: 0.000152 | Val Loss: 0.000085
Epoch 70/400 | Train Loss: 0.000152 | Val Loss: 0.000093
Epoch 71/400 | Train Loss: 0.000149 | Val Loss: 0.000090
Epoch 72/400 | Train Loss: 0.000148 | Val Loss: 0.000109
Epoch 73/400 | Train Loss: 0.000146 | Val Loss: 0.000086
Epoch 74/400 | Train Loss: 0.000142 | Val Loss: 0.000089
Epoch 75/400 | Train Loss: 0.000139 | Val Loss: 0.000117
Epoch 76/400 | Train Loss: 0.000136 | Val Loss: 0.000097
Epoch 77/400 | Train Loss: 0.000131 | Val Loss: 0.000092
Epoch 78/400 | Train Loss: 0.000133 | Val Loss: 0.000081
Epoch 79/400 | Train Loss: 0.000131 | Val Loss: 0.000080
Epoch 80/400 | Train Loss: 0.000129 | Val Loss: 0.000126
Epoch 81/400 | Train Loss: 0.000129 | Val Loss: 0.000091
Epoch 82/400 | Train Loss: 0.000127 | Val Loss: 0.000079
Epoch 83/400 | Train Loss: 0.000123 | Val Loss: 0.000080
Epoch 84/400 | Train Loss: 0.000122 | Val Loss: 0.000114
Epoch 85/400 | Train Loss: 0.000121 | Val Loss: 0.000090
Epoch 86/400 | Train Loss: 0.000117 | Val Loss: 0.000148
Epoch 87/400 | Train Loss: 0.000120 | Val Loss: 0.000080
Epoch 88/400 | Train Loss: 0.000119 | Val Loss: 0.000087
Epoch 89/400 | Train Loss: 0.000115 | Val Loss: 0.000078
Epoch 90/400 | Train Loss: 0.000113 | Val Loss: 0.000098
Epoch 91/400 | Train Loss: 0.000112 | Val Loss: 0.000082
Epoch 92/400 | Train Loss: 0.000113 | Val Loss: 0.000096
Epoch 93/400 | Train Loss: 0.000113 | Val Loss: 0.000077
Epoch 94/400 | Train Loss: 0.000106 | Val Loss: 0.000103
Epoch 95/400 | Train Loss: 0.000107 | Val Loss: 0.000088
Epoch 96/400 | Train Loss: 0.000105 | Val Loss: 0.000081
Epoch 97/400 | Train Loss: 0.000103 | Val Loss: 0.000136
Epoch 98/400 | Train Loss: 0.000105 | Val Loss: 0.000086
Epoch 99/400 | Train Loss: 0.000104 | Val Loss: 0.000078
Epoch 100/400 | Train Loss: 0.000106 | Val Loss: 0.000103
Epoch 101/400 | Train Loss: 0.000103 | Val Loss: 0.000080
Epoch 102/400 | Train Loss: 0.000098 | Val Loss: 0.000071
Epoch 103/400 | Train Loss: 0.000098 | Val Loss: 0.000068
Epoch 104/400 | Train Loss: 0.000100 | Val Loss: 0.000097
Epoch 105/400 | Train Loss: 0.000096 | Val Loss: 0.000092
Epoch 106/400 | Train Loss: 0.000093 | Val Loss: 0.000075
Epoch 107/400 | Train Loss: 0.000096 | Val Loss: 0.000078
Epoch 108/400 | Train Loss: 0.000096 | Val Loss: 0.000073
Epoch 109/400 | Train Loss: 0.000091 | Val Loss: 0.000080
Epoch 110/400 | Train Loss: 0.000091 | Val Loss: 0.000070
Epoch 111/400 | Train Loss: 0.000091 | Val Loss: 0.000070
Epoch 112/400 | Train Loss: 0.000091 | Val Loss: 0.000073
Epoch 113/400 | Train Loss: 0.000091 | Val Loss: 0.000080
Epoch 114/400 | Train Loss: 0.000089 | Val Loss: 0.000074
Epoch 115/400 | Train Loss: 0.000088 | Val Loss: 0.000073
Epoch 116/400 | Train Loss: 0.000087 | Val Loss: 0.000080
Epoch 117/400 | Train Loss: 0.000087 | Val Loss: 0.000092
Epoch 118/400 | Train Loss: 0.000090 | Val Loss: 0.000084
Epoch 119/400 | Train Loss: 0.000087 | Val Loss: 0.000090
Epoch 120/400 | Train Loss: 0.000089 | Val Loss: 0.000087
Epoch 121/400 | Train Loss: 0.000088 | Val Loss: 0.000098
Epoch 122/400 | Train Loss: 0.000084 | Val Loss: 0.000067
Epoch 123/400 | Train Loss: 0.000083 | Val Loss: 0.000065
Epoch 124/400 | Train Loss: 0.000083 | Val Loss: 0.000079
Epoch 125/400 | Train Loss: 0.000082 | Val Loss: 0.000073
Epoch 126/400 | Train Loss: 0.000083 | Val Loss: 0.000089
Epoch 127/400 | Train Loss: 0.000082 | Val Loss: 0.000069
Epoch 128/400 | Train Loss: 0.000080 | Val Loss: 0.000065
Epoch 129/400 | Train Loss: 0.000081 | Val Loss: 0.000081
Epoch 130/400 | Train Loss: 0.000080 | Val Loss: 0.000075
Epoch 131/400 | Train Loss: 0.000081 | Val Loss: 0.000063
Epoch 132/400 | Train Loss: 0.000080 | Val Loss: 0.000081
Epoch 133/400 | Train Loss: 0.000079 | Val Loss: 0.000076
Epoch 134/400 | Train Loss: 0.000079 | Val Loss: 0.000090
Epoch 135/400 | Train Loss: 0.000080 | Val Loss: 0.000071
Epoch 136/400 | Train Loss: 0.000078 | Val Loss: 0.000064
Epoch 137/400 | Train Loss: 0.000078 | Val Loss: 0.000063
Epoch 138/400 | Train Loss: 0.000076 | Val Loss: 0.000103
Epoch 139/400 | Train Loss: 0.000078 | Val Loss: 0.000105
Epoch 140/400 | Train Loss: 0.000078 | Val Loss: 0.000077
Epoch 141/400 | Train Loss: 0.000077 | Val Loss: 0.000065
Epoch 142/400 | Train Loss: 0.000076 | Val Loss: 0.000074
Epoch 143/400 | Train Loss: 0.000076 | Val Loss: 0.000068
Epoch 144/400 | Train Loss: 0.000077 | Val Loss: 0.000085
Epoch 145/400 | Train Loss: 0.000076 | Val Loss: 0.000078
Epoch 146/400 | Train Loss: 0.000075 | Val Loss: 0.000073
Epoch 147/400 | Train Loss: 0.000074 | Val Loss: 0.000063
Epoch 148/400 | Train Loss: 0.000076 | Val Loss: 0.000095
Epoch 149/400 | Train Loss: 0.000074 | Val Loss: 0.000066
Epoch 150/400 | Train Loss: 0.000073 | Val Loss: 0.000073
Epoch 151/400 | Train Loss: 0.000072 | Val Loss: 0.000061
Epoch 152/400 | Train Loss: 0.000073 | Val Loss: 0.000083
Epoch 153/400 | Train Loss: 0.000074 | Val Loss: 0.000073
Epoch 154/400 | Train Loss: 0.000071 | Val Loss: 0.000087
Epoch 155/400 | Train Loss: 0.000071 | Val Loss: 0.000074
Epoch 156/400 | Train Loss: 0.000072 | Val Loss: 0.000075
Epoch 157/400 | Train Loss: 0.000072 | Val Loss: 0.000063
Epoch 158/400 | Train Loss: 0.000073 | Val Loss: 0.000057
Epoch 159/400 | Train Loss: 0.000072 | Val Loss: 0.000071
Epoch 160/400 | Train Loss: 0.000074 | Val Loss: 0.000083
Epoch 161/400 | Train Loss: 0.000070 | Val Loss: 0.000066
Epoch 162/400 | Train Loss: 0.000070 | Val Loss: 0.000077
Epoch 163/400 | Train Loss: 0.000071 | Val Loss: 0.000062
Epoch 164/400 | Train Loss: 0.000069 | Val Loss: 0.000069
Epoch 165/400 | Train Loss: 0.000069 | Val Loss: 0.000063
Epoch 166/400 | Train Loss: 0.000069 | Val Loss: 0.000066
Epoch 167/400 | Train Loss: 0.000068 | Val Loss: 0.000080
Epoch 168/400 | Train Loss: 0.000069 | Val Loss: 0.000090
Epoch 169/400 | Train Loss: 0.000071 | Val Loss: 0.000067
Epoch 170/400 | Train Loss: 0.000067 | Val Loss: 0.000068
Epoch 171/400 | Train Loss: 0.000068 | Val Loss: 0.000063
Epoch 172/400 | Train Loss: 0.000069 | Val Loss: 0.000077
Epoch 173/400 | Train Loss: 0.000068 | Val Loss: 0.000061
Epoch 174/400 | Train Loss: 0.000068 | Val Loss: 0.000070
Epoch 175/400 | Train Loss: 0.000068 | Val Loss: 0.000066
Epoch 176/400 | Train Loss: 0.000069 | Val Loss: 0.000092
Epoch 177/400 | Train Loss: 0.000069 | Val Loss: 0.000080
Epoch 178/400 | Train Loss: 0.000068 | Val Loss: 0.000070
Epoch 179/400 | Train Loss: 0.000067 | Val Loss: 0.000088
Epoch 180/400 | Train Loss: 0.000069 | Val Loss: 0.000069
Epoch 181/400 | Train Loss: 0.000066 | Val Loss: 0.000060
Epoch 182/400 | Train Loss: 0.000068 | Val Loss: 0.000065
Epoch 183/400 | Train Loss: 0.000066 | Val Loss: 0.000063
Epoch 184/400 | Train Loss: 0.000067 | Val Loss: 0.000071
Epoch 185/400 | Train Loss: 0.000065 | Val Loss: 0.000074
Epoch 186/400 | Train Loss: 0.000066 | Val Loss: 0.000069
Epoch 187/400 | Train Loss: 0.000065 | Val Loss: 0.000067
Epoch 188/400 | Train Loss: 0.000066 | Val Loss: 0.000081
Epoch 189/400 | Train Loss: 0.000068 | Val Loss: 0.000058
Epoch 190/400 | Train Loss: 0.000064 | Val Loss: 0.000080
Epoch 191/400 | Train Loss: 0.000065 | Val Loss: 0.000063
Epoch 192/400 | Train Loss: 0.000064 | Val Loss: 0.000075
Epoch 193/400 | Train Loss: 0.000065 | Val Loss: 0.000064
Epoch 194/400 | Train Loss: 0.000064 | Val Loss: 0.000084
Epoch 195/400 | Train Loss: 0.000064 | Val Loss: 0.000075
Epoch 196/400 | Train Loss: 0.000063 | Val Loss: 0.000084
Epoch 197/400 | Train Loss: 0.000065 | Val Loss: 0.000067
Epoch 198/400 | Train Loss: 0.000064 | Val Loss: 0.000077
Epoch 199/400 | Train Loss: 0.000063 | Val Loss: 0.000065
Epoch 200/400 | Train Loss: 0.000063 | Val Loss: 0.000074
Epoch 201/400 | Train Loss: 0.000063 | Val Loss: 0.000065
Epoch 202/400 | Train Loss: 0.000064 | Val Loss: 0.000065
Epoch 203/400 | Train Loss: 0.000065 | Val Loss: 0.000063
Epoch 204/400 | Train Loss: 0.000064 | Val Loss: 0.000062
Epoch 205/400 | Train Loss: 0.000065 | Val Loss: 0.000058
Epoch 206/400 | Train Loss: 0.000063 | Val Loss: 0.000086
Epoch 207/400 | Train Loss: 0.000063 | Val Loss: 0.000110
Epoch 208/400 | Train Loss: 0.000063 | Val Loss: 0.000070
Epoch 209/400 | Train Loss: 0.000063 | Val Loss: 0.000070
Epoch 210/400 | Train Loss: 0.000064 | Val Loss: 0.000068
Epoch 211/400 | Train Loss: 0.000063 | Val Loss: 0.000068
Epoch 212/400 | Train Loss: 0.000062 | Val Loss: 0.000071
Epoch 213/400 | Train Loss: 0.000061 | Val Loss: 0.000072
Epoch 214/400 | Train Loss: 0.000061 | Val Loss: 0.000082
Epoch 215/400 | Train Loss: 0.000064 | Val Loss: 0.000065
Epoch 216/400 | Train Loss: 0.000061 | Val Loss: 0.000068
Epoch 217/400 | Train Loss: 0.000062 | Val Loss: 0.000077
Epoch 218/400 | Train Loss: 0.000062 | Val Loss: 0.000073
Epoch 219/400 | Train Loss: 0.000061 | Val Loss: 0.000064
Epoch 220/400 | Train Loss: 0.000061 | Val Loss: 0.000064
Epoch 221/400 | Train Loss: 0.000061 | Val Loss: 0.000065
Epoch 222/400 | Train Loss: 0.000061 | Val Loss: 0.000082
Epoch 223/400 | Train Loss: 0.000061 | Val Loss: 0.000081
Epoch 224/400 | Train Loss: 0.000060 | Val Loss: 0.000065
Epoch 225/400 | Train Loss: 0.000060 | Val Loss: 0.000073
Epoch 226/400 | Train Loss: 0.000059 | Val Loss: 0.000070
Epoch 227/400 | Train Loss: 0.000060 | Val Loss: 0.000080
Epoch 228/400 | Train Loss: 0.000060 | Val Loss: 0.000090
Epoch 229/400 | Train Loss: 0.000061 | Val Loss: 0.000067
Epoch 230/400 | Train Loss: 0.000062 | Val Loss: 0.000075
Epoch 231/400 | Train Loss: 0.000059 | Val Loss: 0.000061
Epoch 232/400 | Train Loss: 0.000058 | Val Loss: 0.000065
Epoch 233/400 | Train Loss: 0.000059 | Val Loss: 0.000060
Epoch 234/400 | Train Loss: 0.000059 | Val Loss: 0.000069
Epoch 235/400 | Train Loss: 0.000059 | Val Loss: 0.000073
Epoch 236/400 | Train Loss: 0.000058 | Val Loss: 0.000070
Epoch 237/400 | Train Loss: 0.000058 | Val Loss: 0.000078
Epoch 238/400 | Train Loss: 0.000059 | Val Loss: 0.000071
Epoch 239/400 | Train Loss: 0.000059 | Val Loss: 0.000073
Epoch 240/400 | Train Loss: 0.000057 | Val Loss: 0.000057
Epoch 241/400 | Train Loss: 0.000058 | Val Loss: 0.000065
Epoch 242/400 | Train Loss: 0.000059 | Val Loss: 0.000070
Epoch 243/400 | Train Loss: 0.000059 | Val Loss: 0.000070
Epoch 244/400 | Train Loss: 0.000058 | Val Loss: 0.000056
Epoch 245/400 | Train Loss: 0.000058 | Val Loss: 0.000066
Epoch 246/400 | Train Loss: 0.000058 | Val Loss: 0.000057
Epoch 247/400 | Train Loss: 0.000058 | Val Loss: 0.000073
Epoch 248/400 | Train Loss: 0.000056 | Val Loss: 0.000074
Epoch 249/400 | Train Loss: 0.000058 | Val Loss: 0.000053
Epoch 250/400 | Train Loss: 0.000056 | Val Loss: 0.000066
Epoch 251/400 | Train Loss: 0.000057 | Val Loss: 0.000054
Epoch 252/400 | Train Loss: 0.000056 | Val Loss: 0.000069
Epoch 253/400 | Train Loss: 0.000057 | Val Loss: 0.000075
Epoch 254/400 | Train Loss: 0.000055 | Val Loss: 0.000065
Epoch 255/400 | Train Loss: 0.000056 | Val Loss: 0.000066
Epoch 256/400 | Train Loss: 0.000057 | Val Loss: 0.000069
Epoch 257/400 | Train Loss: 0.000057 | Val Loss: 0.000080
Epoch 258/400 | Train Loss: 0.000056 | Val Loss: 0.000062
Epoch 259/400 | Train Loss: 0.000056 | Val Loss: 0.000058
Epoch 260/400 | Train Loss: 0.000056 | Val Loss: 0.000059
Epoch 261/400 | Train Loss: 0.000055 | Val Loss: 0.000065
Epoch 262/400 | Train Loss: 0.000055 | Val Loss: 0.000072
Epoch 263/400 | Train Loss: 0.000057 | Val Loss: 0.000056
Epoch 264/400 | Train Loss: 0.000055 | Val Loss: 0.000054
Epoch 265/400 | Train Loss: 0.000056 | Val Loss: 0.000073
Epoch 266/400 | Train Loss: 0.000055 | Val Loss: 0.000059
Epoch 267/400 | Train Loss: 0.000055 | Val Loss: 0.000067
Epoch 268/400 | Train Loss: 0.000056 | Val Loss: 0.000062
Epoch 269/400 | Train Loss: 0.000054 | Val Loss: 0.000065
Epoch 270/400 | Train Loss: 0.000055 | Val Loss: 0.000060
Epoch 271/400 | Train Loss: 0.000055 | Val Loss: 0.000060
Epoch 272/400 | Train Loss: 0.000054 | Val Loss: 0.000053
Epoch 273/400 | Train Loss: 0.000054 | Val Loss: 0.000074
Epoch 274/400 | Train Loss: 0.000054 | Val Loss: 0.000064
Epoch 275/400 | Train Loss: 0.000055 | Val Loss: 0.000058
Epoch 276/400 | Train Loss: 0.000054 | Val Loss: 0.000062
Epoch 277/400 | Train Loss: 0.000053 | Val Loss: 0.000065
Epoch 278/400 | Train Loss: 0.000055 | Val Loss: 0.000061
Epoch 279/400 | Train Loss: 0.000054 | Val Loss: 0.000075
Epoch 280/400 | Train Loss: 0.000054 | Val Loss: 0.000074
Epoch 281/400 | Train Loss: 0.000054 | Val Loss: 0.000069
Epoch 282/400 | Train Loss: 0.000054 | Val Loss: 0.000061
Epoch 283/400 | Train Loss: 0.000053 | Val Loss: 0.000057
Epoch 284/400 | Train Loss: 0.000053 | Val Loss: 0.000061
Epoch 285/400 | Train Loss: 0.000054 | Val Loss: 0.000058
Epoch 286/400 | Train Loss: 0.000055 | Val Loss: 0.000069
Epoch 287/400 | Train Loss: 0.000053 | Val Loss: 0.000057
Epoch 288/400 | Train Loss: 0.000052 | Val Loss: 0.000067
Epoch 289/400 | Train Loss: 0.000052 | Val Loss: 0.000054
Epoch 290/400 | Train Loss: 0.000052 | Val Loss: 0.000062
Epoch 291/400 | Train Loss: 0.000052 | Val Loss: 0.000057
Epoch 292/400 | Train Loss: 0.000052 | Val Loss: 0.000067
Epoch 293/400 | Train Loss: 0.000053 | Val Loss: 0.000059
Epoch 294/400 | Train Loss: 0.000053 | Val Loss: 0.000054
Epoch 295/400 | Train Loss: 0.000051 | Val Loss: 0.000065
Epoch 296/400 | Train Loss: 0.000051 | Val Loss: 0.000066
Epoch 297/400 | Train Loss: 0.000051 | Val Loss: 0.000069
Epoch 298/400 | Train Loss: 0.000052 | Val Loss: 0.000054
Epoch 299/400 | Train Loss: 0.000052 | Val Loss: 0.000058
Epoch 300/400 | Train Loss: 0.000051 | Val Loss: 0.000061
Epoch 301/400 | Train Loss: 0.000051 | Val Loss: 0.000063
Epoch 302/400 | Train Loss: 0.000052 | Val Loss: 0.000051
Epoch 303/400 | Train Loss: 0.000051 | Val Loss: 0.000056
Epoch 304/400 | Train Loss: 0.000052 | Val Loss: 0.000066
Epoch 305/400 | Train Loss: 0.000051 | Val Loss: 0.000060
Epoch 306/400 | Train Loss: 0.000051 | Val Loss: 0.000068
Epoch 307/400 | Train Loss: 0.000051 | Val Loss: 0.000056
Epoch 308/400 | Train Loss: 0.000052 | Val Loss: 0.000063
Epoch 309/400 | Train Loss: 0.000050 | Val Loss: 0.000062
Epoch 310/400 | Train Loss: 0.000050 | Val Loss: 0.000053
Epoch 311/400 | Train Loss: 0.000050 | Val Loss: 0.000073
Epoch 312/400 | Train Loss: 0.000053 | Val Loss: 0.000057
Epoch 313/400 | Train Loss: 0.000050 | Val Loss: 0.000061
Epoch 314/400 | Train Loss: 0.000050 | Val Loss: 0.000055
Epoch 315/400 | Train Loss: 0.000050 | Val Loss: 0.000056
Epoch 316/400 | Train Loss: 0.000051 | Val Loss: 0.000071
Epoch 317/400 | Train Loss: 0.000051 | Val Loss: 0.000061
Epoch 318/400 | Train Loss: 0.000050 | Val Loss: 0.000058
Epoch 319/400 | Train Loss: 0.000051 | Val Loss: 0.000049
Epoch 320/400 | Train Loss: 0.000051 | Val Loss: 0.000056
Epoch 321/400 | Train Loss: 0.000049 | Val Loss: 0.000055
Epoch 322/400 | Train Loss: 0.000050 | Val Loss: 0.000070
Epoch 323/400 | Train Loss: 0.000050 | Val Loss: 0.000065
Epoch 324/400 | Train Loss: 0.000049 | Val Loss: 0.000068
Epoch 325/400 | Train Loss: 0.000049 | Val Loss: 0.000058
Epoch 326/400 | Train Loss: 0.000050 | Val Loss: 0.000057
Epoch 327/400 | Train Loss: 0.000049 | Val Loss: 0.000057
Epoch 328/400 | Train Loss: 0.000048 | Val Loss: 0.000060
Epoch 329/400 | Train Loss: 0.000049 | Val Loss: 0.000062
Epoch 330/400 | Train Loss: 0.000050 | Val Loss: 0.000059
Epoch 331/400 | Train Loss: 0.000049 | Val Loss: 0.000062
Epoch 332/400 | Train Loss: 0.000048 | Val Loss: 0.000051
Epoch 333/400 | Train Loss: 0.000048 | Val Loss: 0.000058
Epoch 334/400 | Train Loss: 0.000048 | Val Loss: 0.000063
Epoch 335/400 | Train Loss: 0.000047 | Val Loss: 0.000051
Epoch 336/400 | Train Loss: 0.000048 | Val Loss: 0.000048
Epoch 337/400 | Train Loss: 0.000048 | Val Loss: 0.000064
Epoch 338/400 | Train Loss: 0.000047 | Val Loss: 0.000049
Epoch 339/400 | Train Loss: 0.000048 | Val Loss: 0.000053
Epoch 340/400 | Train Loss: 0.000048 | Val Loss: 0.000053
Epoch 341/400 | Train Loss: 0.000048 | Val Loss: 0.000067
Epoch 342/400 | Train Loss: 0.000048 | Val Loss: 0.000069
Epoch 343/400 | Train Loss: 0.000047 | Val Loss: 0.000048
Epoch 344/400 | Train Loss: 0.000048 | Val Loss: 0.000054
Epoch 345/400 | Train Loss: 0.000047 | Val Loss: 0.000052
Epoch 346/400 | Train Loss: 0.000048 | Val Loss: 0.000068
Epoch 347/400 | Train Loss: 0.000047 | Val Loss: 0.000052
Epoch 348/400 | Train Loss: 0.000048 | Val Loss: 0.000059
Epoch 349/400 | Train Loss: 0.000048 | Val Loss: 0.000055
Epoch 350/400 | Train Loss: 0.000047 | Val Loss: 0.000054
Epoch 351/400 | Train Loss: 0.000047 | Val Loss: 0.000056
Epoch 352/400 | Train Loss: 0.000047 | Val Loss: 0.000054
Epoch 353/400 | Train Loss: 0.000046 | Val Loss: 0.000051
Epoch 354/400 | Train Loss: 0.000046 | Val Loss: 0.000051
Epoch 355/400 | Train Loss: 0.000047 | Val Loss: 0.000052
Epoch 356/400 | Train Loss: 0.000046 | Val Loss: 0.000059
Epoch 357/400 | Train Loss: 0.000046 | Val Loss: 0.000054
Epoch 358/400 | Train Loss: 0.000046 | Val Loss: 0.000065
Epoch 359/400 | Train Loss: 0.000046 | Val Loss: 0.000057
Epoch 360/400 | Train Loss: 0.000047 | Val Loss: 0.000053
Epoch 361/400 | Train Loss: 0.000046 | Val Loss: 0.000052
Epoch 362/400 | Train Loss: 0.000046 | Val Loss: 0.000051
Epoch 363/400 | Train Loss: 0.000046 | Val Loss: 0.000051
Epoch 364/400 | Train Loss: 0.000045 | Val Loss: 0.000046
Epoch 365/400 | Train Loss: 0.000046 | Val Loss: 0.000057
Epoch 366/400 | Train Loss: 0.000045 | Val Loss: 0.000062
Epoch 367/400 | Train Loss: 0.000046 | Val Loss: 0.000048
Epoch 368/400 | Train Loss: 0.000046 | Val Loss: 0.000051
Epoch 369/400 | Train Loss: 0.000045 | Val Loss: 0.000062
Epoch 370/400 | Train Loss: 0.000045 | Val Loss: 0.000064
Epoch 371/400 | Train Loss: 0.000045 | Val Loss: 0.000056
Epoch 372/400 | Train Loss: 0.000045 | Val Loss: 0.000054
Epoch 373/400 | Train Loss: 0.000045 | Val Loss: 0.000056
Epoch 374/400 | Train Loss: 0.000046 | Val Loss: 0.000059
Epoch 375/400 | Train Loss: 0.000045 | Val Loss: 0.000056
Epoch 376/400 | Train Loss: 0.000044 | Val Loss: 0.000054
Epoch 377/400 | Train Loss: 0.000046 | Val Loss: 0.000057
Epoch 378/400 | Train Loss: 0.000044 | Val Loss: 0.000054
Epoch 379/400 | Train Loss: 0.000044 | Val Loss: 0.000052
Epoch 380/400 | Train Loss: 0.000044 | Val Loss: 0.000051
Epoch 381/400 | Train Loss: 0.000045 | Val Loss: 0.000054
Epoch 382/400 | Train Loss: 0.000044 | Val Loss: 0.000057
Epoch 383/400 | Train Loss: 0.000045 | Val Loss: 0.000055
Epoch 384/400 | Train Loss: 0.000045 | Val Loss: 0.000059
Epoch 385/400 | Train Loss: 0.000044 | Val Loss: 0.000049
Epoch 386/400 | Train Loss: 0.000044 | Val Loss: 0.000057
Epoch 387/400 | Train Loss: 0.000044 | Val Loss: 0.000063
Epoch 388/400 | Train Loss: 0.000044 | Val Loss: 0.000048
Epoch 389/400 | Train Loss: 0.000044 | Val Loss: 0.000050
Epoch 390/400 | Train Loss: 0.000044 | Val Loss: 0.000054
Epoch 391/400 | Train Loss: 0.000044 | Val Loss: 0.000048
Epoch 392/400 | Train Loss: 0.000044 | Val Loss: 0.000051
Epoch 393/400 | Train Loss: 0.000043 | Val Loss: 0.000058
Epoch 394/400 | Train Loss: 0.000044 | Val Loss: 0.000056
Epoch 395/400 | Train Loss: 0.000043 | Val Loss: 0.000056
Epoch 396/400 | Train Loss: 0.000044 | Val Loss: 0.000050
Epoch 397/400 | Train Loss: 0.000044 | Val Loss: 0.000050
Epoch 398/400 | Train Loss: 0.000043 | Val Loss: 0.000055
Epoch 399/400 | Train Loss: 0.000044 | Val Loss: 0.000055
Epoch 400/400 | Train Loss: 0.000043 | Val Loss: 0.000060
Test Loss: 0.000062

------------------------------------------------------------
Sender: LSF System <lsfadmin@hpc.dtu.dk>
Subject: Job 27042765: <DL_Boats> in cluster <dcc> Done

Job <DL_Boats> was submitted from host <gbarlogin1> by user <s250695> in cluster <dcc> at Sun Nov 16 09:08:14 2025
Job was executed on host(s) <4*n-62-18-5>, in queue <gpua10>, as user <s250695> in cluster <dcc> at Sun Nov 16 09:08:14 2025
</zhome/63/7/219953> was used as the home directory.
</zhome/63/7/219953/DeepLearning-1> was used as the working directory.
Started at Sun Nov 16 09:08:14 2025
Terminated at Sun Nov 16 14:11:28 2025
Results reported at Sun Nov 16 14:11:28 2025

Your job looked like:

------------------------------------------------------------
# LSBATCH: User input
#!/bin/bash

#BSUB -J DL_Boats                  # Job name
#BSUB -o logs/output__trans%J.log                # Output log file (including job ID %J)
#BSUB -e logs/error_trans_%J.err                 # Error log file
#BSUB -q gpua10                          # Queue name (gpu queue)
#BSUB -gpu "num=1:mode=exclusive_process"   # Request 1 GPU
#BSUB -R "rusage[mem=2G]"             # Request 5 GB of RAM
#BSUB -W 08:00                        # Time limit (8 hours)
#BSUB -R "span[hosts=1]"             # Number of CPUs
#BSUB -n 4                            # Number of CPU cores

# Run this command first to make the script executable:
# chmod +x job.sh
# Then, when wanting to run on GPU, we need to run this job in the terminal with:
# bsub < ./job.sh
# It uses some scheduling system which uses these bsub arguments above to assign ressources somehow :)

# Load the cuda module to make it accessible to pytorch
module load cuda

# changes directory into your home (change this to your own home path (which you can find with 'echo $HOME'))
#cd /zhome/b1/8/213657/
cd /zhome/63/7/219953/
# sources the python virtual environment (not sure if you need this, probably not if you installed everything in the base python)
source venv/bin/activate
# changes directory into the deep learning project folder
cd DeepLearning-1
# executes the script
python tptrans.py

------------------------------------------------------------

Successfully completed.

Resource usage summary:

    CPU time :                                   18122.44 sec.
    Max Memory :                                 1500 MB
    Average Memory :                             1470.96 MB
    Total Requested Memory :                     8192.00 MB
    Delta Memory :                               6692.00 MB
    Max Swap :                                   -
    Max Processes :                              4
    Max Threads :                                15
    Run time :                                   18237 sec.
    Turnaround time :                            18194 sec.

The output (if any) is above this job summary.



PS:

Read file <logs/error_trans_27042765.err> for stderr output of this job.

