/bin/bash: line 1: ./tptrans_expirement.py: Permission denied

------------------------------------------------------------
Sender: LSF System <lsfadmin@hpc.dtu.dk>
Subject: Job 27080568: <NONAME> in cluster <dcc> Exited

Job <NONAME> was submitted from host <gbarlogin1> by user <s250695> in cluster <dcc> at Tue Nov 18 20:37:24 2025
Job was executed on host(s) <n-62-31-4>, in queue <hpc>, as user <s250695> in cluster <dcc> at Tue Nov 18 20:37:26 2025
</zhome/63/7/219953> was used as the home directory.
</zhome/63/7/219953/DeepLearning-1> was used as the working directory.
Started at Tue Nov 18 20:37:26 2025
Terminated at Tue Nov 18 20:37:26 2025
Results reported at Tue Nov 18 20:37:26 2025

Your job looked like:

------------------------------------------------------------
# LSBATCH: User input
tptrans_expirement.py
------------------------------------------------------------

Exited with exit code 126.

Resource usage summary:

    CPU time :                                   0.44 sec.
    Max Memory :                                 -
    Average Memory :                             -
    Total Requested Memory :                     1024.00 MB
    Delta Memory :                               -
    Max Swap :                                   -
    Max Processes :                              -
    Max Threads :                                -
    Run time :                                   25 sec.
    Turnaround time :                            2 sec.

The output (if any) is above this job summary.

