Starting training for TPTrans with the following parameters:
	k - 1000
	epochs - 300
	DS: Max timediff in seq - 15
	DS: Total window size - 420
	DS: Prediction window size - 60
	DS: Stride - 15
	Training: Batch size - 32
	Training: Learning rate - 0.0001

Total dataset size: 37114
Using cuda...
Epoch 1/300 | Train Loss: 0.025809 | Val Loss: 0.003374
Epoch 2/300 | Train Loss: 0.004433 | Val Loss: 0.002561
Epoch 3/300 | Train Loss: 0.003774 | Val Loss: 0.006795
Epoch 4/300 | Train Loss: 0.003377 | Val Loss: 0.002410
Epoch 5/300 | Train Loss: 0.003365 | Val Loss: 0.002299
Epoch 6/300 | Train Loss: 0.002472 | Val Loss: 0.001384
Epoch 7/300 | Train Loss: 0.002257 | Val Loss: 0.002929
Epoch 8/300 | Train Loss: 0.002129 | Val Loss: 0.001182
Epoch 9/300 | Train Loss: 0.001974 | Val Loss: 0.001368
Epoch 10/300 | Train Loss: 0.001679 | Val Loss: 0.001188
Epoch 11/300 | Train Loss: 0.001779 | Val Loss: 0.001321
Epoch 12/300 | Train Loss: 0.001542 | Val Loss: 0.001429
Epoch 13/300 | Train Loss: 0.001517 | Val Loss: 0.001279
Epoch 14/300 | Train Loss: 0.001401 | Val Loss: 0.001773
Epoch 15/300 | Train Loss: 0.001507 | Val Loss: 0.001250
Epoch 16/300 | Train Loss: 0.001371 | Val Loss: 0.002057
Epoch 17/300 | Train Loss: 0.001432 | Val Loss: 0.002453
Epoch 18/300 | Train Loss: 0.001308 | Val Loss: 0.001192
Epoch 19/300 | Train Loss: 0.001269 | Val Loss: 0.001250
Epoch 20/300 | Train Loss: 0.001237 | Val Loss: 0.001393
Epoch 21/300 | Train Loss: 0.001193 | Val Loss: 0.001995
Epoch 22/300 | Train Loss: 0.001212 | Val Loss: 0.001803
Epoch 23/300 | Train Loss: 0.001120 | Val Loss: 0.001123
Epoch 24/300 | Train Loss: 0.001132 | Val Loss: 0.001251
Epoch 25/300 | Train Loss: 0.001106 | Val Loss: 0.001301
Epoch 26/300 | Train Loss: 0.001100 | Val Loss: 0.001585
Epoch 27/300 | Train Loss: 0.001081 | Val Loss: 0.002564
Epoch 28/300 | Train Loss: 0.001126 | Val Loss: 0.001004
Epoch 29/300 | Train Loss: 0.001001 | Val Loss: 0.001066
Epoch 30/300 | Train Loss: 0.001056 | Val Loss: 0.001076
Epoch 31/300 | Train Loss: 0.001054 | Val Loss: 0.001580
Epoch 32/300 | Train Loss: 0.001010 | Val Loss: 0.000991
Epoch 33/300 | Train Loss: 0.000985 | Val Loss: 0.000907
Epoch 34/300 | Train Loss: 0.000991 | Val Loss: 0.001186
Epoch 35/300 | Train Loss: 0.000949 | Val Loss: 0.000977
Epoch 36/300 | Train Loss: 0.000943 | Val Loss: 0.001088
Epoch 37/300 | Train Loss: 0.000932 | Val Loss: 0.000835
Epoch 38/300 | Train Loss: 0.001250 | Val Loss: 0.001022
Epoch 39/300 | Train Loss: 0.001071 | Val Loss: 0.001059
Epoch 40/300 | Train Loss: 0.001119 | Val Loss: 0.000961
Epoch 41/300 | Train Loss: 0.001038 | Val Loss: 0.001081
Epoch 42/300 | Train Loss: 0.000995 | Val Loss: 0.000901
Epoch 43/300 | Train Loss: 0.000969 | Val Loss: 0.001224
Epoch 44/300 | Train Loss: 0.000917 | Val Loss: 0.000925
Epoch 45/300 | Train Loss: 0.000888 | Val Loss: 0.000908
Epoch 46/300 | Train Loss: 0.000868 | Val Loss: 0.000754
Epoch 47/300 | Train Loss: 0.000882 | Val Loss: 0.001015
Epoch 48/300 | Train Loss: 0.000850 | Val Loss: 0.000824
Epoch 49/300 | Train Loss: 0.000851 | Val Loss: 0.000868
Epoch 50/300 | Train Loss: 0.000795 | Val Loss: 0.000902
Epoch 51/300 | Train Loss: 0.000836 | Val Loss: 0.001121
Epoch 52/300 | Train Loss: 0.000816 | Val Loss: 0.000819
Epoch 53/300 | Train Loss: 0.000769 | Val Loss: 0.000788
Epoch 54/300 | Train Loss: 0.000779 | Val Loss: 0.000877
Epoch 55/300 | Train Loss: 0.000746 | Val Loss: 0.000922
Epoch 56/300 | Train Loss: 0.000793 | Val Loss: 0.000774
Epoch 57/300 | Train Loss: 0.000727 | Val Loss: 0.000836
Epoch 58/300 | Train Loss: 0.000723 | Val Loss: 0.000744
Epoch 59/300 | Train Loss: 0.000704 | Val Loss: 0.000803
Epoch 60/300 | Train Loss: 0.000718 | Val Loss: 0.001195
Epoch 61/300 | Train Loss: 0.000717 | Val Loss: 0.000732
Epoch 62/300 | Train Loss: 0.000703 | Val Loss: 0.000735
Epoch 63/300 | Train Loss: 0.000693 | Val Loss: 0.000787
Epoch 64/300 | Train Loss: 0.000671 | Val Loss: 0.000736
Epoch 65/300 | Train Loss: 0.000642 | Val Loss: 0.000817
Epoch 66/300 | Train Loss: 0.000663 | Val Loss: 0.000758
Epoch 67/300 | Train Loss: 0.000641 | Val Loss: 0.000721
Epoch 68/300 | Train Loss: 0.000613 | Val Loss: 0.000705
Epoch 69/300 | Train Loss: 0.000637 | Val Loss: 0.000783
Epoch 70/300 | Train Loss: 0.000620 | Val Loss: 0.000689
Epoch 71/300 | Train Loss: 0.000627 | Val Loss: 0.000685
Epoch 72/300 | Train Loss: 0.000593 | Val Loss: 0.000634
Epoch 73/300 | Train Loss: 0.000613 | Val Loss: 0.000666
Epoch 74/300 | Train Loss: 0.000592 | Val Loss: 0.000714
Epoch 75/300 | Train Loss: 0.000561 | Val Loss: 0.000732
Epoch 76/300 | Train Loss: 0.000596 | Val Loss: 0.000885
Epoch 77/300 | Train Loss: 0.000583 | Val Loss: 0.000752
Epoch 78/300 | Train Loss: 0.000547 | Val Loss: 0.000773
Epoch 79/300 | Train Loss: 0.000560 | Val Loss: 0.000615
Epoch 80/300 | Train Loss: 0.000542 | Val Loss: 0.000861
Epoch 81/300 | Train Loss: 0.000532 | Val Loss: 0.000665
Epoch 82/300 | Train Loss: 0.000532 | Val Loss: 0.000682
Epoch 83/300 | Train Loss: 0.000531 | Val Loss: 0.000656
Epoch 84/300 | Train Loss: 0.000541 | Val Loss: 0.000729
Epoch 85/300 | Train Loss: 0.000514 | Val Loss: 0.000623
Epoch 86/300 | Train Loss: 0.000499 | Val Loss: 0.000597
Epoch 87/300 | Train Loss: 0.000483 | Val Loss: 0.000663
Epoch 88/300 | Train Loss: 0.000553 | Val Loss: 0.000686
Epoch 89/300 | Train Loss: 0.000509 | Val Loss: 0.000590
Epoch 90/300 | Train Loss: 0.000474 | Val Loss: 0.000638
Epoch 91/300 | Train Loss: 0.000476 | Val Loss: 0.000677
Epoch 92/300 | Train Loss: 0.000477 | Val Loss: 0.000737
Epoch 93/300 | Train Loss: 0.000471 | Val Loss: 0.000629
Epoch 94/300 | Train Loss: 0.000445 | Val Loss: 0.000713
Epoch 95/300 | Train Loss: 0.000454 | Val Loss: 0.000701
Epoch 96/300 | Train Loss: 0.000469 | Val Loss: 0.000635
Epoch 97/300 | Train Loss: 0.000460 | Val Loss: 0.000616
Epoch 98/300 | Train Loss: 0.000441 | Val Loss: 0.000669
Epoch 99/300 | Train Loss: 0.000473 | Val Loss: 0.000602
Epoch 100/300 | Train Loss: 0.000408 | Val Loss: 0.000588
Epoch 101/300 | Train Loss: 0.000415 | Val Loss: 0.000751
Epoch 102/300 | Train Loss: 0.000411 | Val Loss: 0.000691
Epoch 103/300 | Train Loss: 0.000418 | Val Loss: 0.000599
Epoch 104/300 | Train Loss: 0.000420 | Val Loss: 0.000618
Epoch 105/300 | Train Loss: 0.000396 | Val Loss: 0.000601
Epoch 106/300 | Train Loss: 0.000409 | Val Loss: 0.000559
Epoch 107/300 | Train Loss: 0.000397 | Val Loss: 0.000659
Epoch 108/300 | Train Loss: 0.000391 | Val Loss: 0.000569
Epoch 109/300 | Train Loss: 0.000391 | Val Loss: 0.000599
Epoch 110/300 | Train Loss: 0.000421 | Val Loss: 0.000626
Epoch 111/300 | Train Loss: 0.000419 | Val Loss: 0.000667
Epoch 112/300 | Train Loss: 0.000389 | Val Loss: 0.000656
Epoch 113/300 | Train Loss: 0.000356 | Val Loss: 0.000636
Epoch 114/300 | Train Loss: 0.000377 | Val Loss: 0.000581
Epoch 115/300 | Train Loss: 0.000372 | Val Loss: 0.000708
Epoch 116/300 | Train Loss: 0.000373 | Val Loss: 0.000639
Epoch 117/300 | Train Loss: 0.000367 | Val Loss: 0.000616
Epoch 118/300 | Train Loss: 0.000382 | Val Loss: 0.000636
Epoch 119/300 | Train Loss: 0.000335 | Val Loss: 0.000599
Epoch 120/300 | Train Loss: 0.000334 | Val Loss: 0.000586
Epoch 121/300 | Train Loss: 0.000348 | Val Loss: 0.000596
Epoch 122/300 | Train Loss: 0.000343 | Val Loss: 0.000579
Epoch 123/300 | Train Loss: 0.000327 | Val Loss: 0.000570
Epoch 124/300 | Train Loss: 0.000327 | Val Loss: 0.000581
Epoch 125/300 | Train Loss: 0.000332 | Val Loss: 0.000593
Epoch 126/300 | Train Loss: 0.000336 | Val Loss: 0.000575
Epoch 127/300 | Train Loss: 0.000324 | Val Loss: 0.000574
Epoch 128/300 | Train Loss: 0.000312 | Val Loss: 0.000571
Epoch 129/300 | Train Loss: 0.000311 | Val Loss: 0.000555
Epoch 130/300 | Train Loss: 0.000327 | Val Loss: 0.000647
Epoch 131/300 | Train Loss: 0.000302 | Val Loss: 0.000593
Epoch 132/300 | Train Loss: 0.000320 | Val Loss: 0.000529
Epoch 133/300 | Train Loss: 0.000329 | Val Loss: 0.000593
Epoch 134/300 | Train Loss: 0.000297 | Val Loss: 0.000558
Epoch 135/300 | Train Loss: 0.000289 | Val Loss: 0.000601
Epoch 136/300 | Train Loss: 0.000313 | Val Loss: 0.000554
Epoch 137/300 | Train Loss: 0.000286 | Val Loss: 0.000611
Epoch 138/300 | Train Loss: 0.000285 | Val Loss: 0.000570
Epoch 139/300 | Train Loss: 0.000288 | Val Loss: 0.000579
Epoch 140/300 | Train Loss: 0.000295 | Val Loss: 0.000628
Epoch 141/300 | Train Loss: 0.000301 | Val Loss: 0.000582
Epoch 142/300 | Train Loss: 0.000283 | Val Loss: 0.000539
Epoch 143/300 | Train Loss: 0.000293 | Val Loss: 0.000590
Epoch 144/300 | Train Loss: 0.000264 | Val Loss: 0.000552
Epoch 145/300 | Train Loss: 0.000259 | Val Loss: 0.000597
Epoch 146/300 | Train Loss: 0.000272 | Val Loss: 0.000527
Epoch 147/300 | Train Loss: 0.000286 | Val Loss: 0.000558
Epoch 148/300 | Train Loss: 0.000283 | Val Loss: 0.000536
Epoch 149/300 | Train Loss: 0.000267 | Val Loss: 0.000601
Epoch 150/300 | Train Loss: 0.000251 | Val Loss: 0.000539
Epoch 151/300 | Train Loss: 0.000291 | Val Loss: 0.000528
Epoch 152/300 | Train Loss: 0.000296 | Val Loss: 0.000569
Epoch 153/300 | Train Loss: 0.000277 | Val Loss: 0.000550
Epoch 154/300 | Train Loss: 0.000244 | Val Loss: 0.000525
Epoch 155/300 | Train Loss: 0.000236 | Val Loss: 0.000528
Epoch 156/300 | Train Loss: 0.000253 | Val Loss: 0.000566
Epoch 157/300 | Train Loss: 0.000244 | Val Loss: 0.000537
Epoch 158/300 | Train Loss: 0.000255 | Val Loss: 0.000543
Epoch 159/300 | Train Loss: 0.000239 | Val Loss: 0.000529
Epoch 160/300 | Train Loss: 0.000239 | Val Loss: 0.000583
Epoch 161/300 | Train Loss: 0.000233 | Val Loss: 0.000519
Epoch 162/300 | Train Loss: 0.000224 | Val Loss: 0.000548
Epoch 163/300 | Train Loss: 0.000322 | Val Loss: 0.000505
Epoch 164/300 | Train Loss: 0.000267 | Val Loss: 0.000626
Epoch 165/300 | Train Loss: 0.000254 | Val Loss: 0.000520
Epoch 166/300 | Train Loss: 0.000254 | Val Loss: 0.000556
Epoch 167/300 | Train Loss: 0.000287 | Val Loss: 0.000579
Epoch 168/300 | Train Loss: 0.000332 | Val Loss: 0.000705
Epoch 169/300 | Train Loss: 0.000270 | Val Loss: 0.000517
Epoch 170/300 | Train Loss: 0.000247 | Val Loss: 0.000586
Epoch 171/300 | Train Loss: 0.000268 | Val Loss: 0.000579
Epoch 172/300 | Train Loss: 0.000280 | Val Loss: 0.000604
Epoch 173/300 | Train Loss: 0.000252 | Val Loss: 0.000524
Epoch 174/300 | Train Loss: 0.000239 | Val Loss: 0.000519
Epoch 175/300 | Train Loss: 0.000209 | Val Loss: 0.000537
Epoch 176/300 | Train Loss: 0.000246 | Val Loss: 0.000517
Epoch 177/300 | Train Loss: 0.000244 | Val Loss: 0.000565
Epoch 178/300 | Train Loss: 0.000239 | Val Loss: 0.000537
Epoch 179/300 | Train Loss: 0.000217 | Val Loss: 0.000523
Epoch 180/300 | Train Loss: 0.000219 | Val Loss: 0.000499
Epoch 181/300 | Train Loss: 0.000218 | Val Loss: 0.000481
Epoch 182/300 | Train Loss: 0.000222 | Val Loss: 0.000587
Epoch 183/300 | Train Loss: 0.000243 | Val Loss: 0.000507
Epoch 184/300 | Train Loss: 0.000234 | Val Loss: 0.000528
Epoch 185/300 | Train Loss: 0.000197 | Val Loss: 0.000503
Epoch 186/300 | Train Loss: 0.000195 | Val Loss: 0.000444
Epoch 187/300 | Train Loss: 0.000203 | Val Loss: 0.000539
Epoch 188/300 | Train Loss: 0.000208 | Val Loss: 0.000517
Epoch 189/300 | Train Loss: 0.000195 | Val Loss: 0.000481
Epoch 190/300 | Train Loss: 0.000221 | Val Loss: 0.000591
Epoch 191/300 | Train Loss: 0.000199 | Val Loss: 0.000538
Epoch 192/300 | Train Loss: 0.000199 | Val Loss: 0.000479
Epoch 193/300 | Train Loss: 0.000193 | Val Loss: 0.000511
Epoch 194/300 | Train Loss: 0.000199 | Val Loss: 0.000554
Epoch 195/300 | Train Loss: 0.000219 | Val Loss: 0.000519
Epoch 196/300 | Train Loss: 0.000266 | Val Loss: 0.000519
Epoch 197/300 | Train Loss: 0.000219 | Val Loss: 0.000553
Epoch 198/300 | Train Loss: 0.000224 | Val Loss: 0.000574
Epoch 199/300 | Train Loss: 0.000207 | Val Loss: 0.000603
Epoch 200/300 | Train Loss: 0.000218 | Val Loss: 0.000589
Epoch 201/300 | Train Loss: 0.000202 | Val Loss: 0.000489
Epoch 202/300 | Train Loss: 0.000183 | Val Loss: 0.000515
Epoch 203/300 | Train Loss: 0.000185 | Val Loss: 0.000496
Epoch 204/300 | Train Loss: 0.000196 | Val Loss: 0.000493
Epoch 205/300 | Train Loss: 0.000224 | Val Loss: 0.000484
Epoch 206/300 | Train Loss: 0.000198 | Val Loss: 0.000485
Epoch 207/300 | Train Loss: 0.000240 | Val Loss: 0.000550
Epoch 208/300 | Train Loss: 0.000275 | Val Loss: 0.000513
Epoch 209/300 | Train Loss: 0.000297 | Val Loss: 0.000546
Epoch 210/300 | Train Loss: 0.000345 | Val Loss: 0.000475
Epoch 211/300 | Train Loss: 0.000289 | Val Loss: 0.000788
Epoch 212/300 | Train Loss: 0.000445 | Val Loss: 0.000516
Epoch 213/300 | Train Loss: 0.000240 | Val Loss: 0.000490
Epoch 214/300 | Train Loss: 0.000210 | Val Loss: 0.000490
Epoch 215/300 | Train Loss: 0.000199 | Val Loss: 0.000526
Epoch 216/300 | Train Loss: 0.000214 | Val Loss: 0.000507
Epoch 217/300 | Train Loss: 0.000208 | Val Loss: 0.000521
Epoch 218/300 | Train Loss: 0.000270 | Val Loss: 0.000503
Epoch 219/300 | Train Loss: 0.000270 | Val Loss: 0.000661
Epoch 220/300 | Train Loss: 0.000257 | Val Loss: 0.000518
Epoch 221/300 | Train Loss: 0.000219 | Val Loss: 0.000473
Epoch 222/300 | Train Loss: 0.000201 | Val Loss: 0.000593
Epoch 223/300 | Train Loss: 0.000257 | Val Loss: 0.000618
Epoch 224/300 | Train Loss: 0.000209 | Val Loss: 0.000486
Epoch 225/300 | Train Loss: 0.000198 | Val Loss: 0.000552
Epoch 226/300 | Train Loss: 0.000235 | Val Loss: 0.000484
Epoch 227/300 | Train Loss: 0.000239 | Val Loss: 0.000695
Epoch 228/300 | Train Loss: 0.000255 | Val Loss: 0.000513
Epoch 229/300 | Train Loss: 0.000224 | Val Loss: 0.000494
Epoch 230/300 | Train Loss: 0.000207 | Val Loss: 0.000476
Epoch 231/300 | Train Loss: 0.000207 | Val Loss: 0.000471
Epoch 232/300 | Train Loss: 0.000223 | Val Loss: 0.000532
Epoch 233/300 | Train Loss: 0.000187 | Val Loss: 0.000508
Epoch 234/300 | Train Loss: 0.000183 | Val Loss: 0.000518
Epoch 235/300 | Train Loss: 0.000176 | Val Loss: 0.000550
Epoch 236/300 | Train Loss: 0.000198 | Val Loss: 0.000470
Epoch 237/300 | Train Loss: 0.000189 | Val Loss: 0.000527
Epoch 238/300 | Train Loss: 0.000200 | Val Loss: 0.000470
Epoch 239/300 | Train Loss: 0.000208 | Val Loss: 0.000492
Epoch 240/300 | Train Loss: 0.000177 | Val Loss: 0.000523
Epoch 241/300 | Train Loss: 0.000181 | Val Loss: 0.000547
Epoch 242/300 | Train Loss: 0.000186 | Val Loss: 0.000482
Epoch 243/300 | Train Loss: 0.000184 | Val Loss: 0.000487
Epoch 244/300 | Train Loss: 0.000171 | Val Loss: 0.000497
Epoch 245/300 | Train Loss: 0.000189 | Val Loss: 0.000515
Epoch 246/300 | Train Loss: 0.000186 | Val Loss: 0.000487
Epoch 247/300 | Train Loss: 0.000159 | Val Loss: 0.000499
Epoch 248/300 | Train Loss: 0.000215 | Val Loss: 0.000508
Epoch 249/300 | Train Loss: 0.000212 | Val Loss: 0.000530
Epoch 250/300 | Train Loss: 0.000260 | Val Loss: 0.000513
Epoch 251/300 | Train Loss: 0.000209 | Val Loss: 0.000483
Epoch 252/300 | Train Loss: 0.000185 | Val Loss: 0.000476
Epoch 253/300 | Train Loss: 0.000197 | Val Loss: 0.000469
Epoch 254/300 | Train Loss: 0.000192 | Val Loss: 0.000596
Epoch 255/300 | Train Loss: 0.000204 | Val Loss: 0.000504
Epoch 256/300 | Train Loss: 0.000189 | Val Loss: 0.000520
Epoch 257/300 | Train Loss: 0.000179 | Val Loss: 0.000484
Epoch 258/300 | Train Loss: 0.000166 | Val Loss: 0.000525
Epoch 259/300 | Train Loss: 0.000180 | Val Loss: 0.000506
Epoch 260/300 | Train Loss: 0.000292 | Val Loss: 0.000468
Epoch 261/300 | Train Loss: 0.000182 | Val Loss: 0.000524
Epoch 262/300 | Train Loss: 0.000180 | Val Loss: 0.000452
Epoch 263/300 | Train Loss: 0.000156 | Val Loss: 0.000451
Epoch 264/300 | Train Loss: 0.000186 | Val Loss: 0.000476
Epoch 265/300 | Train Loss: 0.000227 | Val Loss: 0.000475
Epoch 266/300 | Train Loss: 0.000193 | Val Loss: 0.000486
Epoch 267/300 | Train Loss: 0.000167 | Val Loss: 0.000470
Epoch 268/300 | Train Loss: 0.000165 | Val Loss: 0.000493
Epoch 269/300 | Train Loss: 0.000168 | Val Loss: 0.000510
Epoch 270/300 | Train Loss: 0.000199 | Val Loss: 0.000543
Epoch 271/300 | Train Loss: 0.000176 | Val Loss: 0.000447
Epoch 272/300 | Train Loss: 0.000172 | Val Loss: 0.000497
Epoch 273/300 | Train Loss: 0.000187 | Val Loss: 0.000467
Epoch 274/300 | Train Loss: 0.000171 | Val Loss: 0.000471
Epoch 275/300 | Train Loss: 0.000164 | Val Loss: 0.000480
Epoch 276/300 | Train Loss: 0.000153 | Val Loss: 0.000484
Epoch 277/300 | Train Loss: 0.000182 | Val Loss: 0.000497
Epoch 278/300 | Train Loss: 0.000189 | Val Loss: 0.000477
Epoch 279/300 | Train Loss: 0.000213 | Val Loss: 0.000496
Epoch 280/300 | Train Loss: 0.000189 | Val Loss: 0.000470
Epoch 281/300 | Train Loss: 0.000193 | Val Loss: 0.000496
Epoch 282/300 | Train Loss: 0.000162 | Val Loss: 0.000546
Epoch 283/300 | Train Loss: 0.000176 | Val Loss: 0.000494
Epoch 284/300 | Train Loss: 0.000141 | Val Loss: 0.000436
Epoch 285/300 | Train Loss: 0.000197 | Val Loss: 0.000463
Epoch 286/300 | Train Loss: 0.000185 | Val Loss: 0.000476
Epoch 287/300 | Train Loss: 0.000166 | Val Loss: 0.000529
Epoch 288/300 | Train Loss: 0.000200 | Val Loss: 0.000654
Epoch 289/300 | Train Loss: 0.000228 | Val Loss: 0.000555
Epoch 290/300 | Train Loss: 0.000169 | Val Loss: 0.000575
Epoch 291/300 | Train Loss: 0.000189 | Val Loss: 0.000490
Epoch 292/300 | Train Loss: 0.000177 | Val Loss: 0.000502
Epoch 293/300 | Train Loss: 0.000194 | Val Loss: 0.000466
Epoch 294/300 | Train Loss: 0.000167 | Val Loss: 0.000507
Epoch 295/300 | Train Loss: 0.000172 | Val Loss: 0.000443
Epoch 296/300 | Train Loss: 0.000187 | Val Loss: 0.000455
Epoch 297/300 | Train Loss: 0.000152 | Val Loss: 0.000456
Epoch 298/300 | Train Loss: 0.000196 | Val Loss: 0.000522
Epoch 299/300 | Train Loss: 0.000185 | Val Loss: 0.000611
Epoch 300/300 | Train Loss: 0.000166 | Val Loss: 0.000494
Test Loss: 0.000470
Done with test1
Starting training for TPTrans with the following parameters:
	k - 1000
	epochs - 300
	DS: Max timediff in seq - 15
	DS: Total window size - 480
	DS: Prediction window size - 120
	DS: Stride - 15
	Training: Batch size - 32
	Training: Learning rate - 0.0001

Total dataset size: 33635
Using cuda...
Epoch 1/300 | Train Loss: 0.097142 | Val Loss: 0.018123
Epoch 2/300 | Train Loss: 0.020422 | Val Loss: 0.040024
Epoch 3/300 | Train Loss: 0.015223 | Val Loss: 0.011296
Epoch 4/300 | Train Loss: 0.015029 | Val Loss: 0.013160
Epoch 5/300 | Train Loss: 0.013210 | Val Loss: 0.014354
Epoch 6/300 | Train Loss: 0.010793 | Val Loss: 0.010982
Epoch 7/300 | Train Loss: 0.011103 | Val Loss: 0.031086
Epoch 8/300 | Train Loss: 0.010215 | Val Loss: 0.007803
Epoch 9/300 | Train Loss: 0.009296 | Val Loss: 0.007258
Epoch 10/300 | Train Loss: 0.008540 | Val Loss: 0.010250
Epoch 11/300 | Train Loss: 0.008982 | Val Loss: 0.006732
Epoch 12/300 | Train Loss: 0.007929 | Val Loss: 0.008261
Epoch 13/300 | Train Loss: 0.007623 | Val Loss: 0.006186
Epoch 14/300 | Train Loss: 0.007150 | Val Loss: 0.005146
Epoch 15/300 | Train Loss: 0.007202 | Val Loss: 0.015317
Epoch 16/300 | Train Loss: 0.006960 | Val Loss: 0.006180
Epoch 17/300 | Train Loss: 0.006530 | Val Loss: 0.006141
Epoch 18/300 | Train Loss: 0.006372 | Val Loss: 0.004726
Epoch 19/300 | Train Loss: 0.006529 | Val Loss: 0.005251
Epoch 20/300 | Train Loss: 0.006202 | Val Loss: 0.008022
Epoch 21/300 | Train Loss: 0.005807 | Val Loss: 0.004851
Epoch 22/300 | Train Loss: 0.005569 | Val Loss: 0.004165
Epoch 23/300 | Train Loss: 0.005420 | Val Loss: 0.009604
Epoch 24/300 | Train Loss: 0.005415 | Val Loss: 0.005576
Epoch 25/300 | Train Loss: 0.005409 | Val Loss: 0.007359
Epoch 26/300 | Train Loss: 0.004938 | Val Loss: 0.005738
Epoch 27/300 | Train Loss: 0.005175 | Val Loss: 0.004770
Epoch 28/300 | Train Loss: 0.004935 | Val Loss: 0.005849
Epoch 29/300 | Train Loss: 0.004638 | Val Loss: 0.007725
Epoch 30/300 | Train Loss: 0.004618 | Val Loss: 0.005699
Epoch 31/300 | Train Loss: 0.004552 | Val Loss: 0.006033
Epoch 32/300 | Train Loss: 0.004386 | Val Loss: 0.004859
Epoch 33/300 | Train Loss: 0.004245 | Val Loss: 0.003847
Epoch 34/300 | Train Loss: 0.004241 | Val Loss: 0.004560
Epoch 35/300 | Train Loss: 0.004032 | Val Loss: 0.003785
Epoch 36/300 | Train Loss: 0.004090 | Val Loss: 0.003674
Epoch 37/300 | Train Loss: 0.003874 | Val Loss: 0.004231
Epoch 38/300 | Train Loss: 0.003844 | Val Loss: 0.004670
Epoch 39/300 | Train Loss: 0.003737 | Val Loss: 0.004206
Epoch 40/300 | Train Loss: 0.003745 | Val Loss: 0.004135
Epoch 41/300 | Train Loss: 0.003530 | Val Loss: 0.003448
Epoch 42/300 | Train Loss: 0.003511 | Val Loss: 0.005483
Epoch 43/300 | Train Loss: 0.003506 | Val Loss: 0.003503
Epoch 44/300 | Train Loss: 0.003603 | Val Loss: 0.004310
Epoch 45/300 | Train Loss: 0.003466 | Val Loss: 0.005760
Epoch 46/300 | Train Loss: 0.003419 | Val Loss: 0.003519
Epoch 47/300 | Train Loss: 0.003173 | Val Loss: 0.003674
Epoch 48/300 | Train Loss: 0.003411 | Val Loss: 0.003809
Epoch 49/300 | Train Loss: 0.003024 | Val Loss: 0.004606
Epoch 50/300 | Train Loss: 0.003182 | Val Loss: 0.004060
Epoch 51/300 | Train Loss: 0.002942 | Val Loss: 0.004793
Epoch 52/300 | Train Loss: 0.002952 | Val Loss: 0.004885
Epoch 53/300 | Train Loss: 0.002802 | Val Loss: 0.003702
Epoch 54/300 | Train Loss: 0.002826 | Val Loss: 0.002936
Epoch 55/300 | Train Loss: 0.002922 | Val Loss: 0.003142
Epoch 56/300 | Train Loss: 0.002659 | Val Loss: 0.003810
Epoch 57/300 | Train Loss: 0.002606 | Val Loss: 0.003434
Epoch 58/300 | Train Loss: 0.002693 | Val Loss: 0.003485
Epoch 59/300 | Train Loss: 0.002464 | Val Loss: 0.003078
Epoch 60/300 | Train Loss: 0.002384 | Val Loss: 0.002759
Epoch 61/300 | Train Loss: 0.002569 | Val Loss: 0.003699
Epoch 62/300 | Train Loss: 0.002392 | Val Loss: 0.003677
Epoch 63/300 | Train Loss: 0.002523 | Val Loss: 0.003464
Epoch 64/300 | Train Loss: 0.002349 | Val Loss: 0.003466
Epoch 65/300 | Train Loss: 0.002428 | Val Loss: 0.003945
Epoch 66/300 | Train Loss: 0.002252 | Val Loss: 0.003663
Epoch 67/300 | Train Loss: 0.002150 | Val Loss: 0.003355
Epoch 68/300 | Train Loss: 0.002237 | Val Loss: 0.003508
Epoch 69/300 | Train Loss: 0.002185 | Val Loss: 0.003083
Epoch 70/300 | Train Loss: 0.002081 | Val Loss: 0.002673
Epoch 71/300 | Train Loss: 0.002185 | Val Loss: 0.002394
Epoch 72/300 | Train Loss: 0.001921 | Val Loss: 0.003450
Epoch 73/300 | Train Loss: 0.001875 | Val Loss: 0.003209
Epoch 74/300 | Train Loss: 0.001980 | Val Loss: 0.002568
Epoch 75/300 | Train Loss: 0.002001 | Val Loss: 0.002602
Epoch 76/300 | Train Loss: 0.001867 | Val Loss: 0.003137
Epoch 77/300 | Train Loss: 0.001935 | Val Loss: 0.002514
Epoch 78/300 | Train Loss: 0.001873 | Val Loss: 0.002467
Epoch 79/300 | Train Loss: 0.001880 | Val Loss: 0.002762
Epoch 80/300 | Train Loss: 0.001876 | Val Loss: 0.002494
Epoch 81/300 | Train Loss: 0.001615 | Val Loss: 0.002461
Epoch 82/300 | Train Loss: 0.001714 | Val Loss: 0.002404
Epoch 83/300 | Train Loss: 0.001711 | Val Loss: 0.002524
Epoch 84/300 | Train Loss: 0.001769 | Val Loss: 0.002447
Epoch 85/300 | Train Loss: 0.001595 | Val Loss: 0.002366
Epoch 86/300 | Train Loss: 0.001710 | Val Loss: 0.002166
Epoch 87/300 | Train Loss: 0.001706 | Val Loss: 0.002305
Epoch 88/300 | Train Loss: 0.001543 | Val Loss: 0.002148
Epoch 89/300 | Train Loss: 0.001616 | Val Loss: 0.002467
Epoch 90/300 | Train Loss: 0.001527 | Val Loss: 0.001983
Epoch 91/300 | Train Loss: 0.001475 | Val Loss: 0.002836
Epoch 92/300 | Train Loss: 0.001538 | Val Loss: 0.002448
Epoch 93/300 | Train Loss: 0.001492 | Val Loss: 0.002030
Epoch 94/300 | Train Loss: 0.001411 | Val Loss: 0.002614
Epoch 95/300 | Train Loss: 0.001661 | Val Loss: 0.002489
Epoch 96/300 | Train Loss: 0.001613 | Val Loss: 0.002449
Epoch 97/300 | Train Loss: 0.001447 | Val Loss: 0.002278
Epoch 98/300 | Train Loss: 0.001250 | Val Loss: 0.002373
Epoch 99/300 | Train Loss: 0.001495 | Val Loss: 0.002221
Epoch 100/300 | Train Loss: 0.001420 | Val Loss: 0.002473
Epoch 101/300 | Train Loss: 0.001318 | Val Loss: 0.002557
Epoch 102/300 | Train Loss: 0.001440 | Val Loss: 0.002196
Epoch 103/300 | Train Loss: 0.001427 | Val Loss: 0.002027
Epoch 104/300 | Train Loss: 0.001417 | Val Loss: 0.001924
Epoch 105/300 | Train Loss: 0.001314 | Val Loss: 0.002145
Epoch 106/300 | Train Loss: 0.001279 | Val Loss: 0.001911
Epoch 107/300 | Train Loss: 0.001266 | Val Loss: 0.002348
Epoch 108/300 | Train Loss: 0.001308 | Val Loss: 0.001953
Epoch 109/300 | Train Loss: 0.001217 | Val Loss: 0.001852
Epoch 110/300 | Train Loss: 0.001211 | Val Loss: 0.002075
Epoch 111/300 | Train Loss: 0.001245 | Val Loss: 0.002134
Epoch 112/300 | Train Loss: 0.001093 | Val Loss: 0.002047
Epoch 113/300 | Train Loss: 0.001255 | Val Loss: 0.001721
Epoch 114/300 | Train Loss: 0.001136 | Val Loss: 0.001919
Epoch 115/300 | Train Loss: 0.001156 | Val Loss: 0.002068
Epoch 116/300 | Train Loss: 0.001243 | Val Loss: 0.003855
Epoch 117/300 | Train Loss: 0.001349 | Val Loss: 0.001633
Epoch 118/300 | Train Loss: 0.001017 | Val Loss: 0.002115
Epoch 119/300 | Train Loss: 0.000998 | Val Loss: 0.001960
Epoch 120/300 | Train Loss: 0.001222 | Val Loss: 0.002159
Epoch 121/300 | Train Loss: 0.001061 | Val Loss: 0.001848
Epoch 122/300 | Train Loss: 0.001099 | Val Loss: 0.001853
Epoch 123/300 | Train Loss: 0.000997 | Val Loss: 0.001783
Epoch 124/300 | Train Loss: 0.001007 | Val Loss: 0.001693
Epoch 125/300 | Train Loss: 0.001018 | Val Loss: 0.002043
Epoch 126/300 | Train Loss: 0.001188 | Val Loss: 0.001708
Epoch 127/300 | Train Loss: 0.000917 | Val Loss: 0.001835
Epoch 128/300 | Train Loss: 0.001011 | Val Loss: 0.002099
Epoch 129/300 | Train Loss: 0.001138 | Val Loss: 0.001671
Epoch 130/300 | Train Loss: 0.000932 | Val Loss: 0.001822
Epoch 131/300 | Train Loss: 0.001184 | Val Loss: 0.001869
Epoch 132/300 | Train Loss: 0.000978 | Val Loss: 0.002024
Epoch 133/300 | Train Loss: 0.000997 | Val Loss: 0.002026
Epoch 134/300 | Train Loss: 0.000968 | Val Loss: 0.001678
Epoch 135/300 | Train Loss: 0.000852 | Val Loss: 0.001899
Epoch 136/300 | Train Loss: 0.000873 | Val Loss: 0.001562
Epoch 137/300 | Train Loss: 0.000929 | Val Loss: 0.001813
Epoch 138/300 | Train Loss: 0.001046 | Val Loss: 0.001852
Epoch 139/300 | Train Loss: 0.000878 | Val Loss: 0.001895
Epoch 140/300 | Train Loss: 0.001146 | Val Loss: 0.001739
Epoch 141/300 | Train Loss: 0.000825 | Val Loss: 0.001676
Epoch 142/300 | Train Loss: 0.000968 | Val Loss: 0.001895
Epoch 143/300 | Train Loss: 0.000813 | Val Loss: 0.001538
Epoch 144/300 | Train Loss: 0.000916 | Val Loss: 0.001832
Epoch 145/300 | Train Loss: 0.000982 | Val Loss: 0.001502
Epoch 146/300 | Train Loss: 0.000896 | Val Loss: 0.001452
Epoch 147/300 | Train Loss: 0.000805 | Val Loss: 0.001782
Epoch 148/300 | Train Loss: 0.000890 | Val Loss: 0.001723
Epoch 149/300 | Train Loss: 0.000776 | Val Loss: 0.001419
Epoch 150/300 | Train Loss: 0.000913 | Val Loss: 0.001850
Epoch 151/300 | Train Loss: 0.000795 | Val Loss: 0.001857
Epoch 152/300 | Train Loss: 0.000817 | Val Loss: 0.001417
Epoch 153/300 | Train Loss: 0.000729 | Val Loss: 0.001866
Epoch 154/300 | Train Loss: 0.000748 | Val Loss: 0.001464
Epoch 155/300 | Train Loss: 0.000878 | Val Loss: 0.002170
Epoch 156/300 | Train Loss: 0.000803 | Val Loss: 0.001718
Epoch 157/300 | Train Loss: 0.000926 | Val Loss: 0.001940
Epoch 158/300 | Train Loss: 0.000737 | Val Loss: 0.001552
Epoch 159/300 | Train Loss: 0.000689 | Val Loss: 0.002034
Epoch 160/300 | Train Loss: 0.000870 | Val Loss: 0.001941
Epoch 161/300 | Train Loss: 0.000769 | Val Loss: 0.001639
Epoch 162/300 | Train Loss: 0.000715 | Val Loss: 0.001656
Epoch 163/300 | Train Loss: 0.000714 | Val Loss: 0.001567
Epoch 164/300 | Train Loss: 0.000723 | Val Loss: 0.002300
Epoch 165/300 | Train Loss: 0.000772 | Val Loss: 0.001754
Epoch 166/300 | Train Loss: 0.000676 | Val Loss: 0.001605
Epoch 167/300 | Train Loss: 0.000658 | Val Loss: 0.001933
Epoch 168/300 | Train Loss: 0.000885 | Val Loss: 0.001606
Epoch 169/300 | Train Loss: 0.000697 | Val Loss: 0.001474
Epoch 170/300 | Train Loss: 0.000600 | Val Loss: 0.002428
Epoch 171/300 | Train Loss: 0.000624 | Val Loss: 0.001602
Epoch 172/300 | Train Loss: 0.000704 | Val Loss: 0.001669
Epoch 173/300 | Train Loss: 0.000791 | Val Loss: 0.001788
Epoch 174/300 | Train Loss: 0.000673 | Val Loss: 0.001462
Epoch 175/300 | Train Loss: 0.000609 | Val Loss: 0.001424
Epoch 176/300 | Train Loss: 0.000633 | Val Loss: 0.001631
Epoch 177/300 | Train Loss: 0.000656 | Val Loss: 0.001516
Epoch 178/300 | Train Loss: 0.000679 | Val Loss: 0.002021
Epoch 179/300 | Train Loss: 0.000675 | Val Loss: 0.001703
Epoch 180/300 | Train Loss: 0.000656 | Val Loss: 0.001633
Epoch 181/300 | Train Loss: 0.000666 | Val Loss: 0.001406
Epoch 182/300 | Train Loss: 0.000597 | Val Loss: 0.001518
Epoch 183/300 | Train Loss: 0.000522 | Val Loss: 0.001335
Epoch 184/300 | Train Loss: 0.000593 | Val Loss: 0.001356
Epoch 185/300 | Train Loss: 0.000675 | Val Loss: 0.002709
Epoch 186/300 | Train Loss: 0.000826 | Val Loss: 0.001436
Epoch 187/300 | Train Loss: 0.000538 | Val Loss: 0.001388
Epoch 188/300 | Train Loss: 0.000618 | Val Loss: 0.001529
Epoch 189/300 | Train Loss: 0.000567 | Val Loss: 0.001638
Epoch 190/300 | Train Loss: 0.000530 | Val Loss: 0.001386
Epoch 191/300 | Train Loss: 0.000641 | Val Loss: 0.001245
Epoch 192/300 | Train Loss: 0.000557 | Val Loss: 0.001380
Epoch 193/300 | Train Loss: 0.000564 | Val Loss: 0.001549
Epoch 194/300 | Train Loss: 0.000653 | Val Loss: 0.002061
Epoch 195/300 | Train Loss: 0.000608 | Val Loss: 0.001288
Epoch 196/300 | Train Loss: 0.000533 | Val Loss: 0.001525
Epoch 197/300 | Train Loss: 0.000710 | Val Loss: 0.001335
Epoch 198/300 | Train Loss: 0.000480 | Val Loss: 0.001302
Epoch 199/300 | Train Loss: 0.000659 | Val Loss: 0.001426
Epoch 200/300 | Train Loss: 0.000486 | Val Loss: 0.001540
Epoch 201/300 | Train Loss: 0.000543 | Val Loss: 0.001352
Epoch 202/300 | Train Loss: 0.000503 | Val Loss: 0.001361
Epoch 203/300 | Train Loss: 0.000497 | Val Loss: 0.001391
Epoch 204/300 | Train Loss: 0.000672 | Val Loss: 0.001335
Epoch 205/300 | Train Loss: 0.000627 | Val Loss: 0.001365
Epoch 206/300 | Train Loss: 0.000478 | Val Loss: 0.001188
Epoch 207/300 | Train Loss: 0.000460 | Val Loss: 0.001304
Epoch 208/300 | Train Loss: 0.000443 | Val Loss: 0.001360
Epoch 209/300 | Train Loss: 0.000514 | Val Loss: 0.001573
Epoch 210/300 | Train Loss: 0.000503 | Val Loss: 0.001351
Epoch 211/300 | Train Loss: 0.000669 | Val Loss: 0.001505
Epoch 212/300 | Train Loss: 0.000451 | Val Loss: 0.001187
Epoch 213/300 | Train Loss: 0.000411 | Val Loss: 0.001387
Epoch 214/300 | Train Loss: 0.000567 | Val Loss: 0.001270
Epoch 215/300 | Train Loss: 0.000748 | Val Loss: 0.001393
Epoch 216/300 | Train Loss: 0.000490 | Val Loss: 0.001206
Epoch 217/300 | Train Loss: 0.000492 | Val Loss: 0.001326
Epoch 218/300 | Train Loss: 0.000414 | Val Loss: 0.001322
Epoch 219/300 | Train Loss: 0.000573 | Val Loss: 0.001657
Epoch 220/300 | Train Loss: 0.000421 | Val Loss: 0.001334
Epoch 221/300 | Train Loss: 0.000412 | Val Loss: 0.001505
Epoch 222/300 | Train Loss: 0.000520 | Val Loss: 0.001557
Epoch 223/300 | Train Loss: 0.000658 | Val Loss: 0.001253
Epoch 224/300 | Train Loss: 0.000422 | Val Loss: 0.001257
Epoch 225/300 | Train Loss: 0.000476 | Val Loss: 0.001316
Epoch 226/300 | Train Loss: 0.000437 | Val Loss: 0.001530
Epoch 227/300 | Train Loss: 0.000618 | Val Loss: 0.001795
Epoch 228/300 | Train Loss: 0.000581 | Val Loss: 0.001264
Epoch 229/300 | Train Loss: 0.000437 | Val Loss: 0.001122
Epoch 230/300 | Train Loss: 0.000376 | Val Loss: 0.001092
Epoch 231/300 | Train Loss: 0.000616 | Val Loss: 0.001148
Epoch 232/300 | Train Loss: 0.000387 | Val Loss: 0.001258
Epoch 233/300 | Train Loss: 0.000387 | Val Loss: 0.001110
Epoch 234/300 | Train Loss: 0.000414 | Val Loss: 0.001440
Epoch 235/300 | Train Loss: 0.000573 | Val Loss: 0.001276
Epoch 236/300 | Train Loss: 0.000435 | Val Loss: 0.001297
Epoch 237/300 | Train Loss: 0.000449 | Val Loss: 0.001177
Epoch 238/300 | Train Loss: 0.000562 | Val Loss: 0.001220
Epoch 239/300 | Train Loss: 0.000412 | Val Loss: 0.001384
Epoch 240/300 | Train Loss: 0.000396 | Val Loss: 0.001351
Epoch 241/300 | Train Loss: 0.000489 | Val Loss: 0.001618
Epoch 242/300 | Train Loss: 0.000567 | Val Loss: 0.001210
Epoch 243/300 | Train Loss: 0.000342 | Val Loss: 0.001266
Epoch 244/300 | Train Loss: 0.000366 | Val Loss: 0.001208
Epoch 245/300 | Train Loss: 0.000415 | Val Loss: 0.001151
Epoch 246/300 | Train Loss: 0.000372 | Val Loss: 0.001042
Epoch 247/300 | Train Loss: 0.000366 | Val Loss: 0.001343
Epoch 248/300 | Train Loss: 0.000685 | Val Loss: 0.001218
Epoch 249/300 | Train Loss: 0.000354 | Val Loss: 0.001034
Epoch 250/300 | Train Loss: 0.000432 | Val Loss: 0.001102
Epoch 251/300 | Train Loss: 0.000458 | Val Loss: 0.001177
Epoch 252/300 | Train Loss: 0.000317 | Val Loss: 0.001048
Epoch 253/300 | Train Loss: 0.000376 | Val Loss: 0.001201
Epoch 254/300 | Train Loss: 0.000433 | Val Loss: 0.001164
Epoch 255/300 | Train Loss: 0.000406 | Val Loss: 0.001084
Epoch 256/300 | Train Loss: 0.000487 | Val Loss: 0.001325
Epoch 257/300 | Train Loss: 0.000443 | Val Loss: 0.001423
Epoch 258/300 | Train Loss: 0.000481 | Val Loss: 0.001190
Epoch 259/300 | Train Loss: 0.000324 | Val Loss: 0.001147
Epoch 260/300 | Train Loss: 0.000375 | Val Loss: 0.001045
Epoch 261/300 | Train Loss: 0.000424 | Val Loss: 0.001078
Epoch 262/300 | Train Loss: 0.000310 | Val Loss: 0.001014
Epoch 263/300 | Train Loss: 0.000355 | Val Loss: 0.001096
Epoch 264/300 | Train Loss: 0.000403 | Val Loss: 0.001069
Epoch 265/300 | Train Loss: 0.000350 | Val Loss: 0.001164
Epoch 266/300 | Train Loss: 0.000345 | Val Loss: 0.001471
Epoch 267/300 | Train Loss: 0.000592 | Val Loss: 0.001396
Epoch 268/300 | Train Loss: 0.000377 | Val Loss: 0.001479
Epoch 269/300 | Train Loss: 0.000413 | Val Loss: 0.001772
Epoch 270/300 | Train Loss: 0.000454 | Val Loss: 0.001137
Epoch 271/300 | Train Loss: 0.000316 | Val Loss: 0.001013
Epoch 272/300 | Train Loss: 0.000410 | Val Loss: 0.001063
Epoch 273/300 | Train Loss: 0.000329 | Val Loss: 0.001357
Epoch 274/300 | Train Loss: 0.000342 | Val Loss: 0.001007
Epoch 275/300 | Train Loss: 0.000286 | Val Loss: 0.001072
Epoch 276/300 | Train Loss: 0.000429 | Val Loss: 0.001272
Epoch 277/300 | Train Loss: 0.000435 | Val Loss: 0.001065
Epoch 278/300 | Train Loss: 0.000295 | Val Loss: 0.000982
Epoch 279/300 | Train Loss: 0.000280 | Val Loss: 0.001029
Epoch 280/300 | Train Loss: 0.000305 | Val Loss: 0.001027
Epoch 281/300 | Train Loss: 0.000408 | Val Loss: 0.001129
Epoch 282/300 | Train Loss: 0.000607 | Val Loss: 0.001249
Epoch 283/300 | Train Loss: 0.000399 | Val Loss: 0.001035
Epoch 284/300 | Train Loss: 0.000270 | Val Loss: 0.001024
Epoch 285/300 | Train Loss: 0.000288 | Val Loss: 0.001009
Epoch 286/300 | Train Loss: 0.000290 | Val Loss: 0.000948
Epoch 287/300 | Train Loss: 0.000314 | Val Loss: 0.001092
Epoch 288/300 | Train Loss: 0.000284 | Val Loss: 0.001004
Epoch 289/300 | Train Loss: 0.000327 | Val Loss: 0.001313
Epoch 290/300 | Train Loss: 0.000322 | Val Loss: 0.001068
Epoch 291/300 | Train Loss: 0.000269 | Val Loss: 0.001017
Epoch 292/300 | Train Loss: 0.000367 | Val Loss: 0.001125
Epoch 293/300 | Train Loss: 0.000320 | Val Loss: 0.001003
Epoch 294/300 | Train Loss: 0.000277 | Val Loss: 0.001084
Epoch 295/300 | Train Loss: 0.000463 | Val Loss: 0.001139
Epoch 296/300 | Train Loss: 0.000303 | Val Loss: 0.001027
Epoch 297/300 | Train Loss: 0.000292 | Val Loss: 0.001360
Epoch 298/300 | Train Loss: 0.000301 | Val Loss: 0.001174
Epoch 299/300 | Train Loss: 0.000308 | Val Loss: 0.000952
Epoch 300/300 | Train Loss: 0.000282 | Val Loss: 0.001002
Test Loss: 0.000925
Done with test2
Starting training for TPTrans with the following parameters:
	k - 1500
	epochs - 300
	DS: Max timediff in seq - 15
	DS: Total window size - 540
	DS: Prediction window size - 180
	DS: Stride - 15
	Training: Batch size - 32
	Training: Learning rate - 0.0001

Total dataset size: 49917
Using cuda...
Epoch 1/300 | Train Loss: 0.194304 | Val Loss: 0.037803
Epoch 2/300 | Train Loss: 0.041474 | Val Loss: 0.027225
Epoch 3/300 | Train Loss: 0.034107 | Val Loss: 0.022404
Epoch 4/300 | Train Loss: 0.031656 | Val Loss: 0.025836
Epoch 5/300 | Train Loss: 0.026783 | Val Loss: 0.020003
Epoch 6/300 | Train Loss: 0.024304 | Val Loss: 0.017640
Epoch 7/300 | Train Loss: 0.023123 | Val Loss: 0.018567
Epoch 8/300 | Train Loss: 0.021708 | Val Loss: 0.020611
Epoch 9/300 | Train Loss: 0.019940 | Val Loss: 0.022295
Epoch 10/300 | Train Loss: 0.019013 | Val Loss: 0.021137
Epoch 11/300 | Train Loss: 0.018684 | Val Loss: 0.018165
Epoch 12/300 | Train Loss: 0.016774 | Val Loss: 0.014917
Epoch 13/300 | Train Loss: 0.016534 | Val Loss: 0.018381
Epoch 14/300 | Train Loss: 0.015500 | Val Loss: 0.018440
Epoch 15/300 | Train Loss: 0.015458 | Val Loss: 0.013567
Epoch 16/300 | Train Loss: 0.014105 | Val Loss: 0.017112
Epoch 17/300 | Train Loss: 0.014865 | Val Loss: 0.014461
Epoch 18/300 | Train Loss: 0.013647 | Val Loss: 0.017642
Epoch 19/300 | Train Loss: 0.012311 | Val Loss: 0.013711
Epoch 20/300 | Train Loss: 0.011954 | Val Loss: 0.013490
Epoch 21/300 | Train Loss: 0.011674 | Val Loss: 0.009417
Epoch 22/300 | Train Loss: 0.010882 | Val Loss: 0.010391
Epoch 23/300 | Train Loss: 0.010265 | Val Loss: 0.017460
Epoch 24/300 | Train Loss: 0.009816 | Val Loss: 0.012003
Epoch 25/300 | Train Loss: 0.009553 | Val Loss: 0.009627
Epoch 26/300 | Train Loss: 0.008882 | Val Loss: 0.008991
Epoch 27/300 | Train Loss: 0.009055 | Val Loss: 0.013302
Epoch 28/300 | Train Loss: 0.008508 | Val Loss: 0.008123
Epoch 29/300 | Train Loss: 0.008374 | Val Loss: 0.007714
Epoch 30/300 | Train Loss: 0.008078 | Val Loss: 0.008986
Epoch 31/300 | Train Loss: 0.007670 | Val Loss: 0.006515
Epoch 32/300 | Train Loss: 0.007539 | Val Loss: 0.008369
Epoch 33/300 | Train Loss: 0.007128 | Val Loss: 0.007882
Epoch 34/300 | Train Loss: 0.007042 | Val Loss: 0.007754
Epoch 35/300 | Train Loss: 0.006952 | Val Loss: 0.007102
Epoch 36/300 | Train Loss: 0.006732 | Val Loss: 0.007698
Epoch 37/300 | Train Loss: 0.006552 | Val Loss: 0.006439
Epoch 38/300 | Train Loss: 0.005915 | Val Loss: 0.007533
Epoch 39/300 | Train Loss: 0.006020 | Val Loss: 0.007562
Epoch 40/300 | Train Loss: 0.006116 | Val Loss: 0.006592
Epoch 41/300 | Train Loss: 0.005329 | Val Loss: 0.006204
Epoch 42/300 | Train Loss: 0.005750 | Val Loss: 0.008256
Epoch 43/300 | Train Loss: 0.005505 | Val Loss: 0.006031
Epoch 44/300 | Train Loss: 0.005558 | Val Loss: 0.006493
Epoch 45/300 | Train Loss: 0.005280 | Val Loss: 0.006533
Epoch 46/300 | Train Loss: 0.005124 | Val Loss: 0.006860
Epoch 47/300 | Train Loss: 0.004729 | Val Loss: 0.006651
Epoch 48/300 | Train Loss: 0.004967 | Val Loss: 0.006781
Epoch 49/300 | Train Loss: 0.005027 | Val Loss: 0.005489
Epoch 50/300 | Train Loss: 0.004909 | Val Loss: 0.005094
Epoch 51/300 | Train Loss: 0.004612 | Val Loss: 0.006402
Epoch 52/300 | Train Loss: 0.004662 | Val Loss: 0.007259
Epoch 53/300 | Train Loss: 0.004554 | Val Loss: 0.005514
Epoch 54/300 | Train Loss: 0.004443 | Val Loss: 0.005406
Epoch 55/300 | Train Loss: 0.004180 | Val Loss: 0.005520
Epoch 56/300 | Train Loss: 0.004184 | Val Loss: 0.004774
Epoch 57/300 | Train Loss: 0.004029 | Val Loss: 0.004361
Epoch 58/300 | Train Loss: 0.004178 | Val Loss: 0.004816
Epoch 59/300 | Train Loss: 0.003958 | Val Loss: 0.005355
Epoch 60/300 | Train Loss: 0.003881 | Val Loss: 0.004449
Epoch 61/300 | Train Loss: 0.003857 | Val Loss: 0.004733
Epoch 62/300 | Train Loss: 0.003876 | Val Loss: 0.004393
Epoch 63/300 | Train Loss: 0.003696 | Val Loss: 0.005171
Epoch 64/300 | Train Loss: 0.003742 | Val Loss: 0.005202
Epoch 65/300 | Train Loss: 0.003892 | Val Loss: 0.004254
Epoch 66/300 | Train Loss: 0.003738 | Val Loss: 0.004688
Epoch 67/300 | Train Loss: 0.003531 | Val Loss: 0.004458
Epoch 68/300 | Train Loss: 0.003233 | Val Loss: 0.004698
Epoch 69/300 | Train Loss: 0.003268 | Val Loss: 0.004172
Epoch 70/300 | Train Loss: 0.003536 | Val Loss: 0.005438
Epoch 71/300 | Train Loss: 0.003403 | Val Loss: 0.004399
Epoch 72/300 | Train Loss: 0.003179 | Val Loss: 0.004050
Epoch 73/300 | Train Loss: 0.003035 | Val Loss: 0.003441
Epoch 74/300 | Train Loss: 0.003169 | Val Loss: 0.003836
Epoch 75/300 | Train Loss: 0.003289 | Val Loss: 0.004148
Epoch 76/300 | Train Loss: 0.002953 | Val Loss: 0.003790
Epoch 77/300 | Train Loss: 0.003042 | Val Loss: 0.004183
Epoch 78/300 | Train Loss: 0.003112 | Val Loss: 0.003783
Epoch 79/300 | Train Loss: 0.002957 | Val Loss: 0.003598
Epoch 80/300 | Train Loss: 0.002916 | Val Loss: 0.003657
Epoch 81/300 | Train Loss: 0.002730 | Val Loss: 0.003748
Epoch 82/300 | Train Loss: 0.002594 | Val Loss: 0.004484
Epoch 83/300 | Train Loss: 0.003080 | Val Loss: 0.004531
Epoch 84/300 | Train Loss: 0.002917 | Val Loss: 0.003640
Epoch 85/300 | Train Loss: 0.002435 | Val Loss: 0.003564
Epoch 86/300 | Train Loss: 0.002653 | Val Loss: 0.004324
Epoch 87/300 | Train Loss: 0.002713 | Val Loss: 0.003159
Epoch 88/300 | Train Loss: 0.002857 | Val Loss: 0.003307
Epoch 89/300 | Train Loss: 0.002424 | Val Loss: 0.003697
Epoch 90/300 | Train Loss: 0.002520 | Val Loss: 0.004150
Epoch 91/300 | Train Loss: 0.002574 | Val Loss: 0.003518
Epoch 92/300 | Train Loss: 0.002553 | Val Loss: 0.004350
Epoch 93/300 | Train Loss: 0.003072 | Val Loss: 0.003709
Epoch 94/300 | Train Loss: 0.002254 | Val Loss: 0.003520
Epoch 95/300 | Train Loss: 0.002360 | Val Loss: 0.003207
Epoch 96/300 | Train Loss: 0.002599 | Val Loss: 0.003349
Epoch 97/300 | Train Loss: 0.002127 | Val Loss: 0.003233
Epoch 98/300 | Train Loss: 0.002176 | Val Loss: 0.003376
Epoch 99/300 | Train Loss: 0.002462 | Val Loss: 0.003700
Epoch 100/300 | Train Loss: 0.002374 | Val Loss: 0.003165
Epoch 101/300 | Train Loss: 0.002329 | Val Loss: 0.003728
Epoch 102/300 | Train Loss: 0.002242 | Val Loss: 0.003003
Epoch 103/300 | Train Loss: 0.002129 | Val Loss: 0.003446
Epoch 104/300 | Train Loss: 0.002348 | Val Loss: 0.003152
Epoch 105/300 | Train Loss: 0.002019 | Val Loss: 0.002618
Epoch 106/300 | Train Loss: 0.001961 | Val Loss: 0.002880
Epoch 107/300 | Train Loss: 0.002046 | Val Loss: 0.004196
Epoch 108/300 | Train Loss: 0.002218 | Val Loss: 0.003327
Epoch 109/300 | Train Loss: 0.002188 | Val Loss: 0.003301
Epoch 110/300 | Train Loss: 0.002059 | Val Loss: 0.004300
Epoch 111/300 | Train Loss: 0.002131 | Val Loss: 0.003523
Epoch 112/300 | Train Loss: 0.002142 | Val Loss: 0.002932
Epoch 113/300 | Train Loss: 0.002194 | Val Loss: 0.004325
Epoch 114/300 | Train Loss: 0.002174 | Val Loss: 0.002568
Epoch 115/300 | Train Loss: 0.001788 | Val Loss: 0.003929
Epoch 116/300 | Train Loss: 0.002154 | Val Loss: 0.003038
Epoch 117/300 | Train Loss: 0.001787 | Val Loss: 0.002869
Epoch 118/300 | Train Loss: 0.002003 | Val Loss: 0.002656
Epoch 119/300 | Train Loss: 0.001733 | Val Loss: 0.002939
Epoch 120/300 | Train Loss: 0.001715 | Val Loss: 0.002447
Epoch 121/300 | Train Loss: 0.001811 | Val Loss: 0.003032
Epoch 122/300 | Train Loss: 0.002026 | Val Loss: 0.002787
Epoch 123/300 | Train Loss: 0.001713 | Val Loss: 0.003361
Epoch 124/300 | Train Loss: 0.001826 | Val Loss: 0.002926
Epoch 125/300 | Train Loss: 0.001778 | Val Loss: 0.003369
Epoch 126/300 | Train Loss: 0.001588 | Val Loss: 0.002802
Epoch 127/300 | Train Loss: 0.001617 | Val Loss: 0.002916
Epoch 128/300 | Train Loss: 0.001964 | Val Loss: 0.002521
Epoch 129/300 | Train Loss: 0.001793 | Val Loss: 0.003018
Epoch 130/300 | Train Loss: 0.001667 | Val Loss: 0.002617
Epoch 131/300 | Train Loss: 0.001869 | Val Loss: 0.002737
Epoch 132/300 | Train Loss: 0.001458 | Val Loss: 0.002353
Epoch 133/300 | Train Loss: 0.001690 | Val Loss: 0.003299
Epoch 134/300 | Train Loss: 0.001540 | Val Loss: 0.002734
Epoch 135/300 | Train Loss: 0.001428 | Val Loss: 0.002268
Epoch 136/300 | Train Loss: 0.001771 | Val Loss: 0.002503
Epoch 137/300 | Train Loss: 0.001880 | Val Loss: 0.003118
Epoch 138/300 | Train Loss: 0.001616 | Val Loss: 0.002771
Epoch 139/300 | Train Loss: 0.001366 | Val Loss: 0.002213
Epoch 140/300 | Train Loss: 0.001619 | Val Loss: 0.002593
Epoch 141/300 | Train Loss: 0.001624 | Val Loss: 0.002492
Epoch 142/300 | Train Loss: 0.001292 | Val Loss: 0.002384
Epoch 143/300 | Train Loss: 0.001860 | Val Loss: 0.002809
Epoch 144/300 | Train Loss: 0.001545 | Val Loss: 0.002422
Epoch 145/300 | Train Loss: 0.001408 | Val Loss: 0.002135
Epoch 146/300 | Train Loss: 0.001324 | Val Loss: 0.002516
Epoch 147/300 | Train Loss: 0.001622 | Val Loss: 0.002549
Epoch 148/300 | Train Loss: 0.001290 | Val Loss: 0.002460
Epoch 149/300 | Train Loss: 0.001325 | Val Loss: 0.002174
Epoch 150/300 | Train Loss: 0.001673 | Val Loss: 0.003292
Epoch 151/300 | Train Loss: 0.001538 | Val Loss: 0.002499
Epoch 152/300 | Train Loss: 0.001401 | Val Loss: 0.002628
Epoch 153/300 | Train Loss: 0.001385 | Val Loss: 0.002663
Epoch 154/300 | Train Loss: 0.001362 | Val Loss: 0.002589
Epoch 155/300 | Train Loss: 0.001465 | Val Loss: 0.003468
Epoch 156/300 | Train Loss: 0.001564 | Val Loss: 0.002276
Epoch 157/300 | Train Loss: 0.001251 | Val Loss: 0.002004
Epoch 158/300 | Train Loss: 0.001147 | Val Loss: 0.002476
Epoch 159/300 | Train Loss: 0.001940 | Val Loss: 0.002700
Epoch 160/300 | Train Loss: 0.001350 | Val Loss: 0.002636
Epoch 161/300 | Train Loss: 0.001728 | Val Loss: 0.002510
Epoch 162/300 | Train Loss: 0.001114 | Val Loss: 0.002583
Epoch 163/300 | Train Loss: 0.001433 | Val Loss: 0.002299
Epoch 164/300 | Train Loss: 0.001086 | Val Loss: 0.002133
Epoch 165/300 | Train Loss: 0.001210 | Val Loss: 0.002351
Epoch 166/300 | Train Loss: 0.001341 | Val Loss: 0.002153
Epoch 167/300 | Train Loss: 0.001050 | Val Loss: 0.002107
Epoch 168/300 | Train Loss: 0.001448 | Val Loss: 0.002532
Epoch 169/300 | Train Loss: 0.001963 | Val Loss: 0.002561
Epoch 170/300 | Train Loss: 0.001146 | Val Loss: 0.001824
Epoch 171/300 | Train Loss: 0.000989 | Val Loss: 0.002392
Epoch 172/300 | Train Loss: 0.001251 | Val Loss: 0.002245
Epoch 173/300 | Train Loss: 0.001232 | Val Loss: 0.002152
Epoch 174/300 | Train Loss: 0.001226 | Val Loss: 0.002054
Epoch 175/300 | Train Loss: 0.001255 | Val Loss: 0.002136
Epoch 176/300 | Train Loss: 0.001006 | Val Loss: 0.001892
Epoch 177/300 | Train Loss: 0.001307 | Val Loss: 0.002449
Epoch 178/300 | Train Loss: 0.001229 | Val Loss: 0.001967
Epoch 179/300 | Train Loss: 0.001098 | Val Loss: 0.003357
Epoch 180/300 | Train Loss: 0.001102 | Val Loss: 0.002043
Epoch 181/300 | Train Loss: 0.000891 | Val Loss: 0.002033
Epoch 182/300 | Train Loss: 0.001164 | Val Loss: 0.002514
Epoch 183/300 | Train Loss: 0.001454 | Val Loss: 0.001828
Epoch 184/300 | Train Loss: 0.000897 | Val Loss: 0.001812
Epoch 185/300 | Train Loss: 0.001090 | Val Loss: 0.002708
Epoch 186/300 | Train Loss: 0.001367 | Val Loss: 0.001937
Epoch 187/300 | Train Loss: 0.001160 | Val Loss: 0.001761
Epoch 188/300 | Train Loss: 0.000782 | Val Loss: 0.001703
Epoch 189/300 | Train Loss: 0.001060 | Val Loss: 0.002760
Epoch 190/300 | Train Loss: 0.001188 | Val Loss: 0.002356
Epoch 191/300 | Train Loss: 0.001357 | Val Loss: 0.001912
Epoch 192/300 | Train Loss: 0.000873 | Val Loss: 0.001789
Epoch 193/300 | Train Loss: 0.001125 | Val Loss: 0.001816
Epoch 194/300 | Train Loss: 0.000874 | Val Loss: 0.001639
Epoch 195/300 | Train Loss: 0.001137 | Val Loss: 0.003737
Epoch 196/300 | Train Loss: 0.001225 | Val Loss: 0.002258
Epoch 197/300 | Train Loss: 0.000993 | Val Loss: 0.001936
Epoch 198/300 | Train Loss: 0.001299 | Val Loss: 0.002092
Epoch 199/300 | Train Loss: 0.001175 | Val Loss: 0.001799
Epoch 200/300 | Train Loss: 0.001178 | Val Loss: 0.001980
Epoch 201/300 | Train Loss: 0.001285 | Val Loss: 0.002118
Epoch 202/300 | Train Loss: 0.001131 | Val Loss: 0.002540
Epoch 203/300 | Train Loss: 0.000917 | Val Loss: 0.002095
Epoch 204/300 | Train Loss: 0.000840 | Val Loss: 0.002068
Epoch 205/300 | Train Loss: 0.001150 | Val Loss: 0.001972
Epoch 206/300 | Train Loss: 0.000943 | Val Loss: 0.002858
Epoch 207/300 | Train Loss: 0.001077 | Val Loss: 0.001937
Epoch 208/300 | Train Loss: 0.000800 | Val Loss: 0.001751
Epoch 209/300 | Train Loss: 0.000935 | Val Loss: 0.002071
Epoch 210/300 | Train Loss: 0.000989 | Val Loss: 0.001876
Epoch 211/300 | Train Loss: 0.000877 | Val Loss: 0.001925
Epoch 212/300 | Train Loss: 0.000790 | Val Loss: 0.001628
Epoch 213/300 | Train Loss: 0.000768 | Val Loss: 0.002029
Epoch 214/300 | Train Loss: 0.000958 | Val Loss: 0.003407
Epoch 215/300 | Train Loss: 0.001879 | Val Loss: 0.002146
Epoch 216/300 | Train Loss: 0.000799 | Val Loss: 0.001818
Epoch 217/300 | Train Loss: 0.001004 | Val Loss: 0.003144
Epoch 218/300 | Train Loss: 0.001448 | Val Loss: 0.002764
Epoch 219/300 | Train Loss: 0.002038 | Val Loss: 0.002736
Epoch 220/300 | Train Loss: 0.001401 | Val Loss: 0.001776
Epoch 221/300 | Train Loss: 0.001016 | Val Loss: 0.003182
Epoch 222/300 | Train Loss: 0.001130 | Val Loss: 0.002221
Epoch 223/300 | Train Loss: 0.000853 | Val Loss: 0.001765
Epoch 224/300 | Train Loss: 0.001567 | Val Loss: 0.001943
Epoch 225/300 | Train Loss: 0.000731 | Val Loss: 0.001749
Epoch 226/300 | Train Loss: 0.000763 | Val Loss: 0.001678
Epoch 227/300 | Train Loss: 0.000927 | Val Loss: 0.002151
Epoch 228/300 | Train Loss: 0.001080 | Val Loss: 0.001941
Epoch 229/300 | Train Loss: 0.001098 | Val Loss: 0.003241
Epoch 230/300 | Train Loss: 0.001226 | Val Loss: 0.001748
Epoch 231/300 | Train Loss: 0.001225 | Val Loss: 0.002049
Epoch 232/300 | Train Loss: 0.001052 | Val Loss: 0.002329
Epoch 233/300 | Train Loss: 0.001063 | Val Loss: 0.002052
Epoch 234/300 | Train Loss: 0.000853 | Val Loss: 0.001776
Epoch 235/300 | Train Loss: 0.000965 | Val Loss: 0.002678
Epoch 236/300 | Train Loss: 0.001034 | Val Loss: 0.001790
Epoch 237/300 | Train Loss: 0.000783 | Val Loss: 0.001903
Epoch 238/300 | Train Loss: 0.001276 | Val Loss: 0.002427
Epoch 239/300 | Train Loss: 0.001187 | Val Loss: 0.002111
Epoch 240/300 | Train Loss: 0.001182 | Val Loss: 0.001765
Epoch 241/300 | Train Loss: 0.000906 | Val Loss: 0.001885
Epoch 242/300 | Train Loss: 0.000648 | Val Loss: 0.001611
Epoch 243/300 | Train Loss: 0.000809 | Val Loss: 0.001986
Epoch 244/300 | Train Loss: 0.001206 | Val Loss: 0.001781
Epoch 245/300 | Train Loss: 0.000859 | Val Loss: 0.001505
Epoch 246/300 | Train Loss: 0.000791 | Val Loss: 0.001894
Epoch 247/300 | Train Loss: 0.000803 | Val Loss: 0.001755
Epoch 248/300 | Train Loss: 0.000945 | Val Loss: 0.002024
Epoch 249/300 | Train Loss: 0.000891 | Val Loss: 0.002081
Epoch 250/300 | Train Loss: 0.000861 | Val Loss: 0.001480
Epoch 251/300 | Train Loss: 0.000672 | Val Loss: 0.002068
Epoch 252/300 | Train Loss: 0.000766 | Val Loss: 0.001658
Epoch 253/300 | Train Loss: 0.001074 | Val Loss: 0.002176
Epoch 254/300 | Train Loss: 0.001355 | Val Loss: 0.002119
Epoch 255/300 | Train Loss: 0.000685 | Val Loss: 0.001874
Epoch 256/300 | Train Loss: 0.000993 | Val Loss: 0.001647
Epoch 257/300 | Train Loss: 0.000953 | Val Loss: 0.002514
Epoch 258/300 | Train Loss: 0.000723 | Val Loss: 0.001565
Epoch 259/300 | Train Loss: 0.000885 | Val Loss: 0.001627
Epoch 260/300 | Train Loss: 0.000830 | Val Loss: 0.001660
Epoch 261/300 | Train Loss: 0.000673 | Val Loss: 0.001702
Epoch 262/300 | Train Loss: 0.001279 | Val Loss: 0.002234
Epoch 263/300 | Train Loss: 0.000957 | Val Loss: 0.001966
Epoch 264/300 | Train Loss: 0.000658 | Val Loss: 0.001771
Epoch 265/300 | Train Loss: 0.000753 | Val Loss: 0.001816
Epoch 266/300 | Train Loss: 0.000832 | Val Loss: 0.001530
Epoch 267/300 | Train Loss: 0.000881 | Val Loss: 0.002026
Epoch 268/300 | Train Loss: 0.000838 | Val Loss: 0.001554
Epoch 269/300 | Train Loss: 0.000975 | Val Loss: 0.001593
Epoch 270/300 | Train Loss: 0.001015 | Val Loss: 0.001927
Epoch 271/300 | Train Loss: 0.000840 | Val Loss: 0.001762
Epoch 272/300 | Train Loss: 0.000628 | Val Loss: 0.001812
Epoch 273/300 | Train Loss: 0.000776 | Val Loss: 0.001528
Epoch 274/300 | Train Loss: 0.000897 | Val Loss: 0.002138
Epoch 275/300 | Train Loss: 0.000817 | Val Loss: 0.001854
Epoch 276/300 | Train Loss: 0.000571 | Val Loss: 0.001434
Epoch 277/300 | Train Loss: 0.000550 | Val Loss: 0.001526
Epoch 278/300 | Train Loss: 0.000773 | Val Loss: 0.001718
Epoch 279/300 | Train Loss: 0.000763 | Val Loss: 0.001638
Epoch 280/300 | Train Loss: 0.000601 | Val Loss: 0.001536
Epoch 281/300 | Train Loss: 0.000764 | Val Loss: 0.001854
Epoch 282/300 | Train Loss: 0.000908 | Val Loss: 0.001734
Epoch 283/300 | Train Loss: 0.000611 | Val Loss: 0.001823
Epoch 284/300 | Train Loss: 0.000627 | Val Loss: 0.001731
Epoch 285/300 | Train Loss: 0.000753 | Val Loss: 0.001568
Epoch 286/300 | Train Loss: 0.000695 | Val Loss: 0.001498
Epoch 287/300 | Train Loss: 0.000810 | Val Loss: 0.001974
Epoch 288/300 | Train Loss: 0.000785 | Val Loss: 0.002547
Epoch 289/300 | Train Loss: 0.000602 | Val Loss: 0.001611
Epoch 290/300 | Train Loss: 0.000606 | Val Loss: 0.001734
Epoch 291/300 | Train Loss: 0.000670 | Val Loss: 0.001386
Epoch 292/300 | Train Loss: 0.000607 | Val Loss: 0.002084
Epoch 293/300 | Train Loss: 0.000963 | Val Loss: 0.001629
Epoch 294/300 | Train Loss: 0.000692 | Val Loss: 0.001716
Epoch 295/300 | Train Loss: 0.000715 | Val Loss: 0.001573
Epoch 296/300 | Train Loss: 0.000469 | Val Loss: 0.001559
Epoch 297/300 | Train Loss: 0.000701 | Val Loss: 0.001747
Epoch 298/300 | Train Loss: 0.000692 | Val Loss: 0.002567
Epoch 299/300 | Train Loss: 0.000854 | Val Loss: 0.001870
Epoch 300/300 | Train Loss: 0.000735 | Val Loss: 0.001696
Test Loss: 0.001583
Done with test3
Starting training for TPTrans with the following parameters:
	k - 2000
	epochs - 300
	DS: Max timediff in seq - 15
	DS: Total window size - 600
	DS: Prediction window size - 240
	DS: Stride - 15
	Training: Batch size - 32
	Training: Learning rate - 0.0001

Total dataset size: 58271
Using cuda...
Epoch 1/300 | Train Loss: 0.306799 | Val Loss: 0.156772
Epoch 2/300 | Train Loss: 0.067831 | Val Loss: 0.048778
Epoch 3/300 | Train Loss: 0.060260 | Val Loss: 0.051345
Epoch 4/300 | Train Loss: 0.051453 | Val Loss: 0.129727
Epoch 5/300 | Train Loss: 0.047059 | Val Loss: 0.034233
Epoch 6/300 | Train Loss: 0.043495 | Val Loss: 0.057406
Epoch 7/300 | Train Loss: 0.040862 | Val Loss: 0.029572
Epoch 8/300 | Train Loss: 0.035153 | Val Loss: 0.056535
Epoch 9/300 | Train Loss: 0.032771 | Val Loss: 0.038384
Epoch 10/300 | Train Loss: 0.031932 | Val Loss: 0.026434
Epoch 11/300 | Train Loss: 0.028038 | Val Loss: 0.025514
Epoch 12/300 | Train Loss: 0.026857 | Val Loss: 0.022656
Epoch 13/300 | Train Loss: 0.024217 | Val Loss: 0.018616
Epoch 14/300 | Train Loss: 0.021730 | Val Loss: 0.021845
Epoch 15/300 | Train Loss: 0.020983 | Val Loss: 0.016217
Epoch 16/300 | Train Loss: 0.019454 | Val Loss: 0.025439
Epoch 17/300 | Train Loss: 0.018290 | Val Loss: 0.013695
Epoch 18/300 | Train Loss: 0.017475 | Val Loss: 0.016504
Epoch 19/300 | Train Loss: 0.016096 | Val Loss: 0.014087
Epoch 20/300 | Train Loss: 0.015527 | Val Loss: 0.018229
Epoch 21/300 | Train Loss: 0.015035 | Val Loss: 0.018063
Epoch 22/300 | Train Loss: 0.014743 | Val Loss: 0.019310
Epoch 23/300 | Train Loss: 0.014422 | Val Loss: 0.018119
Epoch 24/300 | Train Loss: 0.012874 | Val Loss: 0.015961
Epoch 25/300 | Train Loss: 0.012722 | Val Loss: 0.011706
Epoch 26/300 | Train Loss: 0.012471 | Val Loss: 0.010914
Epoch 27/300 | Train Loss: 0.012112 | Val Loss: 0.016526
Epoch 28/300 | Train Loss: 0.012232 | Val Loss: 0.011679
Epoch 29/300 | Train Loss: 0.011000 | Val Loss: 0.011242
Epoch 30/300 | Train Loss: 0.010610 | Val Loss: 0.012003
Epoch 31/300 | Train Loss: 0.010594 | Val Loss: 0.014144
Epoch 32/300 | Train Loss: 0.010961 | Val Loss: 0.010765
Epoch 33/300 | Train Loss: 0.009824 | Val Loss: 0.011407
Epoch 34/300 | Train Loss: 0.009711 | Val Loss: 0.009395
Epoch 35/300 | Train Loss: 0.009531 | Val Loss: 0.010817
Epoch 36/300 | Train Loss: 0.010710 | Val Loss: 0.009940
Epoch 37/300 | Train Loss: 0.008877 | Val Loss: 0.008437
Epoch 38/300 | Train Loss: 0.008663 | Val Loss: 0.008135
Epoch 39/300 | Train Loss: 0.008533 | Val Loss: 0.008390
Epoch 40/300 | Train Loss: 0.008531 | Val Loss: 0.008993
Epoch 41/300 | Train Loss: 0.007813 | Val Loss: 0.008112
Epoch 42/300 | Train Loss: 0.008573 | Val Loss: 0.008713
Epoch 43/300 | Train Loss: 0.008172 | Val Loss: 0.009699
Epoch 44/300 | Train Loss: 0.007441 | Val Loss: 0.010898
Epoch 45/300 | Train Loss: 0.007702 | Val Loss: 0.009513
Epoch 46/300 | Train Loss: 0.006963 | Val Loss: 0.007897
Epoch 47/300 | Train Loss: 0.006828 | Val Loss: 0.007255
Epoch 48/300 | Train Loss: 0.006903 | Val Loss: 0.007567
Epoch 49/300 | Train Loss: 0.007185 | Val Loss: 0.010153
Epoch 50/300 | Train Loss: 0.006488 | Val Loss: 0.008332
Epoch 51/300 | Train Loss: 0.006577 | Val Loss: 0.007452
Epoch 52/300 | Train Loss: 0.006426 | Val Loss: 0.007048
Epoch 53/300 | Train Loss: 0.006150 | Val Loss: 0.006827
Epoch 54/300 | Train Loss: 0.006206 | Val Loss: 0.007673
Epoch 55/300 | Train Loss: 0.006067 | Val Loss: 0.006155
Epoch 56/300 | Train Loss: 0.006590 | Val Loss: 0.006639
Epoch 57/300 | Train Loss: 0.005613 | Val Loss: 0.006259
Epoch 58/300 | Train Loss: 0.006299 | Val Loss: 0.007334
Epoch 59/300 | Train Loss: 0.005440 | Val Loss: 0.006520
Epoch 60/300 | Train Loss: 0.005711 | Val Loss: 0.007027
Epoch 61/300 | Train Loss: 0.005569 | Val Loss: 0.006824
Epoch 62/300 | Train Loss: 0.005608 | Val Loss: 0.006082
Epoch 63/300 | Train Loss: 0.005596 | Val Loss: 0.006450
Epoch 64/300 | Train Loss: 0.005254 | Val Loss: 0.005959
Epoch 65/300 | Train Loss: 0.005866 | Val Loss: 0.007185
Epoch 66/300 | Train Loss: 0.004858 | Val Loss: 0.006354
Epoch 67/300 | Train Loss: 0.004747 | Val Loss: 0.006090
Epoch 68/300 | Train Loss: 0.004854 | Val Loss: 0.005639
Epoch 69/300 | Train Loss: 0.004928 | Val Loss: 0.006656
Epoch 70/300 | Train Loss: 0.004599 | Val Loss: 0.006975
Epoch 71/300 | Train Loss: 0.005087 | Val Loss: 0.005345
Epoch 72/300 | Train Loss: 0.004280 | Val Loss: 0.007762
Epoch 73/300 | Train Loss: 0.004535 | Val Loss: 0.005435
Epoch 74/300 | Train Loss: 0.004110 | Val Loss: 0.008440
Epoch 75/300 | Train Loss: 0.004550 | Val Loss: 0.005077
Epoch 76/300 | Train Loss: 0.004078 | Val Loss: 0.005330
Epoch 77/300 | Train Loss: 0.004360 | Val Loss: 0.005946
Epoch 78/300 | Train Loss: 0.004744 | Val Loss: 0.005474
Epoch 79/300 | Train Loss: 0.003973 | Val Loss: 0.005252
Epoch 80/300 | Train Loss: 0.003974 | Val Loss: 0.004556
Epoch 81/300 | Train Loss: 0.004112 | Val Loss: 0.005072
Epoch 82/300 | Train Loss: 0.004275 | Val Loss: 0.005504
Epoch 83/300 | Train Loss: 0.004048 | Val Loss: 0.004403
Epoch 84/300 | Train Loss: 0.004189 | Val Loss: 0.006464
Epoch 85/300 | Train Loss: 0.003699 | Val Loss: 0.006547
Epoch 86/300 | Train Loss: 0.004205 | Val Loss: 0.007777
Epoch 87/300 | Train Loss: 0.004942 | Val Loss: 0.005041
Epoch 88/300 | Train Loss: 0.003658 | Val Loss: 0.005010
Epoch 89/300 | Train Loss: 0.003366 | Val Loss: 0.005114
Epoch 90/300 | Train Loss: 0.004318 | Val Loss: 0.004821
Epoch 91/300 | Train Loss: 0.003150 | Val Loss: 0.004612
Epoch 92/300 | Train Loss: 0.003554 | Val Loss: 0.005725
Epoch 93/300 | Train Loss: 0.003400 | Val Loss: 0.004448
Epoch 94/300 | Train Loss: 0.003386 | Val Loss: 0.006021
Epoch 95/300 | Train Loss: 0.003453 | Val Loss: 0.004832
Epoch 96/300 | Train Loss: 0.005020 | Val Loss: 0.006033
Epoch 97/300 | Train Loss: 0.003431 | Val Loss: 0.004650
Epoch 98/300 | Train Loss: 0.002965 | Val Loss: 0.004688
Epoch 99/300 | Train Loss: 0.003456 | Val Loss: 0.005335
Epoch 100/300 | Train Loss: 0.003571 | Val Loss: 0.005241
Epoch 101/300 | Train Loss: 0.003338 | Val Loss: 0.004121
Epoch 102/300 | Train Loss: 0.003310 | Val Loss: 0.005402
Epoch 103/300 | Train Loss: 0.003327 | Val Loss: 0.004489
Epoch 104/300 | Train Loss: 0.003251 | Val Loss: 0.004933
Epoch 105/300 | Train Loss: 0.003515 | Val Loss: 0.004053
Epoch 106/300 | Train Loss: 0.003132 | Val Loss: 0.006505
Epoch 107/300 | Train Loss: 0.002851 | Val Loss: 0.003637
Epoch 108/300 | Train Loss: 0.003004 | Val Loss: 0.004940
Epoch 109/300 | Train Loss: 0.003073 | Val Loss: 0.005466
Epoch 110/300 | Train Loss: 0.003006 | Val Loss: 0.004007
Epoch 111/300 | Train Loss: 0.002895 | Val Loss: 0.004858
Epoch 112/300 | Train Loss: 0.003099 | Val Loss: 0.003721
Epoch 113/300 | Train Loss: 0.003024 | Val Loss: 0.004339
Epoch 114/300 | Train Loss: 0.002397 | Val Loss: 0.003610
Epoch 115/300 | Train Loss: 0.002584 | Val Loss: 0.004701
Epoch 116/300 | Train Loss: 0.003545 | Val Loss: 0.003523
Epoch 117/300 | Train Loss: 0.002425 | Val Loss: 0.003964
Epoch 118/300 | Train Loss: 0.002779 | Val Loss: 0.004023
Epoch 119/300 | Train Loss: 0.002643 | Val Loss: 0.003553
Epoch 120/300 | Train Loss: 0.002399 | Val Loss: 0.003551
Epoch 121/300 | Train Loss: 0.003194 | Val Loss: 0.004057
Epoch 122/300 | Train Loss: 0.002650 | Val Loss: 0.003728
Epoch 123/300 | Train Loss: 0.002602 | Val Loss: 0.004151
Epoch 124/300 | Train Loss: 0.002394 | Val Loss: 0.003801
Epoch 125/300 | Train Loss: 0.002687 | Val Loss: 0.004062
Epoch 126/300 | Train Loss: 0.002731 | Val Loss: 0.005525
Epoch 127/300 | Train Loss: 0.002658 | Val Loss: 0.003390
Epoch 128/300 | Train Loss: 0.002449 | Val Loss: 0.003261
Epoch 129/300 | Train Loss: 0.002400 | Val Loss: 0.003558
Epoch 130/300 | Train Loss: 0.002255 | Val Loss: 0.003505
Epoch 131/300 | Train Loss: 0.002035 | Val Loss: 0.005534
Epoch 132/300 | Train Loss: 0.002256 | Val Loss: 0.005264
Epoch 133/300 | Train Loss: 0.003335 | Val Loss: 0.003802
Epoch 134/300 | Train Loss: 0.001863 | Val Loss: 0.002698
Epoch 135/300 | Train Loss: 0.002628 | Val Loss: 0.003405
Epoch 136/300 | Train Loss: 0.002201 | Val Loss: 0.003556
Epoch 137/300 | Train Loss: 0.002557 | Val Loss: 0.003317
Epoch 138/300 | Train Loss: 0.001949 | Val Loss: 0.002809
Epoch 139/300 | Train Loss: 0.002667 | Val Loss: 0.005277
Epoch 140/300 | Train Loss: 0.002247 | Val Loss: 0.003038
Epoch 141/300 | Train Loss: 0.002242 | Val Loss: 0.003474
Epoch 142/300 | Train Loss: 0.002084 | Val Loss: 0.002695
Epoch 143/300 | Train Loss: 0.002457 | Val Loss: 0.003744
Epoch 144/300 | Train Loss: 0.002303 | Val Loss: 0.003806
Epoch 145/300 | Train Loss: 0.002392 | Val Loss: 0.003096
Epoch 146/300 | Train Loss: 0.001723 | Val Loss: 0.003128
Epoch 147/300 | Train Loss: 0.002366 | Val Loss: 0.002771
Epoch 148/300 | Train Loss: 0.002268 | Val Loss: 0.004144
Epoch 149/300 | Train Loss: 0.001807 | Val Loss: 0.003658
Epoch 150/300 | Train Loss: 0.002077 | Val Loss: 0.003189
Epoch 151/300 | Train Loss: 0.002283 | Val Loss: 0.003684
Epoch 152/300 | Train Loss: 0.001989 | Val Loss: 0.003033
Epoch 153/300 | Train Loss: 0.001645 | Val Loss: 0.003089
Epoch 154/300 | Train Loss: 0.002161 | Val Loss: 0.003570
Epoch 155/300 | Train Loss: 0.001864 | Val Loss: 0.003607
Epoch 156/300 | Train Loss: 0.002160 | Val Loss: 0.003232
Epoch 157/300 | Train Loss: 0.001685 | Val Loss: 0.003180
Epoch 158/300 | Train Loss: 0.002095 | Val Loss: 0.003480
Epoch 159/300 | Train Loss: 0.001712 | Val Loss: 0.002726
Epoch 160/300 | Train Loss: 0.001912 | Val Loss: 0.002887
Epoch 161/300 | Train Loss: 0.001992 | Val Loss: 0.002796
Epoch 162/300 | Train Loss: 0.001425 | Val Loss: 0.002831
Epoch 163/300 | Train Loss: 0.002318 | Val Loss: 0.003795
Epoch 164/300 | Train Loss: 0.001865 | Val Loss: 0.002744
Epoch 165/300 | Train Loss: 0.001466 | Val Loss: 0.002444
Epoch 166/300 | Train Loss: 0.001886 | Val Loss: 0.003357
Epoch 167/300 | Train Loss: 0.001566 | Val Loss: 0.006609
Epoch 168/300 | Train Loss: 0.002237 | Val Loss: 0.004180
Epoch 169/300 | Train Loss: 0.002049 | Val Loss: 0.003119
Epoch 170/300 | Train Loss: 0.001515 | Val Loss: 0.002391
Epoch 171/300 | Train Loss: 0.001556 | Val Loss: 0.002836
Epoch 172/300 | Train Loss: 0.001658 | Val Loss: 0.002890
Epoch 173/300 | Train Loss: 0.002185 | Val Loss: 0.002620
Epoch 174/300 | Train Loss: 0.001750 | Val Loss: 0.002428
Epoch 175/300 | Train Loss: 0.001498 | Val Loss: 0.002808
Epoch 176/300 | Train Loss: 0.001448 | Val Loss: 0.002581
Epoch 177/300 | Train Loss: 0.001428 | Val Loss: 0.002732
Epoch 178/300 | Train Loss: 0.001961 | Val Loss: 0.002632
Epoch 179/300 | Train Loss: 0.001595 | Val Loss: 0.002410
Epoch 180/300 | Train Loss: 0.001855 | Val Loss: 0.002558
Epoch 181/300 | Train Loss: 0.001612 | Val Loss: 0.002582
Epoch 182/300 | Train Loss: 0.001815 | Val Loss: 0.003003
Epoch 183/300 | Train Loss: 0.001355 | Val Loss: 0.002342
Epoch 184/300 | Train Loss: 0.002030 | Val Loss: 0.003487
Epoch 185/300 | Train Loss: 0.001466 | Val Loss: 0.002259
Epoch 186/300 | Train Loss: 0.001272 | Val Loss: 0.002488
Epoch 187/300 | Train Loss: 0.001492 | Val Loss: 0.003808
Epoch 188/300 | Train Loss: 0.001674 | Val Loss: 0.002324
Epoch 189/300 | Train Loss: 0.001313 | Val Loss: 0.003913
Epoch 190/300 | Train Loss: 0.001524 | Val Loss: 0.002645
Epoch 191/300 | Train Loss: 0.001654 | Val Loss: 0.002413
Epoch 192/300 | Train Loss: 0.001301 | Val Loss: 0.002785
Epoch 193/300 | Train Loss: 0.001476 | Val Loss: 0.002250
Epoch 194/300 | Train Loss: 0.001468 | Val Loss: 0.003126
Epoch 195/300 | Train Loss: 0.001817 | Val Loss: 0.002954
Epoch 196/300 | Train Loss: 0.001432 | Val Loss: 0.002533
Epoch 197/300 | Train Loss: 0.000962 | Val Loss: 0.002072
Epoch 198/300 | Train Loss: 0.001072 | Val Loss: 0.002302
Epoch 199/300 | Train Loss: 0.001880 | Val Loss: 0.002331
Epoch 200/300 | Train Loss: 0.001234 | Val Loss: 0.008026
Epoch 201/300 | Train Loss: 0.001726 | Val Loss: 0.003239
Epoch 202/300 | Train Loss: 0.001940 | Val Loss: 0.002846
Epoch 203/300 | Train Loss: 0.001036 | Val Loss: 0.002096
Epoch 204/300 | Train Loss: 0.001135 | Val Loss: 0.003157
Epoch 205/300 | Train Loss: 0.001413 | Val Loss: 0.002451
Epoch 206/300 | Train Loss: 0.001431 | Val Loss: 0.002519
Epoch 207/300 | Train Loss: 0.001319 | Val Loss: 0.003106
Epoch 208/300 | Train Loss: 0.001585 | Val Loss: 0.002746
Epoch 209/300 | Train Loss: 0.001638 | Val Loss: 0.002284
Epoch 210/300 | Train Loss: 0.001024 | Val Loss: 0.002148
Epoch 211/300 | Train Loss: 0.000976 | Val Loss: 0.001982
Epoch 212/300 | Train Loss: 0.001234 | Val Loss: 0.005155
Epoch 213/300 | Train Loss: 0.002273 | Val Loss: 0.003705
Epoch 214/300 | Train Loss: 0.001465 | Val Loss: 0.002529
Epoch 215/300 | Train Loss: 0.000869 | Val Loss: 0.002121
Epoch 216/300 | Train Loss: 0.001000 | Val Loss: 0.002030
Epoch 217/300 | Train Loss: 0.001187 | Val Loss: 0.003369
Epoch 218/300 | Train Loss: 0.001524 | Val Loss: 0.002197
Epoch 219/300 | Train Loss: 0.001120 | Val Loss: 0.002352
Epoch 220/300 | Train Loss: 0.001253 | Val Loss: 0.002359
Epoch 221/300 | Train Loss: 0.001264 | Val Loss: 0.003036
Epoch 222/300 | Train Loss: 0.001536 | Val Loss: 0.002417
Epoch 223/300 | Train Loss: 0.000984 | Val Loss: 0.002129
Epoch 224/300 | Train Loss: 0.001066 | Val Loss: 0.002125
Epoch 225/300 | Train Loss: 0.001243 | Val Loss: 0.002073
Epoch 226/300 | Train Loss: 0.001528 | Val Loss: 0.002066
Epoch 227/300 | Train Loss: 0.001486 | Val Loss: 0.002078
Epoch 228/300 | Train Loss: 0.000865 | Val Loss: 0.001909
Epoch 229/300 | Train Loss: 0.000878 | Val Loss: 0.002004
Epoch 230/300 | Train Loss: 0.001596 | Val Loss: 0.004027
Epoch 231/300 | Train Loss: 0.001721 | Val Loss: 0.002132
Epoch 232/300 | Train Loss: 0.001013 | Val Loss: 0.002820
Epoch 233/300 | Train Loss: 0.001257 | Val Loss: 0.002611
Epoch 234/300 | Train Loss: 0.001176 | Val Loss: 0.002386
Epoch 235/300 | Train Loss: 0.000928 | Val Loss: 0.002208
Epoch 236/300 | Train Loss: 0.000839 | Val Loss: 0.002251
Epoch 237/300 | Train Loss: 0.001133 | Val Loss: 0.002116
Epoch 238/300 | Train Loss: 0.001069 | Val Loss: 0.002853
Epoch 239/300 | Train Loss: 0.001747 | Val Loss: 0.002527
Epoch 240/300 | Train Loss: 0.001518 | Val Loss: 0.002688
Epoch 241/300 | Train Loss: 0.001175 | Val Loss: 0.002370
Epoch 242/300 | Train Loss: 0.000788 | Val Loss: 0.001932
Epoch 243/300 | Train Loss: 0.000764 | Val Loss: 0.001786
Epoch 244/300 | Train Loss: 0.001544 | Val Loss: 0.002574
Epoch 245/300 | Train Loss: 0.001082 | Val Loss: 0.002360
Epoch 246/300 | Train Loss: 0.000820 | Val Loss: 0.001999
Epoch 247/300 | Train Loss: 0.001118 | Val Loss: 0.003475
Epoch 248/300 | Train Loss: 0.001370 | Val Loss: 0.002940
Epoch 249/300 | Train Loss: 0.001178 | Val Loss: 0.002142
Epoch 250/300 | Train Loss: 0.000785 | Val Loss: 0.001994
Epoch 251/300 | Train Loss: 0.001016 | Val Loss: 0.002396
Epoch 252/300 | Train Loss: 0.001202 | Val Loss: 0.002069
Epoch 253/300 | Train Loss: 0.001084 | Val Loss: 0.002313
Epoch 254/300 | Train Loss: 0.001087 | Val Loss: 0.001802
Epoch 255/300 | Train Loss: 0.001104 | Val Loss: 0.002905
Epoch 256/300 | Train Loss: 0.001448 | Val Loss: 0.002031
Epoch 257/300 | Train Loss: 0.000842 | Val Loss: 0.001819
Epoch 258/300 | Train Loss: 0.001400 | Val Loss: 0.002907
Epoch 259/300 | Train Loss: 0.001473 | Val Loss: 0.001933
Epoch 260/300 | Train Loss: 0.001124 | Val Loss: 0.002074
Epoch 261/300 | Train Loss: 0.000974 | Val Loss: 0.001923
Epoch 262/300 | Train Loss: 0.001039 | Val Loss: 0.002444
Epoch 263/300 | Train Loss: 0.000923 | Val Loss: 0.002718
Epoch 264/300 | Train Loss: 0.001116 | Val Loss: 0.002187
Epoch 265/300 | Train Loss: 0.001033 | Val Loss: 0.002050
Epoch 266/300 | Train Loss: 0.000890 | Val Loss: 0.001880
Epoch 267/300 | Train Loss: 0.000664 | Val Loss: 0.001605
Epoch 268/300 | Train Loss: 0.000852 | Val Loss: 0.002617
Epoch 269/300 | Train Loss: 0.001748 | Val Loss: 0.002610
Epoch 270/300 | Train Loss: 0.000866 | Val Loss: 0.001893
Epoch 271/300 | Train Loss: 0.000739 | Val Loss: 0.002739
Epoch 272/300 | Train Loss: 0.001173 | Val Loss: 0.002107
Epoch 273/300 | Train Loss: 0.000883 | Val Loss: 0.001822
Epoch 274/300 | Train Loss: 0.001426 | Val Loss: 0.002040
Epoch 275/300 | Train Loss: 0.000881 | Val Loss: 0.002326
Epoch 276/300 | Train Loss: 0.000988 | Val Loss: 0.002027
Epoch 277/300 | Train Loss: 0.000885 | Val Loss: 0.001990
Epoch 278/300 | Train Loss: 0.001099 | Val Loss: 0.001776
Epoch 279/300 | Train Loss: 0.001439 | Val Loss: 0.002349
Epoch 280/300 | Train Loss: 0.000924 | Val Loss: 0.002190
Epoch 281/300 | Train Loss: 0.000671 | Val Loss: 0.001721
Epoch 282/300 | Train Loss: 0.001482 | Val Loss: 0.002460
Epoch 283/300 | Train Loss: 0.001018 | Val Loss: 0.002170
Epoch 284/300 | Train Loss: 0.001043 | Val Loss: 0.002082
Epoch 285/300 | Train Loss: 0.001132 | Val Loss: 0.002084
Epoch 286/300 | Train Loss: 0.000758 | Val Loss: 0.001734
Epoch 287/300 | Train Loss: 0.001286 | Val Loss: 0.002070
Epoch 288/300 | Train Loss: 0.000739 | Val Loss: 0.001630
Epoch 289/300 | Train Loss: 0.000709 | Val Loss: 0.001706
Epoch 290/300 | Train Loss: 0.001386 | Val Loss: 0.002087
Epoch 291/300 | Train Loss: 0.000743 | Val Loss: 0.001896
Epoch 292/300 | Train Loss: 0.000640 | Val Loss: 0.001796
Epoch 293/300 | Train Loss: 0.001198 | Val Loss: 0.002217
Epoch 294/300 | Train Loss: 0.001199 | Val Loss: 0.002058
Epoch 295/300 | Train Loss: 0.000894 | Val Loss: 0.001990
Epoch 296/300 | Train Loss: 0.000940 | Val Loss: 0.002003
Epoch 297/300 | Train Loss: 0.000876 | Val Loss: 0.001790
Epoch 298/300 | Train Loss: 0.000818 | Val Loss: 0.002944
Epoch 299/300 | Train Loss: 0.001377 | Val Loss: 0.001755
Epoch 300/300 | Train Loss: 0.000857 | Val Loss: 0.001635
Test Loss: 0.001950
Done with test4
Starting training for TPTrans with the following parameters: (started separately due to initial memerror)
	k - 2000
	epochs - 300
	DS: Max timediff in seq - 15
	DS: Total window size - 660
	DS: Prediction window size - 300
	DS: Stride - 15
	Training: Batch size - 32
	Training: Learning rate - 0.0001

Total dataset size: 53479
Using cuda...
Epoch 1/300 | Train Loss: 0.469201 | Val Loss: 0.190751
Epoch 2/300 | Train Loss: 0.109636 | Val Loss: 0.131837
Epoch 3/300 | Train Loss: 0.093368 | Val Loss: 0.167710
Epoch 4/300 | Train Loss: 0.085847 | Val Loss: 0.055414
Epoch 5/300 | Train Loss: 0.073999 | Val Loss: 0.053069
Epoch 6/300 | Train Loss: 0.065498 | Val Loss: 0.065918
Epoch 7/300 | Train Loss: 0.065443 | Val Loss: 0.068413
Epoch 8/300 | Train Loss: 0.055203 | Val Loss: 0.046324
Epoch 9/300 | Train Loss: 0.051471 | Val Loss: 0.039811
Epoch 10/300 | Train Loss: 0.048804 | Val Loss: 0.043068
Epoch 11/300 | Train Loss: 0.044383 | Val Loss: 0.046999
Epoch 12/300 | Train Loss: 0.043519 | Val Loss: 0.031681
Epoch 13/300 | Train Loss: 0.038572 | Val Loss: 0.027927
Epoch 14/300 | Train Loss: 0.037276 | Val Loss: 0.027114
Epoch 15/300 | Train Loss: 0.033041 | Val Loss: 0.025966
Epoch 16/300 | Train Loss: 0.030688 | Val Loss: 0.024416
Epoch 17/300 | Train Loss: 0.028932 | Val Loss: 0.037862
Epoch 18/300 | Train Loss: 0.027979 | Val Loss: 0.028514
Epoch 19/300 | Train Loss: 0.025688 | Val Loss: 0.028398
Epoch 20/300 | Train Loss: 0.027287 | Val Loss: 0.023254
Epoch 21/300 | Train Loss: 0.024645 | Val Loss: 0.020254
Epoch 22/300 | Train Loss: 0.023723 | Val Loss: 0.022945
Epoch 23/300 | Train Loss: 0.023252 | Val Loss: 0.022084
Epoch 24/300 | Train Loss: 0.021873 | Val Loss: 0.023423
Epoch 25/300 | Train Loss: 0.020102 | Val Loss: 0.024345
Epoch 26/300 | Train Loss: 0.021038 | Val Loss: 0.019749
Epoch 27/300 | Train Loss: 0.020169 | Val Loss: 0.016255
Epoch 28/300 | Train Loss: 0.020004 | Val Loss: 0.018686
Epoch 29/300 | Train Loss: 0.019464 | Val Loss: 0.018896
Epoch 30/300 | Train Loss: 0.017488 | Val Loss: 0.019819
Epoch 31/300 | Train Loss: 0.017069 | Val Loss: 0.016547
Epoch 32/300 | Train Loss: 0.016801 | Val Loss: 0.016165
Epoch 33/300 | Train Loss: 0.016130 | Val Loss: 0.014943
Epoch 34/300 | Train Loss: 0.015575 | Val Loss: 0.017673
Epoch 35/300 | Train Loss: 0.015435 | Val Loss: 0.013648
Epoch 36/300 | Train Loss: 0.015860 | Val Loss: 0.013532
Epoch 37/300 | Train Loss: 0.013467 | Val Loss: 0.013533
Epoch 38/300 | Train Loss: 0.014058 | Val Loss: 0.017307
Epoch 39/300 | Train Loss: 0.013591 | Val Loss: 0.015780
Epoch 40/300 | Train Loss: 0.012770 | Val Loss: 0.014898
Epoch 41/300 | Train Loss: 0.012604 | Val Loss: 0.015082
Epoch 42/300 | Train Loss: 0.012844 | Val Loss: 0.015555
Epoch 43/300 | Train Loss: 0.012279 | Val Loss: 0.019811
Epoch 44/300 | Train Loss: 0.011819 | Val Loss: 0.012765
Epoch 45/300 | Train Loss: 0.012502 | Val Loss: 0.011919
Epoch 46/300 | Train Loss: 0.011816 | Val Loss: 0.010423
Epoch 47/300 | Train Loss: 0.010247 | Val Loss: 0.013487
Epoch 48/300 | Train Loss: 0.010678 | Val Loss: 0.011113
Epoch 49/300 | Train Loss: 0.010997 | Val Loss: 0.011823
Epoch 50/300 | Train Loss: 0.010656 | Val Loss: 0.010206
Epoch 51/300 | Train Loss: 0.009893 | Val Loss: 0.012586
Epoch 52/300 | Train Loss: 0.010006 | Val Loss: 0.009890
Epoch 53/300 | Train Loss: 0.009917 | Val Loss: 0.011248
Epoch 54/300 | Train Loss: 0.009804 | Val Loss: 0.009169
Epoch 55/300 | Train Loss: 0.009447 | Val Loss: 0.010198
Epoch 56/300 | Train Loss: 0.009685 | Val Loss: 0.012627
Epoch 57/300 | Train Loss: 0.009151 | Val Loss: 0.008765
Epoch 58/300 | Train Loss: 0.009327 | Val Loss: 0.014436
Epoch 59/300 | Train Loss: 0.008807 | Val Loss: 0.008626
Epoch 60/300 | Train Loss: 0.008213 | Val Loss: 0.008532
Epoch 61/300 | Train Loss: 0.008642 | Val Loss: 0.012714
Epoch 62/300 | Train Loss: 0.009094 | Val Loss: 0.010570
Epoch 63/300 | Train Loss: 0.009254 | Val Loss: 0.009228
Epoch 64/300 | Train Loss: 0.007929 | Val Loss: 0.012470
Epoch 65/300 | Train Loss: 0.008418 | Val Loss: 0.011545
Epoch 66/300 | Train Loss: 0.007978 | Val Loss: 0.007617
Epoch 67/300 | Train Loss: 0.007338 | Val Loss: 0.015820
Epoch 68/300 | Train Loss: 0.009286 | Val Loss: 0.008527
Epoch 69/300 | Train Loss: 0.007454 | Val Loss: 0.008946
Epoch 70/300 | Train Loss: 0.007332 | Val Loss: 0.008536
Epoch 71/300 | Train Loss: 0.007815 | Val Loss: 0.008405
Epoch 72/300 | Train Loss: 0.006788 | Val Loss: 0.007939
Epoch 73/300 | Train Loss: 0.008384 | Val Loss: 0.010584
Epoch 74/300 | Train Loss: 0.008576 | Val Loss: 0.008254
Epoch 75/300 | Train Loss: 0.006116 | Val Loss: 0.007835
Epoch 76/300 | Train Loss: 0.007016 | Val Loss: 0.008660
Epoch 77/300 | Train Loss: 0.007362 | Val Loss: 0.006737
Epoch 78/300 | Train Loss: 0.005591 | Val Loss: 0.006855
Epoch 79/300 | Train Loss: 0.006027 | Val Loss: 0.007153
Epoch 80/300 | Train Loss: 0.006463 | Val Loss: 0.007486
Epoch 81/300 | Train Loss: 0.007317 | Val Loss: 0.008534
Epoch 82/300 | Train Loss: 0.005949 | Val Loss: 0.007533
Epoch 83/300 | Train Loss: 0.007337 | Val Loss: 0.007695
Epoch 84/300 | Train Loss: 0.006335 | Val Loss: 0.007165
Epoch 85/300 | Train Loss: 0.005969 | Val Loss: 0.011252
Epoch 86/300 | Train Loss: 0.005607 | Val Loss: 0.008533
Epoch 87/300 | Train Loss: 0.006219 | Val Loss: 0.006279
Epoch 88/300 | Train Loss: 0.006018 | Val Loss: 0.007370
Epoch 89/300 | Train Loss: 0.006128 | Val Loss: 0.006653
Epoch 90/300 | Train Loss: 0.006103 | Val Loss: 0.006424
Epoch 91/300 | Train Loss: 0.005848 | Val Loss: 0.006534
Epoch 92/300 | Train Loss: 0.006070 | Val Loss: 0.009851
Epoch 93/300 | Train Loss: 0.006539 | Val Loss: 0.007623
Epoch 94/300 | Train Loss: 0.005505 | Val Loss: 0.006446
Epoch 95/300 | Train Loss: 0.005915 | Val Loss: 0.007789
Epoch 96/300 | Train Loss: 0.005491 | Val Loss: 0.007218
Epoch 97/300 | Train Loss: 0.005995 | Val Loss: 0.010194
Epoch 98/300 | Train Loss: 0.005811 | Val Loss: 0.007331
Epoch 99/300 | Train Loss: 0.005526 | Val Loss: 0.007754
Epoch 100/300 | Train Loss: 0.005472 | Val Loss: 0.005938
Epoch 101/300 | Train Loss: 0.004913 | Val Loss: 0.005849
Epoch 102/300 | Train Loss: 0.005780 | Val Loss: 0.005680
Epoch 103/300 | Train Loss: 0.004419 | Val Loss: 0.007231
Epoch 104/300 | Train Loss: 0.005609 | Val Loss: 0.007213
Epoch 105/300 | Train Loss: 0.004680 | Val Loss: 0.006628
Epoch 106/300 | Train Loss: 0.004950 | Val Loss: 0.005846
Epoch 107/300 | Train Loss: 0.005264 | Val Loss: 0.012022
Epoch 108/300 | Train Loss: 0.004858 | Val Loss: 0.006939
Epoch 109/300 | Train Loss: 0.005095 | Val Loss: 0.005783
Epoch 110/300 | Train Loss: 0.004720 | Val Loss: 0.005261
Epoch 111/300 | Train Loss: 0.004942 | Val Loss: 0.006262
Epoch 112/300 | Train Loss: 0.004705 | Val Loss: 0.023038
Epoch 113/300 | Train Loss: 0.004739 | Val Loss: 0.005286
Epoch 114/300 | Train Loss: 0.004660 | Val Loss: 0.006148
Epoch 115/300 | Train Loss: 0.005159 | Val Loss: 0.006370
Epoch 116/300 | Train Loss: 0.004237 | Val Loss: 0.005602
Epoch 117/300 | Train Loss: 0.004360 | Val Loss: 0.005657
Epoch 118/300 | Train Loss: 0.004409 | Val Loss: 0.005113
Epoch 119/300 | Train Loss: 0.004704 | Val Loss: 0.004655
Epoch 120/300 | Train Loss: 0.004149 | Val Loss: 0.005340
Epoch 121/300 | Train Loss: 0.004598 | Val Loss: 0.004834
Epoch 122/300 | Train Loss: 0.004158 | Val Loss: 0.004843
Epoch 123/300 | Train Loss: 0.004407 | Val Loss: 0.005338
Epoch 124/300 | Train Loss: 0.003767 | Val Loss: 0.004972
Epoch 125/300 | Train Loss: 0.003907 | Val Loss: 0.005220
Epoch 126/300 | Train Loss: 0.004172 | Val Loss: 0.004630
Epoch 127/300 | Train Loss: 0.003863 | Val Loss: 0.005559
Epoch 128/300 | Train Loss: 0.004086 | Val Loss: 0.005063
Epoch 129/300 | Train Loss: 0.004368 | Val Loss: 0.004942
Epoch 130/300 | Train Loss: 0.004663 | Val Loss: 0.006115
Epoch 131/300 | Train Loss: 0.004436 | Val Loss: 0.005875
Epoch 132/300 | Train Loss: 0.003392 | Val Loss: 0.004289
Epoch 133/300 | Train Loss: 0.003283 | Val Loss: 0.004600
Epoch 134/300 | Train Loss: 0.003680 | Val Loss: 0.005809
Epoch 135/300 | Train Loss: 0.004130 | Val Loss: 0.006113
Epoch 136/300 | Train Loss: 0.003565 | Val Loss: 0.004407
Epoch 137/300 | Train Loss: 0.003518 | Val Loss: 0.004708
Epoch 138/300 | Train Loss: 0.003422 | Val Loss: 0.007117
Epoch 139/300 | Train Loss: 0.003849 | Val Loss: 0.007970
Epoch 140/300 | Train Loss: 0.003472 | Val Loss: 0.006271
Epoch 141/300 | Train Loss: 0.004422 | Val Loss: 0.005723
Epoch 142/300 | Train Loss: 0.004058 | Val Loss: 0.004862
Epoch 143/300 | Train Loss: 0.002406 | Val Loss: 0.006341
Epoch 144/300 | Train Loss: 0.003202 | Val Loss: 0.006096
Epoch 145/300 | Train Loss: 0.003626 | Val Loss: 0.005520
Epoch 146/300 | Train Loss: 0.003114 | Val Loss: 0.004216
Epoch 147/300 | Train Loss: 0.003837 | Val Loss: 0.004542
Epoch 148/300 | Train Loss: 0.003609 | Val Loss: 0.009968
Epoch 149/300 | Train Loss: 0.003367 | Val Loss: 0.004045
Epoch 150/300 | Train Loss: 0.002659 | Val Loss: 0.004251
Epoch 151/300 | Train Loss: 0.004841 | Val Loss: 0.005728
Epoch 152/300 | Train Loss: 0.003190 | Val Loss: 0.006180
Epoch 153/300 | Train Loss: 0.003607 | Val Loss: 0.004977
Epoch 154/300 | Train Loss: 0.002904 | Val Loss: 0.003903
Epoch 155/300 | Train Loss: 0.003023 | Val Loss: 0.004187
Epoch 156/300 | Train Loss: 0.003040 | Val Loss: 0.004469
Epoch 157/300 | Train Loss: 0.003168 | Val Loss: 0.004250
Epoch 158/300 | Train Loss: 0.004351 | Val Loss: 0.004336
Epoch 159/300 | Train Loss: 0.002590 | Val Loss: 0.004487
Epoch 160/300 | Train Loss: 0.002689 | Val Loss: 0.003995
Epoch 161/300 | Train Loss: 0.002853 | Val Loss: 0.004367
Epoch 162/300 | Train Loss: 0.002835 | Val Loss: 0.005953
Epoch 163/300 | Train Loss: 0.002564 | Val Loss: 0.003897
Epoch 164/300 | Train Loss: 0.003341 | Val Loss: 0.004249
Epoch 165/300 | Train Loss: 0.003095 | Val Loss: 0.003638
Epoch 166/300 | Train Loss: 0.002336 | Val Loss: 0.003361
Epoch 167/300 | Train Loss: 0.003353 | Val Loss: 0.005388
Epoch 168/300 | Train Loss: 0.002355 | Val Loss: 0.003578
Epoch 169/300 | Train Loss: 0.002857 | Val Loss: 0.003787
Epoch 170/300 | Train Loss: 0.002714 | Val Loss: 0.004123
Epoch 171/300 | Train Loss: 0.004251 | Val Loss: 0.007188
Epoch 172/300 | Train Loss: 0.003609 | Val Loss: 0.004838
Epoch 173/300 | Train Loss: 0.002444 | Val Loss: 0.005708
Epoch 174/300 | Train Loss: 0.002502 | Val Loss: 0.003189
Epoch 175/300 | Train Loss: 0.002426 | Val Loss: 0.003990
Epoch 176/300 | Train Loss: 0.003888 | Val Loss: 0.003781
Epoch 177/300 | Train Loss: 0.002625 | Val Loss: 0.004791
Epoch 178/300 | Train Loss: 0.003287 | Val Loss: 0.004300
Epoch 179/300 | Train Loss: 0.002915 | Val Loss: 0.007034
Epoch 180/300 | Train Loss: 0.002462 | Val Loss: 0.003409
Epoch 181/300 | Train Loss: 0.005491 | Val Loss: 0.004175
Epoch 182/300 | Train Loss: 0.003031 | Val Loss: 0.004002
Epoch 183/300 | Train Loss: 0.006674 | Val Loss: 0.008623
Epoch 184/300 | Train Loss: 0.005664 | Val Loss: 0.005108
Epoch 185/300 | Train Loss: 0.003739 | Val Loss: 0.005930
Epoch 186/300 | Train Loss: 0.004346 | Val Loss: 0.006004
Epoch 187/300 | Train Loss: 0.004385 | Val Loss: 0.014308
Epoch 188/300 | Train Loss: 0.006808 | Val Loss: 0.007185
Epoch 189/300 | Train Loss: 0.003762 | Val Loss: 0.004468
Epoch 190/300 | Train Loss: 0.004074 | Val Loss: 0.004520
Epoch 191/300 | Train Loss: 0.003695 | Val Loss: 0.010642
Epoch 192/300 | Train Loss: 0.004582 | Val Loss: 0.005880
Epoch 193/300 | Train Loss: 0.004600 | Val Loss: 0.005278
Epoch 194/300 | Train Loss: 0.003886 | Val Loss: 0.005778
Epoch 195/300 | Train Loss: 0.002826 | Val Loss: 0.005734
Epoch 196/300 | Train Loss: 0.004581 | Val Loss: 0.004655
Epoch 197/300 | Train Loss: 0.003864 | Val Loss: 0.004492
Epoch 198/300 | Train Loss: 0.004670 | Val Loss: 0.004813
Epoch 199/300 | Train Loss: 0.004730 | Val Loss: 0.004518
Epoch 200/300 | Train Loss: 0.004065 | Val Loss: 0.004067
Epoch 201/300 | Train Loss: 0.003612 | Val Loss: 0.011306
Epoch 202/300 | Train Loss: 0.004119 | Val Loss: 0.003926
Epoch 203/300 | Train Loss: 0.003584 | Val Loss: 0.005779
Epoch 204/300 | Train Loss: 0.004780 | Val Loss: 0.005960
Epoch 205/300 | Train Loss: 0.004454 | Val Loss: 0.006456
Epoch 206/300 | Train Loss: 0.004031 | Val Loss: 0.003580
Epoch 207/300 | Train Loss: 0.004658 | Val Loss: 0.004835
Epoch 208/300 | Train Loss: 0.005172 | Val Loss: 0.005256
Epoch 209/300 | Train Loss: 0.004312 | Val Loss: 0.005607
Epoch 210/300 | Train Loss: 0.003383 | Val Loss: 0.007309
Epoch 211/300 | Train Loss: 0.003873 | Val Loss: 0.007537
Epoch 212/300 | Train Loss: 0.004203 | Val Loss: 0.004096
Epoch 213/300 | Train Loss: 0.003305 | Val Loss: 0.008236
Epoch 214/300 | Train Loss: 0.004574 | Val Loss: 0.004542
Epoch 215/300 | Train Loss: 0.002559 | Val Loss: 0.005645
Epoch 216/300 | Train Loss: 0.002648 | Val Loss: 0.003774
Epoch 217/300 | Train Loss: 0.002977 | Val Loss: 0.004521
Epoch 218/300 | Train Loss: 0.003081 | Val Loss: 0.005752
Epoch 219/300 | Train Loss: 0.002597 | Val Loss: 0.004022
Epoch 220/300 | Train Loss: 0.003240 | Val Loss: 0.004026
Epoch 221/300 | Train Loss: 0.003036 | Val Loss: 0.004243
Epoch 222/300 | Train Loss: 0.003404 | Val Loss: 0.003513
Epoch 223/300 | Train Loss: 0.002800 | Val Loss: 0.004005
Epoch 224/300 | Train Loss: 0.002662 | Val Loss: 0.004537
Epoch 225/300 | Train Loss: 0.002469 | Val Loss: 0.003597
Epoch 226/300 | Train Loss: 0.002276 | Val Loss: 0.003246
Epoch 227/300 | Train Loss: 0.002778 | Val Loss: 0.004562
Epoch 228/300 | Train Loss: 0.002562 | Val Loss: 0.003161
Epoch 229/300 | Train Loss: 0.001925 | Val Loss: 0.003618
Epoch 230/300 | Train Loss: 0.003878 | Val Loss: 0.005703
Epoch 231/300 | Train Loss: 0.002497 | Val Loss: 0.003399
Epoch 232/300 | Train Loss: 0.002062 | Val Loss: 0.003645
Epoch 233/300 | Train Loss: 0.003549 | Val Loss: 0.004860
Epoch 234/300 | Train Loss: 0.003048 | Val Loss: 0.003820
Epoch 235/300 | Train Loss: 0.001934 | Val Loss: 0.003032
Epoch 236/300 | Train Loss: 0.002489 | Val Loss: 0.003252
Epoch 237/300 | Train Loss: 0.002934 | Val Loss: 0.005400
Epoch 238/300 | Train Loss: 0.003551 | Val Loss: 0.003501
Epoch 239/300 | Train Loss: 0.002830 | Val Loss: 0.004296
Epoch 240/300 | Train Loss: 0.003170 | Val Loss: 0.002994
Epoch 241/300 | Train Loss: 0.002297 | Val Loss: 0.003350
Epoch 242/300 | Train Loss: 0.001832 | Val Loss: 0.003301
Epoch 243/300 | Train Loss: 0.002311 | Val Loss: 0.004712
Epoch 244/300 | Train Loss: 0.002113 | Val Loss: 0.004214
Epoch 245/300 | Train Loss: 0.001746 | Val Loss: 0.003700
Epoch 246/300 | Train Loss: 0.002919 | Val Loss: 0.003403
Epoch 247/300 | Train Loss: 0.002112 | Val Loss: 0.004012
Epoch 248/300 | Train Loss: 0.002384 | Val Loss: 0.003422
Epoch 249/300 | Train Loss: 0.002636 | Val Loss: 0.004284
Epoch 250/300 | Train Loss: 0.002182 | Val Loss: 0.003697
Epoch 251/300 | Train Loss: 0.002284 | Val Loss: 0.003156
Epoch 252/300 | Train Loss: 0.002050 | Val Loss: 0.002957
Epoch 253/300 | Train Loss: 0.002103 | Val Loss: 0.005908
Epoch 254/300 | Train Loss: 0.001951 | Val Loss: 0.003331
Epoch 255/300 | Train Loss: 0.001856 | Val Loss: 0.003577
Epoch 256/300 | Train Loss: 0.002261 | Val Loss: 0.004004
Epoch 257/300 | Train Loss: 0.002791 | Val Loss: 0.004403
Epoch 258/300 | Train Loss: 0.001696 | Val Loss: 0.002850
Epoch 259/300 | Train Loss: 0.002173 | Val Loss: 0.004820
Epoch 260/300 | Train Loss: 0.003034 | Val Loss: 0.003320
Epoch 261/300 | Train Loss: 0.001885 | Val Loss: 0.003074
Epoch 262/300 | Train Loss: 0.001820 | Val Loss: 0.002790
Epoch 263/300 | Train Loss: 0.002310 | Val Loss: 0.004283
Epoch 264/300 | Train Loss: 0.001938 | Val Loss: 0.002992
Epoch 265/300 | Train Loss: 0.002668 | Val Loss: 0.004847
Epoch 266/300 | Train Loss: 0.002164 | Val Loss: 0.003006
Epoch 267/300 | Train Loss: 0.001607 | Val Loss: 0.003536
Epoch 268/300 | Train Loss: 0.001838 | Val Loss: 0.002865
Epoch 269/300 | Train Loss: 0.002797 | Val Loss: 0.005412
Epoch 270/300 | Train Loss: 0.002042 | Val Loss: 0.004929
Epoch 271/300 | Train Loss: 0.002130 | Val Loss: 0.007359
Epoch 272/300 | Train Loss: 0.001951 | Val Loss: 0.003049
Epoch 273/300 | Train Loss: 0.002750 | Val Loss: 0.003474
Epoch 274/300 | Train Loss: 0.001610 | Val Loss: 0.002630
Epoch 275/300 | Train Loss: 0.001258 | Val Loss: 0.002631
Epoch 276/300 | Train Loss: 0.002877 | Val Loss: 0.006870
Epoch 277/300 | Train Loss: 0.002133 | Val Loss: 0.002771
Epoch 278/300 | Train Loss: 0.002546 | Val Loss: 0.004436
Epoch 279/300 | Train Loss: 0.001680 | Val Loss: 0.002618
Epoch 280/300 | Train Loss: 0.001516 | Val Loss: 0.002625
Epoch 281/300 | Train Loss: 0.002016 | Val Loss: 0.003656
Epoch 282/300 | Train Loss: 0.001782 | Val Loss: 0.003055
Epoch 283/300 | Train Loss: 0.001708 | Val Loss: 0.002871
Epoch 284/300 | Train Loss: 0.002769 | Val Loss: 0.003453
Epoch 285/300 | Train Loss: 0.001957 | Val Loss: 0.003863
Epoch 286/300 | Train Loss: 0.001902 | Val Loss: 0.006221
Epoch 287/300 | Train Loss: 0.002384 | Val Loss: 0.003601
Epoch 288/300 | Train Loss: 0.002653 | Val Loss: 0.003120
Epoch 289/300 | Train Loss: 0.001513 | Val Loss: 0.003156
Epoch 290/300 | Train Loss: 0.001203 | Val Loss: 0.002575
Epoch 291/300 | Train Loss: 0.001997 | Val Loss: 0.003717
Epoch 292/300 | Train Loss: 0.001905 | Val Loss: 0.003338
Epoch 293/300 | Train Loss: 0.001372 | Val Loss: 0.003436
Epoch 294/300 | Train Loss: 0.001816 | Val Loss: 0.003867
Epoch 295/300 | Train Loss: 0.002278 | Val Loss: 0.003314
Epoch 296/300 | Train Loss: 0.001536 | Val Loss: 0.003754
Epoch 297/300 | Train Loss: 0.001715 | Val Loss: 0.002888
Epoch 298/300 | Train Loss: 0.001922 | Val Loss: 0.002978
Epoch 299/300 | Train Loss: 0.001768 | Val Loss: 0.002916
Epoch 300/300 | Train Loss: 0.002509 | Val Loss: 0.003194
Test Loss: 0.003032
Done with test5

------------------------------------------------------------
Sender: LSF System <lsfadmin@hpc.dtu.dk>
Subject: Job 27110967: <TPTrans> in cluster <dcc> Exited

Job <TPTrans> was submitted from host <gbarlogin1> by user <s242823> in cluster <dcc> at Thu Nov 20 12:14:57 2025
Job was executed on host(s) <4*n-62-20-14>, in queue <gpuv100>, as user <s242823> in cluster <dcc> at Thu Nov 20 13:05:34 2025
</zhome/b1/8/213657> was used as the home directory.
</zhome/b1/8/213657/DeepLearning> was used as the working directory.
Started at Thu Nov 20 13:05:34 2025
Terminated at Thu Nov 20 19:17:09 2025
Results reported at Thu Nov 20 19:17:09 2025

Your job looked like:

------------------------------------------------------------
# LSBATCH: User input
#!/bin/bash

#BSUB -J TPTrans                  # Job name
#BSUB -o logs/output_tpt_%J.log                # Output log file (including job ID %J)
#BSUB -e logs/error_tpt_%J.err                 # Error log file
#BSUB -q gpuv100                          # Queue name (gpu queue)
#BSUB -gpu "num=1:mode=exclusive_process"   # Request 1 GPU
#BSUB -R "rusage[mem=4G]"             # Request 4 GB of RAM
#BSUB -W 20:00                        # Time limit (6 hours)
#BSUB -R "span[hosts=1]"             # Number of CPUs
#BSUB -n 4                            # Number of CPU cores

# Run this command first to make the script executable:
# chmod +x job.sh
# Then, when wanting to run on GPU, we need to run this job in the terminal with:
# bsub < ./job.sh
# It uses some scheduling system which uses these bsub arguments above to assign ressources somehow :)

# Load the cuda module to make it accessible to pytorch
module load cuda

# changes directory into your home (change this to your own home path (which you can find with 'echo $HOME'))
cd /zhome/b1/8/213657/
#cd /zhome/63/7/219953/
# sources the python virtual environment (not sure if you need this, probably not if you installed everything in the base python)
source venv/bin/activate
# changes directory into the deep learning project folder
cd DeepLearning
# executes the script
python tptrans.py --k 1000 --epochs 300 --ds_window_total 420 --ds_window_pred 60

echo "Done with test1"

python tptrans.py --k 1000 --epochs 300 --ds_window_total 480 --ds_window_pred 120

echo "Done with test2"

python tptrans.py --k 1500 --epochs 300 --ds_window_total 540 --ds_window_pred 180

echo "Done with test3"

python tptrans.py --k 2000 --epochs 300 --ds_window_total 600 --ds_window_pred 240

echo "Done with test4"

python tptrans.py --k 2500 --epochs 300 --ds_window_total 660 --ds_window_pred 300

echo "Done with test5"
------------------------------------------------------------

TERM_MEMLIMIT: job killed after reaching LSF memory usage limit.
Exited with signal termination: 25.

Resource usage summary:

    CPU time :                                   22107.32 sec.
    Max Memory :                                 16384 MB
    Average Memory :                             4385.06 MB
    Total Requested Memory :                     16384.00 MB
    Delta Memory :                               0.00 MB
    Max Swap :                                   -
    Max Processes :                              4
    Max Threads :                                16
    Run time :                                   22295 sec.
    Turnaround time :                            25332 sec.

The output (if any) is above this job summary.



PS:

Read file <logs/error_tpt_27110967.err> for stderr output of this job.

