Starting training for TPInform with the following parameters:
	k - 1000
	epochs - 300
	DS: Max timediff in seq - 15
	DS: Total window size - 420
	DS: Prediction window size - 60
	DS: Stride - 15
	Training: Batch size - 32
	Training: Learning rate - 0.0001

Total dataset size: 37114
Using cuda...
Epoch 1/300 | Train Loss: 0.049085 | Val Loss: 0.015954
Epoch 2/300 | Train Loss: 0.007749 | Val Loss: 0.004875
Epoch 3/300 | Train Loss: 0.006845 | Val Loss: 0.004521
Epoch 4/300 | Train Loss: 0.006987 | Val Loss: 0.006015
Epoch 5/300 | Train Loss: 0.005059 | Val Loss: 0.007763
Epoch 6/300 | Train Loss: 0.003660 | Val Loss: 0.002705
Epoch 7/300 | Train Loss: 0.003513 | Val Loss: 0.002158
Epoch 8/300 | Train Loss: 0.002873 | Val Loss: 0.002121
Epoch 9/300 | Train Loss: 0.002334 | Val Loss: 0.002048
Epoch 10/300 | Train Loss: 0.002184 | Val Loss: 0.004779
Epoch 11/300 | Train Loss: 0.001993 | Val Loss: 0.001302
Epoch 12/300 | Train Loss: 0.002015 | Val Loss: 0.001967
Epoch 13/300 | Train Loss: 0.001947 | Val Loss: 0.001136
Epoch 14/300 | Train Loss: 0.001718 | Val Loss: 0.002901
Epoch 15/300 | Train Loss: 0.001651 | Val Loss: 0.003745
Epoch 16/300 | Train Loss: 0.001710 | Val Loss: 0.001191
Epoch 17/300 | Train Loss: 0.001639 | Val Loss: 0.001222
Epoch 18/300 | Train Loss: 0.001622 | Val Loss: 0.001299
Epoch 19/300 | Train Loss: 0.001499 | Val Loss: 0.001514
Epoch 20/300 | Train Loss: 0.001580 | Val Loss: 0.001140
Epoch 21/300 | Train Loss: 0.001516 | Val Loss: 0.001759
Epoch 22/300 | Train Loss: 0.001432 | Val Loss: 0.001104
Epoch 23/300 | Train Loss: 0.001431 | Val Loss: 0.001756
Epoch 24/300 | Train Loss: 0.001440 | Val Loss: 0.001138
Epoch 25/300 | Train Loss: 0.001342 | Val Loss: 0.001410
Epoch 26/300 | Train Loss: 0.001323 | Val Loss: 0.001172
Epoch 27/300 | Train Loss: 0.001386 | Val Loss: 0.001969
Epoch 28/300 | Train Loss: 0.001246 | Val Loss: 0.001183
Epoch 29/300 | Train Loss: 0.001315 | Val Loss: 0.001006
Epoch 30/300 | Train Loss: 0.001235 | Val Loss: 0.001817
Epoch 31/300 | Train Loss: 0.001235 | Val Loss: 0.001549
Epoch 32/300 | Train Loss: 0.001265 | Val Loss: 0.001949
Epoch 33/300 | Train Loss: 0.001228 | Val Loss: 0.001228
Epoch 34/300 | Train Loss: 0.001206 | Val Loss: 0.001719
Epoch 35/300 | Train Loss: 0.001184 | Val Loss: 0.001132
Epoch 36/300 | Train Loss: 0.001152 | Val Loss: 0.001264
Epoch 37/300 | Train Loss: 0.001150 | Val Loss: 0.001284
Epoch 38/300 | Train Loss: 0.001199 | Val Loss: 0.001389
Epoch 39/300 | Train Loss: 0.001124 | Val Loss: 0.001200
Epoch 40/300 | Train Loss: 0.001128 | Val Loss: 0.001488
Epoch 41/300 | Train Loss: 0.001136 | Val Loss: 0.001130
Epoch 42/300 | Train Loss: 0.001143 | Val Loss: 0.001288
Epoch 43/300 | Train Loss: 0.001100 | Val Loss: 0.001312
Epoch 44/300 | Train Loss: 0.001115 | Val Loss: 0.001045
Epoch 45/300 | Train Loss: 0.001093 | Val Loss: 0.001326
Epoch 46/300 | Train Loss: 0.001078 | Val Loss: 0.001041
Epoch 47/300 | Train Loss: 0.001035 | Val Loss: 0.000965
Epoch 48/300 | Train Loss: 0.001038 | Val Loss: 0.000985
Epoch 49/300 | Train Loss: 0.001050 | Val Loss: 0.001176
Epoch 50/300 | Train Loss: 0.001046 | Val Loss: 0.001062
Epoch 51/300 | Train Loss: 0.001029 | Val Loss: 0.001437
Epoch 52/300 | Train Loss: 0.001008 | Val Loss: 0.001643
Epoch 53/300 | Train Loss: 0.001032 | Val Loss: 0.001007
Epoch 54/300 | Train Loss: 0.000969 | Val Loss: 0.001266
Epoch 55/300 | Train Loss: 0.001029 | Val Loss: 0.001510
Epoch 56/300 | Train Loss: 0.000977 | Val Loss: 0.000953
Epoch 57/300 | Train Loss: 0.000983 | Val Loss: 0.001236
Epoch 58/300 | Train Loss: 0.000977 | Val Loss: 0.001022
Epoch 59/300 | Train Loss: 0.000982 | Val Loss: 0.001442
Epoch 60/300 | Train Loss: 0.000962 | Val Loss: 0.000868
Epoch 61/300 | Train Loss: 0.000979 | Val Loss: 0.000892
Epoch 62/300 | Train Loss: 0.000973 | Val Loss: 0.001148
Epoch 63/300 | Train Loss: 0.000953 | Val Loss: 0.001184
Epoch 64/300 | Train Loss: 0.000931 | Val Loss: 0.000916
Epoch 65/300 | Train Loss: 0.000908 | Val Loss: 0.000906
Epoch 66/300 | Train Loss: 0.000924 | Val Loss: 0.000920
Epoch 67/300 | Train Loss: 0.000922 | Val Loss: 0.001096
Epoch 68/300 | Train Loss: 0.000908 | Val Loss: 0.000904
Epoch 69/300 | Train Loss: 0.000904 | Val Loss: 0.000830
Epoch 70/300 | Train Loss: 0.000910 | Val Loss: 0.001142
Epoch 71/300 | Train Loss: 0.000901 | Val Loss: 0.000892
Epoch 72/300 | Train Loss: 0.000889 | Val Loss: 0.000996
Epoch 73/300 | Train Loss: 0.000867 | Val Loss: 0.001137
Epoch 74/300 | Train Loss: 0.000876 | Val Loss: 0.000932
Epoch 75/300 | Train Loss: 0.000874 | Val Loss: 0.000936
Epoch 76/300 | Train Loss: 0.000860 | Val Loss: 0.000890
Epoch 77/300 | Train Loss: 0.000863 | Val Loss: 0.000840
Epoch 78/300 | Train Loss: 0.000843 | Val Loss: 0.001287
Epoch 79/300 | Train Loss: 0.000859 | Val Loss: 0.000972
Epoch 80/300 | Train Loss: 0.000825 | Val Loss: 0.000874
Epoch 81/300 | Train Loss: 0.000858 | Val Loss: 0.001004
Epoch 82/300 | Train Loss: 0.000811 | Val Loss: 0.000966
Epoch 83/300 | Train Loss: 0.000825 | Val Loss: 0.000801
Epoch 84/300 | Train Loss: 0.000816 | Val Loss: 0.000880
Epoch 85/300 | Train Loss: 0.000813 | Val Loss: 0.000746
Epoch 86/300 | Train Loss: 0.000812 | Val Loss: 0.000828
Epoch 87/300 | Train Loss: 0.000799 | Val Loss: 0.000804
Epoch 88/300 | Train Loss: 0.000797 | Val Loss: 0.000724
Epoch 89/300 | Train Loss: 0.000772 | Val Loss: 0.000738
Epoch 90/300 | Train Loss: 0.000769 | Val Loss: 0.000771
Epoch 91/300 | Train Loss: 0.000758 | Val Loss: 0.000781
Epoch 92/300 | Train Loss: 0.000779 | Val Loss: 0.000807
Epoch 93/300 | Train Loss: 0.000763 | Val Loss: 0.000709
Epoch 94/300 | Train Loss: 0.000751 | Val Loss: 0.000782
Epoch 95/300 | Train Loss: 0.000749 | Val Loss: 0.000747
Epoch 96/300 | Train Loss: 0.000757 | Val Loss: 0.000691
Epoch 97/300 | Train Loss: 0.000735 | Val Loss: 0.000910
Epoch 98/300 | Train Loss: 0.000747 | Val Loss: 0.000777
Epoch 99/300 | Train Loss: 0.000746 | Val Loss: 0.000781
Epoch 100/300 | Train Loss: 0.000719 | Val Loss: 0.000979
Epoch 101/300 | Train Loss: 0.000720 | Val Loss: 0.001060
Epoch 102/300 | Train Loss: 0.000713 | Val Loss: 0.000731
Epoch 103/300 | Train Loss: 0.000722 | Val Loss: 0.000695
Epoch 104/300 | Train Loss: 0.000715 | Val Loss: 0.000757
Epoch 105/300 | Train Loss: 0.000708 | Val Loss: 0.000840
Epoch 106/300 | Train Loss: 0.000711 | Val Loss: 0.000670
Epoch 107/300 | Train Loss: 0.000715 | Val Loss: 0.000814
Epoch 108/300 | Train Loss: 0.000705 | Val Loss: 0.000741
Epoch 109/300 | Train Loss: 0.000699 | Val Loss: 0.000664
Epoch 110/300 | Train Loss: 0.000682 | Val Loss: 0.000780
Epoch 111/300 | Train Loss: 0.000672 | Val Loss: 0.000783
Epoch 112/300 | Train Loss: 0.000673 | Val Loss: 0.000848
Epoch 113/300 | Train Loss: 0.000685 | Val Loss: 0.000703
Epoch 114/300 | Train Loss: 0.000679 | Val Loss: 0.000748
Epoch 115/300 | Train Loss: 0.000666 | Val Loss: 0.000719
Epoch 116/300 | Train Loss: 0.000672 | Val Loss: 0.000746
Epoch 117/300 | Train Loss: 0.000656 | Val Loss: 0.000725
Epoch 118/300 | Train Loss: 0.000648 | Val Loss: 0.000627
Epoch 119/300 | Train Loss: 0.000650 | Val Loss: 0.000778
Epoch 120/300 | Train Loss: 0.000641 | Val Loss: 0.000701
Epoch 121/300 | Train Loss: 0.000641 | Val Loss: 0.000637
Epoch 122/300 | Train Loss: 0.000640 | Val Loss: 0.000725
Epoch 123/300 | Train Loss: 0.000635 | Val Loss: 0.000640
Epoch 124/300 | Train Loss: 0.000633 | Val Loss: 0.000662
Epoch 125/300 | Train Loss: 0.000638 | Val Loss: 0.000672
Epoch 126/300 | Train Loss: 0.000624 | Val Loss: 0.000649
Epoch 127/300 | Train Loss: 0.000619 | Val Loss: 0.000743
Epoch 128/300 | Train Loss: 0.000619 | Val Loss: 0.000776
Epoch 129/300 | Train Loss: 0.000623 | Val Loss: 0.000709
Epoch 130/300 | Train Loss: 0.000606 | Val Loss: 0.000774
Epoch 131/300 | Train Loss: 0.000587 | Val Loss: 0.000627
Epoch 132/300 | Train Loss: 0.000604 | Val Loss: 0.000766
Epoch 133/300 | Train Loss: 0.000603 | Val Loss: 0.000745
Epoch 134/300 | Train Loss: 0.000590 | Val Loss: 0.000707
Epoch 135/300 | Train Loss: 0.000604 | Val Loss: 0.000611
Epoch 136/300 | Train Loss: 0.000592 | Val Loss: 0.000666
Epoch 137/300 | Train Loss: 0.000590 | Val Loss: 0.000652
Epoch 138/300 | Train Loss: 0.000590 | Val Loss: 0.000700
Epoch 139/300 | Train Loss: 0.000583 | Val Loss: 0.000617
Epoch 140/300 | Train Loss: 0.000577 | Val Loss: 0.000735
Epoch 141/300 | Train Loss: 0.000586 | Val Loss: 0.000627
Epoch 142/300 | Train Loss: 0.000565 | Val Loss: 0.000589
Epoch 143/300 | Train Loss: 0.000564 | Val Loss: 0.000608
Epoch 144/300 | Train Loss: 0.000570 | Val Loss: 0.000721
Epoch 145/300 | Train Loss: 0.000550 | Val Loss: 0.000736
Epoch 146/300 | Train Loss: 0.000561 | Val Loss: 0.000718
Epoch 147/300 | Train Loss: 0.000572 | Val Loss: 0.000637
Epoch 148/300 | Train Loss: 0.000540 | Val Loss: 0.000699
Epoch 149/300 | Train Loss: 0.000542 | Val Loss: 0.000656
Epoch 150/300 | Train Loss: 0.000534 | Val Loss: 0.000662
Epoch 151/300 | Train Loss: 0.000531 | Val Loss: 0.000693
Epoch 152/300 | Train Loss: 0.000526 | Val Loss: 0.000684
Epoch 153/300 | Train Loss: 0.000528 | Val Loss: 0.000724
Epoch 154/300 | Train Loss: 0.000553 | Val Loss: 0.000653
Epoch 155/300 | Train Loss: 0.000515 | Val Loss: 0.000632
Epoch 156/300 | Train Loss: 0.000526 | Val Loss: 0.000662
Epoch 157/300 | Train Loss: 0.000529 | Val Loss: 0.001058
Epoch 158/300 | Train Loss: 0.000515 | Val Loss: 0.000726
Epoch 159/300 | Train Loss: 0.000514 | Val Loss: 0.000600
Epoch 160/300 | Train Loss: 0.000518 | Val Loss: 0.000718
Epoch 161/300 | Train Loss: 0.000502 | Val Loss: 0.000592
Epoch 162/300 | Train Loss: 0.000513 | Val Loss: 0.000620
Epoch 163/300 | Train Loss: 0.000495 | Val Loss: 0.000651
Epoch 164/300 | Train Loss: 0.000503 | Val Loss: 0.000591
Epoch 165/300 | Train Loss: 0.000498 | Val Loss: 0.000653
Epoch 166/300 | Train Loss: 0.000496 | Val Loss: 0.000538
Epoch 167/300 | Train Loss: 0.000507 | Val Loss: 0.000639
Epoch 168/300 | Train Loss: 0.000481 | Val Loss: 0.000636
Epoch 169/300 | Train Loss: 0.000489 | Val Loss: 0.000540
Epoch 170/300 | Train Loss: 0.000479 | Val Loss: 0.000780
Epoch 171/300 | Train Loss: 0.000478 | Val Loss: 0.000584
Epoch 172/300 | Train Loss: 0.000471 | Val Loss: 0.000574
Epoch 173/300 | Train Loss: 0.000481 | Val Loss: 0.000652
Epoch 174/300 | Train Loss: 0.000470 | Val Loss: 0.000635
Epoch 175/300 | Train Loss: 0.000469 | Val Loss: 0.000629
Epoch 176/300 | Train Loss: 0.000456 | Val Loss: 0.000611
Epoch 177/300 | Train Loss: 0.000471 | Val Loss: 0.000529
Epoch 178/300 | Train Loss: 0.000469 | Val Loss: 0.000598
Epoch 179/300 | Train Loss: 0.000452 | Val Loss: 0.000625
Epoch 180/300 | Train Loss: 0.000449 | Val Loss: 0.000607
Epoch 181/300 | Train Loss: 0.000450 | Val Loss: 0.000585
Epoch 182/300 | Train Loss: 0.000450 | Val Loss: 0.000558
Epoch 183/300 | Train Loss: 0.000441 | Val Loss: 0.000594
Epoch 184/300 | Train Loss: 0.000438 | Val Loss: 0.000584
Epoch 185/300 | Train Loss: 0.000438 | Val Loss: 0.000621
Epoch 186/300 | Train Loss: 0.000441 | Val Loss: 0.000547
Epoch 187/300 | Train Loss: 0.000431 | Val Loss: 0.000547
Epoch 188/300 | Train Loss: 0.000425 | Val Loss: 0.000524
Epoch 189/300 | Train Loss: 0.000433 | Val Loss: 0.000535
Epoch 190/300 | Train Loss: 0.000429 | Val Loss: 0.000560
Epoch 191/300 | Train Loss: 0.000420 | Val Loss: 0.000583
Epoch 192/300 | Train Loss: 0.000415 | Val Loss: 0.000531
Epoch 193/300 | Train Loss: 0.000411 | Val Loss: 0.000543
Epoch 194/300 | Train Loss: 0.000408 | Val Loss: 0.000571
Epoch 195/300 | Train Loss: 0.000406 | Val Loss: 0.000588
Epoch 196/300 | Train Loss: 0.000407 | Val Loss: 0.000508
Epoch 197/300 | Train Loss: 0.000403 | Val Loss: 0.000493
Epoch 198/300 | Train Loss: 0.000408 | Val Loss: 0.000515
Epoch 199/300 | Train Loss: 0.000393 | Val Loss: 0.000536
Epoch 200/300 | Train Loss: 0.000388 | Val Loss: 0.000569
Epoch 201/300 | Train Loss: 0.000392 | Val Loss: 0.000485
Epoch 202/300 | Train Loss: 0.000376 | Val Loss: 0.000551
Epoch 203/300 | Train Loss: 0.000378 | Val Loss: 0.000465
Epoch 204/300 | Train Loss: 0.000391 | Val Loss: 0.000490
Epoch 205/300 | Train Loss: 0.000380 | Val Loss: 0.000534
Epoch 206/300 | Train Loss: 0.000373 | Val Loss: 0.000534
Epoch 207/300 | Train Loss: 0.000372 | Val Loss: 0.000459
Epoch 208/300 | Train Loss: 0.000375 | Val Loss: 0.000526
Epoch 209/300 | Train Loss: 0.000354 | Val Loss: 0.000541
Epoch 210/300 | Train Loss: 0.000361 | Val Loss: 0.000476
Epoch 211/300 | Train Loss: 0.000358 | Val Loss: 0.000524
Epoch 212/300 | Train Loss: 0.000365 | Val Loss: 0.000486
Epoch 213/300 | Train Loss: 0.000365 | Val Loss: 0.000522
Epoch 214/300 | Train Loss: 0.000357 | Val Loss: 0.000482
Epoch 215/300 | Train Loss: 0.000343 | Val Loss: 0.000458
Epoch 216/300 | Train Loss: 0.000342 | Val Loss: 0.000483
Epoch 217/300 | Train Loss: 0.000346 | Val Loss: 0.000483
Epoch 218/300 | Train Loss: 0.000348 | Val Loss: 0.000484
Epoch 219/300 | Train Loss: 0.000348 | Val Loss: 0.000472
Epoch 220/300 | Train Loss: 0.000334 | Val Loss: 0.000485
Epoch 221/300 | Train Loss: 0.000334 | Val Loss: 0.000458
Epoch 222/300 | Train Loss: 0.000335 | Val Loss: 0.000488
Epoch 223/300 | Train Loss: 0.000336 | Val Loss: 0.000449
Epoch 224/300 | Train Loss: 0.000335 | Val Loss: 0.000498
Epoch 225/300 | Train Loss: 0.000328 | Val Loss: 0.000458
Epoch 226/300 | Train Loss: 0.000325 | Val Loss: 0.000513
Epoch 227/300 | Train Loss: 0.000325 | Val Loss: 0.000441
Epoch 228/300 | Train Loss: 0.000322 | Val Loss: 0.000478
Epoch 229/300 | Train Loss: 0.000323 | Val Loss: 0.000475
Epoch 230/300 | Train Loss: 0.000314 | Val Loss: 0.000465
Epoch 231/300 | Train Loss: 0.000311 | Val Loss: 0.000500
Epoch 232/300 | Train Loss: 0.000313 | Val Loss: 0.000488
Epoch 233/300 | Train Loss: 0.000320 | Val Loss: 0.000470
Epoch 234/300 | Train Loss: 0.000312 | Val Loss: 0.000493
Epoch 235/300 | Train Loss: 0.000295 | Val Loss: 0.000436
Epoch 236/300 | Train Loss: 0.000299 | Val Loss: 0.000494
Epoch 237/300 | Train Loss: 0.000307 | Val Loss: 0.000464
Epoch 238/300 | Train Loss: 0.000296 | Val Loss: 0.000457
Epoch 239/300 | Train Loss: 0.000312 | Val Loss: 0.000596
Epoch 240/300 | Train Loss: 0.000306 | Val Loss: 0.000456
Epoch 241/300 | Train Loss: 0.000294 | Val Loss: 0.000477
Epoch 242/300 | Train Loss: 0.000300 | Val Loss: 0.000466
Epoch 243/300 | Train Loss: 0.000297 | Val Loss: 0.000489
Epoch 244/300 | Train Loss: 0.000287 | Val Loss: 0.000436
Epoch 245/300 | Train Loss: 0.000293 | Val Loss: 0.000524
Epoch 246/300 | Train Loss: 0.000288 | Val Loss: 0.000491
Epoch 247/300 | Train Loss: 0.000289 | Val Loss: 0.000430
Epoch 248/300 | Train Loss: 0.000286 | Val Loss: 0.000404
Epoch 249/300 | Train Loss: 0.000272 | Val Loss: 0.000412
Epoch 250/300 | Train Loss: 0.000275 | Val Loss: 0.000405
Epoch 251/300 | Train Loss: 0.000278 | Val Loss: 0.000420
Epoch 252/300 | Train Loss: 0.000286 | Val Loss: 0.000438
Epoch 253/300 | Train Loss: 0.000272 | Val Loss: 0.000403
Epoch 254/300 | Train Loss: 0.000267 | Val Loss: 0.000389
Epoch 255/300 | Train Loss: 0.000271 | Val Loss: 0.000451
Epoch 256/300 | Train Loss: 0.000266 | Val Loss: 0.000381
Epoch 257/300 | Train Loss: 0.000263 | Val Loss: 0.000489
Epoch 258/300 | Train Loss: 0.000266 | Val Loss: 0.000403
Epoch 259/300 | Train Loss: 0.000259 | Val Loss: 0.000400
Epoch 260/300 | Train Loss: 0.000259 | Val Loss: 0.000395
Epoch 261/300 | Train Loss: 0.000259 | Val Loss: 0.000433
Epoch 262/300 | Train Loss: 0.000256 | Val Loss: 0.000401
Epoch 263/300 | Train Loss: 0.000253 | Val Loss: 0.000446
Epoch 264/300 | Train Loss: 0.000251 | Val Loss: 0.000443
Epoch 265/300 | Train Loss: 0.000252 | Val Loss: 0.000475
Epoch 266/300 | Train Loss: 0.000253 | Val Loss: 0.000419
Epoch 267/300 | Train Loss: 0.000247 | Val Loss: 0.000457
Epoch 268/300 | Train Loss: 0.000250 | Val Loss: 0.000396
Epoch 269/300 | Train Loss: 0.000257 | Val Loss: 0.000478
Epoch 270/300 | Train Loss: 0.000249 | Val Loss: 0.000364
Epoch 271/300 | Train Loss: 0.000246 | Val Loss: 0.000428
Epoch 272/300 | Train Loss: 0.000238 | Val Loss: 0.000427
Epoch 273/300 | Train Loss: 0.000246 | Val Loss: 0.000435
Epoch 274/300 | Train Loss: 0.000244 | Val Loss: 0.000434
Epoch 275/300 | Train Loss: 0.000245 | Val Loss: 0.000412
Epoch 276/300 | Train Loss: 0.000231 | Val Loss: 0.000395
Epoch 277/300 | Train Loss: 0.000234 | Val Loss: 0.000424
Epoch 278/300 | Train Loss: 0.000238 | Val Loss: 0.000395
Epoch 279/300 | Train Loss: 0.000228 | Val Loss: 0.000395
Epoch 280/300 | Train Loss: 0.000233 | Val Loss: 0.000410
Epoch 281/300 | Train Loss: 0.000229 | Val Loss: 0.000416
Epoch 282/300 | Train Loss: 0.000233 | Val Loss: 0.000422
Epoch 283/300 | Train Loss: 0.000227 | Val Loss: 0.000403
Epoch 284/300 | Train Loss: 0.000236 | Val Loss: 0.000385
Epoch 285/300 | Train Loss: 0.000219 | Val Loss: 0.000417
Epoch 286/300 | Train Loss: 0.000227 | Val Loss: 0.000366
Epoch 287/300 | Train Loss: 0.000226 | Val Loss: 0.000385
Epoch 288/300 | Train Loss: 0.000222 | Val Loss: 0.000374
Epoch 289/300 | Train Loss: 0.000223 | Val Loss: 0.000396
Epoch 290/300 | Train Loss: 0.000218 | Val Loss: 0.000429
Epoch 291/300 | Train Loss: 0.000218 | Val Loss: 0.000367
Epoch 292/300 | Train Loss: 0.000219 | Val Loss: 0.000352
Epoch 293/300 | Train Loss: 0.000214 | Val Loss: 0.000375
Epoch 294/300 | Train Loss: 0.000215 | Val Loss: 0.000388
Epoch 295/300 | Train Loss: 0.000215 | Val Loss: 0.000391
Epoch 296/300 | Train Loss: 0.000209 | Val Loss: 0.000370
Epoch 297/300 | Train Loss: 0.000209 | Val Loss: 0.000432
Epoch 298/300 | Train Loss: 0.000207 | Val Loss: 0.000394
Epoch 299/300 | Train Loss: 0.000212 | Val Loss: 0.000359
Epoch 300/300 | Train Loss: 0.000209 | Val Loss: 0.000396
Test Loss: 0.000401
Done with test1
Starting training for TPInform with the following parameters:
	k - 1000
	epochs - 300
	DS: Max timediff in seq - 15
	DS: Total window size - 480
	DS: Prediction window size - 120
	DS: Stride - 15
	Training: Batch size - 32
	Training: Learning rate - 0.0001

Total dataset size: 33635
Using cuda...
Epoch 1/300 | Train Loss: 0.207948 | Val Loss: 0.022560
Epoch 2/300 | Train Loss: 0.026701 | Val Loss: 0.040454
Epoch 3/300 | Train Loss: 0.026945 | Val Loss: 0.020949
Epoch 4/300 | Train Loss: 0.024388 | Val Loss: 0.019082
Epoch 5/300 | Train Loss: 0.022380 | Val Loss: 0.016453
Epoch 6/300 | Train Loss: 0.018764 | Val Loss: 0.014889
Epoch 7/300 | Train Loss: 0.014685 | Val Loss: 0.014950
Epoch 8/300 | Train Loss: 0.012825 | Val Loss: 0.011386
Epoch 9/300 | Train Loss: 0.011123 | Val Loss: 0.007703
Epoch 10/300 | Train Loss: 0.010575 | Val Loss: 0.011683
Epoch 11/300 | Train Loss: 0.010195 | Val Loss: 0.011097
Epoch 12/300 | Train Loss: 0.009028 | Val Loss: 0.007817
Epoch 13/300 | Train Loss: 0.009102 | Val Loss: 0.008736
Epoch 14/300 | Train Loss: 0.008709 | Val Loss: 0.006723
Epoch 15/300 | Train Loss: 0.008247 | Val Loss: 0.006259
Epoch 16/300 | Train Loss: 0.007942 | Val Loss: 0.008004
Epoch 17/300 | Train Loss: 0.007812 | Val Loss: 0.009138
Epoch 18/300 | Train Loss: 0.008154 | Val Loss: 0.006164
Epoch 19/300 | Train Loss: 0.007485 | Val Loss: 0.010856
Epoch 20/300 | Train Loss: 0.007586 | Val Loss: 0.010527
Epoch 21/300 | Train Loss: 0.007047 | Val Loss: 0.006654
Epoch 22/300 | Train Loss: 0.007178 | Val Loss: 0.009290
Epoch 23/300 | Train Loss: 0.006804 | Val Loss: 0.007430
Epoch 24/300 | Train Loss: 0.006721 | Val Loss: 0.006285
Epoch 25/300 | Train Loss: 0.006918 | Val Loss: 0.008871
Epoch 26/300 | Train Loss: 0.006823 | Val Loss: 0.011570
Epoch 27/300 | Train Loss: 0.006901 | Val Loss: 0.005662
Epoch 28/300 | Train Loss: 0.006519 | Val Loss: 0.005684
Epoch 29/300 | Train Loss: 0.006538 | Val Loss: 0.005575
Epoch 30/300 | Train Loss: 0.006610 | Val Loss: 0.005355
Epoch 31/300 | Train Loss: 0.006117 | Val Loss: 0.008245
Epoch 32/300 | Train Loss: 0.006213 | Val Loss: 0.008832
Epoch 33/300 | Train Loss: 0.006270 | Val Loss: 0.005872
Epoch 34/300 | Train Loss: 0.005923 | Val Loss: 0.006622
Epoch 35/300 | Train Loss: 0.006018 | Val Loss: 0.006628
Epoch 36/300 | Train Loss: 0.005653 | Val Loss: 0.005324
Epoch 37/300 | Train Loss: 0.005824 | Val Loss: 0.004801
Epoch 38/300 | Train Loss: 0.005571 | Val Loss: 0.005412
Epoch 39/300 | Train Loss: 0.005515 | Val Loss: 0.006760
Epoch 40/300 | Train Loss: 0.005486 | Val Loss: 0.005508
Epoch 41/300 | Train Loss: 0.005471 | Val Loss: 0.004618
Epoch 42/300 | Train Loss: 0.005322 | Val Loss: 0.005044
Epoch 43/300 | Train Loss: 0.005495 | Val Loss: 0.005709
Epoch 44/300 | Train Loss: 0.005202 | Val Loss: 0.005510
Epoch 45/300 | Train Loss: 0.005068 | Val Loss: 0.007328
Epoch 46/300 | Train Loss: 0.005232 | Val Loss: 0.005206
Epoch 47/300 | Train Loss: 0.005034 | Val Loss: 0.005892
Epoch 48/300 | Train Loss: 0.004904 | Val Loss: 0.004636
Epoch 49/300 | Train Loss: 0.004957 | Val Loss: 0.005769
Epoch 50/300 | Train Loss: 0.004770 | Val Loss: 0.005807
Epoch 51/300 | Train Loss: 0.004683 | Val Loss: 0.004390
Epoch 52/300 | Train Loss: 0.004646 | Val Loss: 0.009866
Epoch 53/300 | Train Loss: 0.004555 | Val Loss: 0.005381
Epoch 54/300 | Train Loss: 0.004670 | Val Loss: 0.003982
Epoch 55/300 | Train Loss: 0.004583 | Val Loss: 0.005042
Epoch 56/300 | Train Loss: 0.004308 | Val Loss: 0.004045
Epoch 57/300 | Train Loss: 0.004342 | Val Loss: 0.004302
Epoch 58/300 | Train Loss: 0.004250 | Val Loss: 0.003901
Epoch 59/300 | Train Loss: 0.004201 | Val Loss: 0.004162
Epoch 60/300 | Train Loss: 0.004106 | Val Loss: 0.004728
Epoch 61/300 | Train Loss: 0.004002 | Val Loss: 0.003672
Epoch 62/300 | Train Loss: 0.004165 | Val Loss: 0.004508
Epoch 63/300 | Train Loss: 0.003923 | Val Loss: 0.003999
Epoch 64/300 | Train Loss: 0.003947 | Val Loss: 0.005382
Epoch 65/300 | Train Loss: 0.003859 | Val Loss: 0.005359
Epoch 66/300 | Train Loss: 0.003723 | Val Loss: 0.006764
Epoch 67/300 | Train Loss: 0.003795 | Val Loss: 0.003555
Epoch 68/300 | Train Loss: 0.003897 | Val Loss: 0.003805
Epoch 69/300 | Train Loss: 0.003665 | Val Loss: 0.003846
Epoch 70/300 | Train Loss: 0.003613 | Val Loss: 0.004536
Epoch 71/300 | Train Loss: 0.003624 | Val Loss: 0.003884
Epoch 72/300 | Train Loss: 0.003543 | Val Loss: 0.003396
Epoch 73/300 | Train Loss: 0.003506 | Val Loss: 0.003807
Epoch 74/300 | Train Loss: 0.003439 | Val Loss: 0.003713
Epoch 75/300 | Train Loss: 0.003480 | Val Loss: 0.004875
Epoch 76/300 | Train Loss: 0.003393 | Val Loss: 0.003574
Epoch 77/300 | Train Loss: 0.003413 | Val Loss: 0.003846
Epoch 78/300 | Train Loss: 0.003290 | Val Loss: 0.004204
Epoch 79/300 | Train Loss: 0.003343 | Val Loss: 0.003003
Epoch 80/300 | Train Loss: 0.003279 | Val Loss: 0.005149
Epoch 81/300 | Train Loss: 0.003266 | Val Loss: 0.003522
Epoch 82/300 | Train Loss: 0.003234 | Val Loss: 0.004402
Epoch 83/300 | Train Loss: 0.003137 | Val Loss: 0.004557
Epoch 84/300 | Train Loss: 0.003113 | Val Loss: 0.003657
Epoch 85/300 | Train Loss: 0.003073 | Val Loss: 0.003523
Epoch 86/300 | Train Loss: 0.003041 | Val Loss: 0.005318
Epoch 87/300 | Train Loss: 0.003044 | Val Loss: 0.003634
Epoch 88/300 | Train Loss: 0.003012 | Val Loss: 0.003524
Epoch 89/300 | Train Loss: 0.002960 | Val Loss: 0.004027
Epoch 90/300 | Train Loss: 0.002905 | Val Loss: 0.004137
Epoch 91/300 | Train Loss: 0.002929 | Val Loss: 0.003553
Epoch 92/300 | Train Loss: 0.002797 | Val Loss: 0.003190
Epoch 93/300 | Train Loss: 0.002770 | Val Loss: 0.003209
Epoch 94/300 | Train Loss: 0.002790 | Val Loss: 0.003664
Epoch 95/300 | Train Loss: 0.002777 | Val Loss: 0.003043
Epoch 96/300 | Train Loss: 0.002776 | Val Loss: 0.002959
Epoch 97/300 | Train Loss: 0.002716 | Val Loss: 0.002934
Epoch 98/300 | Train Loss: 0.002826 | Val Loss: 0.003298
Epoch 99/300 | Train Loss: 0.002632 | Val Loss: 0.003794
Epoch 100/300 | Train Loss: 0.002616 | Val Loss: 0.002932
Epoch 101/300 | Train Loss: 0.002573 | Val Loss: 0.004257
Epoch 102/300 | Train Loss: 0.002579 | Val Loss: 0.002804
Epoch 103/300 | Train Loss: 0.002558 | Val Loss: 0.003923
Epoch 104/300 | Train Loss: 0.002456 | Val Loss: 0.002800
Epoch 105/300 | Train Loss: 0.002485 | Val Loss: 0.003246
Epoch 106/300 | Train Loss: 0.002451 | Val Loss: 0.002761
Epoch 107/300 | Train Loss: 0.002481 | Val Loss: 0.002778
Epoch 108/300 | Train Loss: 0.002411 | Val Loss: 0.002489
Epoch 109/300 | Train Loss: 0.002365 | Val Loss: 0.002384
Epoch 110/300 | Train Loss: 0.002353 | Val Loss: 0.002445
Epoch 111/300 | Train Loss: 0.002284 | Val Loss: 0.002500
Epoch 112/300 | Train Loss: 0.002301 | Val Loss: 0.002693
Epoch 113/300 | Train Loss: 0.002272 | Val Loss: 0.002910
Epoch 114/300 | Train Loss: 0.002301 | Val Loss: 0.002310
Epoch 115/300 | Train Loss: 0.002169 | Val Loss: 0.002348
Epoch 116/300 | Train Loss: 0.002225 | Val Loss: 0.002436
Epoch 117/300 | Train Loss: 0.002185 | Val Loss: 0.002618
Epoch 118/300 | Train Loss: 0.002126 | Val Loss: 0.002502
Epoch 119/300 | Train Loss: 0.002129 | Val Loss: 0.002574
Epoch 120/300 | Train Loss: 0.002065 | Val Loss: 0.002789
Epoch 121/300 | Train Loss: 0.002078 | Val Loss: 0.002743
Epoch 122/300 | Train Loss: 0.002083 | Val Loss: 0.002500
Epoch 123/300 | Train Loss: 0.002034 | Val Loss: 0.002152
Epoch 124/300 | Train Loss: 0.002034 | Val Loss: 0.002613
Epoch 125/300 | Train Loss: 0.001956 | Val Loss: 0.002442
Epoch 126/300 | Train Loss: 0.002014 | Val Loss: 0.002151
Epoch 127/300 | Train Loss: 0.001951 | Val Loss: 0.002513
Epoch 128/300 | Train Loss: 0.001957 | Val Loss: 0.002150
Epoch 129/300 | Train Loss: 0.001809 | Val Loss: 0.002540
Epoch 130/300 | Train Loss: 0.001911 | Val Loss: 0.002608
Epoch 131/300 | Train Loss: 0.001833 | Val Loss: 0.002438
Epoch 132/300 | Train Loss: 0.001830 | Val Loss: 0.002767
Epoch 133/300 | Train Loss: 0.001835 | Val Loss: 0.002520
Epoch 134/300 | Train Loss: 0.001779 | Val Loss: 0.002213
Epoch 135/300 | Train Loss: 0.001782 | Val Loss: 0.002359
Epoch 136/300 | Train Loss: 0.001889 | Val Loss: 0.002402
Epoch 137/300 | Train Loss: 0.001666 | Val Loss: 0.002313
Epoch 138/300 | Train Loss: 0.001700 | Val Loss: 0.002401
Epoch 139/300 | Train Loss: 0.001656 | Val Loss: 0.001985
Epoch 140/300 | Train Loss: 0.001684 | Val Loss: 0.001924
Epoch 141/300 | Train Loss: 0.001661 | Val Loss: 0.001930
Epoch 142/300 | Train Loss: 0.001669 | Val Loss: 0.001904
Epoch 143/300 | Train Loss: 0.001634 | Val Loss: 0.002202
Epoch 144/300 | Train Loss: 0.001629 | Val Loss: 0.002066
Epoch 145/300 | Train Loss: 0.001654 | Val Loss: 0.002031
Epoch 146/300 | Train Loss: 0.001590 | Val Loss: 0.002039
Epoch 147/300 | Train Loss: 0.001555 | Val Loss: 0.002645
Epoch 148/300 | Train Loss: 0.001549 | Val Loss: 0.002456
Epoch 149/300 | Train Loss: 0.001548 | Val Loss: 0.001868
Epoch 150/300 | Train Loss: 0.001531 | Val Loss: 0.001804
Epoch 151/300 | Train Loss: 0.001509 | Val Loss: 0.001768
Epoch 152/300 | Train Loss: 0.001499 | Val Loss: 0.002303
Epoch 153/300 | Train Loss: 0.001442 | Val Loss: 0.002029
Epoch 154/300 | Train Loss: 0.001448 | Val Loss: 0.001886
Epoch 155/300 | Train Loss: 0.001414 | Val Loss: 0.002069
Epoch 156/300 | Train Loss: 0.001472 | Val Loss: 0.001996
Epoch 157/300 | Train Loss: 0.001395 | Val Loss: 0.001765
Epoch 158/300 | Train Loss: 0.001426 | Val Loss: 0.001926
Epoch 159/300 | Train Loss: 0.001372 | Val Loss: 0.002182
Epoch 160/300 | Train Loss: 0.001334 | Val Loss: 0.001845
Epoch 161/300 | Train Loss: 0.001319 | Val Loss: 0.001923
Epoch 162/300 | Train Loss: 0.001386 | Val Loss: 0.001773
Epoch 163/300 | Train Loss: 0.001321 | Val Loss: 0.001989
Epoch 164/300 | Train Loss: 0.001272 | Val Loss: 0.001890
Epoch 165/300 | Train Loss: 0.001321 | Val Loss: 0.001891
Epoch 166/300 | Train Loss: 0.001276 | Val Loss: 0.001658
Epoch 167/300 | Train Loss: 0.001267 | Val Loss: 0.002160
Epoch 168/300 | Train Loss: 0.001242 | Val Loss: 0.001379
Epoch 169/300 | Train Loss: 0.001211 | Val Loss: 0.001696
Epoch 170/300 | Train Loss: 0.001290 | Val Loss: 0.001607
Epoch 171/300 | Train Loss: 0.001191 | Val Loss: 0.001903
Epoch 172/300 | Train Loss: 0.001185 | Val Loss: 0.001631
Epoch 173/300 | Train Loss: 0.001159 | Val Loss: 0.001909
Epoch 174/300 | Train Loss: 0.001157 | Val Loss: 0.001889
Epoch 175/300 | Train Loss: 0.001136 | Val Loss: 0.001364
Epoch 176/300 | Train Loss: 0.001133 | Val Loss: 0.001705
Epoch 177/300 | Train Loss: 0.001151 | Val Loss: 0.001637
Epoch 178/300 | Train Loss: 0.001149 | Val Loss: 0.001681
Epoch 179/300 | Train Loss: 0.001126 | Val Loss: 0.001771
Epoch 180/300 | Train Loss: 0.001104 | Val Loss: 0.001472
Epoch 181/300 | Train Loss: 0.001085 | Val Loss: 0.001670
Epoch 182/300 | Train Loss: 0.001056 | Val Loss: 0.001693
Epoch 183/300 | Train Loss: 0.001078 | Val Loss: 0.001374
Epoch 184/300 | Train Loss: 0.001053 | Val Loss: 0.001528
Epoch 185/300 | Train Loss: 0.001043 | Val Loss: 0.001445
Epoch 186/300 | Train Loss: 0.001051 | Val Loss: 0.001523
Epoch 187/300 | Train Loss: 0.001048 | Val Loss: 0.001367
Epoch 188/300 | Train Loss: 0.001033 | Val Loss: 0.001788
Epoch 189/300 | Train Loss: 0.001034 | Val Loss: 0.001918
Epoch 190/300 | Train Loss: 0.000957 | Val Loss: 0.001298
Epoch 191/300 | Train Loss: 0.000965 | Val Loss: 0.001415
Epoch 192/300 | Train Loss: 0.001017 | Val Loss: 0.001384
Epoch 193/300 | Train Loss: 0.001006 | Val Loss: 0.001488
Epoch 194/300 | Train Loss: 0.000948 | Val Loss: 0.001555
Epoch 195/300 | Train Loss: 0.000976 | Val Loss: 0.001279
Epoch 196/300 | Train Loss: 0.000965 | Val Loss: 0.001377
Epoch 197/300 | Train Loss: 0.000940 | Val Loss: 0.001639
Epoch 198/300 | Train Loss: 0.000925 | Val Loss: 0.001845
Epoch 199/300 | Train Loss: 0.000946 | Val Loss: 0.001288
Epoch 200/300 | Train Loss: 0.000915 | Val Loss: 0.001350
Epoch 201/300 | Train Loss: 0.000890 | Val Loss: 0.001265
Epoch 202/300 | Train Loss: 0.000949 | Val Loss: 0.001283
Epoch 203/300 | Train Loss: 0.000903 | Val Loss: 0.001628
Epoch 204/300 | Train Loss: 0.000888 | Val Loss: 0.001355
Epoch 205/300 | Train Loss: 0.000877 | Val Loss: 0.001362
Epoch 206/300 | Train Loss: 0.000873 | Val Loss: 0.001271
Epoch 207/300 | Train Loss: 0.000886 | Val Loss: 0.001225
Epoch 208/300 | Train Loss: 0.000839 | Val Loss: 0.001575
Epoch 209/300 | Train Loss: 0.000816 | Val Loss: 0.001175
Epoch 210/300 | Train Loss: 0.000864 | Val Loss: 0.001233
Epoch 211/300 | Train Loss: 0.000835 | Val Loss: 0.001354
Epoch 212/300 | Train Loss: 0.000811 | Val Loss: 0.001243
Epoch 213/300 | Train Loss: 0.000813 | Val Loss: 0.001400
Epoch 214/300 | Train Loss: 0.000805 | Val Loss: 0.001348
Epoch 215/300 | Train Loss: 0.000805 | Val Loss: 0.001262
Epoch 216/300 | Train Loss: 0.000768 | Val Loss: 0.001272
Epoch 217/300 | Train Loss: 0.000807 | Val Loss: 0.001319
Epoch 218/300 | Train Loss: 0.000805 | Val Loss: 0.001087
Epoch 219/300 | Train Loss: 0.000838 | Val Loss: 0.001316
Epoch 220/300 | Train Loss: 0.000769 | Val Loss: 0.001356
Epoch 221/300 | Train Loss: 0.000773 | Val Loss: 0.001125
Epoch 222/300 | Train Loss: 0.000723 | Val Loss: 0.001211
Epoch 223/300 | Train Loss: 0.000756 | Val Loss: 0.001144
Epoch 224/300 | Train Loss: 0.000732 | Val Loss: 0.000967
Epoch 225/300 | Train Loss: 0.000741 | Val Loss: 0.001137
Epoch 226/300 | Train Loss: 0.000747 | Val Loss: 0.001061
Epoch 227/300 | Train Loss: 0.000711 | Val Loss: 0.000910
Epoch 228/300 | Train Loss: 0.000732 | Val Loss: 0.001109
Epoch 229/300 | Train Loss: 0.000723 | Val Loss: 0.001393
Epoch 230/300 | Train Loss: 0.000740 | Val Loss: 0.001523
Epoch 231/300 | Train Loss: 0.000758 | Val Loss: 0.001243
Epoch 232/300 | Train Loss: 0.000667 | Val Loss: 0.001180
Epoch 233/300 | Train Loss: 0.000711 | Val Loss: 0.001089
Epoch 234/300 | Train Loss: 0.000684 | Val Loss: 0.001242
Epoch 235/300 | Train Loss: 0.000684 | Val Loss: 0.001093
Epoch 236/300 | Train Loss: 0.000683 | Val Loss: 0.001212
Epoch 237/300 | Train Loss: 0.000696 | Val Loss: 0.001245
Epoch 238/300 | Train Loss: 0.000660 | Val Loss: 0.001045
Epoch 239/300 | Train Loss: 0.000670 | Val Loss: 0.001050
Epoch 240/300 | Train Loss: 0.000671 | Val Loss: 0.001009
Epoch 241/300 | Train Loss: 0.000631 | Val Loss: 0.001146
Epoch 242/300 | Train Loss: 0.000639 | Val Loss: 0.000999
Epoch 243/300 | Train Loss: 0.000641 | Val Loss: 0.000990
Epoch 244/300 | Train Loss: 0.000702 | Val Loss: 0.001149
Epoch 245/300 | Train Loss: 0.000615 | Val Loss: 0.001082
Epoch 246/300 | Train Loss: 0.000744 | Val Loss: 0.000916
Epoch 247/300 | Train Loss: 0.000630 | Val Loss: 0.000927
Epoch 248/300 | Train Loss: 0.000571 | Val Loss: 0.000880
Epoch 249/300 | Train Loss: 0.000587 | Val Loss: 0.001086
Epoch 250/300 | Train Loss: 0.000607 | Val Loss: 0.001050
Epoch 251/300 | Train Loss: 0.000609 | Val Loss: 0.000982
Epoch 252/300 | Train Loss: 0.000615 | Val Loss: 0.001051
Epoch 253/300 | Train Loss: 0.000609 | Val Loss: 0.001127
Epoch 254/300 | Train Loss: 0.000581 | Val Loss: 0.000927
Epoch 255/300 | Train Loss: 0.000597 | Val Loss: 0.000952
Epoch 256/300 | Train Loss: 0.000577 | Val Loss: 0.001045
Epoch 257/300 | Train Loss: 0.000569 | Val Loss: 0.001056
Epoch 258/300 | Train Loss: 0.000596 | Val Loss: 0.000961
Epoch 259/300 | Train Loss: 0.000577 | Val Loss: 0.001083
Epoch 260/300 | Train Loss: 0.000593 | Val Loss: 0.001046
Epoch 261/300 | Train Loss: 0.000576 | Val Loss: 0.000958
Epoch 262/300 | Train Loss: 0.000544 | Val Loss: 0.000862
Epoch 263/300 | Train Loss: 0.000563 | Val Loss: 0.000967
Epoch 264/300 | Train Loss: 0.000559 | Val Loss: 0.000980
Epoch 265/300 | Train Loss: 0.000551 | Val Loss: 0.001069
Epoch 266/300 | Train Loss: 0.000548 | Val Loss: 0.000857
Epoch 267/300 | Train Loss: 0.000581 | Val Loss: 0.001070
Epoch 268/300 | Train Loss: 0.000516 | Val Loss: 0.000863
Epoch 269/300 | Train Loss: 0.000545 | Val Loss: 0.000863
Epoch 270/300 | Train Loss: 0.000524 | Val Loss: 0.000911
Epoch 271/300 | Train Loss: 0.000525 | Val Loss: 0.000903
Epoch 272/300 | Train Loss: 0.000542 | Val Loss: 0.000864
Epoch 273/300 | Train Loss: 0.000520 | Val Loss: 0.000865
Epoch 274/300 | Train Loss: 0.000518 | Val Loss: 0.000930
Epoch 275/300 | Train Loss: 0.000531 | Val Loss: 0.000947
Epoch 276/300 | Train Loss: 0.000554 | Val Loss: 0.001018
Epoch 277/300 | Train Loss: 0.000510 | Val Loss: 0.000863
Epoch 278/300 | Train Loss: 0.000504 | Val Loss: 0.000918
Epoch 279/300 | Train Loss: 0.000509 | Val Loss: 0.000867
Epoch 280/300 | Train Loss: 0.000501 | Val Loss: 0.000932
Epoch 281/300 | Train Loss: 0.000494 | Val Loss: 0.000783
Epoch 282/300 | Train Loss: 0.000510 | Val Loss: 0.000939
Epoch 283/300 | Train Loss: 0.000515 | Val Loss: 0.000868
Epoch 284/300 | Train Loss: 0.000492 | Val Loss: 0.000822
Epoch 285/300 | Train Loss: 0.000527 | Val Loss: 0.000853
Epoch 286/300 | Train Loss: 0.000465 | Val Loss: 0.000814
Epoch 287/300 | Train Loss: 0.000462 | Val Loss: 0.000956
Epoch 288/300 | Train Loss: 0.000471 | Val Loss: 0.000774
Epoch 289/300 | Train Loss: 0.000483 | Val Loss: 0.000836
Epoch 290/300 | Train Loss: 0.000476 | Val Loss: 0.000783
Epoch 291/300 | Train Loss: 0.000485 | Val Loss: 0.000872
Epoch 292/300 | Train Loss: 0.000479 | Val Loss: 0.000706
Epoch 293/300 | Train Loss: 0.000454 | Val Loss: 0.000788
Epoch 294/300 | Train Loss: 0.000443 | Val Loss: 0.000823
Epoch 295/300 | Train Loss: 0.000471 | Val Loss: 0.000835
Epoch 296/300 | Train Loss: 0.000464 | Val Loss: 0.000766
Epoch 297/300 | Train Loss: 0.000452 | Val Loss: 0.000789
Epoch 298/300 | Train Loss: 0.000439 | Val Loss: 0.000724
Epoch 299/300 | Train Loss: 0.000436 | Val Loss: 0.000785
Epoch 300/300 | Train Loss: 0.000490 | Val Loss: 0.000800
Test Loss: 0.000810
Done with test2
Starting training for TPInform with the following parameters:
	k - 1500
	epochs - 300
	DS: Max timediff in seq - 15
	DS: Total window size - 540
	DS: Prediction window size - 180
	DS: Stride - 15
	Training: Batch size - 32
	Training: Learning rate - 0.0001

Total dataset size: 49917
Using cuda...
Epoch 1/300 | Train Loss: 0.270970 | Val Loss: 0.045691
Epoch 2/300 | Train Loss: 0.056990 | Val Loss: 0.038555
Epoch 3/300 | Train Loss: 0.053888 | Val Loss: 0.038429
Epoch 4/300 | Train Loss: 0.038858 | Val Loss: 0.029327
Epoch 5/300 | Train Loss: 0.031889 | Val Loss: 0.028393
Epoch 6/300 | Train Loss: 0.028674 | Val Loss: 0.025006
Epoch 7/300 | Train Loss: 0.025099 | Val Loss: 0.022845
Epoch 8/300 | Train Loss: 0.023983 | Val Loss: 0.042146
Epoch 9/300 | Train Loss: 0.022359 | Val Loss: 0.019920
Epoch 10/300 | Train Loss: 0.020583 | Val Loss: 0.017691
Epoch 11/300 | Train Loss: 0.019842 | Val Loss: 0.021773
Epoch 12/300 | Train Loss: 0.019523 | Val Loss: 0.018338
Epoch 13/300 | Train Loss: 0.018522 | Val Loss: 0.016211
Epoch 14/300 | Train Loss: 0.018721 | Val Loss: 0.027323
Epoch 15/300 | Train Loss: 0.017633 | Val Loss: 0.019288
Epoch 16/300 | Train Loss: 0.016701 | Val Loss: 0.017233
Epoch 17/300 | Train Loss: 0.016544 | Val Loss: 0.019782
Epoch 18/300 | Train Loss: 0.016385 | Val Loss: 0.013039
Epoch 19/300 | Train Loss: 0.015200 | Val Loss: 0.015274
Epoch 20/300 | Train Loss: 0.014835 | Val Loss: 0.015985
Epoch 21/300 | Train Loss: 0.014735 | Val Loss: 0.013695
Epoch 22/300 | Train Loss: 0.014180 | Val Loss: 0.020657
Epoch 23/300 | Train Loss: 0.013575 | Val Loss: 0.016243
Epoch 24/300 | Train Loss: 0.013552 | Val Loss: 0.016280
Epoch 25/300 | Train Loss: 0.013016 | Val Loss: 0.014004
Epoch 26/300 | Train Loss: 0.012367 | Val Loss: 0.012580
Epoch 27/300 | Train Loss: 0.012364 | Val Loss: 0.010899
Epoch 28/300 | Train Loss: 0.011497 | Val Loss: 0.010582
Epoch 29/300 | Train Loss: 0.011461 | Val Loss: 0.014895
Epoch 30/300 | Train Loss: 0.011090 | Val Loss: 0.011572
Epoch 31/300 | Train Loss: 0.010524 | Val Loss: 0.009766
Epoch 32/300 | Train Loss: 0.010240 | Val Loss: 0.009283
Epoch 33/300 | Train Loss: 0.009859 | Val Loss: 0.010372
Epoch 34/300 | Train Loss: 0.009904 | Val Loss: 0.009753
Epoch 35/300 | Train Loss: 0.009775 | Val Loss: 0.009861
Epoch 36/300 | Train Loss: 0.009202 | Val Loss: 0.008784
Epoch 37/300 | Train Loss: 0.008976 | Val Loss: 0.009032
Epoch 38/300 | Train Loss: 0.008891 | Val Loss: 0.008673
Epoch 39/300 | Train Loss: 0.008587 | Val Loss: 0.009881
Epoch 40/300 | Train Loss: 0.008605 | Val Loss: 0.008002
Epoch 41/300 | Train Loss: 0.008134 | Val Loss: 0.008185
Epoch 42/300 | Train Loss: 0.008253 | Val Loss: 0.009440
Epoch 43/300 | Train Loss: 0.008034 | Val Loss: 0.007816
Epoch 44/300 | Train Loss: 0.007859 | Val Loss: 0.006874
Epoch 45/300 | Train Loss: 0.008003 | Val Loss: 0.008764
Epoch 46/300 | Train Loss: 0.007511 | Val Loss: 0.007569
Epoch 47/300 | Train Loss: 0.007573 | Val Loss: 0.006779
Epoch 48/300 | Train Loss: 0.007273 | Val Loss: 0.007284
Epoch 49/300 | Train Loss: 0.007052 | Val Loss: 0.007683
Epoch 50/300 | Train Loss: 0.006980 | Val Loss: 0.007163
Epoch 51/300 | Train Loss: 0.006900 | Val Loss: 0.007925
Epoch 52/300 | Train Loss: 0.006906 | Val Loss: 0.006937
Epoch 53/300 | Train Loss: 0.006732 | Val Loss: 0.007178
Epoch 54/300 | Train Loss: 0.006610 | Val Loss: 0.007239
Epoch 55/300 | Train Loss: 0.006476 | Val Loss: 0.007012
Epoch 56/300 | Train Loss: 0.006353 | Val Loss: 0.007626
Epoch 57/300 | Train Loss: 0.006246 | Val Loss: 0.006126
Epoch 58/300 | Train Loss: 0.006084 | Val Loss: 0.005996
Epoch 59/300 | Train Loss: 0.006178 | Val Loss: 0.007170
Epoch 60/300 | Train Loss: 0.005942 | Val Loss: 0.005761
Epoch 61/300 | Train Loss: 0.005883 | Val Loss: 0.005797
Epoch 62/300 | Train Loss: 0.005802 | Val Loss: 0.006439
Epoch 63/300 | Train Loss: 0.005655 | Val Loss: 0.005384
Epoch 64/300 | Train Loss: 0.005574 | Val Loss: 0.005401
Epoch 65/300 | Train Loss: 0.005539 | Val Loss: 0.004944
Epoch 66/300 | Train Loss: 0.005427 | Val Loss: 0.005546
Epoch 67/300 | Train Loss: 0.005421 | Val Loss: 0.006360
Epoch 68/300 | Train Loss: 0.005300 | Val Loss: 0.005872
Epoch 69/300 | Train Loss: 0.005084 | Val Loss: 0.005180
Epoch 70/300 | Train Loss: 0.005049 | Val Loss: 0.005716
Epoch 71/300 | Train Loss: 0.005015 | Val Loss: 0.005361
Epoch 72/300 | Train Loss: 0.004971 | Val Loss: 0.005170
Epoch 73/300 | Train Loss: 0.004803 | Val Loss: 0.004998
Epoch 74/300 | Train Loss: 0.004882 | Val Loss: 0.005357
Epoch 75/300 | Train Loss: 0.004532 | Val Loss: 0.004700
Epoch 76/300 | Train Loss: 0.004553 | Val Loss: 0.004927
Epoch 77/300 | Train Loss: 0.004646 | Val Loss: 0.004991
Epoch 78/300 | Train Loss: 0.004459 | Val Loss: 0.004539
Epoch 79/300 | Train Loss: 0.004291 | Val Loss: 0.004176
Epoch 80/300 | Train Loss: 0.004314 | Val Loss: 0.004306
Epoch 81/300 | Train Loss: 0.004207 | Val Loss: 0.004345
Epoch 82/300 | Train Loss: 0.004132 | Val Loss: 0.004242
Epoch 83/300 | Train Loss: 0.004129 | Val Loss: 0.003809
Epoch 84/300 | Train Loss: 0.004111 | Val Loss: 0.004517
Epoch 85/300 | Train Loss: 0.004052 | Val Loss: 0.006059
Epoch 86/300 | Train Loss: 0.004019 | Val Loss: 0.003736
Epoch 87/300 | Train Loss: 0.003836 | Val Loss: 0.003912
Epoch 88/300 | Train Loss: 0.003803 | Val Loss: 0.003921
Epoch 89/300 | Train Loss: 0.003689 | Val Loss: 0.003952
Epoch 90/300 | Train Loss: 0.003749 | Val Loss: 0.003954
Epoch 91/300 | Train Loss: 0.003609 | Val Loss: 0.003649
Epoch 92/300 | Train Loss: 0.003559 | Val Loss: 0.003965
Epoch 93/300 | Train Loss: 0.003458 | Val Loss: 0.003632
Epoch 94/300 | Train Loss: 0.003525 | Val Loss: 0.003520
Epoch 95/300 | Train Loss: 0.003474 | Val Loss: 0.003443
Epoch 96/300 | Train Loss: 0.003558 | Val Loss: 0.003697
Epoch 97/300 | Train Loss: 0.003392 | Val Loss: 0.003525
Epoch 98/300 | Train Loss: 0.003339 | Val Loss: 0.003348
Epoch 99/300 | Train Loss: 0.003209 | Val Loss: 0.003557
Epoch 100/300 | Train Loss: 0.003284 | Val Loss: 0.003538
Epoch 101/300 | Train Loss: 0.003181 | Val Loss: 0.003565
Epoch 102/300 | Train Loss: 0.003105 | Val Loss: 0.003034
Epoch 103/300 | Train Loss: 0.003055 | Val Loss: 0.003634
Epoch 104/300 | Train Loss: 0.003075 | Val Loss: 0.003265
Epoch 105/300 | Train Loss: 0.002950 | Val Loss: 0.003306
Epoch 106/300 | Train Loss: 0.002974 | Val Loss: 0.003208
Epoch 107/300 | Train Loss: 0.002890 | Val Loss: 0.003254
Epoch 108/300 | Train Loss: 0.002908 | Val Loss: 0.003248
Epoch 109/300 | Train Loss: 0.002777 | Val Loss: 0.003291
Epoch 110/300 | Train Loss: 0.002786 | Val Loss: 0.003297
Epoch 111/300 | Train Loss: 0.002768 | Val Loss: 0.003255
Epoch 112/300 | Train Loss: 0.002713 | Val Loss: 0.003047
Epoch 113/300 | Train Loss: 0.002747 | Val Loss: 0.003627
Epoch 114/300 | Train Loss: 0.002612 | Val Loss: 0.002793
Epoch 115/300 | Train Loss: 0.002660 | Val Loss: 0.003253
Epoch 116/300 | Train Loss: 0.002632 | Val Loss: 0.002759
Epoch 117/300 | Train Loss: 0.002506 | Val Loss: 0.002969
Epoch 118/300 | Train Loss: 0.002490 | Val Loss: 0.002744
Epoch 119/300 | Train Loss: 0.002542 | Val Loss: 0.002924
Epoch 120/300 | Train Loss: 0.002441 | Val Loss: 0.003166
Epoch 121/300 | Train Loss: 0.002385 | Val Loss: 0.002497
Epoch 122/300 | Train Loss: 0.002362 | Val Loss: 0.002542
Epoch 123/300 | Train Loss: 0.002335 | Val Loss: 0.002772
Epoch 124/300 | Train Loss: 0.002361 | Val Loss: 0.002821
Epoch 125/300 | Train Loss: 0.002275 | Val Loss: 0.003197
Epoch 126/300 | Train Loss: 0.002199 | Val Loss: 0.002533
Epoch 127/300 | Train Loss: 0.002240 | Val Loss: 0.002644
Epoch 128/300 | Train Loss: 0.002189 | Val Loss: 0.002582
Epoch 129/300 | Train Loss: 0.002214 | Val Loss: 0.002641
Epoch 130/300 | Train Loss: 0.002122 | Val Loss: 0.002454
Epoch 131/300 | Train Loss: 0.002075 | Val Loss: 0.002806
Epoch 132/300 | Train Loss: 0.002098 | Val Loss: 0.002758
Epoch 133/300 | Train Loss: 0.002059 | Val Loss: 0.002348
Epoch 134/300 | Train Loss: 0.001989 | Val Loss: 0.002482
Epoch 135/300 | Train Loss: 0.001984 | Val Loss: 0.002135
Epoch 136/300 | Train Loss: 0.002120 | Val Loss: 0.002430
Epoch 137/300 | Train Loss: 0.001952 | Val Loss: 0.002223
Epoch 138/300 | Train Loss: 0.001973 | Val Loss: 0.002641
Epoch 139/300 | Train Loss: 0.001976 | Val Loss: 0.002449
Epoch 140/300 | Train Loss: 0.001867 | Val Loss: 0.002196
Epoch 141/300 | Train Loss: 0.001921 | Val Loss: 0.002120
Epoch 142/300 | Train Loss: 0.001851 | Val Loss: 0.002202
Epoch 143/300 | Train Loss: 0.001910 | Val Loss: 0.002513
Epoch 144/300 | Train Loss: 0.001876 | Val Loss: 0.002438
Epoch 145/300 | Train Loss: 0.001789 | Val Loss: 0.002113
Epoch 146/300 | Train Loss: 0.001841 | Val Loss: 0.002230
Epoch 147/300 | Train Loss: 0.001717 | Val Loss: 0.001838
Epoch 148/300 | Train Loss: 0.001762 | Val Loss: 0.002057
Epoch 149/300 | Train Loss: 0.001719 | Val Loss: 0.002130
Epoch 150/300 | Train Loss: 0.001712 | Val Loss: 0.002114
Epoch 151/300 | Train Loss: 0.001707 | Val Loss: 0.001953
Epoch 152/300 | Train Loss: 0.001702 | Val Loss: 0.002102
Epoch 153/300 | Train Loss: 0.001659 | Val Loss: 0.002120
Epoch 154/300 | Train Loss: 0.001613 | Val Loss: 0.001876
Epoch 155/300 | Train Loss: 0.001584 | Val Loss: 0.001796
Epoch 156/300 | Train Loss: 0.001656 | Val Loss: 0.001882
Epoch 157/300 | Train Loss: 0.001566 | Val Loss: 0.002037
Epoch 158/300 | Train Loss: 0.001604 | Val Loss: 0.001766
Epoch 159/300 | Train Loss: 0.001503 | Val Loss: 0.001905
Epoch 160/300 | Train Loss: 0.001515 | Val Loss: 0.001908
Epoch 161/300 | Train Loss: 0.001570 | Val Loss: 0.002049
Epoch 162/300 | Train Loss: 0.001514 | Val Loss: 0.001840
Epoch 163/300 | Train Loss: 0.001554 | Val Loss: 0.001917
Epoch 164/300 | Train Loss: 0.001493 | Val Loss: 0.002085
Epoch 165/300 | Train Loss: 0.001472 | Val Loss: 0.001797
Epoch 166/300 | Train Loss: 0.001539 | Val Loss: 0.001753
Epoch 167/300 | Train Loss: 0.001386 | Val Loss: 0.001561
Epoch 168/300 | Train Loss: 0.001380 | Val Loss: 0.001958
Epoch 169/300 | Train Loss: 0.001456 | Val Loss: 0.001837
Epoch 170/300 | Train Loss: 0.001387 | Val Loss: 0.002052
Epoch 171/300 | Train Loss: 0.001366 | Val Loss: 0.001708
Epoch 172/300 | Train Loss: 0.001422 | Val Loss: 0.001590
Epoch 173/300 | Train Loss: 0.001355 | Val Loss: 0.001687
Epoch 174/300 | Train Loss: 0.001514 | Val Loss: 0.002193
Epoch 175/300 | Train Loss: 0.001295 | Val Loss: 0.001856
Epoch 176/300 | Train Loss: 0.001383 | Val Loss: 0.001570
Epoch 177/300 | Train Loss: 0.001305 | Val Loss: 0.002069
Epoch 178/300 | Train Loss: 0.001289 | Val Loss: 0.001632
Epoch 179/300 | Train Loss: 0.001276 | Val Loss: 0.001644
Epoch 180/300 | Train Loss: 0.001275 | Val Loss: 0.002060
Epoch 181/300 | Train Loss: 0.001248 | Val Loss: 0.001838
Epoch 182/300 | Train Loss: 0.001303 | Val Loss: 0.001776
Epoch 183/300 | Train Loss: 0.001334 | Val Loss: 0.001779
Epoch 184/300 | Train Loss: 0.001229 | Val Loss: 0.001418
Epoch 185/300 | Train Loss: 0.001209 | Val Loss: 0.001618
Epoch 186/300 | Train Loss: 0.001183 | Val Loss: 0.001780
Epoch 187/300 | Train Loss: 0.001268 | Val Loss: 0.001699
Epoch 188/300 | Train Loss: 0.001161 | Val Loss: 0.001600
Epoch 189/300 | Train Loss: 0.001171 | Val Loss: 0.001507
Epoch 190/300 | Train Loss: 0.001142 | Val Loss: 0.001567
Epoch 191/300 | Train Loss: 0.001149 | Val Loss: 0.001385
Epoch 192/300 | Train Loss: 0.001162 | Val Loss: 0.001626
Epoch 193/300 | Train Loss: 0.001133 | Val Loss: 0.001401
Epoch 194/300 | Train Loss: 0.001122 | Val Loss: 0.001677
Epoch 195/300 | Train Loss: 0.001102 | Val Loss: 0.001328
Epoch 196/300 | Train Loss: 0.001097 | Val Loss: 0.001493
Epoch 197/300 | Train Loss: 0.001176 | Val Loss: 0.001472
Epoch 198/300 | Train Loss: 0.001094 | Val Loss: 0.001409
Epoch 199/300 | Train Loss: 0.001038 | Val Loss: 0.001782
Epoch 200/300 | Train Loss: 0.001052 | Val Loss: 0.001500
Epoch 201/300 | Train Loss: 0.001113 | Val Loss: 0.001614
Epoch 202/300 | Train Loss: 0.001092 | Val Loss: 0.001190
Epoch 203/300 | Train Loss: 0.001011 | Val Loss: 0.001214
Epoch 204/300 | Train Loss: 0.001023 | Val Loss: 0.001865
Epoch 205/300 | Train Loss: 0.001146 | Val Loss: 0.001384
Epoch 206/300 | Train Loss: 0.000954 | Val Loss: 0.001259
Epoch 207/300 | Train Loss: 0.000980 | Val Loss: 0.001312
Epoch 208/300 | Train Loss: 0.001033 | Val Loss: 0.001530
Epoch 209/300 | Train Loss: 0.001056 | Val Loss: 0.001223
Epoch 210/300 | Train Loss: 0.000996 | Val Loss: 0.001461
Epoch 211/300 | Train Loss: 0.001068 | Val Loss: 0.001300
Epoch 212/300 | Train Loss: 0.000945 | Val Loss: 0.001180
Epoch 213/300 | Train Loss: 0.000974 | Val Loss: 0.001238
Epoch 214/300 | Train Loss: 0.000950 | Val Loss: 0.001148
Epoch 215/300 | Train Loss: 0.000992 | Val Loss: 0.001371
Epoch 216/300 | Train Loss: 0.000943 | Val Loss: 0.001352
Epoch 217/300 | Train Loss: 0.000967 | Val Loss: 0.001162
Epoch 218/300 | Train Loss: 0.001050 | Val Loss: 0.001304
Epoch 219/300 | Train Loss: 0.000898 | Val Loss: 0.001272
Epoch 220/300 | Train Loss: 0.000884 | Val Loss: 0.001357
Epoch 221/300 | Train Loss: 0.000963 | Val Loss: 0.001159
Epoch 222/300 | Train Loss: 0.000892 | Val Loss: 0.001199
Epoch 223/300 | Train Loss: 0.001048 | Val Loss: 0.001411
Epoch 224/300 | Train Loss: 0.000843 | Val Loss: 0.001107
Epoch 225/300 | Train Loss: 0.000851 | Val Loss: 0.001316
Epoch 226/300 | Train Loss: 0.000878 | Val Loss: 0.001235
Epoch 227/300 | Train Loss: 0.000876 | Val Loss: 0.001210
Epoch 228/300 | Train Loss: 0.000944 | Val Loss: 0.001112
Epoch 229/300 | Train Loss: 0.000883 | Val Loss: 0.001161
Epoch 230/300 | Train Loss: 0.000888 | Val Loss: 0.001190
Epoch 231/300 | Train Loss: 0.000825 | Val Loss: 0.001092
Epoch 232/300 | Train Loss: 0.000840 | Val Loss: 0.001052
Epoch 233/300 | Train Loss: 0.000847 | Val Loss: 0.001605
Epoch 234/300 | Train Loss: 0.000862 | Val Loss: 0.001228
Epoch 235/300 | Train Loss: 0.000837 | Val Loss: 0.001018
Epoch 236/300 | Train Loss: 0.000842 | Val Loss: 0.001130
Epoch 237/300 | Train Loss: 0.000835 | Val Loss: 0.001215
Epoch 238/300 | Train Loss: 0.000962 | Val Loss: 0.001369
Epoch 239/300 | Train Loss: 0.000782 | Val Loss: 0.001110
Epoch 240/300 | Train Loss: 0.000818 | Val Loss: 0.001021
Epoch 241/300 | Train Loss: 0.000984 | Val Loss: 0.001363
Epoch 242/300 | Train Loss: 0.000761 | Val Loss: 0.001010
Epoch 243/300 | Train Loss: 0.000767 | Val Loss: 0.000968
Epoch 244/300 | Train Loss: 0.000827 | Val Loss: 0.001051
Epoch 245/300 | Train Loss: 0.000767 | Val Loss: 0.001094
Epoch 246/300 | Train Loss: 0.000769 | Val Loss: 0.001008
Epoch 247/300 | Train Loss: 0.000778 | Val Loss: 0.001077
Epoch 248/300 | Train Loss: 0.000792 | Val Loss: 0.001116
Epoch 249/300 | Train Loss: 0.000859 | Val Loss: 0.001008
Epoch 250/300 | Train Loss: 0.000739 | Val Loss: 0.001080
Epoch 251/300 | Train Loss: 0.000802 | Val Loss: 0.001421
Epoch 252/300 | Train Loss: 0.000753 | Val Loss: 0.001075
Epoch 253/300 | Train Loss: 0.000790 | Val Loss: 0.001165
Epoch 254/300 | Train Loss: 0.000703 | Val Loss: 0.001085
Epoch 255/300 | Train Loss: 0.000757 | Val Loss: 0.000900
Epoch 256/300 | Train Loss: 0.000726 | Val Loss: 0.001064
Epoch 257/300 | Train Loss: 0.000745 | Val Loss: 0.001029
Epoch 258/300 | Train Loss: 0.000757 | Val Loss: 0.001070
Epoch 259/300 | Train Loss: 0.000783 | Val Loss: 0.001433
Epoch 260/300 | Train Loss: 0.000785 | Val Loss: 0.000947
Epoch 261/300 | Train Loss: 0.000679 | Val Loss: 0.000961
Epoch 262/300 | Train Loss: 0.000734 | Val Loss: 0.000965
Epoch 263/300 | Train Loss: 0.000695 | Val Loss: 0.000850
Epoch 264/300 | Train Loss: 0.000723 | Val Loss: 0.001113
Epoch 265/300 | Train Loss: 0.000681 | Val Loss: 0.000861
Epoch 266/300 | Train Loss: 0.000715 | Val Loss: 0.000868
Epoch 267/300 | Train Loss: 0.000715 | Val Loss: 0.001013
Epoch 268/300 | Train Loss: 0.000672 | Val Loss: 0.001042
Epoch 269/300 | Train Loss: 0.000682 | Val Loss: 0.000987
Epoch 270/300 | Train Loss: 0.000703 | Val Loss: 0.001022
Epoch 271/300 | Train Loss: 0.000664 | Val Loss: 0.000956
Epoch 272/300 | Train Loss: 0.000668 | Val Loss: 0.000968
Epoch 273/300 | Train Loss: 0.000724 | Val Loss: 0.001001
Epoch 274/300 | Train Loss: 0.000640 | Val Loss: 0.000834
Epoch 275/300 | Train Loss: 0.000722 | Val Loss: 0.000956
Epoch 276/300 | Train Loss: 0.000642 | Val Loss: 0.000907
Epoch 277/300 | Train Loss: 0.000667 | Val Loss: 0.001061
Epoch 278/300 | Train Loss: 0.000691 | Val Loss: 0.000819
Epoch 279/300 | Train Loss: 0.000635 | Val Loss: 0.000982
Epoch 280/300 | Train Loss: 0.000715 | Val Loss: 0.000918
Epoch 281/300 | Train Loss: 0.000619 | Val Loss: 0.000951
Epoch 282/300 | Train Loss: 0.000654 | Val Loss: 0.001115
Epoch 283/300 | Train Loss: 0.000655 | Val Loss: 0.000820
Epoch 284/300 | Train Loss: 0.000617 | Val Loss: 0.000932
Epoch 285/300 | Train Loss: 0.000668 | Val Loss: 0.000969
Epoch 286/300 | Train Loss: 0.000624 | Val Loss: 0.000893
Epoch 287/300 | Train Loss: 0.000651 | Val Loss: 0.000990
Epoch 288/300 | Train Loss: 0.000598 | Val Loss: 0.000820
Epoch 289/300 | Train Loss: 0.000610 | Val Loss: 0.000940
Epoch 290/300 | Train Loss: 0.000628 | Val Loss: 0.001061
Epoch 291/300 | Train Loss: 0.000635 | Val Loss: 0.001054
Epoch 292/300 | Train Loss: 0.000623 | Val Loss: 0.001286
Epoch 293/300 | Train Loss: 0.000628 | Val Loss: 0.001108
Epoch 294/300 | Train Loss: 0.000697 | Val Loss: 0.001000
Epoch 295/300 | Train Loss: 0.000585 | Val Loss: 0.000821
Epoch 296/300 | Train Loss: 0.000575 | Val Loss: 0.000902
Epoch 297/300 | Train Loss: 0.000624 | Val Loss: 0.000932
Epoch 298/300 | Train Loss: 0.000622 | Val Loss: 0.000864
Epoch 299/300 | Train Loss: 0.000558 | Val Loss: 0.000988
Epoch 300/300 | Train Loss: 0.000598 | Val Loss: 0.000842
Test Loss: 0.000894
Done with test3
Starting training for TPInform with the following parameters:
	k - 2000
	epochs - 300
	DS: Max timediff in seq - 15
	DS: Total window size - 600
	DS: Prediction window size - 240
	DS: Stride - 15
	Training: Batch size - 32
	Training: Learning rate - 0.0001

Total dataset size: 58271
Using cuda...
Epoch 1/300 | Train Loss: 0.645144 | Val Loss: 0.091973
Epoch 2/300 | Train Loss: 0.099317 | Val Loss: 0.109170
Epoch 3/300 | Train Loss: 0.090100 | Val Loss: 0.134345
Epoch 4/300 | Train Loss: 0.073355 | Val Loss: 0.041660
Epoch 5/300 | Train Loss: 0.058202 | Val Loss: 0.074051
Epoch 6/300 | Train Loss: 0.047941 | Val Loss: 0.036327
Epoch 7/300 | Train Loss: 0.044882 | Val Loss: 0.044716
Epoch 8/300 | Train Loss: 0.040939 | Val Loss: 0.053825
Epoch 9/300 | Train Loss: 0.037990 | Val Loss: 0.031852
Epoch 10/300 | Train Loss: 0.035632 | Val Loss: 0.034266
Epoch 11/300 | Train Loss: 0.035086 | Val Loss: 0.030575
Epoch 12/300 | Train Loss: 0.032381 | Val Loss: 0.028947
Epoch 13/300 | Train Loss: 0.030811 | Val Loss: 0.029793
Epoch 14/300 | Train Loss: 0.029749 | Val Loss: 0.027584
Epoch 15/300 | Train Loss: 0.029121 | Val Loss: 0.030793
Epoch 16/300 | Train Loss: 0.026726 | Val Loss: 0.030221
Epoch 17/300 | Train Loss: 0.025823 | Val Loss: 0.028304
Epoch 18/300 | Train Loss: 0.024912 | Val Loss: 0.021388
Epoch 19/300 | Train Loss: 0.024151 | Val Loss: 0.025690
Epoch 20/300 | Train Loss: 0.022465 | Val Loss: 0.027186
Epoch 21/300 | Train Loss: 0.021849 | Val Loss: 0.028906
Epoch 22/300 | Train Loss: 0.021292 | Val Loss: 0.019218
Epoch 23/300 | Train Loss: 0.020078 | Val Loss: 0.021845
Epoch 24/300 | Train Loss: 0.019488 | Val Loss: 0.017166
Epoch 25/300 | Train Loss: 0.019428 | Val Loss: 0.018735
Epoch 26/300 | Train Loss: 0.017923 | Val Loss: 0.016867
Epoch 27/300 | Train Loss: 0.017317 | Val Loss: 0.017696
Epoch 28/300 | Train Loss: 0.016954 | Val Loss: 0.017259
Epoch 29/300 | Train Loss: 0.016375 | Val Loss: 0.014369
Epoch 30/300 | Train Loss: 0.016208 | Val Loss: 0.016801
Epoch 31/300 | Train Loss: 0.015556 | Val Loss: 0.015877
Epoch 32/300 | Train Loss: 0.015137 | Val Loss: 0.015411
Epoch 33/300 | Train Loss: 0.014834 | Val Loss: 0.016407
Epoch 34/300 | Train Loss: 0.014406 | Val Loss: 0.013754
Epoch 35/300 | Train Loss: 0.014126 | Val Loss: 0.012543
Epoch 36/300 | Train Loss: 0.013828 | Val Loss: 0.012029
Epoch 37/300 | Train Loss: 0.013526 | Val Loss: 0.013204
Epoch 38/300 | Train Loss: 0.013259 | Val Loss: 0.012656
Epoch 39/300 | Train Loss: 0.012797 | Val Loss: 0.012100
Epoch 40/300 | Train Loss: 0.012615 | Val Loss: 0.011999
Epoch 41/300 | Train Loss: 0.012570 | Val Loss: 0.013637
Epoch 42/300 | Train Loss: 0.012282 | Val Loss: 0.011363
Epoch 43/300 | Train Loss: 0.012100 | Val Loss: 0.012724
Epoch 44/300 | Train Loss: 0.011570 | Val Loss: 0.012231
Epoch 45/300 | Train Loss: 0.011456 | Val Loss: 0.012442
Epoch 46/300 | Train Loss: 0.011171 | Val Loss: 0.011171
Epoch 47/300 | Train Loss: 0.011220 | Val Loss: 0.010063
Epoch 48/300 | Train Loss: 0.010579 | Val Loss: 0.012310
Epoch 49/300 | Train Loss: 0.010753 | Val Loss: 0.009907
Epoch 50/300 | Train Loss: 0.010520 | Val Loss: 0.014030
Epoch 51/300 | Train Loss: 0.010163 | Val Loss: 0.009430
Epoch 52/300 | Train Loss: 0.009958 | Val Loss: 0.010937
Epoch 53/300 | Train Loss: 0.009931 | Val Loss: 0.010144
Epoch 54/300 | Train Loss: 0.009617 | Val Loss: 0.009463
Epoch 55/300 | Train Loss: 0.009427 | Val Loss: 0.009041
Epoch 56/300 | Train Loss: 0.009243 | Val Loss: 0.010745
Epoch 57/300 | Train Loss: 0.009176 | Val Loss: 0.009388
Epoch 58/300 | Train Loss: 0.008943 | Val Loss: 0.009199
Epoch 59/300 | Train Loss: 0.008802 | Val Loss: 0.008598
Epoch 60/300 | Train Loss: 0.008764 | Val Loss: 0.008068
Epoch 61/300 | Train Loss: 0.008613 | Val Loss: 0.009155
Epoch 62/300 | Train Loss: 0.008469 | Val Loss: 0.008891
Epoch 63/300 | Train Loss: 0.008495 | Val Loss: 0.008952
Epoch 64/300 | Train Loss: 0.008344 | Val Loss: 0.008317
Epoch 65/300 | Train Loss: 0.007906 | Val Loss: 0.008062
Epoch 66/300 | Train Loss: 0.007728 | Val Loss: 0.008206
Epoch 67/300 | Train Loss: 0.007793 | Val Loss: 0.008431
Epoch 68/300 | Train Loss: 0.007636 | Val Loss: 0.007419
Epoch 69/300 | Train Loss: 0.007422 | Val Loss: 0.007708
Epoch 70/300 | Train Loss: 0.007330 | Val Loss: 0.007173
Epoch 71/300 | Train Loss: 0.007340 | Val Loss: 0.007798
Epoch 72/300 | Train Loss: 0.007384 | Val Loss: 0.008040
Epoch 73/300 | Train Loss: 0.007113 | Val Loss: 0.008991
Epoch 74/300 | Train Loss: 0.006920 | Val Loss: 0.007408
Epoch 75/300 | Train Loss: 0.006874 | Val Loss: 0.007641
Epoch 76/300 | Train Loss: 0.006908 | Val Loss: 0.007317
Epoch 77/300 | Train Loss: 0.006461 | Val Loss: 0.007398
Epoch 78/300 | Train Loss: 0.006471 | Val Loss: 0.006889
Epoch 79/300 | Train Loss: 0.006312 | Val Loss: 0.006435
Epoch 80/300 | Train Loss: 0.006279 | Val Loss: 0.006656
Epoch 81/300 | Train Loss: 0.006088 | Val Loss: 0.006285
Epoch 82/300 | Train Loss: 0.006123 | Val Loss: 0.006357
Epoch 83/300 | Train Loss: 0.005912 | Val Loss: 0.006445
Epoch 84/300 | Train Loss: 0.005919 | Val Loss: 0.005692
Epoch 85/300 | Train Loss: 0.005689 | Val Loss: 0.005715
Epoch 86/300 | Train Loss: 0.005816 | Val Loss: 0.006404
Epoch 87/300 | Train Loss: 0.005501 | Val Loss: 0.005243
Epoch 88/300 | Train Loss: 0.005500 | Val Loss: 0.005382
Epoch 89/300 | Train Loss: 0.005420 | Val Loss: 0.006387
Epoch 90/300 | Train Loss: 0.005474 | Val Loss: 0.005886
Epoch 91/300 | Train Loss: 0.005214 | Val Loss: 0.005725
Epoch 92/300 | Train Loss: 0.005090 | Val Loss: 0.005370
Epoch 93/300 | Train Loss: 0.004942 | Val Loss: 0.005023
Epoch 94/300 | Train Loss: 0.005020 | Val Loss: 0.004746
Epoch 95/300 | Train Loss: 0.004758 | Val Loss: 0.005127
Epoch 96/300 | Train Loss: 0.004790 | Val Loss: 0.004675
Epoch 97/300 | Train Loss: 0.004675 | Val Loss: 0.004720
Epoch 98/300 | Train Loss: 0.004583 | Val Loss: 0.005110
Epoch 99/300 | Train Loss: 0.004643 | Val Loss: 0.005200
Epoch 100/300 | Train Loss: 0.004425 | Val Loss: 0.004809
Epoch 101/300 | Train Loss: 0.004421 | Val Loss: 0.004546
Epoch 102/300 | Train Loss: 0.004311 | Val Loss: 0.004581
Epoch 103/300 | Train Loss: 0.004323 | Val Loss: 0.004297
Epoch 104/300 | Train Loss: 0.004292 | Val Loss: 0.004742
Epoch 105/300 | Train Loss: 0.004207 | Val Loss: 0.004761
Epoch 106/300 | Train Loss: 0.004065 | Val Loss: 0.004754
Epoch 107/300 | Train Loss: 0.004018 | Val Loss: 0.004379
Epoch 108/300 | Train Loss: 0.003880 | Val Loss: 0.003972
Epoch 109/300 | Train Loss: 0.003906 | Val Loss: 0.003870
Epoch 110/300 | Train Loss: 0.003805 | Val Loss: 0.004412
Epoch 111/300 | Train Loss: 0.003757 | Val Loss: 0.004321
Epoch 112/300 | Train Loss: 0.003615 | Val Loss: 0.003825
Epoch 113/300 | Train Loss: 0.003624 | Val Loss: 0.004016
Epoch 114/300 | Train Loss: 0.003639 | Val Loss: 0.003832
Epoch 115/300 | Train Loss: 0.003523 | Val Loss: 0.003890
Epoch 116/300 | Train Loss: 0.003436 | Val Loss: 0.004077
Epoch 117/300 | Train Loss: 0.003470 | Val Loss: 0.003605
Epoch 118/300 | Train Loss: 0.003309 | Val Loss: 0.003811
Epoch 119/300 | Train Loss: 0.003253 | Val Loss: 0.004006
Epoch 120/300 | Train Loss: 0.003241 | Val Loss: 0.003579
Epoch 121/300 | Train Loss: 0.003245 | Val Loss: 0.003504
Epoch 122/300 | Train Loss: 0.003145 | Val Loss: 0.003429
Epoch 123/300 | Train Loss: 0.003150 | Val Loss: 0.003854
Epoch 124/300 | Train Loss: 0.003106 | Val Loss: 0.003974
Epoch 125/300 | Train Loss: 0.002915 | Val Loss: 0.003074
Epoch 126/300 | Train Loss: 0.002980 | Val Loss: 0.003433
Epoch 127/300 | Train Loss: 0.003043 | Val Loss: 0.004154
Epoch 128/300 | Train Loss: 0.003036 | Val Loss: 0.003486
Epoch 129/300 | Train Loss: 0.003018 | Val Loss: 0.003061
Epoch 130/300 | Train Loss: 0.002902 | Val Loss: 0.003221
Epoch 131/300 | Train Loss: 0.002813 | Val Loss: 0.003118
Epoch 132/300 | Train Loss: 0.002777 | Val Loss: 0.003682
Epoch 133/300 | Train Loss: 0.002690 | Val Loss: 0.003373
Epoch 134/300 | Train Loss: 0.002776 | Val Loss: 0.003066
Epoch 135/300 | Train Loss: 0.002700 | Val Loss: 0.002920
Epoch 136/300 | Train Loss: 0.002575 | Val Loss: 0.003488
Epoch 137/300 | Train Loss: 0.002569 | Val Loss: 0.002863
Epoch 138/300 | Train Loss: 0.002644 | Val Loss: 0.002493
Epoch 139/300 | Train Loss: 0.002436 | Val Loss: 0.002673
Epoch 140/300 | Train Loss: 0.002548 | Val Loss: 0.003126
Epoch 141/300 | Train Loss: 0.002429 | Val Loss: 0.003069
Epoch 142/300 | Train Loss: 0.002408 | Val Loss: 0.002971
Epoch 143/300 | Train Loss: 0.002359 | Val Loss: 0.003216
Epoch 144/300 | Train Loss: 0.002428 | Val Loss: 0.002727
Epoch 145/300 | Train Loss: 0.002339 | Val Loss: 0.003083
Epoch 146/300 | Train Loss: 0.002360 | Val Loss: 0.002948
Epoch 147/300 | Train Loss: 0.002412 | Val Loss: 0.002826
Epoch 148/300 | Train Loss: 0.002207 | Val Loss: 0.002537
Epoch 149/300 | Train Loss: 0.002228 | Val Loss: 0.002857
Epoch 150/300 | Train Loss: 0.002175 | Val Loss: 0.002443
Epoch 151/300 | Train Loss: 0.002160 | Val Loss: 0.003265
Epoch 152/300 | Train Loss: 0.002177 | Val Loss: 0.002906
Epoch 153/300 | Train Loss: 0.002202 | Val Loss: 0.002687
Epoch 154/300 | Train Loss: 0.002085 | Val Loss: 0.002481
Epoch 155/300 | Train Loss: 0.002050 | Val Loss: 0.002260
Epoch 156/300 | Train Loss: 0.002055 | Val Loss: 0.002489
Epoch 157/300 | Train Loss: 0.002041 | Val Loss: 0.002282
Epoch 158/300 | Train Loss: 0.002107 | Val Loss: 0.002637
Epoch 159/300 | Train Loss: 0.001997 | Val Loss: 0.002119
Epoch 160/300 | Train Loss: 0.001991 | Val Loss: 0.002320
Epoch 161/300 | Train Loss: 0.002048 | Val Loss: 0.003078
Epoch 162/300 | Train Loss: 0.001955 | Val Loss: 0.002626
Epoch 163/300 | Train Loss: 0.001820 | Val Loss: 0.002064
Epoch 164/300 | Train Loss: 0.001962 | Val Loss: 0.002533
Epoch 165/300 | Train Loss: 0.001964 | Val Loss: 0.002224
Epoch 166/300 | Train Loss: 0.001804 | Val Loss: 0.002056
Epoch 167/300 | Train Loss: 0.001856 | Val Loss: 0.001921
Epoch 168/300 | Train Loss: 0.001781 | Val Loss: 0.002271
Epoch 169/300 | Train Loss: 0.001833 | Val Loss: 0.002096
Epoch 170/300 | Train Loss: 0.001740 | Val Loss: 0.001848
Epoch 171/300 | Train Loss: 0.001787 | Val Loss: 0.002166
Epoch 172/300 | Train Loss: 0.001659 | Val Loss: 0.001965
Epoch 173/300 | Train Loss: 0.001820 | Val Loss: 0.002871
Epoch 174/300 | Train Loss: 0.001723 | Val Loss: 0.002068
Epoch 175/300 | Train Loss: 0.001829 | Val Loss: 0.002240
Epoch 176/300 | Train Loss: 0.001600 | Val Loss: 0.001995
Epoch 177/300 | Train Loss: 0.001631 | Val Loss: 0.002278
Epoch 178/300 | Train Loss: 0.001750 | Val Loss: 0.002106
Epoch 179/300 | Train Loss: 0.001535 | Val Loss: 0.001793
Epoch 180/300 | Train Loss: 0.001706 | Val Loss: 0.001727
Epoch 181/300 | Train Loss: 0.001520 | Val Loss: 0.001842
Epoch 182/300 | Train Loss: 0.001814 | Val Loss: 0.001803
Epoch 183/300 | Train Loss: 0.001512 | Val Loss: 0.001834
Epoch 184/300 | Train Loss: 0.001555 | Val Loss: 0.001796
Epoch 185/300 | Train Loss: 0.001901 | Val Loss: 0.001838
Epoch 186/300 | Train Loss: 0.001417 | Val Loss: 0.001775
Epoch 187/300 | Train Loss: 0.001481 | Val Loss: 0.002102
Epoch 188/300 | Train Loss: 0.001533 | Val Loss: 0.001893
Epoch 189/300 | Train Loss: 0.001450 | Val Loss: 0.001887
Epoch 190/300 | Train Loss: 0.001677 | Val Loss: 0.001778
Epoch 191/300 | Train Loss: 0.001457 | Val Loss: 0.001812
Epoch 192/300 | Train Loss: 0.001481 | Val Loss: 0.001880
Epoch 193/300 | Train Loss: 0.001435 | Val Loss: 0.002164
Epoch 194/300 | Train Loss: 0.001482 | Val Loss: 0.001842
Epoch 195/300 | Train Loss: 0.001391 | Val Loss: 0.002354
Epoch 196/300 | Train Loss: 0.001437 | Val Loss: 0.001926
Epoch 197/300 | Train Loss: 0.001582 | Val Loss: 0.001800
Epoch 198/300 | Train Loss: 0.001316 | Val Loss: 0.001828
Epoch 199/300 | Train Loss: 0.001370 | Val Loss: 0.001690
Epoch 200/300 | Train Loss: 0.001354 | Val Loss: 0.002249
Epoch 201/300 | Train Loss: 0.001337 | Val Loss: 0.001548
Epoch 202/300 | Train Loss: 0.001315 | Val Loss: 0.001753
Epoch 203/300 | Train Loss: 0.001556 | Val Loss: 0.001764
Epoch 204/300 | Train Loss: 0.001218 | Val Loss: 0.001685
Epoch 205/300 | Train Loss: 0.001472 | Val Loss: 0.001837
Epoch 206/300 | Train Loss: 0.001232 | Val Loss: 0.001767
Epoch 207/300 | Train Loss: 0.001368 | Val Loss: 0.001631
Epoch 208/300 | Train Loss: 0.001374 | Val Loss: 0.001586
Epoch 209/300 | Train Loss: 0.001221 | Val Loss: 0.001542
Epoch 210/300 | Train Loss: 0.001403 | Val Loss: 0.001939
Epoch 211/300 | Train Loss: 0.001209 | Val Loss: 0.001483
Epoch 212/300 | Train Loss: 0.001276 | Val Loss: 0.001805
Epoch 213/300 | Train Loss: 0.001323 | Val Loss: 0.001589
Epoch 214/300 | Train Loss: 0.001240 | Val Loss: 0.001740
Epoch 215/300 | Train Loss: 0.001172 | Val Loss: 0.001808
Epoch 216/300 | Train Loss: 0.001349 | Val Loss: 0.001624
Epoch 217/300 | Train Loss: 0.001233 | Val Loss: 0.001712
Epoch 218/300 | Train Loss: 0.001217 | Val Loss: 0.001832
Epoch 219/300 | Train Loss: 0.001251 | Val Loss: 0.001607
Epoch 220/300 | Train Loss: 0.001153 | Val Loss: 0.001413
Epoch 221/300 | Train Loss: 0.001254 | Val Loss: 0.002517
Epoch 222/300 | Train Loss: 0.001222 | Val Loss: 0.001642
Epoch 223/300 | Train Loss: 0.001141 | Val Loss: 0.001713
Epoch 224/300 | Train Loss: 0.001134 | Val Loss: 0.001400
Epoch 225/300 | Train Loss: 0.001303 | Val Loss: 0.001425
Epoch 226/300 | Train Loss: 0.001094 | Val Loss: 0.001422
Epoch 227/300 | Train Loss: 0.001174 | Val Loss: 0.001489
Epoch 228/300 | Train Loss: 0.001208 | Val Loss: 0.001276
Epoch 229/300 | Train Loss: 0.001132 | Val Loss: 0.001350
Epoch 230/300 | Train Loss: 0.001130 | Val Loss: 0.001850
Epoch 231/300 | Train Loss: 0.001136 | Val Loss: 0.001457
Epoch 232/300 | Train Loss: 0.001164 | Val Loss: 0.001423
Epoch 233/300 | Train Loss: 0.001067 | Val Loss: 0.001527
Epoch 234/300 | Train Loss: 0.001092 | Val Loss: 0.001874
Epoch 235/300 | Train Loss: 0.001145 | Val Loss: 0.001595
Epoch 236/300 | Train Loss: 0.001083 | Val Loss: 0.001570
Epoch 237/300 | Train Loss: 0.001102 | Val Loss: 0.001349
Epoch 238/300 | Train Loss: 0.001170 | Val Loss: 0.001393
Epoch 239/300 | Train Loss: 0.001008 | Val Loss: 0.001622
Epoch 240/300 | Train Loss: 0.001063 | Val Loss: 0.001384
Epoch 241/300 | Train Loss: 0.001079 | Val Loss: 0.001345
Epoch 242/300 | Train Loss: 0.001036 | Val Loss: 0.001501
Epoch 243/300 | Train Loss: 0.001060 | Val Loss: 0.001641
Epoch 244/300 | Train Loss: 0.001016 | Val Loss: 0.001365
Epoch 245/300 | Train Loss: 0.001030 | Val Loss: 0.001419
Epoch 246/300 | Train Loss: 0.001025 | Val Loss: 0.001660
Epoch 247/300 | Train Loss: 0.001151 | Val Loss: 0.001357
Epoch 248/300 | Train Loss: 0.001033 | Val Loss: 0.001348
Epoch 249/300 | Train Loss: 0.000951 | Val Loss: 0.001239
Epoch 250/300 | Train Loss: 0.001006 | Val Loss: 0.001977
Epoch 251/300 | Train Loss: 0.000972 | Val Loss: 0.001226
Epoch 252/300 | Train Loss: 0.000970 | Val Loss: 0.001292
Epoch 253/300 | Train Loss: 0.001022 | Val Loss: 0.001423
Epoch 254/300 | Train Loss: 0.001064 | Val Loss: 0.001234
Epoch 255/300 | Train Loss: 0.000929 | Val Loss: 0.001287
Epoch 256/300 | Train Loss: 0.001014 | Val Loss: 0.001369
Epoch 257/300 | Train Loss: 0.000924 | Val Loss: 0.001415
Epoch 258/300 | Train Loss: 0.001051 | Val Loss: 0.001280
Epoch 259/300 | Train Loss: 0.000920 | Val Loss: 0.001266
Epoch 260/300 | Train Loss: 0.000963 | Val Loss: 0.001709
Epoch 261/300 | Train Loss: 0.001005 | Val Loss: 0.001436
Epoch 262/300 | Train Loss: 0.000918 | Val Loss: 0.001364
Epoch 263/300 | Train Loss: 0.000999 | Val Loss: 0.001152
Epoch 264/300 | Train Loss: 0.000901 | Val Loss: 0.001142
Epoch 265/300 | Train Loss: 0.000889 | Val Loss: 0.001327
Epoch 266/300 | Train Loss: 0.001045 | Val Loss: 0.001347
Epoch 267/300 | Train Loss: 0.000879 | Val Loss: 0.001269
Epoch 268/300 | Train Loss: 0.001173 | Val Loss: 0.001296
Epoch 269/300 | Train Loss: 0.000826 | Val Loss: 0.001236
Epoch 270/300 | Train Loss: 0.000856 | Val Loss: 0.001200
Epoch 271/300 | Train Loss: 0.000907 | Val Loss: 0.002624
Epoch 272/300 | Train Loss: 0.000996 | Val Loss: 0.001033
Epoch 273/300 | Train Loss: 0.000847 | Val Loss: 0.001131
Epoch 274/300 | Train Loss: 0.000981 | Val Loss: 0.002926
Epoch 275/300 | Train Loss: 0.000954 | Val Loss: 0.001102
Epoch 276/300 | Train Loss: 0.000837 | Val Loss: 0.001180
Epoch 277/300 | Train Loss: 0.000997 | Val Loss: 0.001466
Epoch 278/300 | Train Loss: 0.000854 | Val Loss: 0.001247
Epoch 279/300 | Train Loss: 0.000880 | Val Loss: 0.001231
Epoch 280/300 | Train Loss: 0.000831 | Val Loss: 0.001253
Epoch 281/300 | Train Loss: 0.000847 | Val Loss: 0.001487
Epoch 282/300 | Train Loss: 0.000918 | Val Loss: 0.001184
Epoch 283/300 | Train Loss: 0.001560 | Val Loss: 0.001161
Epoch 284/300 | Train Loss: 0.000854 | Val Loss: 0.001292
Epoch 285/300 | Train Loss: 0.000774 | Val Loss: 0.001389
Epoch 286/300 | Train Loss: 0.000827 | Val Loss: 0.001636
Epoch 287/300 | Train Loss: 0.000910 | Val Loss: 0.001193
Epoch 288/300 | Train Loss: 0.000887 | Val Loss: 0.001221
Epoch 289/300 | Train Loss: 0.000901 | Val Loss: 0.001503
Epoch 290/300 | Train Loss: 0.000929 | Val Loss: 0.001129
Epoch 291/300 | Train Loss: 0.000761 | Val Loss: 0.001136
Epoch 292/300 | Train Loss: 0.000844 | Val Loss: 0.001285
Epoch 293/300 | Train Loss: 0.000811 | Val Loss: 0.001260
Epoch 294/300 | Train Loss: 0.000870 | Val Loss: 0.001232
Epoch 295/300 | Train Loss: 0.000909 | Val Loss: 0.001418
Epoch 296/300 | Train Loss: 0.000839 | Val Loss: 0.001052
Epoch 297/300 | Train Loss: 0.000775 | Val Loss: 0.001241
Epoch 298/300 | Train Loss: 0.000841 | Val Loss: 0.001119
Epoch 299/300 | Train Loss: 0.000812 | Val Loss: 0.001244
Epoch 300/300 | Train Loss: 0.000810 | Val Loss: 0.001020
Test Loss: 0.001005
Done with test4
Starting training for TPInform with the following parameters: (started separately due to initial memerror)
	k - 2000
	epochs - 300
	DS: Max timediff in seq - 15
	DS: Total window size - 660
	DS: Prediction window size - 300
	DS: Stride - 15
	Training: Batch size - 32
	Training: Learning rate - 0.0001

Total dataset size: 53479
Using cuda...
Epoch 1/300 | Train Loss: 0.700125 | Val Loss: 0.343721
Epoch 2/300 | Train Loss: 0.156057 | Val Loss: 0.129121
Epoch 3/300 | Train Loss: 0.134017 | Val Loss: 0.097988
Epoch 4/300 | Train Loss: 0.100133 | Val Loss: 0.091574
Epoch 5/300 | Train Loss: 0.082712 | Val Loss: 0.095004
Epoch 6/300 | Train Loss: 0.076676 | Val Loss: 0.072086
Epoch 7/300 | Train Loss: 0.069361 | Val Loss: 0.070495
Epoch 8/300 | Train Loss: 0.063107 | Val Loss: 0.067445
Epoch 9/300 | Train Loss: 0.057394 | Val Loss: 0.043992
Epoch 10/300 | Train Loss: 0.052698 | Val Loss: 0.041619
Epoch 11/300 | Train Loss: 0.049217 | Val Loss: 0.042044
Epoch 12/300 | Train Loss: 0.045587 | Val Loss: 0.041223
Epoch 13/300 | Train Loss: 0.043888 | Val Loss: 0.048139
Epoch 14/300 | Train Loss: 0.040784 | Val Loss: 0.041718
Epoch 15/300 | Train Loss: 0.038935 | Val Loss: 0.034856
Epoch 16/300 | Train Loss: 0.037308 | Val Loss: 0.035452
Epoch 17/300 | Train Loss: 0.035367 | Val Loss: 0.043051
Epoch 18/300 | Train Loss: 0.033588 | Val Loss: 0.033528
Epoch 19/300 | Train Loss: 0.032341 | Val Loss: 0.032569
Epoch 20/300 | Train Loss: 0.030666 | Val Loss: 0.031882
Epoch 21/300 | Train Loss: 0.028929 | Val Loss: 0.027125
Epoch 22/300 | Train Loss: 0.029251 | Val Loss: 0.040145
Epoch 23/300 | Train Loss: 0.027819 | Val Loss: 0.027904
Epoch 24/300 | Train Loss: 0.026875 | Val Loss: 0.028618
Epoch 25/300 | Train Loss: 0.025821 | Val Loss: 0.031944
Epoch 26/300 | Train Loss: 0.024474 | Val Loss: 0.030062
Epoch 27/300 | Train Loss: 0.023821 | Val Loss: 0.025084
Epoch 28/300 | Train Loss: 0.023706 | Val Loss: 0.022219
Epoch 29/300 | Train Loss: 0.022486 | Val Loss: 0.021805
Epoch 30/300 | Train Loss: 0.022383 | Val Loss: 0.022337
Epoch 31/300 | Train Loss: 0.021829 | Val Loss: 0.019835
Epoch 32/300 | Train Loss: 0.021155 | Val Loss: 0.023688
Epoch 33/300 | Train Loss: 0.020450 | Val Loss: 0.021075
Epoch 34/300 | Train Loss: 0.019678 | Val Loss: 0.020456
Epoch 35/300 | Train Loss: 0.019323 | Val Loss: 0.019502
Epoch 36/300 | Train Loss: 0.019648 | Val Loss: 0.018226
Epoch 37/300 | Train Loss: 0.019040 | Val Loss: 0.019691
Epoch 38/300 | Train Loss: 0.018306 | Val Loss: 0.018082
Epoch 39/300 | Train Loss: 0.018231 | Val Loss: 0.017277
Epoch 40/300 | Train Loss: 0.017635 | Val Loss: 0.018651
Epoch 41/300 | Train Loss: 0.017237 | Val Loss: 0.016988
Epoch 42/300 | Train Loss: 0.017102 | Val Loss: 0.019613
Epoch 43/300 | Train Loss: 0.016971 | Val Loss: 0.015458
Epoch 44/300 | Train Loss: 0.016242 | Val Loss: 0.016841
Epoch 45/300 | Train Loss: 0.016359 | Val Loss: 0.017117
Epoch 46/300 | Train Loss: 0.015693 | Val Loss: 0.015688
Epoch 47/300 | Train Loss: 0.015761 | Val Loss: 0.019835
Epoch 48/300 | Train Loss: 0.015503 | Val Loss: 0.016967
Epoch 49/300 | Train Loss: 0.014857 | Val Loss: 0.014847
Epoch 50/300 | Train Loss: 0.014928 | Val Loss: 0.016651
Epoch 51/300 | Train Loss: 0.014692 | Val Loss: 0.016843
Epoch 52/300 | Train Loss: 0.014364 | Val Loss: 0.015848
Epoch 53/300 | Train Loss: 0.014092 | Val Loss: 0.014622
Epoch 54/300 | Train Loss: 0.014306 | Val Loss: 0.013782
Epoch 55/300 | Train Loss: 0.013600 | Val Loss: 0.013005
Epoch 56/300 | Train Loss: 0.013536 | Val Loss: 0.014265
Epoch 57/300 | Train Loss: 0.013228 | Val Loss: 0.012865
Epoch 58/300 | Train Loss: 0.012992 | Val Loss: 0.012089
Epoch 59/300 | Train Loss: 0.012964 | Val Loss: 0.014608
Epoch 60/300 | Train Loss: 0.012768 | Val Loss: 0.012741
Epoch 61/300 | Train Loss: 0.012776 | Val Loss: 0.012802
Epoch 62/300 | Train Loss: 0.012533 | Val Loss: 0.013382
Epoch 63/300 | Train Loss: 0.012004 | Val Loss: 0.011521
Epoch 64/300 | Train Loss: 0.011969 | Val Loss: 0.012974
Epoch 65/300 | Train Loss: 0.011622 | Val Loss: 0.012406
Epoch 66/300 | Train Loss: 0.011591 | Val Loss: 0.012397
Epoch 67/300 | Train Loss: 0.011352 | Val Loss: 0.012767
Epoch 68/300 | Train Loss: 0.011064 | Val Loss: 0.012742
Epoch 69/300 | Train Loss: 0.011033 | Val Loss: 0.012068
Epoch 70/300 | Train Loss: 0.010658 | Val Loss: 0.011411
Epoch 71/300 | Train Loss: 0.010461 | Val Loss: 0.010551
Epoch 72/300 | Train Loss: 0.010207 | Val Loss: 0.011261
Epoch 73/300 | Train Loss: 0.010263 | Val Loss: 0.010597
Epoch 74/300 | Train Loss: 0.009919 | Val Loss: 0.011961
Epoch 75/300 | Train Loss: 0.009748 | Val Loss: 0.009593
Epoch 76/300 | Train Loss: 0.009674 | Val Loss: 0.010577
Epoch 77/300 | Train Loss: 0.009329 | Val Loss: 0.009950
Epoch 78/300 | Train Loss: 0.009288 | Val Loss: 0.009651
Epoch 79/300 | Train Loss: 0.008860 | Val Loss: 0.009354
Epoch 80/300 | Train Loss: 0.009083 | Val Loss: 0.008697
Epoch 81/300 | Train Loss: 0.008913 | Val Loss: 0.009543
Epoch 82/300 | Train Loss: 0.008637 | Val Loss: 0.009956
Epoch 83/300 | Train Loss: 0.008489 | Val Loss: 0.009323
Epoch 84/300 | Train Loss: 0.008366 | Val Loss: 0.008921
Epoch 85/300 | Train Loss: 0.008292 | Val Loss: 0.008073
Epoch 86/300 | Train Loss: 0.008132 | Val Loss: 0.008314
Epoch 87/300 | Train Loss: 0.007935 | Val Loss: 0.008593
Epoch 88/300 | Train Loss: 0.007804 | Val Loss: 0.008844
Epoch 89/300 | Train Loss: 0.007769 | Val Loss: 0.007993
Epoch 90/300 | Train Loss: 0.007412 | Val Loss: 0.007855
Epoch 91/300 | Train Loss: 0.007373 | Val Loss: 0.007698
Epoch 92/300 | Train Loss: 0.007244 | Val Loss: 0.007756
Epoch 93/300 | Train Loss: 0.007139 | Val Loss: 0.007361
Epoch 94/300 | Train Loss: 0.007130 | Val Loss: 0.007699
Epoch 95/300 | Train Loss: 0.006833 | Val Loss: 0.007363
Epoch 96/300 | Train Loss: 0.006929 | Val Loss: 0.007530
Epoch 97/300 | Train Loss: 0.006833 | Val Loss: 0.007826
Epoch 98/300 | Train Loss: 0.006501 | Val Loss: 0.007097
Epoch 99/300 | Train Loss: 0.006852 | Val Loss: 0.006919
Epoch 100/300 | Train Loss: 0.006487 | Val Loss: 0.006404
Epoch 101/300 | Train Loss: 0.006392 | Val Loss: 0.008087
Epoch 102/300 | Train Loss: 0.006357 | Val Loss: 0.006675
Epoch 103/300 | Train Loss: 0.005924 | Val Loss: 0.006319
Epoch 104/300 | Train Loss: 0.006139 | Val Loss: 0.006849
Epoch 105/300 | Train Loss: 0.005771 | Val Loss: 0.006763
Epoch 106/300 | Train Loss: 0.005807 | Val Loss: 0.007055
Epoch 107/300 | Train Loss: 0.005955 | Val Loss: 0.006038
Epoch 108/300 | Train Loss: 0.005552 | Val Loss: 0.005996
Epoch 109/300 | Train Loss: 0.005661 | Val Loss: 0.005727
Epoch 110/300 | Train Loss: 0.005493 | Val Loss: 0.005633
Epoch 111/300 | Train Loss: 0.005480 | Val Loss: 0.005967
Epoch 112/300 | Train Loss: 0.005417 | Val Loss: 0.006188
Epoch 113/300 | Train Loss: 0.005561 | Val Loss: 0.006702
Epoch 114/300 | Train Loss: 0.005169 | Val Loss: 0.006147
Epoch 115/300 | Train Loss: 0.004929 | Val Loss: 0.005776
Epoch 116/300 | Train Loss: 0.004921 | Val Loss: 0.005248
Epoch 117/300 | Train Loss: 0.005068 | Val Loss: 0.006425
Epoch 118/300 | Train Loss: 0.005025 | Val Loss: 0.005271
Epoch 119/300 | Train Loss: 0.004664 | Val Loss: 0.006244
Epoch 120/300 | Train Loss: 0.004638 | Val Loss: 0.006465
Epoch 121/300 | Train Loss: 0.004786 | Val Loss: 0.005865
Epoch 122/300 | Train Loss: 0.004626 | Val Loss: 0.005012
Epoch 123/300 | Train Loss: 0.004490 | Val Loss: 0.005645
Epoch 124/300 | Train Loss: 0.004556 | Val Loss: 0.004713
Epoch 125/300 | Train Loss: 0.004362 | Val Loss: 0.006079
Epoch 126/300 | Train Loss: 0.004361 | Val Loss: 0.004341
Epoch 127/300 | Train Loss: 0.004297 | Val Loss: 0.004999
Epoch 128/300 | Train Loss: 0.004273 | Val Loss: 0.004253
Epoch 129/300 | Train Loss: 0.004077 | Val Loss: 0.004330
Epoch 130/300 | Train Loss: 0.004280 | Val Loss: 0.005190
Epoch 131/300 | Train Loss: 0.004021 | Val Loss: 0.004726
Epoch 132/300 | Train Loss: 0.003872 | Val Loss: 0.004360
Epoch 133/300 | Train Loss: 0.003934 | Val Loss: 0.004462
Epoch 134/300 | Train Loss: 0.004175 | Val Loss: 0.005115
Epoch 135/300 | Train Loss: 0.004030 | Val Loss: 0.004934
Epoch 136/300 | Train Loss: 0.003777 | Val Loss: 0.003996
Epoch 137/300 | Train Loss: 0.003663 | Val Loss: 0.004237
Epoch 138/300 | Train Loss: 0.003749 | Val Loss: 0.004057
Epoch 139/300 | Train Loss: 0.003811 | Val Loss: 0.003990
Epoch 140/300 | Train Loss: 0.003561 | Val Loss: 0.005403
Epoch 141/300 | Train Loss: 0.003672 | Val Loss: 0.004076
Epoch 142/300 | Train Loss: 0.003488 | Val Loss: 0.003917
Epoch 143/300 | Train Loss: 0.003504 | Val Loss: 0.004810
Epoch 144/300 | Train Loss: 0.003552 | Val Loss: 0.003701
Epoch 145/300 | Train Loss: 0.003404 | Val Loss: 0.003666
Epoch 146/300 | Train Loss: 0.003965 | Val Loss: 0.004430
Epoch 147/300 | Train Loss: 0.003262 | Val Loss: 0.005220
Epoch 148/300 | Train Loss: 0.003206 | Val Loss: 0.003495
Epoch 149/300 | Train Loss: 0.003220 | Val Loss: 0.003621
Epoch 150/300 | Train Loss: 0.003337 | Val Loss: 0.003739
Epoch 151/300 | Train Loss: 0.003377 | Val Loss: 0.003832
Epoch 152/300 | Train Loss: 0.003148 | Val Loss: 0.003871
Epoch 153/300 | Train Loss: 0.003331 | Val Loss: 0.004318
Epoch 154/300 | Train Loss: 0.003030 | Val Loss: 0.003332
Epoch 155/300 | Train Loss: 0.003037 | Val Loss: 0.003341
Epoch 156/300 | Train Loss: 0.003196 | Val Loss: 0.004370
Epoch 157/300 | Train Loss: 0.003112 | Val Loss: 0.003624
Epoch 158/300 | Train Loss: 0.002881 | Val Loss: 0.003343
Epoch 159/300 | Train Loss: 0.002947 | Val Loss: 0.003442
Epoch 160/300 | Train Loss: 0.002900 | Val Loss: 0.003438
Epoch 161/300 | Train Loss: 0.002822 | Val Loss: 0.003613
Epoch 162/300 | Train Loss: 0.002891 | Val Loss: 0.003247
Epoch 163/300 | Train Loss: 0.002817 | Val Loss: 0.003472
Epoch 164/300 | Train Loss: 0.003102 | Val Loss: 0.003332
Epoch 165/300 | Train Loss: 0.002630 | Val Loss: 0.002965
Epoch 166/300 | Train Loss: 0.002684 | Val Loss: 0.003195
Epoch 167/300 | Train Loss: 0.002634 | Val Loss: 0.002948
Epoch 168/300 | Train Loss: 0.002850 | Val Loss: 0.003233
Epoch 169/300 | Train Loss: 0.002496 | Val Loss: 0.003251
Epoch 170/300 | Train Loss: 0.002586 | Val Loss: 0.002928
Epoch 171/300 | Train Loss: 0.002650 | Val Loss: 0.003130
Epoch 172/300 | Train Loss: 0.002605 | Val Loss: 0.003388
Epoch 173/300 | Train Loss: 0.002589 | Val Loss: 0.003015
Epoch 174/300 | Train Loss: 0.002532 | Val Loss: 0.003190
Epoch 175/300 | Train Loss: 0.002437 | Val Loss: 0.003605
Epoch 176/300 | Train Loss: 0.002574 | Val Loss: 0.002724
Epoch 177/300 | Train Loss: 0.002423 | Val Loss: 0.002942
Epoch 178/300 | Train Loss: 0.002694 | Val Loss: 0.003097
Epoch 179/300 | Train Loss: 0.002304 | Val Loss: 0.002945
Epoch 180/300 | Train Loss: 0.002279 | Val Loss: 0.002623
Epoch 181/300 | Train Loss: 0.002349 | Val Loss: 0.002823
Epoch 182/300 | Train Loss: 0.002220 | Val Loss: 0.002510
Epoch 183/300 | Train Loss: 0.002458 | Val Loss: 0.002709
Epoch 184/300 | Train Loss: 0.002231 | Val Loss: 0.002917
Epoch 185/300 | Train Loss: 0.002171 | Val Loss: 0.003275
Epoch 186/300 | Train Loss: 0.002507 | Val Loss: 0.002842
Epoch 187/300 | Train Loss: 0.002111 | Val Loss: 0.002554
Epoch 188/300 | Train Loss: 0.002167 | Val Loss: 0.002500
Epoch 189/300 | Train Loss: 0.002256 | Val Loss: 0.002502
Epoch 190/300 | Train Loss: 0.002229 | Val Loss: 0.002703
Epoch 191/300 | Train Loss: 0.002075 | Val Loss: 0.002623
Epoch 192/300 | Train Loss: 0.002227 | Val Loss: 0.002540
Epoch 193/300 | Train Loss: 0.001981 | Val Loss: 0.002361
Epoch 194/300 | Train Loss: 0.002046 | Val Loss: 0.002511
Epoch 195/300 | Train Loss: 0.002024 | Val Loss: 0.002518
Epoch 196/300 | Train Loss: 0.002088 | Val Loss: 0.002485
Epoch 197/300 | Train Loss: 0.002275 | Val Loss: 0.002757
Epoch 198/300 | Train Loss: 0.001876 | Val Loss: 0.002456
Epoch 199/300 | Train Loss: 0.001965 | Val Loss: 0.002403
Epoch 200/300 | Train Loss: 0.001960 | Val Loss: 0.002603
Epoch 201/300 | Train Loss: 0.002200 | Val Loss: 0.002696
Epoch 202/300 | Train Loss: 0.002040 | Val Loss: 0.002260
Epoch 203/300 | Train Loss: 0.001931 | Val Loss: 0.002580
Epoch 204/300 | Train Loss: 0.001901 | Val Loss: 0.002372
Epoch 205/300 | Train Loss: 0.001968 | Val Loss: 0.002792
Epoch 206/300 | Train Loss: 0.001801 | Val Loss: 0.002372
Epoch 207/300 | Train Loss: 0.001937 | Val Loss: 0.002388
Epoch 208/300 | Train Loss: 0.001902 | Val Loss: 0.002190
Epoch 209/300 | Train Loss: 0.001800 | Val Loss: 0.002579
Epoch 210/300 | Train Loss: 0.001833 | Val Loss: 0.002491
Epoch 211/300 | Train Loss: 0.001836 | Val Loss: 0.002200
Epoch 212/300 | Train Loss: 0.001877 | Val Loss: 0.002493
Epoch 213/300 | Train Loss: 0.001951 | Val Loss: 0.002111
Epoch 214/300 | Train Loss: 0.001760 | Val Loss: 0.002527
Epoch 215/300 | Train Loss: 0.001820 | Val Loss: 0.002395
Epoch 216/300 | Train Loss: 0.001860 | Val Loss: 0.002020
Epoch 217/300 | Train Loss: 0.001728 | Val Loss: 0.002415
Epoch 218/300 | Train Loss: 0.001666 | Val Loss: 0.002189
Epoch 219/300 | Train Loss: 0.001827 | Val Loss: 0.002311
Epoch 220/300 | Train Loss: 0.001652 | Val Loss: 0.002494
Epoch 221/300 | Train Loss: 0.001759 | Val Loss: 0.001975
Epoch 222/300 | Train Loss: 0.001748 | Val Loss: 0.002400
Epoch 223/300 | Train Loss: 0.001728 | Val Loss: 0.002127
Epoch 224/300 | Train Loss: 0.001795 | Val Loss: 0.001986
Epoch 225/300 | Train Loss: 0.001603 | Val Loss: 0.002163
Epoch 226/300 | Train Loss: 0.001643 | Val Loss: 0.002198
Epoch 227/300 | Train Loss: 0.001792 | Val Loss: 0.002455
Epoch 228/300 | Train Loss: 0.001542 | Val Loss: 0.001948
Epoch 229/300 | Train Loss: 0.001834 | Val Loss: 0.002024
Epoch 230/300 | Train Loss: 0.001557 | Val Loss: 0.002462
Epoch 231/300 | Train Loss: 0.001579 | Val Loss: 0.002146
Epoch 232/300 | Train Loss: 0.001828 | Val Loss: 0.002127
Epoch 233/300 | Train Loss: 0.001512 | Val Loss: 0.002154
Epoch 234/300 | Train Loss: 0.001523 | Val Loss: 0.002067
Epoch 235/300 | Train Loss: 0.001486 | Val Loss: 0.001875
Epoch 236/300 | Train Loss: 0.001706 | Val Loss: 0.001964
Epoch 237/300 | Train Loss: 0.001659 | Val Loss: 0.001836
Epoch 238/300 | Train Loss: 0.001589 | Val Loss: 0.001964
Epoch 239/300 | Train Loss: 0.001400 | Val Loss: 0.001892
Epoch 240/300 | Train Loss: 0.001649 | Val Loss: 0.001930
Epoch 241/300 | Train Loss: 0.001399 | Val Loss: 0.001793
Epoch 242/300 | Train Loss: 0.001464 | Val Loss: 0.001846
Epoch 243/300 | Train Loss: 0.001564 | Val Loss: 0.002407
Epoch 244/300 | Train Loss: 0.001456 | Val Loss: 0.001867
Epoch 245/300 | Train Loss: 0.001489 | Val Loss: 0.002164
Epoch 246/300 | Train Loss: 0.001463 | Val Loss: 0.001820
Epoch 247/300 | Train Loss: 0.001482 | Val Loss: 0.002140
Epoch 248/300 | Train Loss: 0.001548 | Val Loss: 0.002071
Epoch 249/300 | Train Loss: 0.001508 | Val Loss: 0.001805
Epoch 250/300 | Train Loss: 0.001313 | Val Loss: 0.001915
Epoch 251/300 | Train Loss: 0.001476 | Val Loss: 0.002088
Epoch 252/300 | Train Loss: 0.001387 | Val Loss: 0.001753
Epoch 253/300 | Train Loss: 0.001665 | Val Loss: 0.004127
Epoch 254/300 | Train Loss: 0.001443 | Val Loss: 0.001906
Epoch 255/300 | Train Loss: 0.001378 | Val Loss: 0.001917
Epoch 256/300 | Train Loss: 0.001338 | Val Loss: 0.001873
Epoch 257/300 | Train Loss: 0.001456 | Val Loss: 0.001955
Epoch 258/300 | Train Loss: 0.001316 | Val Loss: 0.001876
Epoch 259/300 | Train Loss: 0.001410 | Val Loss: 0.001762
Epoch 260/300 | Train Loss: 0.001330 | Val Loss: 0.001687
Epoch 261/300 | Train Loss: 0.001365 | Val Loss: 0.001720
Epoch 262/300 | Train Loss: 0.001294 | Val Loss: 0.001721
Epoch 263/300 | Train Loss: 0.001369 | Val Loss: 0.001975
Epoch 264/300 | Train Loss: 0.001403 | Val Loss: 0.001703
Epoch 265/300 | Train Loss: 0.001226 | Val Loss: 0.001961
Epoch 266/300 | Train Loss: 0.001315 | Val Loss: 0.001671
Epoch 267/300 | Train Loss: 0.001699 | Val Loss: 0.001718
Epoch 268/300 | Train Loss: 0.001255 | Val Loss: 0.001683
Epoch 269/300 | Train Loss: 0.001202 | Val Loss: 0.001601
Epoch 270/300 | Train Loss: 0.001329 | Val Loss: 0.001821
Epoch 271/300 | Train Loss: 0.001261 | Val Loss: 0.001511
Epoch 272/300 | Train Loss: 0.001292 | Val Loss: 0.001721
Epoch 273/300 | Train Loss: 0.001474 | Val Loss: 0.001591
Epoch 274/300 | Train Loss: 0.001226 | Val Loss: 0.001552
Epoch 275/300 | Train Loss: 0.001182 | Val Loss: 0.001505
Epoch 276/300 | Train Loss: 0.001243 | Val Loss: 0.001646
Epoch 277/300 | Train Loss: 0.001478 | Val Loss: 0.001571
Epoch 278/300 | Train Loss: 0.001158 | Val Loss: 0.001470
Epoch 279/300 | Train Loss: 0.001185 | Val Loss: 0.001782
Epoch 280/300 | Train Loss: 0.001176 | Val Loss: 0.001733
Epoch 281/300 | Train Loss: 0.001338 | Val Loss: 0.001613
Epoch 282/300 | Train Loss: 0.001125 | Val Loss: 0.001935
Epoch 283/300 | Train Loss: 0.001202 | Val Loss: 0.001981
Epoch 284/300 | Train Loss: 0.001225 | Val Loss: 0.001740
Epoch 285/300 | Train Loss: 0.001114 | Val Loss: 0.001461
Epoch 286/300 | Train Loss: 0.001312 | Val Loss: 0.001440
Epoch 287/300 | Train Loss: 0.001125 | Val Loss: 0.001628
Epoch 288/300 | Train Loss: 0.001354 | Val Loss: 0.001568
Epoch 289/300 | Train Loss: 0.001081 | Val Loss: 0.001563
Epoch 290/300 | Train Loss: 0.001173 | Val Loss: 0.001676
Epoch 291/300 | Train Loss: 0.001128 | Val Loss: 0.001462
Epoch 292/300 | Train Loss: 0.001155 | Val Loss: 0.001432
Epoch 293/300 | Train Loss: 0.001408 | Val Loss: 0.001575
Epoch 294/300 | Train Loss: 0.001070 | Val Loss: 0.001666
Epoch 295/300 | Train Loss: 0.001110 | Val Loss: 0.001816
Epoch 296/300 | Train Loss: 0.001145 | Val Loss: 0.001728
Epoch 297/300 | Train Loss: 0.001136 | Val Loss: 0.001486
Epoch 298/300 | Train Loss: 0.001097 | Val Loss: 0.001460
Epoch 299/300 | Train Loss: 0.001139 | Val Loss: 0.001463
Epoch 300/300 | Train Loss: 0.001091 | Val Loss: 0.001655
Test Loss: 0.001656
Done with test5

------------------------------------------------------------
Sender: LSF System <lsfadmin@hpc.dtu.dk>
Subject: Job 27110966: <TPInform> in cluster <dcc> Exited

Job <TPInform> was submitted from host <gbarlogin1> by user <s242823> in cluster <dcc> at Thu Nov 20 12:14:53 2025
Job was executed on host(s) <4*n-62-13-16>, in queue <gpul40s>, as user <s242823> in cluster <dcc> at Thu Nov 20 13:01:08 2025
</zhome/b1/8/213657> was used as the home directory.
</zhome/b1/8/213657/DeepLearning> was used as the working directory.
Started at Thu Nov 20 13:01:08 2025
Terminated at Thu Nov 20 23:23:02 2025
Results reported at Thu Nov 20 23:23:02 2025

Your job looked like:

------------------------------------------------------------
# LSBATCH: User input
#!/bin/bash

#BSUB -J TPInform                 # Job name
#BSUB -o logs/output_tpi_%J.log                # Output log file (including job ID %J)
#BSUB -e logs/error_tpi_%J.err                 # Error log file
#BSUB -q gpul40s                          # Queue name (gpu queue)
#BSUB -gpu "num=1:mode=exclusive_process"   # Request 1 GPU
#BSUB -R "rusage[mem=4G]"             # Request 4 GB of RAM
#BSUB -W 20:00                        # Time limit (6 hours)
#BSUB -R "span[hosts=1]"             # Number of CPUs
#BSUB -n 4                            # Number of CPU cores

# Run this command first to make the script executable:
# chmod +x job.sh
# Then, when wanting to run on GPU, we need to run this job in the terminal with:
# bsub < ./job.sh
# It uses some scheduling system which uses these bsub arguments above to assign ressources somehow :)

# Load the cuda module to make it accessible to pytorch
module load cuda

# changes directory into your home (change this to your own home path (which you can find with 'echo $HOME'))
cd /zhome/b1/8/213657/
#cd /zhome/63/7/219953/
# sources the python virtual environment (not sure if you need this, probably not if you installed everything in the base python)
source venv/bin/activate
# changes directory into the deep learning project folder
cd DeepLearning
# executes the script
python tpinform.py --k 1000 --epochs 300 --ds_window_total 420 --ds_window_pred 60

echo "Done with test1"

python tpinform.py --k 1000 --epochs 300 --ds_window_total 480 --ds_window_pred 120

echo "Done with test2"

python tpinform.py --k 1500 --epochs 300 --ds_window_total 540 --ds_window_pred 180

echo "Done with test3"

python tpinform.py --k 2000 --epochs 300 --ds_window_total 600 --ds_window_pred 240

echo "Done with test4"

python tpinform.py --k 2500 --epochs 300 --ds_window_total 660 --ds_window_pred 300

echo "Done with test5"
------------------------------------------------------------

TERM_MEMLIMIT: job killed after reaching LSF memory usage limit.
Exited with signal termination: 25.

Resource usage summary:

    CPU time :                                   37376.00 sec.
    Max Memory :                                 16384 MB
    Average Memory :                             4562.38 MB
    Total Requested Memory :                     16384.00 MB
    Delta Memory :                               0.00 MB
    Max Swap :                                   -
    Max Processes :                              4
    Max Threads :                                18
    Run time :                                   37314 sec.
    Turnaround time :                            40089 sec.

The output (if any) is above this job summary.



PS:

Read file <logs/error_tpi_27110966.err> for stderr output of this job.

