Starting training for TempTPI with the following parameters:
	k - 1000
	epochs - 300
	DS: Max timediff in seq - 15
	DS: Total window size - 420
	DS: Prediction window size - 60
	DS: Stride - 15
	Training: Batch size - 32
	Training: Learning rate - 0.0001

Total dataset size: 37114
Using cuda...
Epoch 1/300 | Train Loss: 0.052715 | Val Loss: 0.006723
Epoch 2/300 | Train Loss: 0.008540 | Val Loss: 0.005899
Epoch 3/300 | Train Loss: 0.007746 | Val Loss: 0.006067
Epoch 4/300 | Train Loss: 0.007403 | Val Loss: 0.008472
Epoch 5/300 | Train Loss: 0.006091 | Val Loss: 0.005112
Epoch 6/300 | Train Loss: 0.004362 | Val Loss: 0.003984
Epoch 7/300 | Train Loss: 0.003664 | Val Loss: 0.002762
Epoch 8/300 | Train Loss: 0.003171 | Val Loss: 0.002177
Epoch 9/300 | Train Loss: 0.002752 | Val Loss: 0.002432
Epoch 10/300 | Train Loss: 0.002689 | Val Loss: 0.002545
Epoch 11/300 | Train Loss: 0.002442 | Val Loss: 0.002179
Epoch 12/300 | Train Loss: 0.002322 | Val Loss: 0.002241
Epoch 13/300 | Train Loss: 0.002173 | Val Loss: 0.002257
Epoch 14/300 | Train Loss: 0.002017 | Val Loss: 0.004450
Epoch 15/300 | Train Loss: 0.001930 | Val Loss: 0.001584
Epoch 16/300 | Train Loss: 0.001815 | Val Loss: 0.002826
Epoch 17/300 | Train Loss: 0.001914 | Val Loss: 0.001473
Epoch 18/300 | Train Loss: 0.001842 | Val Loss: 0.001429
Epoch 19/300 | Train Loss: 0.001720 | Val Loss: 0.002019
Epoch 20/300 | Train Loss: 0.001791 | Val Loss: 0.002470
Epoch 21/300 | Train Loss: 0.001686 | Val Loss: 0.001681
Epoch 22/300 | Train Loss: 0.001682 | Val Loss: 0.002342
Epoch 23/300 | Train Loss: 0.001565 | Val Loss: 0.001499
Epoch 24/300 | Train Loss: 0.001621 | Val Loss: 0.001626
Epoch 25/300 | Train Loss: 0.001538 | Val Loss: 0.001502
Epoch 26/300 | Train Loss: 0.001562 | Val Loss: 0.001416
Epoch 27/300 | Train Loss: 0.001504 | Val Loss: 0.001777
Epoch 28/300 | Train Loss: 0.001458 | Val Loss: 0.001578
Epoch 29/300 | Train Loss: 0.001450 | Val Loss: 0.001530
Epoch 30/300 | Train Loss: 0.001347 | Val Loss: 0.001226
Epoch 31/300 | Train Loss: 0.001303 | Val Loss: 0.001346
Epoch 32/300 | Train Loss: 0.001353 | Val Loss: 0.002092
Epoch 33/300 | Train Loss: 0.001331 | Val Loss: 0.001132
Epoch 34/300 | Train Loss: 0.001279 | Val Loss: 0.001570
Epoch 35/300 | Train Loss: 0.001316 | Val Loss: 0.001155
Epoch 36/300 | Train Loss: 0.001274 | Val Loss: 0.001542
Epoch 37/300 | Train Loss: 0.001293 | Val Loss: 0.001439
Epoch 38/300 | Train Loss: 0.001208 | Val Loss: 0.001091
Epoch 39/300 | Train Loss: 0.001210 | Val Loss: 0.001264
Epoch 40/300 | Train Loss: 0.001207 | Val Loss: 0.001289
Epoch 41/300 | Train Loss: 0.001184 | Val Loss: 0.001024
Epoch 42/300 | Train Loss: 0.001177 | Val Loss: 0.001176
Epoch 43/300 | Train Loss: 0.001165 | Val Loss: 0.001127
Epoch 44/300 | Train Loss: 0.001148 | Val Loss: 0.001378
Epoch 45/300 | Train Loss: 0.001118 | Val Loss: 0.001255
Epoch 46/300 | Train Loss: 0.001157 | Val Loss: 0.001119
Epoch 47/300 | Train Loss: 0.001114 | Val Loss: 0.001379
Epoch 48/300 | Train Loss: 0.001112 | Val Loss: 0.001261
Epoch 49/300 | Train Loss: 0.001107 | Val Loss: 0.001036
Epoch 50/300 | Train Loss: 0.001067 | Val Loss: 0.001339
Epoch 51/300 | Train Loss: 0.001077 | Val Loss: 0.001111
Epoch 52/300 | Train Loss: 0.001061 | Val Loss: 0.001031
Epoch 53/300 | Train Loss: 0.001085 | Val Loss: 0.001104
Epoch 54/300 | Train Loss: 0.001051 | Val Loss: 0.000944
Epoch 55/300 | Train Loss: 0.001014 | Val Loss: 0.001481
Epoch 56/300 | Train Loss: 0.001033 | Val Loss: 0.001118
Epoch 57/300 | Train Loss: 0.001044 | Val Loss: 0.001044
Epoch 58/300 | Train Loss: 0.001000 | Val Loss: 0.001101
Epoch 59/300 | Train Loss: 0.001013 | Val Loss: 0.001083
Epoch 60/300 | Train Loss: 0.001007 | Val Loss: 0.000939
Epoch 61/300 | Train Loss: 0.000993 | Val Loss: 0.000956
Epoch 62/300 | Train Loss: 0.000983 | Val Loss: 0.000976
Epoch 63/300 | Train Loss: 0.000969 | Val Loss: 0.000917
Epoch 64/300 | Train Loss: 0.000944 | Val Loss: 0.001066
Epoch 65/300 | Train Loss: 0.000960 | Val Loss: 0.000880
Epoch 66/300 | Train Loss: 0.000945 | Val Loss: 0.000919
Epoch 67/300 | Train Loss: 0.000925 | Val Loss: 0.001006
Epoch 68/300 | Train Loss: 0.000940 | Val Loss: 0.001035
Epoch 69/300 | Train Loss: 0.000968 | Val Loss: 0.000933
Epoch 70/300 | Train Loss: 0.000930 | Val Loss: 0.000932
Epoch 71/300 | Train Loss: 0.000900 | Val Loss: 0.000855
Epoch 72/300 | Train Loss: 0.000913 | Val Loss: 0.001005
Epoch 73/300 | Train Loss: 0.000890 | Val Loss: 0.000983
Epoch 74/300 | Train Loss: 0.000883 | Val Loss: 0.000928
Epoch 75/300 | Train Loss: 0.000907 | Val Loss: 0.000846
Epoch 76/300 | Train Loss: 0.000867 | Val Loss: 0.000864
Epoch 77/300 | Train Loss: 0.000873 | Val Loss: 0.000815
Epoch 78/300 | Train Loss: 0.000846 | Val Loss: 0.000868
Epoch 79/300 | Train Loss: 0.000857 | Val Loss: 0.000909
Epoch 80/300 | Train Loss: 0.000865 | Val Loss: 0.000896
Epoch 81/300 | Train Loss: 0.000840 | Val Loss: 0.000909
Epoch 82/300 | Train Loss: 0.000845 | Val Loss: 0.000862
Epoch 83/300 | Train Loss: 0.000827 | Val Loss: 0.000818
Epoch 84/300 | Train Loss: 0.000810 | Val Loss: 0.000892
Epoch 85/300 | Train Loss: 0.000808 | Val Loss: 0.000808
Epoch 86/300 | Train Loss: 0.000808 | Val Loss: 0.000772
Epoch 87/300 | Train Loss: 0.000794 | Val Loss: 0.000766
Epoch 88/300 | Train Loss: 0.000795 | Val Loss: 0.000789
Epoch 89/300 | Train Loss: 0.000791 | Val Loss: 0.000811
Epoch 90/300 | Train Loss: 0.000787 | Val Loss: 0.000776
Epoch 91/300 | Train Loss: 0.000787 | Val Loss: 0.000929
Epoch 92/300 | Train Loss: 0.000790 | Val Loss: 0.000863
Epoch 93/300 | Train Loss: 0.000763 | Val Loss: 0.000785
Epoch 94/300 | Train Loss: 0.000762 | Val Loss: 0.000789
Epoch 95/300 | Train Loss: 0.000745 | Val Loss: 0.000800
Epoch 96/300 | Train Loss: 0.000750 | Val Loss: 0.000809
Epoch 97/300 | Train Loss: 0.000744 | Val Loss: 0.000815
Epoch 98/300 | Train Loss: 0.000741 | Val Loss: 0.000749
Epoch 99/300 | Train Loss: 0.000730 | Val Loss: 0.000760
Epoch 100/300 | Train Loss: 0.000732 | Val Loss: 0.000788
Epoch 101/300 | Train Loss: 0.000721 | Val Loss: 0.000808
Epoch 102/300 | Train Loss: 0.000718 | Val Loss: 0.000731
Epoch 103/300 | Train Loss: 0.000718 | Val Loss: 0.000757
Epoch 104/300 | Train Loss: 0.000707 | Val Loss: 0.000771
Epoch 105/300 | Train Loss: 0.000713 | Val Loss: 0.000810
Epoch 106/300 | Train Loss: 0.000698 | Val Loss: 0.000746
Epoch 107/300 | Train Loss: 0.000693 | Val Loss: 0.000711
Epoch 108/300 | Train Loss: 0.000695 | Val Loss: 0.000689
Epoch 109/300 | Train Loss: 0.000695 | Val Loss: 0.000761
Epoch 110/300 | Train Loss: 0.000661 | Val Loss: 0.000692
Epoch 111/300 | Train Loss: 0.000671 | Val Loss: 0.000684
Epoch 112/300 | Train Loss: 0.000657 | Val Loss: 0.000886
Epoch 113/300 | Train Loss: 0.000670 | Val Loss: 0.000713
Epoch 114/300 | Train Loss: 0.000658 | Val Loss: 0.000712
Epoch 115/300 | Train Loss: 0.000647 | Val Loss: 0.000736
Epoch 116/300 | Train Loss: 0.000654 | Val Loss: 0.000691
Epoch 117/300 | Train Loss: 0.000635 | Val Loss: 0.000691
Epoch 118/300 | Train Loss: 0.000644 | Val Loss: 0.000679
Epoch 119/300 | Train Loss: 0.000642 | Val Loss: 0.000682
Epoch 120/300 | Train Loss: 0.000617 | Val Loss: 0.000698
Epoch 121/300 | Train Loss: 0.000632 | Val Loss: 0.000790
Epoch 122/300 | Train Loss: 0.000617 | Val Loss: 0.000704
Epoch 123/300 | Train Loss: 0.000612 | Val Loss: 0.000699
Epoch 124/300 | Train Loss: 0.000601 | Val Loss: 0.000749
Epoch 125/300 | Train Loss: 0.000616 | Val Loss: 0.000658
Epoch 126/300 | Train Loss: 0.000599 | Val Loss: 0.000645
Epoch 127/300 | Train Loss: 0.000600 | Val Loss: 0.000697
Epoch 128/300 | Train Loss: 0.000601 | Val Loss: 0.000650
Epoch 129/300 | Train Loss: 0.000587 | Val Loss: 0.000648
Epoch 130/300 | Train Loss: 0.000587 | Val Loss: 0.000669
Epoch 131/300 | Train Loss: 0.000591 | Val Loss: 0.000702
Epoch 132/300 | Train Loss: 0.000579 | Val Loss: 0.000653
Epoch 133/300 | Train Loss: 0.000568 | Val Loss: 0.000616
Epoch 134/300 | Train Loss: 0.000564 | Val Loss: 0.000837
Epoch 135/300 | Train Loss: 0.000567 | Val Loss: 0.000672
Epoch 136/300 | Train Loss: 0.000552 | Val Loss: 0.000682
Epoch 137/300 | Train Loss: 0.000564 | Val Loss: 0.000614
Epoch 138/300 | Train Loss: 0.000541 | Val Loss: 0.000607
Epoch 139/300 | Train Loss: 0.000543 | Val Loss: 0.000661
Epoch 140/300 | Train Loss: 0.000537 | Val Loss: 0.000606
Epoch 141/300 | Train Loss: 0.000539 | Val Loss: 0.000694
Epoch 142/300 | Train Loss: 0.000531 | Val Loss: 0.000649
Epoch 143/300 | Train Loss: 0.000527 | Val Loss: 0.000663
Epoch 144/300 | Train Loss: 0.000522 | Val Loss: 0.000621
Epoch 145/300 | Train Loss: 0.000523 | Val Loss: 0.000658
Epoch 146/300 | Train Loss: 0.000524 | Val Loss: 0.000695
Epoch 147/300 | Train Loss: 0.000519 | Val Loss: 0.000698
Epoch 148/300 | Train Loss: 0.000512 | Val Loss: 0.000561
Epoch 149/300 | Train Loss: 0.000513 | Val Loss: 0.000607
Epoch 150/300 | Train Loss: 0.000508 | Val Loss: 0.000604
Epoch 151/300 | Train Loss: 0.000496 | Val Loss: 0.000605
Epoch 152/300 | Train Loss: 0.000502 | Val Loss: 0.000667
Epoch 153/300 | Train Loss: 0.000495 | Val Loss: 0.000635
Epoch 154/300 | Train Loss: 0.000492 | Val Loss: 0.000656
Epoch 155/300 | Train Loss: 0.000485 | Val Loss: 0.000613
Epoch 156/300 | Train Loss: 0.000488 | Val Loss: 0.000618
Epoch 157/300 | Train Loss: 0.000481 | Val Loss: 0.000572
Epoch 158/300 | Train Loss: 0.000482 | Val Loss: 0.000585
Epoch 159/300 | Train Loss: 0.000476 | Val Loss: 0.000558
Epoch 160/300 | Train Loss: 0.000452 | Val Loss: 0.000558
Epoch 161/300 | Train Loss: 0.000456 | Val Loss: 0.000613
Epoch 162/300 | Train Loss: 0.000462 | Val Loss: 0.000567
Epoch 163/300 | Train Loss: 0.000463 | Val Loss: 0.000615
Epoch 164/300 | Train Loss: 0.000459 | Val Loss: 0.000560
Epoch 165/300 | Train Loss: 0.000447 | Val Loss: 0.000604
Epoch 166/300 | Train Loss: 0.000451 | Val Loss: 0.000550
Epoch 167/300 | Train Loss: 0.000442 | Val Loss: 0.000522
Epoch 168/300 | Train Loss: 0.000441 | Val Loss: 0.000554
Epoch 169/300 | Train Loss: 0.000435 | Val Loss: 0.000565
Epoch 170/300 | Train Loss: 0.000432 | Val Loss: 0.000584
Epoch 171/300 | Train Loss: 0.000435 | Val Loss: 0.000563
Epoch 172/300 | Train Loss: 0.000431 | Val Loss: 0.000544
Epoch 173/300 | Train Loss: 0.000424 | Val Loss: 0.000556
Epoch 174/300 | Train Loss: 0.000432 | Val Loss: 0.000534
Epoch 175/300 | Train Loss: 0.000410 | Val Loss: 0.000552
Epoch 176/300 | Train Loss: 0.000418 | Val Loss: 0.000583
Epoch 177/300 | Train Loss: 0.000412 | Val Loss: 0.000667
Epoch 178/300 | Train Loss: 0.000409 | Val Loss: 0.000511
Epoch 179/300 | Train Loss: 0.000401 | Val Loss: 0.000518
Epoch 180/300 | Train Loss: 0.000405 | Val Loss: 0.000540
Epoch 181/300 | Train Loss: 0.000400 | Val Loss: 0.000530
Epoch 182/300 | Train Loss: 0.000403 | Val Loss: 0.000530
Epoch 183/300 | Train Loss: 0.000400 | Val Loss: 0.000570
Epoch 184/300 | Train Loss: 0.000397 | Val Loss: 0.000582
Epoch 185/300 | Train Loss: 0.000392 | Val Loss: 0.000521
Epoch 186/300 | Train Loss: 0.000391 | Val Loss: 0.000533
Epoch 187/300 | Train Loss: 0.000386 | Val Loss: 0.000530
Epoch 188/300 | Train Loss: 0.000378 | Val Loss: 0.000530
Epoch 189/300 | Train Loss: 0.000390 | Val Loss: 0.000583
Epoch 190/300 | Train Loss: 0.000383 | Val Loss: 0.000503
Epoch 191/300 | Train Loss: 0.000368 | Val Loss: 0.000530
Epoch 192/300 | Train Loss: 0.000372 | Val Loss: 0.000531
Epoch 193/300 | Train Loss: 0.000371 | Val Loss: 0.000597
Epoch 194/300 | Train Loss: 0.000364 | Val Loss: 0.000499
Epoch 195/300 | Train Loss: 0.000367 | Val Loss: 0.000478
Epoch 196/300 | Train Loss: 0.000355 | Val Loss: 0.000535
Epoch 197/300 | Train Loss: 0.000362 | Val Loss: 0.000519
Epoch 198/300 | Train Loss: 0.000360 | Val Loss: 0.000498
Epoch 199/300 | Train Loss: 0.000352 | Val Loss: 0.000523
Epoch 200/300 | Train Loss: 0.000348 | Val Loss: 0.000533
Epoch 201/300 | Train Loss: 0.000344 | Val Loss: 0.000515
Epoch 202/300 | Train Loss: 0.000351 | Val Loss: 0.000535
Epoch 203/300 | Train Loss: 0.000345 | Val Loss: 0.000520
Epoch 204/300 | Train Loss: 0.000346 | Val Loss: 0.000560
Epoch 205/300 | Train Loss: 0.000336 | Val Loss: 0.000483
Epoch 206/300 | Train Loss: 0.000340 | Val Loss: 0.000492
Epoch 207/300 | Train Loss: 0.000340 | Val Loss: 0.000458
Epoch 208/300 | Train Loss: 0.000334 | Val Loss: 0.000494
Epoch 209/300 | Train Loss: 0.000330 | Val Loss: 0.000553
Epoch 210/300 | Train Loss: 0.000332 | Val Loss: 0.000478
Epoch 211/300 | Train Loss: 0.000326 | Val Loss: 0.000520
Epoch 212/300 | Train Loss: 0.000338 | Val Loss: 0.000471
Epoch 213/300 | Train Loss: 0.000320 | Val Loss: 0.000481
Epoch 214/300 | Train Loss: 0.000316 | Val Loss: 0.000502
Epoch 215/300 | Train Loss: 0.000312 | Val Loss: 0.000520
Epoch 216/300 | Train Loss: 0.000314 | Val Loss: 0.000519
Epoch 217/300 | Train Loss: 0.000312 | Val Loss: 0.000461
Epoch 218/300 | Train Loss: 0.000312 | Val Loss: 0.000501
Epoch 219/300 | Train Loss: 0.000312 | Val Loss: 0.000513
Epoch 220/300 | Train Loss: 0.000304 | Val Loss: 0.000474
Epoch 221/300 | Train Loss: 0.000304 | Val Loss: 0.000484
Epoch 222/300 | Train Loss: 0.000295 | Val Loss: 0.000483
Epoch 223/300 | Train Loss: 0.000305 | Val Loss: 0.000483
Epoch 224/300 | Train Loss: 0.000302 | Val Loss: 0.000441
Epoch 225/300 | Train Loss: 0.000296 | Val Loss: 0.000450
Epoch 226/300 | Train Loss: 0.000293 | Val Loss: 0.000451
Epoch 227/300 | Train Loss: 0.000296 | Val Loss: 0.000483
Epoch 228/300 | Train Loss: 0.000291 | Val Loss: 0.000458
Epoch 229/300 | Train Loss: 0.000284 | Val Loss: 0.000497
Epoch 230/300 | Train Loss: 0.000286 | Val Loss: 0.000428
Epoch 231/300 | Train Loss: 0.000289 | Val Loss: 0.000518
Epoch 232/300 | Train Loss: 0.000290 | Val Loss: 0.000480
Epoch 233/300 | Train Loss: 0.000290 | Val Loss: 0.000464
Epoch 234/300 | Train Loss: 0.000276 | Val Loss: 0.000503
Epoch 235/300 | Train Loss: 0.000281 | Val Loss: 0.000428
Epoch 236/300 | Train Loss: 0.000277 | Val Loss: 0.000456
Epoch 237/300 | Train Loss: 0.000276 | Val Loss: 0.000459
Epoch 238/300 | Train Loss: 0.000269 | Val Loss: 0.000465
Epoch 239/300 | Train Loss: 0.000275 | Val Loss: 0.000456
Epoch 240/300 | Train Loss: 0.000280 | Val Loss: 0.000430
Epoch 241/300 | Train Loss: 0.000265 | Val Loss: 0.000410
Epoch 242/300 | Train Loss: 0.000270 | Val Loss: 0.000508
Epoch 243/300 | Train Loss: 0.000261 | Val Loss: 0.000427
Epoch 244/300 | Train Loss: 0.000264 | Val Loss: 0.000440
Epoch 245/300 | Train Loss: 0.000255 | Val Loss: 0.000467
Epoch 246/300 | Train Loss: 0.000261 | Val Loss: 0.000459
Epoch 247/300 | Train Loss: 0.000259 | Val Loss: 0.000468
Epoch 248/300 | Train Loss: 0.000260 | Val Loss: 0.000403
Epoch 249/300 | Train Loss: 0.000249 | Val Loss: 0.000396
Epoch 250/300 | Train Loss: 0.000249 | Val Loss: 0.000434
Epoch 251/300 | Train Loss: 0.000250 | Val Loss: 0.000434
Epoch 252/300 | Train Loss: 0.000253 | Val Loss: 0.000457
Epoch 253/300 | Train Loss: 0.000252 | Val Loss: 0.000450
Epoch 254/300 | Train Loss: 0.000245 | Val Loss: 0.000443
Epoch 255/300 | Train Loss: 0.000249 | Val Loss: 0.000473
Epoch 256/300 | Train Loss: 0.000248 | Val Loss: 0.000436
Epoch 257/300 | Train Loss: 0.000238 | Val Loss: 0.000465
Epoch 258/300 | Train Loss: 0.000241 | Val Loss: 0.000477
Epoch 259/300 | Train Loss: 0.000248 | Val Loss: 0.000448
Epoch 260/300 | Train Loss: 0.000235 | Val Loss: 0.000430
Epoch 261/300 | Train Loss: 0.000237 | Val Loss: 0.000418
Epoch 262/300 | Train Loss: 0.000238 | Val Loss: 0.000432
Epoch 263/300 | Train Loss: 0.000235 | Val Loss: 0.000375
Epoch 264/300 | Train Loss: 0.000240 | Val Loss: 0.000421
Epoch 265/300 | Train Loss: 0.000229 | Val Loss: 0.000404
Epoch 266/300 | Train Loss: 0.000227 | Val Loss: 0.000441
Epoch 267/300 | Train Loss: 0.000226 | Val Loss: 0.000453
Epoch 268/300 | Train Loss: 0.000234 | Val Loss: 0.000384
Epoch 269/300 | Train Loss: 0.000224 | Val Loss: 0.000451
Epoch 270/300 | Train Loss: 0.000229 | Val Loss: 0.000439
Epoch 271/300 | Train Loss: 0.000220 | Val Loss: 0.000480
Epoch 272/300 | Train Loss: 0.000225 | Val Loss: 0.000406
Epoch 273/300 | Train Loss: 0.000216 | Val Loss: 0.000434
Epoch 274/300 | Train Loss: 0.000226 | Val Loss: 0.000414
Epoch 275/300 | Train Loss: 0.000218 | Val Loss: 0.000406
Epoch 276/300 | Train Loss: 0.000213 | Val Loss: 0.000379
Epoch 277/300 | Train Loss: 0.000220 | Val Loss: 0.000424
Epoch 278/300 | Train Loss: 0.000216 | Val Loss: 0.000365
Epoch 279/300 | Train Loss: 0.000217 | Val Loss: 0.000377
Epoch 280/300 | Train Loss: 0.000209 | Val Loss: 0.000384
Epoch 281/300 | Train Loss: 0.000215 | Val Loss: 0.000398
Epoch 282/300 | Train Loss: 0.000210 | Val Loss: 0.000398
Epoch 283/300 | Train Loss: 0.000208 | Val Loss: 0.000405
Epoch 284/300 | Train Loss: 0.000205 | Val Loss: 0.000473
Epoch 285/300 | Train Loss: 0.000212 | Val Loss: 0.000380
Epoch 286/300 | Train Loss: 0.000198 | Val Loss: 0.000448
Epoch 287/300 | Train Loss: 0.000201 | Val Loss: 0.000411
Epoch 288/300 | Train Loss: 0.000204 | Val Loss: 0.000376
Epoch 289/300 | Train Loss: 0.000199 | Val Loss: 0.000385
Epoch 290/300 | Train Loss: 0.000202 | Val Loss: 0.000400
Epoch 291/300 | Train Loss: 0.000201 | Val Loss: 0.000368
Epoch 292/300 | Train Loss: 0.000198 | Val Loss: 0.000379
Epoch 293/300 | Train Loss: 0.000197 | Val Loss: 0.000386
Epoch 294/300 | Train Loss: 0.000193 | Val Loss: 0.000389
Epoch 295/300 | Train Loss: 0.000194 | Val Loss: 0.000354
Epoch 296/300 | Train Loss: 0.000191 | Val Loss: 0.000394
Epoch 297/300 | Train Loss: 0.000187 | Val Loss: 0.000338
Epoch 298/300 | Train Loss: 0.000198 | Val Loss: 0.000378
Epoch 299/300 | Train Loss: 0.000187 | Val Loss: 0.000333
Epoch 300/300 | Train Loss: 0.000190 | Val Loss: 0.000378
Test Loss: 0.000377
Done with test1
Starting training for TempTPI with the following parameters:
	k - 1000
	epochs - 300
	DS: Max timediff in seq - 15
	DS: Total window size - 480
	DS: Prediction window size - 120
	DS: Stride - 15
	Training: Batch size - 32
	Training: Learning rate - 0.0001

Total dataset size: 33635
Using cuda...
Epoch 1/300 | Train Loss: 0.225814 | Val Loss: 0.064617
Epoch 2/300 | Train Loss: 0.033041 | Val Loss: 0.022965
Epoch 3/300 | Train Loss: 0.028283 | Val Loss: 0.020763
Epoch 4/300 | Train Loss: 0.031330 | Val Loss: 0.028033
Epoch 5/300 | Train Loss: 0.022865 | Val Loss: 0.028639
Epoch 6/300 | Train Loss: 0.018631 | Val Loss: 0.016242
Epoch 7/300 | Train Loss: 0.015356 | Val Loss: 0.014950
Epoch 8/300 | Train Loss: 0.014899 | Val Loss: 0.014065
Epoch 9/300 | Train Loss: 0.013861 | Val Loss: 0.021610
Epoch 10/300 | Train Loss: 0.012411 | Val Loss: 0.012644
Epoch 11/300 | Train Loss: 0.013144 | Val Loss: 0.007454
Epoch 12/300 | Train Loss: 0.011364 | Val Loss: 0.008699
Epoch 13/300 | Train Loss: 0.010288 | Val Loss: 0.007474
Epoch 14/300 | Train Loss: 0.010366 | Val Loss: 0.009672
Epoch 15/300 | Train Loss: 0.010181 | Val Loss: 0.008743
Epoch 16/300 | Train Loss: 0.009764 | Val Loss: 0.007307
Epoch 17/300 | Train Loss: 0.009137 | Val Loss: 0.008229
Epoch 18/300 | Train Loss: 0.009013 | Val Loss: 0.010265
Epoch 19/300 | Train Loss: 0.008822 | Val Loss: 0.007196
Epoch 20/300 | Train Loss: 0.008366 | Val Loss: 0.006741
Epoch 21/300 | Train Loss: 0.008360 | Val Loss: 0.007573
Epoch 22/300 | Train Loss: 0.008260 | Val Loss: 0.010942
Epoch 23/300 | Train Loss: 0.008305 | Val Loss: 0.007760
Epoch 24/300 | Train Loss: 0.007979 | Val Loss: 0.006199
Epoch 25/300 | Train Loss: 0.007639 | Val Loss: 0.009422
Epoch 26/300 | Train Loss: 0.007329 | Val Loss: 0.005971
Epoch 27/300 | Train Loss: 0.007634 | Val Loss: 0.006358
Epoch 28/300 | Train Loss: 0.007287 | Val Loss: 0.008383
Epoch 29/300 | Train Loss: 0.007134 | Val Loss: 0.007321
Epoch 30/300 | Train Loss: 0.007092 | Val Loss: 0.007934
Epoch 31/300 | Train Loss: 0.006766 | Val Loss: 0.006133
Epoch 32/300 | Train Loss: 0.006446 | Val Loss: 0.006512
Epoch 33/300 | Train Loss: 0.006619 | Val Loss: 0.005804
Epoch 34/300 | Train Loss: 0.006440 | Val Loss: 0.005737
Epoch 35/300 | Train Loss: 0.006178 | Val Loss: 0.006567
Epoch 36/300 | Train Loss: 0.006356 | Val Loss: 0.007638
Epoch 37/300 | Train Loss: 0.006016 | Val Loss: 0.005796
Epoch 38/300 | Train Loss: 0.006155 | Val Loss: 0.005415
Epoch 39/300 | Train Loss: 0.005881 | Val Loss: 0.004936
Epoch 40/300 | Train Loss: 0.005751 | Val Loss: 0.005040
Epoch 41/300 | Train Loss: 0.005639 | Val Loss: 0.005845
Epoch 42/300 | Train Loss: 0.005581 | Val Loss: 0.005770
Epoch 43/300 | Train Loss: 0.005445 | Val Loss: 0.005086
Epoch 44/300 | Train Loss: 0.005495 | Val Loss: 0.005896
Epoch 45/300 | Train Loss: 0.005211 | Val Loss: 0.006515
Epoch 46/300 | Train Loss: 0.005219 | Val Loss: 0.004559
Epoch 47/300 | Train Loss: 0.005088 | Val Loss: 0.005514
Epoch 48/300 | Train Loss: 0.004963 | Val Loss: 0.006963
Epoch 49/300 | Train Loss: 0.004910 | Val Loss: 0.004631
Epoch 50/300 | Train Loss: 0.004615 | Val Loss: 0.004167
Epoch 51/300 | Train Loss: 0.004693 | Val Loss: 0.004821
Epoch 52/300 | Train Loss: 0.004554 | Val Loss: 0.004248
Epoch 53/300 | Train Loss: 0.004625 | Val Loss: 0.004576
Epoch 54/300 | Train Loss: 0.004385 | Val Loss: 0.004628
Epoch 55/300 | Train Loss: 0.004280 | Val Loss: 0.004814
Epoch 56/300 | Train Loss: 0.004260 | Val Loss: 0.003965
Epoch 57/300 | Train Loss: 0.004105 | Val Loss: 0.004175
Epoch 58/300 | Train Loss: 0.004093 | Val Loss: 0.003865
Epoch 59/300 | Train Loss: 0.003999 | Val Loss: 0.004125
Epoch 60/300 | Train Loss: 0.003903 | Val Loss: 0.004041
Epoch 61/300 | Train Loss: 0.003804 | Val Loss: 0.003683
Epoch 62/300 | Train Loss: 0.003705 | Val Loss: 0.004059
Epoch 63/300 | Train Loss: 0.003654 | Val Loss: 0.003702
Epoch 64/300 | Train Loss: 0.003681 | Val Loss: 0.003675
Epoch 65/300 | Train Loss: 0.003507 | Val Loss: 0.003731
Epoch 66/300 | Train Loss: 0.003494 | Val Loss: 0.003792
Epoch 67/300 | Train Loss: 0.003384 | Val Loss: 0.003469
Epoch 68/300 | Train Loss: 0.003366 | Val Loss: 0.003944
Epoch 69/300 | Train Loss: 0.003308 | Val Loss: 0.003525
Epoch 70/300 | Train Loss: 0.003312 | Val Loss: 0.003452
Epoch 71/300 | Train Loss: 0.003115 | Val Loss: 0.003107
Epoch 72/300 | Train Loss: 0.003222 | Val Loss: 0.003320
Epoch 73/300 | Train Loss: 0.003160 | Val Loss: 0.003951
Epoch 74/300 | Train Loss: 0.002933 | Val Loss: 0.003129
Epoch 75/300 | Train Loss: 0.002974 | Val Loss: 0.003301
Epoch 76/300 | Train Loss: 0.002859 | Val Loss: 0.003483
Epoch 77/300 | Train Loss: 0.002904 | Val Loss: 0.003430
Epoch 78/300 | Train Loss: 0.002870 | Val Loss: 0.003152
Epoch 79/300 | Train Loss: 0.002756 | Val Loss: 0.003119
Epoch 80/300 | Train Loss: 0.002690 | Val Loss: 0.002953
Epoch 81/300 | Train Loss: 0.002669 | Val Loss: 0.003003
Epoch 82/300 | Train Loss: 0.002689 | Val Loss: 0.002842
Epoch 83/300 | Train Loss: 0.002555 | Val Loss: 0.002707
Epoch 84/300 | Train Loss: 0.002533 | Val Loss: 0.002670
Epoch 85/300 | Train Loss: 0.002478 | Val Loss: 0.002898
Epoch 86/300 | Train Loss: 0.002473 | Val Loss: 0.002700
Epoch 87/300 | Train Loss: 0.002382 | Val Loss: 0.002817
Epoch 88/300 | Train Loss: 0.002383 | Val Loss: 0.002873
Epoch 89/300 | Train Loss: 0.002327 | Val Loss: 0.002601
Epoch 90/300 | Train Loss: 0.002314 | Val Loss: 0.002633
Epoch 91/300 | Train Loss: 0.002222 | Val Loss: 0.002491
Epoch 92/300 | Train Loss: 0.002270 | Val Loss: 0.002727
Epoch 93/300 | Train Loss: 0.002198 | Val Loss: 0.002267
Epoch 94/300 | Train Loss: 0.002116 | Val Loss: 0.002757
Epoch 95/300 | Train Loss: 0.002080 | Val Loss: 0.002644
Epoch 96/300 | Train Loss: 0.002026 | Val Loss: 0.002569
Epoch 97/300 | Train Loss: 0.002019 | Val Loss: 0.002451
Epoch 98/300 | Train Loss: 0.001966 | Val Loss: 0.002568
Epoch 99/300 | Train Loss: 0.001977 | Val Loss: 0.001974
Epoch 100/300 | Train Loss: 0.001921 | Val Loss: 0.002518
Epoch 101/300 | Train Loss: 0.001897 | Val Loss: 0.002253
Epoch 102/300 | Train Loss: 0.001863 | Val Loss: 0.002253
Epoch 103/300 | Train Loss: 0.001843 | Val Loss: 0.002065
Epoch 104/300 | Train Loss: 0.001779 | Val Loss: 0.002111
Epoch 105/300 | Train Loss: 0.001768 | Val Loss: 0.002016
Epoch 106/300 | Train Loss: 0.001723 | Val Loss: 0.002024
Epoch 107/300 | Train Loss: 0.001699 | Val Loss: 0.002241
Epoch 108/300 | Train Loss: 0.001673 | Val Loss: 0.001911
Epoch 109/300 | Train Loss: 0.001610 | Val Loss: 0.002140
Epoch 110/300 | Train Loss: 0.001603 | Val Loss: 0.001868
Epoch 111/300 | Train Loss: 0.001581 | Val Loss: 0.002114
Epoch 112/300 | Train Loss: 0.001590 | Val Loss: 0.001999
Epoch 113/300 | Train Loss: 0.001550 | Val Loss: 0.001944
Epoch 114/300 | Train Loss: 0.001486 | Val Loss: 0.001879
Epoch 115/300 | Train Loss: 0.001540 | Val Loss: 0.001974
Epoch 116/300 | Train Loss: 0.001479 | Val Loss: 0.001719
Epoch 117/300 | Train Loss: 0.001461 | Val Loss: 0.002064
Epoch 118/300 | Train Loss: 0.001415 | Val Loss: 0.001930
Epoch 119/300 | Train Loss: 0.001447 | Val Loss: 0.001844
Epoch 120/300 | Train Loss: 0.001371 | Val Loss: 0.001965
Epoch 121/300 | Train Loss: 0.001389 | Val Loss: 0.001712
Epoch 122/300 | Train Loss: 0.001374 | Val Loss: 0.001805
Epoch 123/300 | Train Loss: 0.001321 | Val Loss: 0.001871
Epoch 124/300 | Train Loss: 0.001286 | Val Loss: 0.001936
Epoch 125/300 | Train Loss: 0.001269 | Val Loss: 0.001662
Epoch 126/300 | Train Loss: 0.001260 | Val Loss: 0.001750
Epoch 127/300 | Train Loss: 0.001225 | Val Loss: 0.001825
Epoch 128/300 | Train Loss: 0.001340 | Val Loss: 0.001956
Epoch 129/300 | Train Loss: 0.001185 | Val Loss: 0.001871
Epoch 130/300 | Train Loss: 0.001253 | Val Loss: 0.001598
Epoch 131/300 | Train Loss: 0.001150 | Val Loss: 0.001877
Epoch 132/300 | Train Loss: 0.001124 | Val Loss: 0.001453
Epoch 133/300 | Train Loss: 0.001144 | Val Loss: 0.001342
Epoch 134/300 | Train Loss: 0.001164 | Val Loss: 0.001629
Epoch 135/300 | Train Loss: 0.001144 | Val Loss: 0.001668
Epoch 136/300 | Train Loss: 0.001078 | Val Loss: 0.001390
Epoch 137/300 | Train Loss: 0.001055 | Val Loss: 0.001383
Epoch 138/300 | Train Loss: 0.001106 | Val Loss: 0.001642
Epoch 139/300 | Train Loss: 0.001053 | Val Loss: 0.001368
Epoch 140/300 | Train Loss: 0.001050 | Val Loss: 0.001630
Epoch 141/300 | Train Loss: 0.001000 | Val Loss: 0.001238
Epoch 142/300 | Train Loss: 0.001028 | Val Loss: 0.001330
Epoch 143/300 | Train Loss: 0.000991 | Val Loss: 0.001518
Epoch 144/300 | Train Loss: 0.000982 | Val Loss: 0.001466
Epoch 145/300 | Train Loss: 0.000970 | Val Loss: 0.001346
Epoch 146/300 | Train Loss: 0.000965 | Val Loss: 0.001193
Epoch 147/300 | Train Loss: 0.000942 | Val Loss: 0.001496
Epoch 148/300 | Train Loss: 0.000917 | Val Loss: 0.001343
Epoch 149/300 | Train Loss: 0.000965 | Val Loss: 0.001181
Epoch 150/300 | Train Loss: 0.000897 | Val Loss: 0.001343
Epoch 151/300 | Train Loss: 0.000924 | Val Loss: 0.001534
Epoch 152/300 | Train Loss: 0.000881 | Val Loss: 0.001440
Epoch 153/300 | Train Loss: 0.000887 | Val Loss: 0.001520
Epoch 154/300 | Train Loss: 0.000894 | Val Loss: 0.001302
Epoch 155/300 | Train Loss: 0.000877 | Val Loss: 0.001480
Epoch 156/300 | Train Loss: 0.000884 | Val Loss: 0.001401
Epoch 157/300 | Train Loss: 0.000847 | Val Loss: 0.001342
Epoch 158/300 | Train Loss: 0.000807 | Val Loss: 0.001169
Epoch 159/300 | Train Loss: 0.000840 | Val Loss: 0.001304
Epoch 160/300 | Train Loss: 0.000831 | Val Loss: 0.001139
Epoch 161/300 | Train Loss: 0.000790 | Val Loss: 0.001193
Epoch 162/300 | Train Loss: 0.000800 | Val Loss: 0.001090
Epoch 163/300 | Train Loss: 0.000779 | Val Loss: 0.001186
Epoch 164/300 | Train Loss: 0.000780 | Val Loss: 0.001314
Epoch 165/300 | Train Loss: 0.000760 | Val Loss: 0.001146
Epoch 166/300 | Train Loss: 0.000764 | Val Loss: 0.001135
Epoch 167/300 | Train Loss: 0.000761 | Val Loss: 0.001239
Epoch 168/300 | Train Loss: 0.000755 | Val Loss: 0.001144
Epoch 169/300 | Train Loss: 0.000790 | Val Loss: 0.001157
Epoch 170/300 | Train Loss: 0.000702 | Val Loss: 0.001172
Epoch 171/300 | Train Loss: 0.000723 | Val Loss: 0.001219
Epoch 172/300 | Train Loss: 0.000701 | Val Loss: 0.001190
Epoch 173/300 | Train Loss: 0.000747 | Val Loss: 0.000936
Epoch 174/300 | Train Loss: 0.000701 | Val Loss: 0.001065
Epoch 175/300 | Train Loss: 0.000700 | Val Loss: 0.001047
Epoch 176/300 | Train Loss: 0.000681 | Val Loss: 0.001193
Epoch 177/300 | Train Loss: 0.000711 | Val Loss: 0.001060
Epoch 178/300 | Train Loss: 0.000690 | Val Loss: 0.001179
Epoch 179/300 | Train Loss: 0.000663 | Val Loss: 0.001411
Epoch 180/300 | Train Loss: 0.000674 | Val Loss: 0.001087
Epoch 181/300 | Train Loss: 0.000732 | Val Loss: 0.001028
Epoch 182/300 | Train Loss: 0.000625 | Val Loss: 0.000939
Epoch 183/300 | Train Loss: 0.000630 | Val Loss: 0.001040
Epoch 184/300 | Train Loss: 0.000660 | Val Loss: 0.001149
Epoch 185/300 | Train Loss: 0.000655 | Val Loss: 0.001104
Epoch 186/300 | Train Loss: 0.000635 | Val Loss: 0.001029
Epoch 187/300 | Train Loss: 0.000617 | Val Loss: 0.001119
Epoch 188/300 | Train Loss: 0.000626 | Val Loss: 0.001026
Epoch 189/300 | Train Loss: 0.000614 | Val Loss: 0.000978
Epoch 190/300 | Train Loss: 0.000607 | Val Loss: 0.001121
Epoch 191/300 | Train Loss: 0.000603 | Val Loss: 0.001460
Epoch 192/300 | Train Loss: 0.000646 | Val Loss: 0.000980
Epoch 193/300 | Train Loss: 0.000595 | Val Loss: 0.000875
Epoch 194/300 | Train Loss: 0.000572 | Val Loss: 0.001058
Epoch 195/300 | Train Loss: 0.000599 | Val Loss: 0.001293
Epoch 196/300 | Train Loss: 0.000595 | Val Loss: 0.000985
Epoch 197/300 | Train Loss: 0.000565 | Val Loss: 0.001042
Epoch 198/300 | Train Loss: 0.000584 | Val Loss: 0.001026
Epoch 199/300 | Train Loss: 0.000561 | Val Loss: 0.001011
Epoch 200/300 | Train Loss: 0.000571 | Val Loss: 0.000900
Epoch 201/300 | Train Loss: 0.000567 | Val Loss: 0.001027
Epoch 202/300 | Train Loss: 0.000565 | Val Loss: 0.001000
Epoch 203/300 | Train Loss: 0.000528 | Val Loss: 0.000832
Epoch 204/300 | Train Loss: 0.000588 | Val Loss: 0.000951
Epoch 205/300 | Train Loss: 0.000530 | Val Loss: 0.000996
Epoch 206/300 | Train Loss: 0.000549 | Val Loss: 0.000937
Epoch 207/300 | Train Loss: 0.000546 | Val Loss: 0.001073
Epoch 208/300 | Train Loss: 0.000535 | Val Loss: 0.000954
Epoch 209/300 | Train Loss: 0.000510 | Val Loss: 0.000879
Epoch 210/300 | Train Loss: 0.000508 | Val Loss: 0.000858
Epoch 211/300 | Train Loss: 0.000523 | Val Loss: 0.000843
Epoch 212/300 | Train Loss: 0.000497 | Val Loss: 0.000877
Epoch 213/300 | Train Loss: 0.000518 | Val Loss: 0.001231
Epoch 214/300 | Train Loss: 0.000505 | Val Loss: 0.000833
Epoch 215/300 | Train Loss: 0.000506 | Val Loss: 0.001278
Epoch 216/300 | Train Loss: 0.000495 | Val Loss: 0.000900
Epoch 217/300 | Train Loss: 0.000498 | Val Loss: 0.001061
Epoch 218/300 | Train Loss: 0.000532 | Val Loss: 0.000881
Epoch 219/300 | Train Loss: 0.000487 | Val Loss: 0.000878
Epoch 220/300 | Train Loss: 0.000477 | Val Loss: 0.000931
Epoch 221/300 | Train Loss: 0.000475 | Val Loss: 0.000856
Epoch 222/300 | Train Loss: 0.000483 | Val Loss: 0.000851
Epoch 223/300 | Train Loss: 0.000458 | Val Loss: 0.000854
Epoch 224/300 | Train Loss: 0.000475 | Val Loss: 0.000794
Epoch 225/300 | Train Loss: 0.000453 | Val Loss: 0.000802
Epoch 226/300 | Train Loss: 0.000486 | Val Loss: 0.000910
Epoch 227/300 | Train Loss: 0.000454 | Val Loss: 0.000837
Epoch 228/300 | Train Loss: 0.000451 | Val Loss: 0.000798
Epoch 229/300 | Train Loss: 0.000478 | Val Loss: 0.000855
Epoch 230/300 | Train Loss: 0.000433 | Val Loss: 0.000814
Epoch 231/300 | Train Loss: 0.000451 | Val Loss: 0.000854
Epoch 232/300 | Train Loss: 0.000467 | Val Loss: 0.000795
Epoch 233/300 | Train Loss: 0.000453 | Val Loss: 0.000834
Epoch 234/300 | Train Loss: 0.000444 | Val Loss: 0.000758
Epoch 235/300 | Train Loss: 0.000422 | Val Loss: 0.000971
Epoch 236/300 | Train Loss: 0.000434 | Val Loss: 0.000776
Epoch 237/300 | Train Loss: 0.000451 | Val Loss: 0.000758
Epoch 238/300 | Train Loss: 0.000440 | Val Loss: 0.000915
Epoch 239/300 | Train Loss: 0.000420 | Val Loss: 0.000679
Epoch 240/300 | Train Loss: 0.000433 | Val Loss: 0.000707
Epoch 241/300 | Train Loss: 0.000409 | Val Loss: 0.000821
Epoch 242/300 | Train Loss: 0.000477 | Val Loss: 0.000723
Epoch 243/300 | Train Loss: 0.000391 | Val Loss: 0.000761
Epoch 244/300 | Train Loss: 0.000416 | Val Loss: 0.000923
Epoch 245/300 | Train Loss: 0.000411 | Val Loss: 0.000738
Epoch 246/300 | Train Loss: 0.000401 | Val Loss: 0.000754
Epoch 247/300 | Train Loss: 0.000409 | Val Loss: 0.000846
Epoch 248/300 | Train Loss: 0.000427 | Val Loss: 0.000664
Epoch 249/300 | Train Loss: 0.000418 | Val Loss: 0.000826
Epoch 250/300 | Train Loss: 0.000389 | Val Loss: 0.000731
Epoch 251/300 | Train Loss: 0.000395 | Val Loss: 0.000730
Epoch 252/300 | Train Loss: 0.000422 | Val Loss: 0.000725
Epoch 253/300 | Train Loss: 0.000393 | Val Loss: 0.000843
Epoch 254/300 | Train Loss: 0.000412 | Val Loss: 0.000801
Epoch 255/300 | Train Loss: 0.000397 | Val Loss: 0.000841
Epoch 256/300 | Train Loss: 0.000394 | Val Loss: 0.000751
Epoch 257/300 | Train Loss: 0.000445 | Val Loss: 0.000750
Epoch 258/300 | Train Loss: 0.000364 | Val Loss: 0.000813
Epoch 259/300 | Train Loss: 0.000398 | Val Loss: 0.000776
Epoch 260/300 | Train Loss: 0.000388 | Val Loss: 0.000724
Epoch 261/300 | Train Loss: 0.000392 | Val Loss: 0.000805
Epoch 262/300 | Train Loss: 0.000402 | Val Loss: 0.000740
Epoch 263/300 | Train Loss: 0.000448 | Val Loss: 0.000722
Epoch 264/300 | Train Loss: 0.000355 | Val Loss: 0.000740
Epoch 265/300 | Train Loss: 0.000370 | Val Loss: 0.000830
Epoch 266/300 | Train Loss: 0.000386 | Val Loss: 0.000894
Epoch 267/300 | Train Loss: 0.000375 | Val Loss: 0.000785
Epoch 268/300 | Train Loss: 0.000362 | Val Loss: 0.000861
Epoch 269/300 | Train Loss: 0.000449 | Val Loss: 0.000791
Epoch 270/300 | Train Loss: 0.000350 | Val Loss: 0.000647
Epoch 271/300 | Train Loss: 0.000337 | Val Loss: 0.000824
Epoch 272/300 | Train Loss: 0.000354 | Val Loss: 0.000803
Epoch 273/300 | Train Loss: 0.000369 | Val Loss: 0.000783
Epoch 274/300 | Train Loss: 0.000357 | Val Loss: 0.000668
Epoch 275/300 | Train Loss: 0.000347 | Val Loss: 0.000727
Epoch 276/300 | Train Loss: 0.000360 | Val Loss: 0.000680
Epoch 277/300 | Train Loss: 0.000348 | Val Loss: 0.000724
Epoch 278/300 | Train Loss: 0.000360 | Val Loss: 0.000734
Epoch 279/300 | Train Loss: 0.000361 | Val Loss: 0.000706
Epoch 280/300 | Train Loss: 0.000346 | Val Loss: 0.000647
Epoch 281/300 | Train Loss: 0.000358 | Val Loss: 0.000763
Epoch 282/300 | Train Loss: 0.000337 | Val Loss: 0.000682
Epoch 283/300 | Train Loss: 0.000345 | Val Loss: 0.000697
Epoch 284/300 | Train Loss: 0.000328 | Val Loss: 0.000600
Epoch 285/300 | Train Loss: 0.000330 | Val Loss: 0.000629
Epoch 286/300 | Train Loss: 0.000353 | Val Loss: 0.000706
Epoch 287/300 | Train Loss: 0.000333 | Val Loss: 0.000757
Epoch 288/300 | Train Loss: 0.000345 | Val Loss: 0.000650
Epoch 289/300 | Train Loss: 0.000336 | Val Loss: 0.000701
Epoch 290/300 | Train Loss: 0.000314 | Val Loss: 0.000680
Epoch 291/300 | Train Loss: 0.000325 | Val Loss: 0.000695
Epoch 292/300 | Train Loss: 0.000330 | Val Loss: 0.000796
Epoch 293/300 | Train Loss: 0.000333 | Val Loss: 0.000707
Epoch 294/300 | Train Loss: 0.000337 | Val Loss: 0.000722
Epoch 295/300 | Train Loss: 0.000334 | Val Loss: 0.000663
Epoch 296/300 | Train Loss: 0.000345 | Val Loss: 0.000709
Epoch 297/300 | Train Loss: 0.000293 | Val Loss: 0.000637
Epoch 298/300 | Train Loss: 0.000306 | Val Loss: 0.000732
Epoch 299/300 | Train Loss: 0.000326 | Val Loss: 0.000655
Epoch 300/300 | Train Loss: 0.000325 | Val Loss: 0.000598
Test Loss: 0.000573
Done with test2
Starting training for TempTPI with the following parameters:
	k - 1500
	epochs - 300
	DS: Max timediff in seq - 15
	DS: Total window size - 540
	DS: Prediction window size - 180
	DS: Stride - 15
	Training: Batch size - 32
	Training: Learning rate - 0.0001

Total dataset size: 49917
Using cuda...
Epoch 1/300 | Train Loss: 0.436192 | Val Loss: 0.050925
Epoch 2/300 | Train Loss: 0.065086 | Val Loss: 0.048587
Epoch 3/300 | Train Loss: 0.062308 | Val Loss: 0.067916
Epoch 4/300 | Train Loss: 0.049347 | Val Loss: 0.040580
Epoch 5/300 | Train Loss: 0.036867 | Val Loss: 0.026561
Epoch 6/300 | Train Loss: 0.032625 | Val Loss: 0.035266
Epoch 7/300 | Train Loss: 0.028852 | Val Loss: 0.034354
Epoch 8/300 | Train Loss: 0.027105 | Val Loss: 0.024375
Epoch 9/300 | Train Loss: 0.025316 | Val Loss: 0.029530
Epoch 10/300 | Train Loss: 0.024567 | Val Loss: 0.023852
Epoch 11/300 | Train Loss: 0.022070 | Val Loss: 0.020295
Epoch 12/300 | Train Loss: 0.021583 | Val Loss: 0.019074
Epoch 13/300 | Train Loss: 0.020363 | Val Loss: 0.029659
Epoch 14/300 | Train Loss: 0.019798 | Val Loss: 0.028369
Epoch 15/300 | Train Loss: 0.019187 | Val Loss: 0.019478
Epoch 16/300 | Train Loss: 0.018121 | Val Loss: 0.023828
Epoch 17/300 | Train Loss: 0.017869 | Val Loss: 0.017316
Epoch 18/300 | Train Loss: 0.016946 | Val Loss: 0.014327
Epoch 19/300 | Train Loss: 0.016357 | Val Loss: 0.016044
Epoch 20/300 | Train Loss: 0.016246 | Val Loss: 0.016050
Epoch 21/300 | Train Loss: 0.015355 | Val Loss: 0.016425
Epoch 22/300 | Train Loss: 0.015087 | Val Loss: 0.012658
Epoch 23/300 | Train Loss: 0.014628 | Val Loss: 0.013481
Epoch 24/300 | Train Loss: 0.014027 | Val Loss: 0.013098
Epoch 25/300 | Train Loss: 0.013487 | Val Loss: 0.014102
Epoch 26/300 | Train Loss: 0.012672 | Val Loss: 0.013988
Epoch 27/300 | Train Loss: 0.012166 | Val Loss: 0.012026
Epoch 28/300 | Train Loss: 0.011745 | Val Loss: 0.011382
Epoch 29/300 | Train Loss: 0.011316 | Val Loss: 0.010678
Epoch 30/300 | Train Loss: 0.010823 | Val Loss: 0.010146
Epoch 31/300 | Train Loss: 0.010293 | Val Loss: 0.010982
Epoch 32/300 | Train Loss: 0.010164 | Val Loss: 0.010194
Epoch 33/300 | Train Loss: 0.009687 | Val Loss: 0.009980
Epoch 34/300 | Train Loss: 0.009250 | Val Loss: 0.008795
Epoch 35/300 | Train Loss: 0.009065 | Val Loss: 0.008862
Epoch 36/300 | Train Loss: 0.008809 | Val Loss: 0.008861
Epoch 37/300 | Train Loss: 0.008435 | Val Loss: 0.009470
Epoch 38/300 | Train Loss: 0.008366 | Val Loss: 0.010178
Epoch 39/300 | Train Loss: 0.007968 | Val Loss: 0.007630
Epoch 40/300 | Train Loss: 0.007813 | Val Loss: 0.007396
Epoch 41/300 | Train Loss: 0.007581 | Val Loss: 0.007130
Epoch 42/300 | Train Loss: 0.007363 | Val Loss: 0.007223
Epoch 43/300 | Train Loss: 0.007132 | Val Loss: 0.007113
Epoch 44/300 | Train Loss: 0.006824 | Val Loss: 0.006856
Epoch 45/300 | Train Loss: 0.006782 | Val Loss: 0.006512
Epoch 46/300 | Train Loss: 0.006444 | Val Loss: 0.006772
Epoch 47/300 | Train Loss: 0.006403 | Val Loss: 0.006148
Epoch 48/300 | Train Loss: 0.006302 | Val Loss: 0.007074
Epoch 49/300 | Train Loss: 0.005960 | Val Loss: 0.006151
Epoch 50/300 | Train Loss: 0.005753 | Val Loss: 0.005586
Epoch 51/300 | Train Loss: 0.005605 | Val Loss: 0.006133
Epoch 52/300 | Train Loss: 0.005662 | Val Loss: 0.007620
Epoch 53/300 | Train Loss: 0.005385 | Val Loss: 0.005735
Epoch 54/300 | Train Loss: 0.005219 | Val Loss: 0.006422
Epoch 55/300 | Train Loss: 0.004988 | Val Loss: 0.005171
Epoch 56/300 | Train Loss: 0.005025 | Val Loss: 0.005749
Epoch 57/300 | Train Loss: 0.004743 | Val Loss: 0.005059
Epoch 58/300 | Train Loss: 0.004648 | Val Loss: 0.004984
Epoch 59/300 | Train Loss: 0.004680 | Val Loss: 0.004811
Epoch 60/300 | Train Loss: 0.004366 | Val Loss: 0.004747
Epoch 61/300 | Train Loss: 0.004308 | Val Loss: 0.005057
Epoch 62/300 | Train Loss: 0.004142 | Val Loss: 0.004854
Epoch 63/300 | Train Loss: 0.004096 | Val Loss: 0.005174
Epoch 64/300 | Train Loss: 0.004063 | Val Loss: 0.004453
Epoch 65/300 | Train Loss: 0.003887 | Val Loss: 0.004186
Epoch 66/300 | Train Loss: 0.003733 | Val Loss: 0.004682
Epoch 67/300 | Train Loss: 0.003776 | Val Loss: 0.004452
Epoch 68/300 | Train Loss: 0.003565 | Val Loss: 0.003817
Epoch 69/300 | Train Loss: 0.003624 | Val Loss: 0.003835
Epoch 70/300 | Train Loss: 0.003410 | Val Loss: 0.004315
Epoch 71/300 | Train Loss: 0.003254 | Val Loss: 0.003680
Epoch 72/300 | Train Loss: 0.003233 | Val Loss: 0.003631
Epoch 73/300 | Train Loss: 0.003325 | Val Loss: 0.003430
Epoch 74/300 | Train Loss: 0.003134 | Val Loss: 0.003154
Epoch 75/300 | Train Loss: 0.003062 | Val Loss: 0.003544
Epoch 76/300 | Train Loss: 0.002978 | Val Loss: 0.004035
Epoch 77/300 | Train Loss: 0.002971 | Val Loss: 0.003661
Epoch 78/300 | Train Loss: 0.002955 | Val Loss: 0.003891
Epoch 79/300 | Train Loss: 0.002834 | Val Loss: 0.003377
Epoch 80/300 | Train Loss: 0.002728 | Val Loss: 0.003197
Epoch 81/300 | Train Loss: 0.002672 | Val Loss: 0.003311
Epoch 82/300 | Train Loss: 0.002639 | Val Loss: 0.003196
Epoch 83/300 | Train Loss: 0.002573 | Val Loss: 0.002862
Epoch 84/300 | Train Loss: 0.002571 | Val Loss: 0.002989
Epoch 85/300 | Train Loss: 0.002447 | Val Loss: 0.002989
Epoch 86/300 | Train Loss: 0.002392 | Val Loss: 0.003488
Epoch 87/300 | Train Loss: 0.002401 | Val Loss: 0.002587
Epoch 88/300 | Train Loss: 0.002343 | Val Loss: 0.002807
Epoch 89/300 | Train Loss: 0.002379 | Val Loss: 0.003600
Epoch 90/300 | Train Loss: 0.002269 | Val Loss: 0.002515
Epoch 91/300 | Train Loss: 0.002187 | Val Loss: 0.002505
Epoch 92/300 | Train Loss: 0.002218 | Val Loss: 0.003152
Epoch 93/300 | Train Loss: 0.002179 | Val Loss: 0.002360
Epoch 94/300 | Train Loss: 0.002161 | Val Loss: 0.002794
Epoch 95/300 | Train Loss: 0.002101 | Val Loss: 0.002698
Epoch 96/300 | Train Loss: 0.002103 | Val Loss: 0.002399
Epoch 97/300 | Train Loss: 0.001991 | Val Loss: 0.002570
Epoch 98/300 | Train Loss: 0.001967 | Val Loss: 0.003851
Epoch 99/300 | Train Loss: 0.002001 | Val Loss: 0.002354
Epoch 100/300 | Train Loss: 0.001906 | Val Loss: 0.002488
Epoch 101/300 | Train Loss: 0.001852 | Val Loss: 0.002332
Epoch 102/300 | Train Loss: 0.001885 | Val Loss: 0.002160
Epoch 103/300 | Train Loss: 0.001808 | Val Loss: 0.002219
Epoch 104/300 | Train Loss: 0.001834 | Val Loss: 0.002528
Epoch 105/300 | Train Loss: 0.001870 | Val Loss: 0.003263
Epoch 106/300 | Train Loss: 0.001748 | Val Loss: 0.002299
Epoch 107/300 | Train Loss: 0.001711 | Val Loss: 0.002152
Epoch 108/300 | Train Loss: 0.001688 | Val Loss: 0.002247
Epoch 109/300 | Train Loss: 0.001694 | Val Loss: 0.002510
Epoch 110/300 | Train Loss: 0.001659 | Val Loss: 0.002538
Epoch 111/300 | Train Loss: 0.001650 | Val Loss: 0.001993
Epoch 112/300 | Train Loss: 0.001579 | Val Loss: 0.002176
Epoch 113/300 | Train Loss: 0.001601 | Val Loss: 0.002121
Epoch 114/300 | Train Loss: 0.001573 | Val Loss: 0.001834
Epoch 115/300 | Train Loss: 0.001549 | Val Loss: 0.002049
Epoch 116/300 | Train Loss: 0.001480 | Val Loss: 0.001912
Epoch 117/300 | Train Loss: 0.001479 | Val Loss: 0.001936
Epoch 118/300 | Train Loss: 0.001523 | Val Loss: 0.001919
Epoch 119/300 | Train Loss: 0.001494 | Val Loss: 0.001813
Epoch 120/300 | Train Loss: 0.001397 | Val Loss: 0.001970
Epoch 121/300 | Train Loss: 0.001456 | Val Loss: 0.002132
Epoch 122/300 | Train Loss: 0.001403 | Val Loss: 0.001893
Epoch 123/300 | Train Loss: 0.001374 | Val Loss: 0.002190
Epoch 124/300 | Train Loss: 0.001385 | Val Loss: 0.001909
Epoch 125/300 | Train Loss: 0.001317 | Val Loss: 0.002252
Epoch 126/300 | Train Loss: 0.001323 | Val Loss: 0.001603
Epoch 127/300 | Train Loss: 0.001298 | Val Loss: 0.001782
Epoch 128/300 | Train Loss: 0.001288 | Val Loss: 0.001601
Epoch 129/300 | Train Loss: 0.001266 | Val Loss: 0.001872
Epoch 130/300 | Train Loss: 0.001232 | Val Loss: 0.001548
Epoch 131/300 | Train Loss: 0.001235 | Val Loss: 0.001595
Epoch 132/300 | Train Loss: 0.001232 | Val Loss: 0.001753
Epoch 133/300 | Train Loss: 0.001245 | Val Loss: 0.001830
Epoch 134/300 | Train Loss: 0.001239 | Val Loss: 0.001520
Epoch 135/300 | Train Loss: 0.001192 | Val Loss: 0.001838
Epoch 136/300 | Train Loss: 0.001159 | Val Loss: 0.001624
Epoch 137/300 | Train Loss: 0.001160 | Val Loss: 0.001735
Epoch 138/300 | Train Loss: 0.001152 | Val Loss: 0.001562
Epoch 139/300 | Train Loss: 0.001128 | Val Loss: 0.002176
Epoch 140/300 | Train Loss: 0.001122 | Val Loss: 0.001651
Epoch 141/300 | Train Loss: 0.001132 | Val Loss: 0.001563
Epoch 142/300 | Train Loss: 0.001088 | Val Loss: 0.001481
Epoch 143/300 | Train Loss: 0.001107 | Val Loss: 0.001428
Epoch 144/300 | Train Loss: 0.001084 | Val Loss: 0.001516
Epoch 145/300 | Train Loss: 0.001078 | Val Loss: 0.001444
Epoch 146/300 | Train Loss: 0.001085 | Val Loss: 0.001669
Epoch 147/300 | Train Loss: 0.001007 | Val Loss: 0.001376
Epoch 148/300 | Train Loss: 0.001058 | Val Loss: 0.001535
Epoch 149/300 | Train Loss: 0.001081 | Val Loss: 0.001490
Epoch 150/300 | Train Loss: 0.001003 | Val Loss: 0.001638
Epoch 151/300 | Train Loss: 0.000988 | Val Loss: 0.001514
Epoch 152/300 | Train Loss: 0.000954 | Val Loss: 0.001631
Epoch 153/300 | Train Loss: 0.001022 | Val Loss: 0.001355
Epoch 154/300 | Train Loss: 0.000955 | Val Loss: 0.001335
Epoch 155/300 | Train Loss: 0.000989 | Val Loss: 0.001514
Epoch 156/300 | Train Loss: 0.000920 | Val Loss: 0.001259
Epoch 157/300 | Train Loss: 0.000939 | Val Loss: 0.001333
Epoch 158/300 | Train Loss: 0.000927 | Val Loss: 0.001300
Epoch 159/300 | Train Loss: 0.000926 | Val Loss: 0.001336
Epoch 160/300 | Train Loss: 0.000882 | Val Loss: 0.001381
Epoch 161/300 | Train Loss: 0.000903 | Val Loss: 0.001306
Epoch 162/300 | Train Loss: 0.000928 | Val Loss: 0.001364
Epoch 163/300 | Train Loss: 0.000865 | Val Loss: 0.001181
Epoch 164/300 | Train Loss: 0.000893 | Val Loss: 0.001248
Epoch 165/300 | Train Loss: 0.000872 | Val Loss: 0.001469
Epoch 166/300 | Train Loss: 0.000905 | Val Loss: 0.001402
Epoch 167/300 | Train Loss: 0.000825 | Val Loss: 0.001124
Epoch 168/300 | Train Loss: 0.000840 | Val Loss: 0.001129
Epoch 169/300 | Train Loss: 0.000968 | Val Loss: 0.001162
Epoch 170/300 | Train Loss: 0.000800 | Val Loss: 0.001246
Epoch 171/300 | Train Loss: 0.000825 | Val Loss: 0.001254
Epoch 172/300 | Train Loss: 0.000857 | Val Loss: 0.001217
Epoch 173/300 | Train Loss: 0.000825 | Val Loss: 0.001168
Epoch 174/300 | Train Loss: 0.000813 | Val Loss: 0.001261
Epoch 175/300 | Train Loss: 0.000797 | Val Loss: 0.001165
Epoch 176/300 | Train Loss: 0.000799 | Val Loss: 0.001148
Epoch 177/300 | Train Loss: 0.000816 | Val Loss: 0.001144
Epoch 178/300 | Train Loss: 0.000763 | Val Loss: 0.001265
Epoch 179/300 | Train Loss: 0.000776 | Val Loss: 0.001150
Epoch 180/300 | Train Loss: 0.000789 | Val Loss: 0.001325
Epoch 181/300 | Train Loss: 0.000756 | Val Loss: 0.001291
Epoch 182/300 | Train Loss: 0.000758 | Val Loss: 0.001192
Epoch 183/300 | Train Loss: 0.000741 | Val Loss: 0.001214
Epoch 184/300 | Train Loss: 0.000749 | Val Loss: 0.001102
Epoch 185/300 | Train Loss: 0.000771 | Val Loss: 0.001266
Epoch 186/300 | Train Loss: 0.000715 | Val Loss: 0.001362
Epoch 187/300 | Train Loss: 0.000747 | Val Loss: 0.001120
Epoch 188/300 | Train Loss: 0.000710 | Val Loss: 0.001212
Epoch 189/300 | Train Loss: 0.000738 | Val Loss: 0.001227
Epoch 190/300 | Train Loss: 0.000778 | Val Loss: 0.001201
Epoch 191/300 | Train Loss: 0.000677 | Val Loss: 0.001094
Epoch 192/300 | Train Loss: 0.000702 | Val Loss: 0.001065
Epoch 193/300 | Train Loss: 0.000690 | Val Loss: 0.000994
Epoch 194/300 | Train Loss: 0.000723 | Val Loss: 0.001243
Epoch 195/300 | Train Loss: 0.000664 | Val Loss: 0.001123
Epoch 196/300 | Train Loss: 0.000675 | Val Loss: 0.001235
Epoch 197/300 | Train Loss: 0.000685 | Val Loss: 0.000953
Epoch 198/300 | Train Loss: 0.000673 | Val Loss: 0.001104
Epoch 199/300 | Train Loss: 0.000685 | Val Loss: 0.001035
Epoch 200/300 | Train Loss: 0.000687 | Val Loss: 0.001066
Epoch 201/300 | Train Loss: 0.000676 | Val Loss: 0.001026
Epoch 202/300 | Train Loss: 0.000638 | Val Loss: 0.001152
Epoch 203/300 | Train Loss: 0.000650 | Val Loss: 0.001162
Epoch 204/300 | Train Loss: 0.000688 | Val Loss: 0.001046
Epoch 205/300 | Train Loss: 0.000633 | Val Loss: 0.001168
Epoch 206/300 | Train Loss: 0.000641 | Val Loss: 0.001005
Epoch 207/300 | Train Loss: 0.000656 | Val Loss: 0.001054
Epoch 208/300 | Train Loss: 0.000645 | Val Loss: 0.001196
Epoch 209/300 | Train Loss: 0.000628 | Val Loss: 0.000973
Epoch 210/300 | Train Loss: 0.000630 | Val Loss: 0.001034
Epoch 211/300 | Train Loss: 0.000644 | Val Loss: 0.001098
Epoch 212/300 | Train Loss: 0.000637 | Val Loss: 0.001254
Epoch 213/300 | Train Loss: 0.000622 | Val Loss: 0.000928
Epoch 214/300 | Train Loss: 0.000599 | Val Loss: 0.000950
Epoch 215/300 | Train Loss: 0.000635 | Val Loss: 0.000975
Epoch 216/300 | Train Loss: 0.000674 | Val Loss: 0.001002
Epoch 217/300 | Train Loss: 0.000579 | Val Loss: 0.001261
Epoch 218/300 | Train Loss: 0.000582 | Val Loss: 0.001074
Epoch 219/300 | Train Loss: 0.000617 | Val Loss: 0.000948
Epoch 220/300 | Train Loss: 0.000601 | Val Loss: 0.001045
Epoch 221/300 | Train Loss: 0.000595 | Val Loss: 0.001053
Epoch 222/300 | Train Loss: 0.000596 | Val Loss: 0.001003
Epoch 223/300 | Train Loss: 0.000605 | Val Loss: 0.000988
Epoch 224/300 | Train Loss: 0.000591 | Val Loss: 0.000978
Epoch 225/300 | Train Loss: 0.000577 | Val Loss: 0.001133
Epoch 226/300 | Train Loss: 0.000625 | Val Loss: 0.001157
Epoch 227/300 | Train Loss: 0.000554 | Val Loss: 0.000940
Epoch 228/300 | Train Loss: 0.000585 | Val Loss: 0.000965
Epoch 229/300 | Train Loss: 0.000583 | Val Loss: 0.001024
Epoch 230/300 | Train Loss: 0.000570 | Val Loss: 0.000898
Epoch 231/300 | Train Loss: 0.000561 | Val Loss: 0.000958
Epoch 232/300 | Train Loss: 0.000567 | Val Loss: 0.001067
Epoch 233/300 | Train Loss: 0.000569 | Val Loss: 0.000937
Epoch 234/300 | Train Loss: 0.000545 | Val Loss: 0.000892
Epoch 235/300 | Train Loss: 0.000575 | Val Loss: 0.000995
Epoch 236/300 | Train Loss: 0.000550 | Val Loss: 0.000954
Epoch 237/300 | Train Loss: 0.000530 | Val Loss: 0.000867
Epoch 238/300 | Train Loss: 0.000561 | Val Loss: 0.000764
Epoch 239/300 | Train Loss: 0.000534 | Val Loss: 0.000807
Epoch 240/300 | Train Loss: 0.000533 | Val Loss: 0.000951
Epoch 241/300 | Train Loss: 0.000545 | Val Loss: 0.000894
Epoch 242/300 | Train Loss: 0.000524 | Val Loss: 0.000996
Epoch 243/300 | Train Loss: 0.000508 | Val Loss: 0.000908
Epoch 244/300 | Train Loss: 0.000527 | Val Loss: 0.000838
Epoch 245/300 | Train Loss: 0.000542 | Val Loss: 0.001063
Epoch 246/300 | Train Loss: 0.000501 | Val Loss: 0.000859
Epoch 247/300 | Train Loss: 0.000535 | Val Loss: 0.001193
Epoch 248/300 | Train Loss: 0.000520 | Val Loss: 0.000973
Epoch 249/300 | Train Loss: 0.000527 | Val Loss: 0.000949
Epoch 250/300 | Train Loss: 0.000519 | Val Loss: 0.000878
Epoch 251/300 | Train Loss: 0.000499 | Val Loss: 0.000876
Epoch 252/300 | Train Loss: 0.000515 | Val Loss: 0.000910
Epoch 253/300 | Train Loss: 0.000537 | Val Loss: 0.000826
Epoch 254/300 | Train Loss: 0.000484 | Val Loss: 0.000848
Epoch 255/300 | Train Loss: 0.000532 | Val Loss: 0.000918
Epoch 256/300 | Train Loss: 0.000496 | Val Loss: 0.000863
Epoch 257/300 | Train Loss: 0.000519 | Val Loss: 0.000839
Epoch 258/300 | Train Loss: 0.000501 | Val Loss: 0.000895
Epoch 259/300 | Train Loss: 0.000534 | Val Loss: 0.000887
Epoch 260/300 | Train Loss: 0.000522 | Val Loss: 0.000964
Epoch 261/300 | Train Loss: 0.000461 | Val Loss: 0.001016
Epoch 262/300 | Train Loss: 0.000495 | Val Loss: 0.000889
Epoch 263/300 | Train Loss: 0.000495 | Val Loss: 0.000848
Epoch 264/300 | Train Loss: 0.000493 | Val Loss: 0.000955
Epoch 265/300 | Train Loss: 0.000472 | Val Loss: 0.000865
Epoch 266/300 | Train Loss: 0.000505 | Val Loss: 0.000844
Epoch 267/300 | Train Loss: 0.000478 | Val Loss: 0.000985
Epoch 268/300 | Train Loss: 0.000463 | Val Loss: 0.000854
Epoch 269/300 | Train Loss: 0.000485 | Val Loss: 0.000836
Epoch 270/300 | Train Loss: 0.000473 | Val Loss: 0.000874
Epoch 271/300 | Train Loss: 0.000475 | Val Loss: 0.000905
Epoch 272/300 | Train Loss: 0.000473 | Val Loss: 0.001088
Epoch 273/300 | Train Loss: 0.000468 | Val Loss: 0.000862
Epoch 274/300 | Train Loss: 0.000478 | Val Loss: 0.000915
Epoch 275/300 | Train Loss: 0.000461 | Val Loss: 0.000841
Epoch 276/300 | Train Loss: 0.000452 | Val Loss: 0.000784
Epoch 277/300 | Train Loss: 0.000468 | Val Loss: 0.000841
Epoch 278/300 | Train Loss: 0.000462 | Val Loss: 0.000825
Epoch 279/300 | Train Loss: 0.000467 | Val Loss: 0.000800
Epoch 280/300 | Train Loss: 0.000463 | Val Loss: 0.000829
Epoch 281/300 | Train Loss: 0.000457 | Val Loss: 0.000820
Epoch 282/300 | Train Loss: 0.000459 | Val Loss: 0.001013
Epoch 283/300 | Train Loss: 0.000432 | Val Loss: 0.000829
Epoch 284/300 | Train Loss: 0.000445 | Val Loss: 0.000855
Epoch 285/300 | Train Loss: 0.000452 | Val Loss: 0.000942
Epoch 286/300 | Train Loss: 0.000452 | Val Loss: 0.000825
Epoch 287/300 | Train Loss: 0.000444 | Val Loss: 0.000833
Epoch 288/300 | Train Loss: 0.000433 | Val Loss: 0.000780
Epoch 289/300 | Train Loss: 0.000435 | Val Loss: 0.000803
Epoch 290/300 | Train Loss: 0.000452 | Val Loss: 0.000762
Epoch 291/300 | Train Loss: 0.000439 | Val Loss: 0.000789
Epoch 292/300 | Train Loss: 0.000437 | Val Loss: 0.000819
Epoch 293/300 | Train Loss: 0.000474 | Val Loss: 0.000775
Epoch 294/300 | Train Loss: 0.000409 | Val Loss: 0.000708
Epoch 295/300 | Train Loss: 0.000424 | Val Loss: 0.000739
Epoch 296/300 | Train Loss: 0.000416 | Val Loss: 0.000814
Epoch 297/300 | Train Loss: 0.000431 | Val Loss: 0.000815
Epoch 298/300 | Train Loss: 0.000463 | Val Loss: 0.000699
Epoch 299/300 | Train Loss: 0.000408 | Val Loss: 0.000893
Epoch 300/300 | Train Loss: 0.000429 | Val Loss: 0.000746
Test Loss: 0.000671
Done with test3
Starting training for TempTPI with the following parameters:
	k - 2000
	epochs - 300
	DS: Max timediff in seq - 15
	DS: Total window size - 600
	DS: Prediction window size - 240
	DS: Stride - 15
	Training: Batch size - 32
	Training: Learning rate - 0.0001

Total dataset size: 58271
Using cuda...
Epoch 1/300 | Train Loss: 0.592100 | Val Loss: 0.083216
Epoch 2/300 | Train Loss: 0.109014 | Val Loss: 0.133765
Epoch 3/300 | Train Loss: 0.097427 | Val Loss: 0.101321
Epoch 4/300 | Train Loss: 0.074168 | Val Loss: 0.063658
Epoch 5/300 | Train Loss: 0.061183 | Val Loss: 0.046012
Epoch 6/300 | Train Loss: 0.056153 | Val Loss: 0.060206
Epoch 7/300 | Train Loss: 0.051380 | Val Loss: 0.045066
Epoch 8/300 | Train Loss: 0.045150 | Val Loss: 0.035429
Epoch 9/300 | Train Loss: 0.042191 | Val Loss: 0.063090
Epoch 10/300 | Train Loss: 0.037865 | Val Loss: 0.034988
Epoch 11/300 | Train Loss: 0.035124 | Val Loss: 0.027740
Epoch 12/300 | Train Loss: 0.034759 | Val Loss: 0.032452
Epoch 13/300 | Train Loss: 0.032818 | Val Loss: 0.032759
Epoch 14/300 | Train Loss: 0.031326 | Val Loss: 0.027333
Epoch 15/300 | Train Loss: 0.029417 | Val Loss: 0.029276
Epoch 16/300 | Train Loss: 0.027616 | Val Loss: 0.026303
Epoch 17/300 | Train Loss: 0.026628 | Val Loss: 0.028626
Epoch 18/300 | Train Loss: 0.025484 | Val Loss: 0.026301
Epoch 19/300 | Train Loss: 0.024417 | Val Loss: 0.021668
Epoch 20/300 | Train Loss: 0.023222 | Val Loss: 0.022857
Epoch 21/300 | Train Loss: 0.021671 | Val Loss: 0.022510
Epoch 22/300 | Train Loss: 0.020711 | Val Loss: 0.019989
Epoch 23/300 | Train Loss: 0.019679 | Val Loss: 0.025083
Epoch 24/300 | Train Loss: 0.019562 | Val Loss: 0.019434
Epoch 25/300 | Train Loss: 0.018248 | Val Loss: 0.018538
Epoch 26/300 | Train Loss: 0.017240 | Val Loss: 0.020035
Epoch 27/300 | Train Loss: 0.016481 | Val Loss: 0.016901
Epoch 28/300 | Train Loss: 0.015831 | Val Loss: 0.017543
Epoch 29/300 | Train Loss: 0.015112 | Val Loss: 0.016874
Epoch 30/300 | Train Loss: 0.014597 | Val Loss: 0.014744
Epoch 31/300 | Train Loss: 0.014037 | Val Loss: 0.016594
Epoch 32/300 | Train Loss: 0.013638 | Val Loss: 0.015203
Epoch 33/300 | Train Loss: 0.013460 | Val Loss: 0.015178
Epoch 34/300 | Train Loss: 0.012658 | Val Loss: 0.014301
Epoch 35/300 | Train Loss: 0.012506 | Val Loss: 0.013799
Epoch 36/300 | Train Loss: 0.012085 | Val Loss: 0.013995
Epoch 37/300 | Train Loss: 0.011773 | Val Loss: 0.012887
Epoch 38/300 | Train Loss: 0.011379 | Val Loss: 0.011526
Epoch 39/300 | Train Loss: 0.011035 | Val Loss: 0.012898
Epoch 40/300 | Train Loss: 0.010706 | Val Loss: 0.014516
Epoch 41/300 | Train Loss: 0.010698 | Val Loss: 0.010593
Epoch 42/300 | Train Loss: 0.010264 | Val Loss: 0.012861
Epoch 43/300 | Train Loss: 0.009792 | Val Loss: 0.011825
Epoch 44/300 | Train Loss: 0.009644 | Val Loss: 0.009842
Epoch 45/300 | Train Loss: 0.009378 | Val Loss: 0.010098
Epoch 46/300 | Train Loss: 0.008912 | Val Loss: 0.009007
Epoch 47/300 | Train Loss: 0.008856 | Val Loss: 0.009874
Epoch 48/300 | Train Loss: 0.008412 | Val Loss: 0.008748
Epoch 49/300 | Train Loss: 0.008493 | Val Loss: 0.010068
Epoch 50/300 | Train Loss: 0.008105 | Val Loss: 0.009124
Epoch 51/300 | Train Loss: 0.008214 | Val Loss: 0.008172
Epoch 52/300 | Train Loss: 0.007537 | Val Loss: 0.009075
Epoch 53/300 | Train Loss: 0.007600 | Val Loss: 0.008066
Epoch 54/300 | Train Loss: 0.007251 | Val Loss: 0.008745
Epoch 55/300 | Train Loss: 0.007100 | Val Loss: 0.007847
Epoch 56/300 | Train Loss: 0.006999 | Val Loss: 0.007073
Epoch 57/300 | Train Loss: 0.006660 | Val Loss: 0.007478
Epoch 58/300 | Train Loss: 0.006500 | Val Loss: 0.007361
Epoch 59/300 | Train Loss: 0.006310 | Val Loss: 0.007370
Epoch 60/300 | Train Loss: 0.006328 | Val Loss: 0.008311
Epoch 61/300 | Train Loss: 0.005980 | Val Loss: 0.007339
Epoch 62/300 | Train Loss: 0.006011 | Val Loss: 0.007444
Epoch 63/300 | Train Loss: 0.005785 | Val Loss: 0.007140
Epoch 64/300 | Train Loss: 0.005539 | Val Loss: 0.007384
Epoch 65/300 | Train Loss: 0.005437 | Val Loss: 0.006728
Epoch 66/300 | Train Loss: 0.005586 | Val Loss: 0.005965
Epoch 67/300 | Train Loss: 0.005387 | Val Loss: 0.005887
Epoch 68/300 | Train Loss: 0.005022 | Val Loss: 0.006106
Epoch 69/300 | Train Loss: 0.005002 | Val Loss: 0.007097
Epoch 70/300 | Train Loss: 0.004937 | Val Loss: 0.005856
Epoch 71/300 | Train Loss: 0.004826 | Val Loss: 0.005503
Epoch 72/300 | Train Loss: 0.004777 | Val Loss: 0.005422
Epoch 73/300 | Train Loss: 0.004604 | Val Loss: 0.005520
Epoch 74/300 | Train Loss: 0.004461 | Val Loss: 0.005679
Epoch 75/300 | Train Loss: 0.004413 | Val Loss: 0.005448
Epoch 76/300 | Train Loss: 0.004312 | Val Loss: 0.005605
Epoch 77/300 | Train Loss: 0.004227 | Val Loss: 0.005605
Epoch 78/300 | Train Loss: 0.004203 | Val Loss: 0.004750
Epoch 79/300 | Train Loss: 0.004103 | Val Loss: 0.004337
Epoch 80/300 | Train Loss: 0.004060 | Val Loss: 0.004681
Epoch 81/300 | Train Loss: 0.003797 | Val Loss: 0.004226
Epoch 82/300 | Train Loss: 0.003890 | Val Loss: 0.004815
Epoch 83/300 | Train Loss: 0.003743 | Val Loss: 0.004329
Epoch 84/300 | Train Loss: 0.003691 | Val Loss: 0.004151
Epoch 85/300 | Train Loss: 0.003480 | Val Loss: 0.004444
Epoch 86/300 | Train Loss: 0.003512 | Val Loss: 0.004132
Epoch 87/300 | Train Loss: 0.003441 | Val Loss: 0.004033
Epoch 88/300 | Train Loss: 0.003616 | Val Loss: 0.004235
Epoch 89/300 | Train Loss: 0.003282 | Val Loss: 0.004113
Epoch 90/300 | Train Loss: 0.003187 | Val Loss: 0.004172
Epoch 91/300 | Train Loss: 0.003143 | Val Loss: 0.003498
Epoch 92/300 | Train Loss: 0.003206 | Val Loss: 0.003662
Epoch 93/300 | Train Loss: 0.003107 | Val Loss: 0.003857
Epoch 94/300 | Train Loss: 0.002964 | Val Loss: 0.003818
Epoch 95/300 | Train Loss: 0.002963 | Val Loss: 0.003187
Epoch 96/300 | Train Loss: 0.002815 | Val Loss: 0.003860
Epoch 97/300 | Train Loss: 0.002894 | Val Loss: 0.003483
Epoch 98/300 | Train Loss: 0.002779 | Val Loss: 0.003456
Epoch 99/300 | Train Loss: 0.002803 | Val Loss: 0.003192
Epoch 100/300 | Train Loss: 0.002656 | Val Loss: 0.003565
Epoch 101/300 | Train Loss: 0.002656 | Val Loss: 0.003195
Epoch 102/300 | Train Loss: 0.002607 | Val Loss: 0.003610
Epoch 103/300 | Train Loss: 0.002584 | Val Loss: 0.003280
Epoch 104/300 | Train Loss: 0.002506 | Val Loss: 0.003640
Epoch 105/300 | Train Loss: 0.002607 | Val Loss: 0.002896
Epoch 106/300 | Train Loss: 0.002537 | Val Loss: 0.003082
Epoch 107/300 | Train Loss: 0.002513 | Val Loss: 0.002973
Epoch 108/300 | Train Loss: 0.002388 | Val Loss: 0.003136
Epoch 109/300 | Train Loss: 0.002365 | Val Loss: 0.002861
Epoch 110/300 | Train Loss: 0.002350 | Val Loss: 0.003071
Epoch 111/300 | Train Loss: 0.002307 | Val Loss: 0.002815
Epoch 112/300 | Train Loss: 0.002308 | Val Loss: 0.002751
Epoch 113/300 | Train Loss: 0.002231 | Val Loss: 0.002641
Epoch 114/300 | Train Loss: 0.002256 | Val Loss: 0.003133
Epoch 115/300 | Train Loss: 0.002184 | Val Loss: 0.002700
Epoch 116/300 | Train Loss: 0.002090 | Val Loss: 0.002577
Epoch 117/300 | Train Loss: 0.002048 | Val Loss: 0.002753
Epoch 118/300 | Train Loss: 0.002129 | Val Loss: 0.002869
Epoch 119/300 | Train Loss: 0.002047 | Val Loss: 0.002482
Epoch 120/300 | Train Loss: 0.002001 | Val Loss: 0.002474
Epoch 121/300 | Train Loss: 0.001997 | Val Loss: 0.002453
Epoch 122/300 | Train Loss: 0.001946 | Val Loss: 0.002386
Epoch 123/300 | Train Loss: 0.001956 | Val Loss: 0.002591
Epoch 124/300 | Train Loss: 0.002055 | Val Loss: 0.002444
Epoch 125/300 | Train Loss: 0.001867 | Val Loss: 0.003712
Epoch 126/300 | Train Loss: 0.001881 | Val Loss: 0.002759
Epoch 127/300 | Train Loss: 0.001829 | Val Loss: 0.002331
Epoch 128/300 | Train Loss: 0.002048 | Val Loss: 0.002196
Epoch 129/300 | Train Loss: 0.001675 | Val Loss: 0.002308
Epoch 130/300 | Train Loss: 0.001723 | Val Loss: 0.002641
Epoch 131/300 | Train Loss: 0.001805 | Val Loss: 0.002472
Epoch 132/300 | Train Loss: 0.001771 | Val Loss: 0.001952
Epoch 133/300 | Train Loss: 0.001784 | Val Loss: 0.002191
Epoch 134/300 | Train Loss: 0.001663 | Val Loss: 0.002138
Epoch 135/300 | Train Loss: 0.001651 | Val Loss: 0.002067
Epoch 136/300 | Train Loss: 0.001628 | Val Loss: 0.002208
Epoch 137/300 | Train Loss: 0.001685 | Val Loss: 0.002375
Epoch 138/300 | Train Loss: 0.001623 | Val Loss: 0.002088
Epoch 139/300 | Train Loss: 0.001621 | Val Loss: 0.002337
Epoch 140/300 | Train Loss: 0.001642 | Val Loss: 0.001944
Epoch 141/300 | Train Loss: 0.001637 | Val Loss: 0.002222
Epoch 142/300 | Train Loss: 0.001520 | Val Loss: 0.002080
Epoch 143/300 | Train Loss: 0.001525 | Val Loss: 0.002067
Epoch 144/300 | Train Loss: 0.001601 | Val Loss: 0.002103
Epoch 145/300 | Train Loss: 0.001447 | Val Loss: 0.002193
Epoch 146/300 | Train Loss: 0.001511 | Val Loss: 0.002489
Epoch 147/300 | Train Loss: 0.001536 | Val Loss: 0.002362
Epoch 148/300 | Train Loss: 0.001420 | Val Loss: 0.002301
Epoch 149/300 | Train Loss: 0.001454 | Val Loss: 0.001986
Epoch 150/300 | Train Loss: 0.001433 | Val Loss: 0.001829
Epoch 151/300 | Train Loss: 0.001470 | Val Loss: 0.001831
Epoch 152/300 | Train Loss: 0.001383 | Val Loss: 0.001839
Epoch 153/300 | Train Loss: 0.001356 | Val Loss: 0.001941
Epoch 154/300 | Train Loss: 0.001370 | Val Loss: 0.002074
Epoch 155/300 | Train Loss: 0.001394 | Val Loss: 0.001827
Epoch 156/300 | Train Loss: 0.001322 | Val Loss: 0.001748
Epoch 157/300 | Train Loss: 0.001387 | Val Loss: 0.001845
Epoch 158/300 | Train Loss: 0.001346 | Val Loss: 0.001740
Epoch 159/300 | Train Loss: 0.001296 | Val Loss: 0.001806
Epoch 160/300 | Train Loss: 0.001280 | Val Loss: 0.001649
Epoch 161/300 | Train Loss: 0.001299 | Val Loss: 0.001650
Epoch 162/300 | Train Loss: 0.001253 | Val Loss: 0.002141
Epoch 163/300 | Train Loss: 0.001259 | Val Loss: 0.001664
Epoch 164/300 | Train Loss: 0.001298 | Val Loss: 0.001621
Epoch 165/300 | Train Loss: 0.001187 | Val Loss: 0.001969
Epoch 166/300 | Train Loss: 0.001205 | Val Loss: 0.002027
Epoch 167/300 | Train Loss: 0.001236 | Val Loss: 0.001514
Epoch 168/300 | Train Loss: 0.001228 | Val Loss: 0.001599
Epoch 169/300 | Train Loss: 0.001237 | Val Loss: 0.001811
Epoch 170/300 | Train Loss: 0.001157 | Val Loss: 0.001520
Epoch 171/300 | Train Loss: 0.001217 | Val Loss: 0.001629
Epoch 172/300 | Train Loss: 0.001150 | Val Loss: 0.001658
Epoch 173/300 | Train Loss: 0.001154 | Val Loss: 0.001639
Epoch 174/300 | Train Loss: 0.001168 | Val Loss: 0.001636
Epoch 175/300 | Train Loss: 0.001116 | Val Loss: 0.001493
Epoch 176/300 | Train Loss: 0.001185 | Val Loss: 0.001667
Epoch 177/300 | Train Loss: 0.001099 | Val Loss: 0.001733
Epoch 178/300 | Train Loss: 0.001113 | Val Loss: 0.001694
Epoch 179/300 | Train Loss: 0.001077 | Val Loss: 0.001468
Epoch 180/300 | Train Loss: 0.001228 | Val Loss: 0.001520
Epoch 181/300 | Train Loss: 0.001017 | Val Loss: 0.001666
Epoch 182/300 | Train Loss: 0.001041 | Val Loss: 0.001393
Epoch 183/300 | Train Loss: 0.001109 | Val Loss: 0.001685
Epoch 184/300 | Train Loss: 0.001141 | Val Loss: 0.001307
Epoch 185/300 | Train Loss: 0.001038 | Val Loss: 0.001521
Epoch 186/300 | Train Loss: 0.001093 | Val Loss: 0.001870
Epoch 187/300 | Train Loss: 0.001073 | Val Loss: 0.002226
Epoch 188/300 | Train Loss: 0.001073 | Val Loss: 0.001612
Epoch 189/300 | Train Loss: 0.001027 | Val Loss: 0.001607
Epoch 190/300 | Train Loss: 0.001052 | Val Loss: 0.001668
Epoch 191/300 | Train Loss: 0.001005 | Val Loss: 0.001419
Epoch 192/300 | Train Loss: 0.001019 | Val Loss: 0.001539
Epoch 193/300 | Train Loss: 0.001023 | Val Loss: 0.001511
Epoch 194/300 | Train Loss: 0.000987 | Val Loss: 0.001628
Epoch 195/300 | Train Loss: 0.001003 | Val Loss: 0.001791
Epoch 196/300 | Train Loss: 0.001009 | Val Loss: 0.001564
Epoch 197/300 | Train Loss: 0.001001 | Val Loss: 0.001752
Epoch 198/300 | Train Loss: 0.001084 | Val Loss: 0.001412
Epoch 199/300 | Train Loss: 0.000960 | Val Loss: 0.001621
Epoch 200/300 | Train Loss: 0.000935 | Val Loss: 0.001378
Epoch 201/300 | Train Loss: 0.000993 | Val Loss: 0.001545
Epoch 202/300 | Train Loss: 0.000985 | Val Loss: 0.001760
Epoch 203/300 | Train Loss: 0.000947 | Val Loss: 0.001327
Epoch 204/300 | Train Loss: 0.000911 | Val Loss: 0.001369
Epoch 205/300 | Train Loss: 0.000936 | Val Loss: 0.001378
Epoch 206/300 | Train Loss: 0.000919 | Val Loss: 0.001294
Epoch 207/300 | Train Loss: 0.000917 | Val Loss: 0.001333
Epoch 208/300 | Train Loss: 0.000899 | Val Loss: 0.001602
Epoch 209/300 | Train Loss: 0.000936 | Val Loss: 0.001345
Epoch 210/300 | Train Loss: 0.000882 | Val Loss: 0.001357
Epoch 211/300 | Train Loss: 0.000966 | Val Loss: 0.002074
Epoch 212/300 | Train Loss: 0.000860 | Val Loss: 0.001335
Epoch 213/300 | Train Loss: 0.000876 | Val Loss: 0.001289
Epoch 214/300 | Train Loss: 0.000896 | Val Loss: 0.001541
Epoch 215/300 | Train Loss: 0.000897 | Val Loss: 0.001352
Epoch 216/300 | Train Loss: 0.000867 | Val Loss: 0.001230
Epoch 217/300 | Train Loss: 0.000881 | Val Loss: 0.001346
Epoch 218/300 | Train Loss: 0.000841 | Val Loss: 0.001312
Epoch 219/300 | Train Loss: 0.000840 | Val Loss: 0.001513
Epoch 220/300 | Train Loss: 0.000870 | Val Loss: 0.001306
Epoch 221/300 | Train Loss: 0.000871 | Val Loss: 0.001257
Epoch 222/300 | Train Loss: 0.000839 | Val Loss: 0.001286
Epoch 223/300 | Train Loss: 0.000832 | Val Loss: 0.001305
Epoch 224/300 | Train Loss: 0.000814 | Val Loss: 0.001215
Epoch 225/300 | Train Loss: 0.000871 | Val Loss: 0.001334
Epoch 226/300 | Train Loss: 0.000802 | Val Loss: 0.001228
Epoch 227/300 | Train Loss: 0.000825 | Val Loss: 0.001179
Epoch 228/300 | Train Loss: 0.000843 | Val Loss: 0.001325
Epoch 229/300 | Train Loss: 0.000806 | Val Loss: 0.001259
Epoch 230/300 | Train Loss: 0.000804 | Val Loss: 0.001077
Epoch 231/300 | Train Loss: 0.000814 | Val Loss: 0.001203
Epoch 232/300 | Train Loss: 0.000824 | Val Loss: 0.001370
Epoch 233/300 | Train Loss: 0.000816 | Val Loss: 0.001210
Epoch 234/300 | Train Loss: 0.000792 | Val Loss: 0.001118
Epoch 235/300 | Train Loss: 0.000789 | Val Loss: 0.001355
Epoch 236/300 | Train Loss: 0.000774 | Val Loss: 0.001342
Epoch 237/300 | Train Loss: 0.000795 | Val Loss: 0.001326
Epoch 238/300 | Train Loss: 0.000755 | Val Loss: 0.001382
Epoch 239/300 | Train Loss: 0.000833 | Val Loss: 0.001137
Epoch 240/300 | Train Loss: 0.000760 | Val Loss: 0.001156
Epoch 241/300 | Train Loss: 0.000753 | Val Loss: 0.001170
Epoch 242/300 | Train Loss: 0.000768 | Val Loss: 0.001304
Epoch 243/300 | Train Loss: 0.000749 | Val Loss: 0.001106
Epoch 244/300 | Train Loss: 0.000795 | Val Loss: 0.001158
Epoch 245/300 | Train Loss: 0.000717 | Val Loss: 0.001118
Epoch 246/300 | Train Loss: 0.000731 | Val Loss: 0.001090
Epoch 247/300 | Train Loss: 0.000740 | Val Loss: 0.001216
Epoch 248/300 | Train Loss: 0.000750 | Val Loss: 0.001368
Epoch 249/300 | Train Loss: 0.000749 | Val Loss: 0.001185
Epoch 250/300 | Train Loss: 0.000733 | Val Loss: 0.001149
Epoch 251/300 | Train Loss: 0.000750 | Val Loss: 0.001213
Epoch 252/300 | Train Loss: 0.000828 | Val Loss: 0.001070
Epoch 253/300 | Train Loss: 0.000667 | Val Loss: 0.001240
Epoch 254/300 | Train Loss: 0.000741 | Val Loss: 0.001139
Epoch 255/300 | Train Loss: 0.000700 | Val Loss: 0.001255
Epoch 256/300 | Train Loss: 0.000712 | Val Loss: 0.001124
Epoch 257/300 | Train Loss: 0.000723 | Val Loss: 0.001106
Epoch 258/300 | Train Loss: 0.000727 | Val Loss: 0.000977
Epoch 259/300 | Train Loss: 0.000707 | Val Loss: 0.001016
Epoch 260/300 | Train Loss: 0.000702 | Val Loss: 0.001186
Epoch 261/300 | Train Loss: 0.000708 | Val Loss: 0.001135
Epoch 262/300 | Train Loss: 0.000703 | Val Loss: 0.001157
Epoch 263/300 | Train Loss: 0.000711 | Val Loss: 0.001167
Epoch 264/300 | Train Loss: 0.000676 | Val Loss: 0.001083
Epoch 265/300 | Train Loss: 0.000680 | Val Loss: 0.001181
Epoch 266/300 | Train Loss: 0.000717 | Val Loss: 0.001559
Epoch 267/300 | Train Loss: 0.000679 | Val Loss: 0.001116
Epoch 268/300 | Train Loss: 0.000676 | Val Loss: 0.000979
Epoch 269/300 | Train Loss: 0.000677 | Val Loss: 0.001021
Epoch 270/300 | Train Loss: 0.000643 | Val Loss: 0.001104
Epoch 271/300 | Train Loss: 0.000693 | Val Loss: 0.001031
Epoch 272/300 | Train Loss: 0.000678 | Val Loss: 0.001013
Epoch 273/300 | Train Loss: 0.000663 | Val Loss: 0.001105
Epoch 274/300 | Train Loss: 0.000679 | Val Loss: 0.001207
Epoch 275/300 | Train Loss: 0.000667 | Val Loss: 0.000973
Epoch 276/300 | Train Loss: 0.000733 | Val Loss: 0.001149
Epoch 277/300 | Train Loss: 0.000656 | Val Loss: 0.001181
Epoch 278/300 | Train Loss: 0.000692 | Val Loss: 0.000962
Epoch 279/300 | Train Loss: 0.000636 | Val Loss: 0.001032
Epoch 280/300 | Train Loss: 0.000639 | Val Loss: 0.001214
Epoch 281/300 | Train Loss: 0.000802 | Val Loss: 0.000914
Epoch 282/300 | Train Loss: 0.000576 | Val Loss: 0.001037
Epoch 283/300 | Train Loss: 0.000640 | Val Loss: 0.001195
Epoch 284/300 | Train Loss: 0.000632 | Val Loss: 0.001191
Epoch 285/300 | Train Loss: 0.000652 | Val Loss: 0.001043
Epoch 286/300 | Train Loss: 0.000632 | Val Loss: 0.000921
Epoch 287/300 | Train Loss: 0.000648 | Val Loss: 0.001064
Epoch 288/300 | Train Loss: 0.000632 | Val Loss: 0.000970
Epoch 289/300 | Train Loss: 0.000633 | Val Loss: 0.001089
Epoch 290/300 | Train Loss: 0.000632 | Val Loss: 0.001185
Epoch 291/300 | Train Loss: 0.000659 | Val Loss: 0.001031
Epoch 292/300 | Train Loss: 0.000606 | Val Loss: 0.001063
Epoch 293/300 | Train Loss: 0.000608 | Val Loss: 0.001052
Epoch 294/300 | Train Loss: 0.000628 | Val Loss: 0.001064
Epoch 295/300 | Train Loss: 0.000617 | Val Loss: 0.001022
Epoch 296/300 | Train Loss: 0.000594 | Val Loss: 0.000963
Epoch 297/300 | Train Loss: 0.000658 | Val Loss: 0.001019
Epoch 298/300 | Train Loss: 0.000596 | Val Loss: 0.001051
Epoch 299/300 | Train Loss: 0.000592 | Val Loss: 0.000991
Epoch 300/300 | Train Loss: 0.000621 | Val Loss: 0.000986
Test Loss: 0.0009917
Done with test4
Starting training for TempTPI with the following parameters: (started separately due to initial memerror)
	k - 2000
	epochs - 300
	DS: Max timediff in seq - 15
	DS: Total window size - 660
	DS: Prediction window size - 300
	DS: Stride - 15
	Training: Batch size - 32
	Training: Learning rate - 0.0001

Total dataset size: 53479
Using cuda...
Epoch 1/300 | Train Loss: 1.049916 | Val Loss: 0.175109
Epoch 2/300 | Train Loss: 0.164243 | Val Loss: 0.124988
Epoch 3/300 | Train Loss: 0.153747 | Val Loss: 0.168572
Epoch 4/300 | Train Loss: 0.121665 | Val Loss: 0.123665
Epoch 5/300 | Train Loss: 0.095741 | Val Loss: 0.154866
Epoch 6/300 | Train Loss: 0.088171 | Val Loss: 0.099395
Epoch 7/300 | Train Loss: 0.083160 | Val Loss: 0.073272
Epoch 8/300 | Train Loss: 0.076263 | Val Loss: 0.063927
Epoch 9/300 | Train Loss: 0.068078 | Val Loss: 0.056660
Epoch 10/300 | Train Loss: 0.061697 | Val Loss: 0.068028
Epoch 11/300 | Train Loss: 0.058532 | Val Loss: 0.052583
Epoch 12/300 | Train Loss: 0.054130 | Val Loss: 0.055846
Epoch 13/300 | Train Loss: 0.051144 | Val Loss: 0.048205
Epoch 14/300 | Train Loss: 0.046074 | Val Loss: 0.049812
Epoch 15/300 | Train Loss: 0.043879 | Val Loss: 0.038371
Epoch 16/300 | Train Loss: 0.041786 | Val Loss: 0.042009
Epoch 17/300 | Train Loss: 0.040349 | Val Loss: 0.036691
Epoch 18/300 | Train Loss: 0.037323 | Val Loss: 0.033594
Epoch 19/300 | Train Loss: 0.035637 | Val Loss: 0.036741
Epoch 20/300 | Train Loss: 0.032867 | Val Loss: 0.037159
Epoch 21/300 | Train Loss: 0.031057 | Val Loss: 0.028941
Epoch 22/300 | Train Loss: 0.029419 | Val Loss: 0.027983
Epoch 23/300 | Train Loss: 0.027917 | Val Loss: 0.027829
Epoch 24/300 | Train Loss: 0.026891 | Val Loss: 0.026987
Epoch 25/300 | Train Loss: 0.025319 | Val Loss: 0.024425
Epoch 26/300 | Train Loss: 0.024310 | Val Loss: 0.031767
Epoch 27/300 | Train Loss: 0.023842 | Val Loss: 0.023023
Epoch 28/300 | Train Loss: 0.022696 | Val Loss: 0.026948
Epoch 29/300 | Train Loss: 0.021451 | Val Loss: 0.020442
Epoch 30/300 | Train Loss: 0.021284 | Val Loss: 0.020449
Epoch 31/300 | Train Loss: 0.020640 | Val Loss: 0.020405
Epoch 32/300 | Train Loss: 0.020440 | Val Loss: 0.020795
Epoch 33/300 | Train Loss: 0.019789 | Val Loss: 0.021344
Epoch 34/300 | Train Loss: 0.018841 | Val Loss: 0.016868
Epoch 35/300 | Train Loss: 0.017870 | Val Loss: 0.017344
Epoch 36/300 | Train Loss: 0.017302 | Val Loss: 0.017285
Epoch 37/300 | Train Loss: 0.017033 | Val Loss: 0.015999
Epoch 38/300 | Train Loss: 0.016434 | Val Loss: 0.018374
Epoch 39/300 | Train Loss: 0.015814 | Val Loss: 0.016879
Epoch 40/300 | Train Loss: 0.015390 | Val Loss: 0.016244
Epoch 41/300 | Train Loss: 0.015225 | Val Loss: 0.015483
Epoch 42/300 | Train Loss: 0.014713 | Val Loss: 0.015045
Epoch 43/300 | Train Loss: 0.014270 | Val Loss: 0.013367
Epoch 44/300 | Train Loss: 0.013958 | Val Loss: 0.014057
Epoch 45/300 | Train Loss: 0.013048 | Val Loss: 0.012482
Epoch 46/300 | Train Loss: 0.013188 | Val Loss: 0.012817
Epoch 47/300 | Train Loss: 0.012582 | Val Loss: 0.013476
Epoch 48/300 | Train Loss: 0.012142 | Val Loss: 0.014001
Epoch 49/300 | Train Loss: 0.011726 | Val Loss: 0.012968
Epoch 50/300 | Train Loss: 0.011481 | Val Loss: 0.011087
Epoch 51/300 | Train Loss: 0.011436 | Val Loss: 0.012506
Epoch 52/300 | Train Loss: 0.010878 | Val Loss: 0.011657
Epoch 53/300 | Train Loss: 0.010528 | Val Loss: 0.010114
Epoch 54/300 | Train Loss: 0.010314 | Val Loss: 0.011941
Epoch 55/300 | Train Loss: 0.009703 | Val Loss: 0.011158
Epoch 56/300 | Train Loss: 0.009734 | Val Loss: 0.010550
Epoch 57/300 | Train Loss: 0.009511 | Val Loss: 0.009279
Epoch 58/300 | Train Loss: 0.009042 | Val Loss: 0.009033
Epoch 59/300 | Train Loss: 0.009332 | Val Loss: 0.009541
Epoch 60/300 | Train Loss: 0.008670 | Val Loss: 0.009381
Epoch 61/300 | Train Loss: 0.008490 | Val Loss: 0.008583
Epoch 62/300 | Train Loss: 0.008030 | Val Loss: 0.008031
Epoch 63/300 | Train Loss: 0.008151 | Val Loss: 0.009474
Epoch 64/300 | Train Loss: 0.007666 | Val Loss: 0.008226
Epoch 65/300 | Train Loss: 0.007605 | Val Loss: 0.007665
Epoch 66/300 | Train Loss: 0.007361 | Val Loss: 0.007442
Epoch 67/300 | Train Loss: 0.007273 | Val Loss: 0.008509
Epoch 68/300 | Train Loss: 0.007270 | Val Loss: 0.007866
Epoch 69/300 | Train Loss: 0.006718 | Val Loss: 0.007783
Epoch 70/300 | Train Loss: 0.006552 | Val Loss: 0.008322
Epoch 71/300 | Train Loss: 0.006761 | Val Loss: 0.008430
Epoch 72/300 | Train Loss: 0.006869 | Val Loss: 0.007676
Epoch 73/300 | Train Loss: 0.006453 | Val Loss: 0.007119
Epoch 74/300 | Train Loss: 0.006007 | Val Loss: 0.007109
Epoch 75/300 | Train Loss: 0.006082 | Val Loss: 0.007522
Epoch 76/300 | Train Loss: 0.005910 | Val Loss: 0.007699
Epoch 77/300 | Train Loss: 0.005632 | Val Loss: 0.006050
Epoch 78/300 | Train Loss: 0.005617 | Val Loss: 0.007284
Epoch 79/300 | Train Loss: 0.005488 | Val Loss: 0.006189
Epoch 80/300 | Train Loss: 0.005408 | Val Loss: 0.006640
Epoch 81/300 | Train Loss: 0.005108 | Val Loss: 0.006588
Epoch 82/300 | Train Loss: 0.005241 | Val Loss: 0.006274
Epoch 83/300 | Train Loss: 0.005087 | Val Loss: 0.005568
Epoch 84/300 | Train Loss: 0.005088 | Val Loss: 0.006373
Epoch 85/300 | Train Loss: 0.004782 | Val Loss: 0.005512
Epoch 86/300 | Train Loss: 0.004974 | Val Loss: 0.005530
Epoch 87/300 | Train Loss: 0.004668 | Val Loss: 0.004961
Epoch 88/300 | Train Loss: 0.004590 | Val Loss: 0.005771
Epoch 89/300 | Train Loss: 0.004591 | Val Loss: 0.005529
Epoch 90/300 | Train Loss: 0.004658 | Val Loss: 0.005723
Epoch 91/300 | Train Loss: 0.004216 | Val Loss: 0.005124
Epoch 92/300 | Train Loss: 0.004315 | Val Loss: 0.004502
Epoch 93/300 | Train Loss: 0.004098 | Val Loss: 0.005650
Epoch 94/300 | Train Loss: 0.004117 | Val Loss: 0.005083
Epoch 95/300 | Train Loss: 0.003957 | Val Loss: 0.004900
Epoch 96/300 | Train Loss: 0.004087 | Val Loss: 0.004508
Epoch 97/300 | Train Loss: 0.004031 | Val Loss: 0.004941
Epoch 98/300 | Train Loss: 0.003824 | Val Loss: 0.004969
Epoch 99/300 | Train Loss: 0.003875 | Val Loss: 0.005536
Epoch 100/300 | Train Loss: 0.003813 | Val Loss: 0.004450
Epoch 101/300 | Train Loss: 0.003648 | Val Loss: 0.004101
Epoch 102/300 | Train Loss: 0.003572 | Val Loss: 0.004686
Epoch 103/300 | Train Loss: 0.003390 | Val Loss: 0.004655
Epoch 104/300 | Train Loss: 0.003464 | Val Loss: 0.004113
Epoch 105/300 | Train Loss: 0.003493 | Val Loss: 0.004119
Epoch 106/300 | Train Loss: 0.003391 | Val Loss: 0.003817
Epoch 107/300 | Train Loss: 0.003356 | Val Loss: 0.004825
Epoch 108/300 | Train Loss: 0.003313 | Val Loss: 0.004171
Epoch 109/300 | Train Loss: 0.003185 | Val Loss: 0.004622
Epoch 110/300 | Train Loss: 0.003127 | Val Loss: 0.004150
Epoch 111/300 | Train Loss: 0.003226 | Val Loss: 0.004262
Epoch 112/300 | Train Loss: 0.003044 | Val Loss: 0.004031
Epoch 113/300 | Train Loss: 0.002939 | Val Loss: 0.003399
Epoch 114/300 | Train Loss: 0.002954 | Val Loss: 0.004201
Epoch 115/300 | Train Loss: 0.002993 | Val Loss: 0.003667
Epoch 116/300 | Train Loss: 0.002934 | Val Loss: 0.003454
Epoch 117/300 | Train Loss: 0.002801 | Val Loss: 0.003697
Epoch 118/300 | Train Loss: 0.002836 | Val Loss: 0.003553
Epoch 119/300 | Train Loss: 0.002805 | Val Loss: 0.003153
Epoch 120/300 | Train Loss: 0.003191 | Val Loss: 0.003521
Epoch 121/300 | Train Loss: 0.002572 | Val Loss: 0.003472
Epoch 122/300 | Train Loss: 0.002719 | Val Loss: 0.003475
Epoch 123/300 | Train Loss: 0.002598 | Val Loss: 0.003256
Epoch 124/300 | Train Loss: 0.002626 | Val Loss: 0.003408
Epoch 125/300 | Train Loss: 0.002591 | Val Loss: 0.003199
Epoch 126/300 | Train Loss: 0.002492 | Val Loss: 0.002872
Epoch 127/300 | Train Loss: 0.002604 | Val Loss: 0.003058
Epoch 128/300 | Train Loss: 0.002569 | Val Loss: 0.003756
Epoch 129/300 | Train Loss: 0.002480 | Val Loss: 0.003032
Epoch 130/300 | Train Loss: 0.002405 | Val Loss: 0.003046
Epoch 131/300 | Train Loss: 0.002441 | Val Loss: 0.003680
Epoch 132/300 | Train Loss: 0.002388 | Val Loss: 0.003288
Epoch 133/300 | Train Loss: 0.002333 | Val Loss: 0.002962
Epoch 134/300 | Train Loss: 0.002282 | Val Loss: 0.002680
Epoch 135/300 | Train Loss: 0.002345 | Val Loss: 0.003244
Epoch 136/300 | Train Loss: 0.002257 | Val Loss: 0.002736
Epoch 137/300 | Train Loss: 0.002183 | Val Loss: 0.002775
Epoch 138/300 | Train Loss: 0.002458 | Val Loss: 0.003093
Epoch 139/300 | Train Loss: 0.002134 | Val Loss: 0.003395
Epoch 140/300 | Train Loss: 0.002152 | Val Loss: 0.002888
Epoch 141/300 | Train Loss: 0.002143 | Val Loss: 0.002507
Epoch 142/300 | Train Loss: 0.002110 | Val Loss: 0.002681
Epoch 143/300 | Train Loss: 0.002131 | Val Loss: 0.002685
Epoch 144/300 | Train Loss: 0.002173 | Val Loss: 0.002564
Epoch 145/300 | Train Loss: 0.002004 | Val Loss: 0.002338
Epoch 146/300 | Train Loss: 0.002099 | Val Loss: 0.003353
Epoch 147/300 | Train Loss: 0.002154 | Val Loss: 0.002793
Epoch 148/300 | Train Loss: 0.001923 | Val Loss: 0.002684
Epoch 149/300 | Train Loss: 0.002190 | Val Loss: 0.002841
Epoch 150/300 | Train Loss: 0.001920 | Val Loss: 0.002192
Epoch 151/300 | Train Loss: 0.001924 | Val Loss: 0.002485
Epoch 152/300 | Train Loss: 0.002027 | Val Loss: 0.002396
Epoch 153/300 | Train Loss: 0.002005 | Val Loss: 0.002317
Epoch 154/300 | Train Loss: 0.001838 | Val Loss: 0.003511
Epoch 155/300 | Train Loss: 0.001977 | Val Loss: 0.002906
Epoch 156/300 | Train Loss: 0.001886 | Val Loss: 0.002175
Epoch 157/300 | Train Loss: 0.001843 | Val Loss: 0.002787
Epoch 158/300 | Train Loss: 0.001798 | Val Loss: 0.002526
Epoch 159/300 | Train Loss: 0.001860 | Val Loss: 0.002652
Epoch 160/300 | Train Loss: 0.001793 | Val Loss: 0.002456
Epoch 161/300 | Train Loss: 0.001761 | Val Loss: 0.002106
Epoch 162/300 | Train Loss: 0.001738 | Val Loss: 0.002513
Epoch 163/300 | Train Loss: 0.001699 | Val Loss: 0.002425
Epoch 164/300 | Train Loss: 0.001779 | Val Loss: 0.002244
Epoch 165/300 | Train Loss: 0.001693 | Val Loss: 0.002099
Epoch 166/300 | Train Loss: 0.001721 | Val Loss: 0.002115
Epoch 167/300 | Train Loss: 0.001695 | Val Loss: 0.002274
Epoch 168/300 | Train Loss: 0.001618 | Val Loss: 0.002014
Epoch 169/300 | Train Loss: 0.001679 | Val Loss: 0.002282
Epoch 170/300 | Train Loss: 0.001720 | Val Loss: 0.002223
Epoch 171/300 | Train Loss: 0.001539 | Val Loss: 0.001962
Epoch 172/300 | Train Loss: 0.001617 | Val Loss: 0.001999
Epoch 173/300 | Train Loss: 0.001655 | Val Loss: 0.002285
Epoch 174/300 | Train Loss: 0.001573 | Val Loss: 0.002377
Epoch 175/300 | Train Loss: 0.001678 | Val Loss: 0.002278
Epoch 176/300 | Train Loss: 0.001554 | Val Loss: 0.002806
Epoch 177/300 | Train Loss: 0.001667 | Val Loss: 0.002049
Epoch 178/300 | Train Loss: 0.001536 | Val Loss: 0.002201
Epoch 179/300 | Train Loss: 0.001454 | Val Loss: 0.001901
Epoch 180/300 | Train Loss: 0.001547 | Val Loss: 0.002335
Epoch 181/300 | Train Loss: 0.001507 | Val Loss: 0.001943
Epoch 182/300 | Train Loss: 0.001575 | Val Loss: 0.002406
Epoch 183/300 | Train Loss: 0.001524 | Val Loss: 0.002276
Epoch 184/300 | Train Loss: 0.001469 | Val Loss: 0.002380
Epoch 185/300 | Train Loss: 0.001422 | Val Loss: 0.002161
Epoch 186/300 | Train Loss: 0.001445 | Val Loss: 0.001897
Epoch 187/300 | Train Loss: 0.001488 | Val Loss: 0.002274
Epoch 188/300 | Train Loss: 0.001448 | Val Loss: 0.002290
Epoch 189/300 | Train Loss: 0.001452 | Val Loss: 0.001910
Epoch 190/300 | Train Loss: 0.001435 | Val Loss: 0.002165
Epoch 191/300 | Train Loss: 0.001445 | Val Loss: 0.002069
Epoch 192/300 | Train Loss: 0.001335 | Val Loss: 0.001950
Epoch 193/300 | Train Loss: 0.001410 | Val Loss: 0.001882
Epoch 194/300 | Train Loss: 0.001382 | Val Loss: 0.001917
Epoch 195/300 | Train Loss: 0.001525 | Val Loss: 0.001603
Epoch 196/300 | Train Loss: 0.001326 | Val Loss: 0.001813
Epoch 197/300 | Train Loss: 0.001395 | Val Loss: 0.001904
Epoch 198/300 | Train Loss: 0.001286 | Val Loss: 0.001983
Epoch 199/300 | Train Loss: 0.001487 | Val Loss: 0.001543
Epoch 200/300 | Train Loss: 0.001264 | Val Loss: 0.001817
Epoch 201/300 | Train Loss: 0.001317 | Val Loss: 0.001656
Epoch 202/300 | Train Loss: 0.001343 | Val Loss: 0.002007
Epoch 203/300 | Train Loss: 0.001299 | Val Loss: 0.006667
Epoch 204/300 | Train Loss: 0.001420 | Val Loss: 0.001718
Epoch 205/300 | Train Loss: 0.001181 | Val Loss: 0.001911
Epoch 206/300 | Train Loss: 0.001286 | Val Loss: 0.001767
Epoch 207/300 | Train Loss: 0.001316 | Val Loss: 0.001621
Epoch 208/300 | Train Loss: 0.001244 | Val Loss: 0.001859
Epoch 209/300 | Train Loss: 0.001256 | Val Loss: 0.002113
Epoch 210/300 | Train Loss: 0.001240 | Val Loss: 0.001658
Epoch 211/300 | Train Loss: 0.001374 | Val Loss: 0.001607
Epoch 212/300 | Train Loss: 0.001210 | Val Loss: 0.001768
Epoch 213/300 | Train Loss: 0.001382 | Val Loss: 0.001903
Epoch 214/300 | Train Loss: 0.001148 | Val Loss: 0.001600
Epoch 215/300 | Train Loss: 0.001184 | Val Loss: 0.001897
Epoch 216/300 | Train Loss: 0.001269 | Val Loss: 0.001749
Epoch 217/300 | Train Loss: 0.001223 | Val Loss: 0.001684
Epoch 218/300 | Train Loss: 0.001261 | Val Loss: 0.001666
Epoch 219/300 | Train Loss: 0.001102 | Val Loss: 0.002055
Epoch 220/300 | Train Loss: 0.001205 | Val Loss: 0.001853
Epoch 221/300 | Train Loss: 0.001188 | Val Loss: 0.001603
Epoch 222/300 | Train Loss: 0.001118 | Val Loss: 0.001662
Epoch 223/300 | Train Loss: 0.001235 | Val Loss: 0.001499
Epoch 224/300 | Train Loss: 0.001157 | Val Loss: 0.001794
Epoch 225/300 | Train Loss: 0.001137 | Val Loss: 0.001929
Epoch 226/300 | Train Loss: 0.001168 | Val Loss: 0.001638
Epoch 227/300 | Train Loss: 0.001124 | Val Loss: 0.001703
Epoch 228/300 | Train Loss: 0.001134 | Val Loss: 0.001556
Epoch 229/300 | Train Loss: 0.001140 | Val Loss: 0.001552
Epoch 230/300 | Train Loss: 0.001122 | Val Loss: 0.001631
Epoch 231/300 | Train Loss: 0.001120 | Val Loss: 0.001592
Epoch 232/300 | Train Loss: 0.001055 | Val Loss: 0.001769
Epoch 233/300 | Train Loss: 0.001134 | Val Loss: 0.001611
Epoch 234/300 | Train Loss: 0.001120 | Val Loss: 0.001538
Epoch 235/300 | Train Loss: 0.001131 | Val Loss: 0.001589
Epoch 236/300 | Train Loss: 0.001053 | Val Loss: 0.001448
Epoch 237/300 | Train Loss: 0.001059 | Val Loss: 0.001611
Epoch 238/300 | Train Loss: 0.001033 | Val Loss: 0.001407
Epoch 239/300 | Train Loss: 0.001146 | Val Loss: 0.001327
Epoch 240/300 | Train Loss: 0.001004 | Val Loss: 0.001759
Epoch 241/300 | Train Loss: 0.001049 | Val Loss: 0.001680
Epoch 242/300 | Train Loss: 0.001085 | Val Loss: 0.001604
Epoch 243/300 | Train Loss: 0.001032 | Val Loss: 0.001572
Epoch 244/300 | Train Loss: 0.001047 | Val Loss: 0.001596
Epoch 245/300 | Train Loss: 0.001055 | Val Loss: 0.001326
Epoch 246/300 | Train Loss: 0.001043 | Val Loss: 0.001542
Epoch 247/300 | Train Loss: 0.001214 | Val Loss: 0.002185
Epoch 248/300 | Train Loss: 0.001047 | Val Loss: 0.001313
Epoch 249/300 | Train Loss: 0.000907 | Val Loss: 0.001567
Epoch 250/300 | Train Loss: 0.000978 | Val Loss: 0.001509
Epoch 251/300 | Train Loss: 0.001101 | Val Loss: 0.001682
Epoch 252/300 | Train Loss: 0.000987 | Val Loss: 0.001453
Epoch 253/300 | Train Loss: 0.000951 | Val Loss: 0.001455
Epoch 254/300 | Train Loss: 0.001055 | Val Loss: 0.001416
Epoch 255/300 | Train Loss: 0.001033 | Val Loss: 0.001396
Epoch 256/300 | Train Loss: 0.000968 | Val Loss: 0.001357
Epoch 257/300 | Train Loss: 0.000953 | Val Loss: 0.001519
Epoch 258/300 | Train Loss: 0.000960 | Val Loss: 0.001643
Epoch 259/300 | Train Loss: 0.001020 | Val Loss: 0.001596
Epoch 260/300 | Train Loss: 0.000968 | Val Loss: 0.001618
Epoch 261/300 | Train Loss: 0.000960 | Val Loss: 0.001558
Epoch 262/300 | Train Loss: 0.001336 | Val Loss: 0.001285
Epoch 263/300 | Train Loss: 0.000813 | Val Loss: 0.001382
Epoch 264/300 | Train Loss: 0.000909 | Val Loss: 0.001306
Epoch 265/300 | Train Loss: 0.001032 | Val Loss: 0.001513
Epoch 266/300 | Train Loss: 0.000918 | Val Loss: 0.001416
Epoch 267/300 | Train Loss: 0.000945 | Val Loss: 0.001582
Epoch 268/300 | Train Loss: 0.000922 | Val Loss: 0.001641
Epoch 269/300 | Train Loss: 0.000993 | Val Loss: 0.001281
Epoch 270/300 | Train Loss: 0.000944 | Val Loss: 0.001314
Epoch 271/300 | Train Loss: 0.000920 | Val Loss: 0.001402
Epoch 272/300 | Train Loss: 0.001313 | Val Loss: 0.001206
Epoch 273/300 | Train Loss: 0.000797 | Val Loss: 0.001346
Epoch 274/300 | Train Loss: 0.000860 | Val Loss: 0.001348
Epoch 275/300 | Train Loss: 0.000921 | Val Loss: 0.001577
Epoch 276/300 | Train Loss: 0.000972 | Val Loss: 0.001524
Epoch 277/300 | Train Loss: 0.000906 | Val Loss: 0.001335
Epoch 278/300 | Train Loss: 0.000927 | Val Loss: 0.001519
Epoch 279/300 | Train Loss: 0.000879 | Val Loss: 0.001316
Epoch 280/300 | Train Loss: 0.000905 | Val Loss: 0.001313
Epoch 281/300 | Train Loss: 0.000894 | Val Loss: 0.001531
Epoch 282/300 | Train Loss: 0.000867 | Val Loss: 0.001368
Epoch 283/300 | Train Loss: 0.000902 | Val Loss: 0.001537
Epoch 284/300 | Train Loss: 0.000889 | Val Loss: 0.001420
Epoch 285/300 | Train Loss: 0.000925 | Val Loss: 0.002098
Epoch 286/300 | Train Loss: 0.000902 | Val Loss: 0.001415
Epoch 287/300 | Train Loss: 0.000887 | Val Loss: 0.001227
Epoch 288/300 | Train Loss: 0.000837 | Val Loss: 0.001440
Epoch 289/300 | Train Loss: 0.000878 | Val Loss: 0.001548
Epoch 290/300 | Train Loss: 0.000867 | Val Loss: 0.001611
Epoch 291/300 | Train Loss: 0.000955 | Val Loss: 0.002595
Epoch 292/300 | Train Loss: 0.000997 | Val Loss: 0.001252
Epoch 293/300 | Train Loss: 0.000821 | Val Loss: 0.001340
Epoch 294/300 | Train Loss: 0.000835 | Val Loss: 0.001243
Epoch 295/300 | Train Loss: 0.000847 | Val Loss: 0.001393
Epoch 296/300 | Train Loss: 0.000832 | Val Loss: 0.001493
Epoch 297/300 | Train Loss: 0.000888 | Val Loss: 0.001305
Epoch 298/300 | Train Loss: 0.000848 | Val Loss: 0.001853
Epoch 299/300 | Train Loss: 0.000845 | Val Loss: 0.001286
Epoch 300/300 | Train Loss: 0.000858 | Val Loss: 0.001340
Test Loss: 0.001356
Done with test5

------------------------------------------------------------
Sender: LSF System <lsfadmin@hpc.dtu.dk>
Subject: Job 27110968: <TempTPI> in cluster <dcc> Exited

Job <TempTPI> was submitted from host <gbarlogin1> by user <s242823> in cluster <dcc> at Thu Nov 20 12:15:00 2025
Job was executed on host(s) <4*n-62-12-21>, in queue <gpua100>, as user <s242823> in cluster <dcc> at Thu Nov 20 12:32:37 2025
</zhome/b1/8/213657> was used as the home directory.
</zhome/b1/8/213657/DeepLearning> was used as the working directory.
Started at Thu Nov 20 12:32:37 2025
Terminated at Fri Nov 21 01:23:03 2025
Results reported at Fri Nov 21 01:23:03 2025

Your job looked like:

------------------------------------------------------------
# LSBATCH: User input
#!/bin/bash

#BSUB -J TempTPI                 # Job name
#BSUB -o logs/output_temptpi_%J.log                # Output log file (including job ID %J)
#BSUB -e logs/error_temptpi_%J.err                 # Error log file
#BSUB -q gpua100                          # Queue name (gpu queue)
#BSUB -gpu "num=1:mode=exclusive_process"   # Request 1 GPU
#BSUB -R "rusage[mem=4G]"             # Request 4 GB of RAM
#BSUB -W 20:00                        # Time limit (20 hours)
#BSUB -R "span[hosts=1]"             # Number of CPUs
#BSUB -n 4                            # Number of CPU cores

# Run this command first to make the script executable:
# chmod +x job.sh
# Then, when wanting to run on GPU, we need to run this job in the terminal with:
# bsub < ./job.sh
# It uses some scheduling system which uses these bsub arguments above to assign ressources somehow :)

# Load the cuda module to make it accessible to pytorch
module load cuda

# changes directory into your home (change this to your own home path (which you can find with 'echo $HOME'))
cd /zhome/b1/8/213657/
#cd /zhome/63/7/219953/
# sources the python virtual environment (not sure if you need this, probably not if you installed everything in the base python)
source venv/bin/activate
# changes directory into the deep learning project folder
cd DeepLearning
# executes the script
python temptpi.py --k 1000 --epochs 300 --ds_window_total 420 --ds_window_pred 60

echo "Done with test1"

python temptpi.py --k 1000 --epochs 300 --ds_window_total 480 --ds_window_pred 120

echo "Done with test2"

python temptpi.py --k 1500 --epochs 300 --ds_window_total 540 --ds_window_pred 180

echo "Done with test3"

python temptpi.py --k 2000 --epochs 300 --ds_window_total 600 --ds_window_pred 240

echo "Done with test4"

python temptpi.py --k 2500 --epochs 300 --ds_window_total 660 --ds_window_pred 300

echo "Done with test5"
------------------------------------------------------------

TERM_MEMLIMIT: job killed after reaching LSF memory usage limit.
Exited with signal termination: 25.

Resource usage summary:

    CPU time :                                   46191.93 sec.
    Max Memory :                                 16384 MB
    Average Memory :                             4565.26 MB
    Total Requested Memory :                     16384.00 MB
    Delta Memory :                               0.00 MB
    Max Swap :                                   -
    Max Processes :                              4
    Max Threads :                                16
    Run time :                                   46226 sec.
    Turnaround time :                            47283 sec.

The output (if any) is above this job summary.



PS:

Read file <logs/error_temptpi_27110968.err> for stderr output of this job.

